TpTrace Verbose: 0 : 9320, 1, 2024/02/16, 12:37:24.271, 1544954128107, vstest.console.dll, Version: 17.9.0-release-23627-01 Current process architecture: X64
TpTrace Verbose: 0 : 9320, 1, 2024/02/16, 12:37:24.277, 1544954190147, vstest.console.dll, Runtime location: C:\Program Files\dotnet\shared\Microsoft.NETCore.App\8.0.2
TpTrace Verbose: 0 : 9320, 1, 2024/02/16, 12:37:24.282, 1544954237856, vstest.console.dll, ArtifactProcessingPostProcessModeProcessorExecutor.Initialize: ArtifactProcessingMode.Collect
TpTrace Verbose: 0 : 9320, 1, 2024/02/16, 12:37:24.282, 1544954240270, vstest.console.dll, TestSessionCorrelationIdProcessorModeProcessorExecutor.Initialize: TestSessionCorrelationId '5532_a6a2d8d4-cc2c-4db9-a492-1103f153bde7'
TpTrace Information: 0 : 9320, 1, 2024/02/16, 12:37:24.296, 1544954377481, vstest.console.dll, FilePatternParser: The given file C:\Users\Lenovo\source\repos\Back-End Technologies Basics - 01.2024\10. Exercises Integration Testing - part 2\TestProject1\bin\Debug\net6.0\fine-code-coverage\build-output\MoviesLibraryAPI.IntegrationTests.XUnit.dll is a full path.
TpTrace Verbose: 0 : 9320, 1, 2024/02/16, 12:37:24.306, 1544954479240, vstest.console.dll, TestPluginCache.DiscoverTestExtensions: finding test extensions in assemblies ends with: RuntimeProvider.dll TPluginInfo: Microsoft.VisualStudio.TestPlatform.Common.ExtensionFramework.Utilities.TestRuntimePluginInformation TExtension: Microsoft.VisualStudio.TestPlatform.ObjectModel.Host.ITestRuntimeProvider
TpTrace Verbose: 0 : 9320, 1, 2024/02/16, 12:37:24.307, 1544954485176, vstest.console.dll, TestPluginCache.GetExtensionPaths: Filtered extension paths: 
TpTrace Verbose: 0 : 9320, 1, 2024/02/16, 12:37:24.307, 1544954487180, vstest.console.dll, TestPluginCache.GetExtensionPaths: Added default extension paths: C:\Program Files\dotnet\sdk\8.0.200\Extensions\Microsoft.Diagnostics.NETCore.Client.dll
C:\Program Files\dotnet\sdk\8.0.200\Extensions\Microsoft.TestPlatform.Extensions.BlameDataCollector.dll
C:\Program Files\dotnet\sdk\8.0.200\Extensions\Microsoft.TestPlatform.Extensions.EventLogCollector.dll
C:\Program Files\dotnet\sdk\8.0.200\Extensions\Microsoft.TestPlatform.TestHostRuntimeProvider.dll
C:\Program Files\dotnet\sdk\8.0.200\Extensions\Microsoft.VisualStudio.TestPlatform.Extensions.Html.TestLogger.dll
C:\Program Files\dotnet\sdk\8.0.200\Extensions\Microsoft.VisualStudio.TestPlatform.Extensions.Trx.TestLogger.dll
TpTrace Verbose: 0 : 9320, 1, 2024/02/16, 12:37:24.307, 1544954488122, vstest.console.dll, TestPluginCache.GetExtensionPaths: Added unfilterableExtensionPaths: 
TpTrace Information: 0 : 9320, 1, 2024/02/16, 12:37:24.308, 1544954500711, vstest.console.dll, AssemblyResolver.ctor: Creating AssemblyResolver with searchDirectories C:\Program Files\dotnet\sdk\8.0.200\Extensions,C:\Program Files\dotnet\sdk\8.0.200
TpTrace Verbose: 0 : 9320, 1, 2024/02/16, 12:37:24.311, 1544954525056, vstest.console.dll, TestPluginCache.DiscoverTestExtensions: Discovering the extensions using extension path.
TpTrace Verbose: 0 : 9320, 1, 2024/02/16, 12:37:24.311, 1544954527600, vstest.console.dll, TestPluginCache.GetExtensionPaths: Filtered extension paths: 
TpTrace Verbose: 0 : 9320, 1, 2024/02/16, 12:37:24.311, 1544954528727, vstest.console.dll, TestPluginCache.GetExtensionPaths: Added default extension paths: C:\Program Files\dotnet\sdk\8.0.200\Extensions\Microsoft.Diagnostics.NETCore.Client.dll
C:\Program Files\dotnet\sdk\8.0.200\Extensions\Microsoft.TestPlatform.Extensions.BlameDataCollector.dll
C:\Program Files\dotnet\sdk\8.0.200\Extensions\Microsoft.TestPlatform.Extensions.EventLogCollector.dll
C:\Program Files\dotnet\sdk\8.0.200\Extensions\Microsoft.TestPlatform.TestHostRuntimeProvider.dll
C:\Program Files\dotnet\sdk\8.0.200\Extensions\Microsoft.VisualStudio.TestPlatform.Extensions.Html.TestLogger.dll
C:\Program Files\dotnet\sdk\8.0.200\Extensions\Microsoft.VisualStudio.TestPlatform.Extensions.Trx.TestLogger.dll
TpTrace Verbose: 0 : 9320, 1, 2024/02/16, 12:37:24.311, 1544954529498, vstest.console.dll, TestPluginCache.GetExtensionPaths: Added unfilterableExtensionPaths: 
TpTrace Verbose: 0 : 9320, 1, 2024/02/16, 12:37:24.312, 1544954531916, vstest.console.dll, TestPluginCache.DiscoverTestExtensions: Discovering the extensions using allExtensionPaths: C:\Program Files\dotnet\sdk\8.0.200\Extensions\Microsoft.Diagnostics.NETCore.Client.dll
C:\Program Files\dotnet\sdk\8.0.200\Extensions\Microsoft.TestPlatform.Extensions.BlameDataCollector.dll
C:\Program Files\dotnet\sdk\8.0.200\Extensions\Microsoft.TestPlatform.Extensions.EventLogCollector.dll
C:\Program Files\dotnet\sdk\8.0.200\Extensions\Microsoft.TestPlatform.TestHostRuntimeProvider.dll
C:\Program Files\dotnet\sdk\8.0.200\Extensions\Microsoft.VisualStudio.TestPlatform.Extensions.Html.TestLogger.dll
C:\Program Files\dotnet\sdk\8.0.200\Extensions\Microsoft.VisualStudio.TestPlatform.Extensions.Trx.TestLogger.dll
TpTrace Information: 0 : 9320, 1, 2024/02/16, 12:37:24.312, 1544954534057, vstest.console.dll, AssemblyResolver.AddSearchDirectories: Adding more searchDirectories C:\Program Files\dotnet\sdk\8.0.200\Extensions,C:\Program Files\dotnet\sdk\8.0.200
TpTrace Information: 0 : 9320, 1, 2024/02/16, 12:37:24.312, 1544954535367, vstest.console.dll, AssemblyResolver.AddSearchDirectories: Adding more searchDirectories C:\Program Files\dotnet\sdk\8.0.200\Extensions,C:\Program Files\dotnet\sdk\8.0.200
TpTrace Information: 0 : 9320, 1, 2024/02/16, 12:37:24.312, 1544954536367, vstest.console.dll, AssemblyResolver.AddSearchDirectories: Adding more searchDirectories C:\Program Files\dotnet\sdk\8.0.200\Extensions,C:\Program Files\dotnet\sdk\8.0.200
TpTrace Information: 0 : 9320, 1, 2024/02/16, 12:37:24.312, 1544954537295, vstest.console.dll, AssemblyResolver.AddSearchDirectories: Adding more searchDirectories C:\Program Files\dotnet\sdk\8.0.200\Extensions,C:\Program Files\dotnet\sdk\8.0.200
TpTrace Information: 0 : 9320, 1, 2024/02/16, 12:37:24.312, 1544954538064, vstest.console.dll, AssemblyResolver.AddSearchDirectories: Adding more searchDirectories C:\Program Files\dotnet\sdk\8.0.200\Extensions,C:\Program Files\dotnet\sdk\8.0.200
TpTrace Information: 0 : 9320, 1, 2024/02/16, 12:37:24.312, 1544954540120, vstest.console.dll, AssemblyResolver.AddSearchDirectories: Adding more searchDirectories C:\Program Files\dotnet\sdk\8.0.200\Extensions,C:\Program Files\dotnet\sdk\8.0.200
TpTrace Information: 0 : 9320, 1, 2024/02/16, 12:37:24.314, 1544954551510, vstest.console.dll, AssemblyResolver.OnResolve: Microsoft.Diagnostics.NETCore.Client: Resolving assembly.
TpTrace Information: 0 : 9320, 1, 2024/02/16, 12:37:24.314, 1544954553223, vstest.console.dll, AssemblyResolver.OnResolve: Microsoft.Diagnostics.NETCore.Client: Searching in: 'C:\Program Files\dotnet\sdk\8.0.200\Extensions'.
TpTrace Information: 0 : 9320, 1, 2024/02/16, 12:37:24.329, 1544954703986, vstest.console.dll, AssemblyResolver.OnResolve: Microsoft.Diagnostics.NETCore.Client: Loading assembly 'C:\Program Files\dotnet\sdk\8.0.200\Extensions\Microsoft.Diagnostics.NETCore.Client.dll'.
TpTrace Information: 0 : 9320, 1, 2024/02/16, 12:37:24.330, 1544954719628, vstest.console.dll, AssemblyResolver.OnResolve: Resolved assembly: Microsoft.Diagnostics.NETCore.Client, from path: C:\Program Files\dotnet\sdk\8.0.200\Extensions\Microsoft.Diagnostics.NETCore.Client.dll
TpTrace Verbose: 0 : 9320, 1, 2024/02/16, 12:37:24.340, 1544954816369, vstest.console.dll, MetadataReaderExtensionsHelper: Discovering extensions inside assembly 'Microsoft.Diagnostics.NETCore.Client, Version=0.2.9.2401, Culture=neutral, PublicKeyToken=31bf3856ad364e35' file path 'C:\Program Files\dotnet\sdk\8.0.200\Extensions\Microsoft.Diagnostics.NETCore.Client.dll'
TpTrace Information: 0 : 9320, 1, 2024/02/16, 12:37:24.348, 1544954895973, vstest.console.dll, AssemblyResolver.OnResolve: Microsoft.Bcl.AsyncInterfaces: Resolving assembly.
TpTrace Information: 0 : 9320, 1, 2024/02/16, 12:37:24.348, 1544954897471, vstest.console.dll, AssemblyResolver.OnResolve: Microsoft.Bcl.AsyncInterfaces: Searching in: 'C:\Program Files\dotnet\sdk\8.0.200\Extensions'.
TpTrace Information: 0 : 9320, 1, 2024/02/16, 12:37:24.348, 1544954900079, vstest.console.dll, AssemblyResolver.OnResolve: Microsoft.Bcl.AsyncInterfaces: Assembly path does not exist: 'C:\Program Files\dotnet\sdk\8.0.200\Extensions\Microsoft.Bcl.AsyncInterfaces.dll', returning.
TpTrace Information: 0 : 9320, 1, 2024/02/16, 12:37:24.349, 1544954903528, vstest.console.dll, AssemblyResolver.OnResolve: Microsoft.Bcl.AsyncInterfaces: Assembly path does not exist: 'C:\Program Files\dotnet\sdk\8.0.200\Extensions\Microsoft.Bcl.AsyncInterfaces.exe', returning.
TpTrace Information: 0 : 9320, 1, 2024/02/16, 12:37:24.349, 1544954904748, vstest.console.dll, AssemblyResolver.OnResolve: Microsoft.Bcl.AsyncInterfaces: Searching in: 'C:\Program Files\dotnet\sdk\8.0.200'.
TpTrace Information: 0 : 9320, 1, 2024/02/16, 12:37:24.349, 1544954907255, vstest.console.dll, AssemblyResolver.OnResolve: Microsoft.Bcl.AsyncInterfaces: Assembly path does not exist: 'C:\Program Files\dotnet\sdk\8.0.200\Microsoft.Bcl.AsyncInterfaces.dll', returning.
TpTrace Information: 0 : 9320, 1, 2024/02/16, 12:37:24.349, 1544954909726, vstest.console.dll, AssemblyResolver.OnResolve: Microsoft.Bcl.AsyncInterfaces: Assembly path does not exist: 'C:\Program Files\dotnet\sdk\8.0.200\Microsoft.Bcl.AsyncInterfaces.exe', returning.
TpTrace Information: 0 : 9320, 1, 2024/02/16, 12:37:24.349, 1544954910605, vstest.console.dll, AssemblyResolver.OnResolve: Microsoft.Bcl.AsyncInterfaces: Failed to load assembly.
TpTrace Verbose: 0 : 9320, 1, 2024/02/16, 12:37:24.350, 1544954912425, vstest.console.dll, CurrentDomainAssemblyResolve: Resolving assembly 'Microsoft.Bcl.AsyncInterfaces'.
TpTrace Information: 0 : 9320, 1, 2024/02/16, 12:37:24.350, 1544954913756, vstest.console.dll, AssemblyResolver.OnResolve: Microsoft.Bcl.AsyncInterfaces: Resolving assembly.
TpTrace Information: 0 : 9320, 1, 2024/02/16, 12:37:24.350, 1544954914715, vstest.console.dll, AssemblyResolver.OnResolve: Microsoft.Bcl.AsyncInterfaces: Resolved from cache.
TpTrace Verbose: 0 : 9320, 1, 2024/02/16, 12:37:24.350, 1544954915428, vstest.console.dll, CurrentDomainAssemblyResolve: Resolving assembly 'Microsoft.Bcl.AsyncInterfaces'.
TpTrace Verbose: 0 : 9320, 1, 2024/02/16, 12:37:24.350, 1544954916212, vstest.console.dll, CurrentDomainAssemblyResolve: Failed to resolve assembly 'Microsoft.Bcl.AsyncInterfaces'.
TpTrace Verbose: 0 : 9320, 1, 2024/02/16, 12:37:24.353, 1544954944846, vstest.console.dll, CurrentDomainAssemblyResolve: Failed to resolve assembly 'Microsoft.Bcl.AsyncInterfaces'.
TpTrace Warning: 0 : 9320, 1, 2024/02/16, 12:37:24.374, 1544955158777, vstest.console.dll, TestPluginDiscoverer: Failed to get types from assembly 'Microsoft.Diagnostics.NETCore.Client, Version=0.2.9.2401, Culture=neutral, PublicKeyToken=31bf3856ad364e35'. Error: System.Reflection.ReflectionTypeLoadException: Unable to load one or more of the requested types.
Could not load file or assembly 'Microsoft.Bcl.AsyncInterfaces, Version=6.0.0.0, Culture=neutral, PublicKeyToken=cc7b13ffcd2ddd51'. The system cannot find the file specified.
   at System.Reflection.RuntimeModule.GetTypes(RuntimeModule module)
   at System.Reflection.RuntimeModule.GetTypes()
   at Microsoft.VisualStudio.TestPlatform.Common.ExtensionFramework.TestPluginDiscoverer.GetTestExtensionsFromAssembly[TPluginInfo,TExtension](Assembly assembly, Dictionary`2 pluginInfos, String filePath) in /_/src/Microsoft.TestPlatform.Common/ExtensionFramework/TestPluginDiscoverer.cs:line 158
System.IO.FileNotFoundException: Could not load file or assembly 'Microsoft.Bcl.AsyncInterfaces, Version=6.0.0.0, Culture=neutral, PublicKeyToken=cc7b13ffcd2ddd51'. The system cannot find the file specified.
File name: 'Microsoft.Bcl.AsyncInterfaces, Version=6.0.0.0, Culture=neutral, PublicKeyToken=cc7b13ffcd2ddd51'
 ---> System.IO.FileNotFoundException: Could not load file or assembly 'Microsoft.Bcl.AsyncInterfaces, Culture=neutral, PublicKeyToken=null'. The system cannot find the file specified.
File name: 'Microsoft.Bcl.AsyncInterfaces, Culture=neutral, PublicKeyToken=null'
   at System.Reflection.RuntimeAssembly.InternalLoad(AssemblyName assemblyName, StackCrawlMark& stackMark, AssemblyLoadContext assemblyLoadContext, RuntimeAssembly requestingAssembly, Boolean throwOnFileNotFound)
   at System.Reflection.Assembly.Load(AssemblyName assemblyRef)
   at Microsoft.VisualStudio.TestPlatform.Common.ExtensionFramework.TestPluginCache.CurrentDomainAssemblyResolve(Object sender, AssemblyResolveEventArgs args) in /_/src/Microsoft.TestPlatform.Common/ExtensionFramework/TestPluginCache.cs:line 513
   at System.Runtime.Loader.AssemblyLoadContext.GetFirstResolvedAssemblyFromResolvingEvent(AssemblyName assemblyName)
   at System.Runtime.Loader.AssemblyLoadContext.ResolveUsingEvent(AssemblyName assemblyName)
   at System.Runtime.Loader.AssemblyLoadContext.ResolveUsingResolvingEvent(IntPtr gchManagedAssemblyLoadContext, AssemblyName assemblyName)
TpTrace Warning: 0 : 9320, 1, 2024/02/16, 12:37:24.375, 1544955165326, vstest.console.dll, LoaderExceptions: System.IO.FileNotFoundException: Could not load file or assembly 'Microsoft.Bcl.AsyncInterfaces, Version=6.0.0.0, Culture=neutral, PublicKeyToken=cc7b13ffcd2ddd51'. The system cannot find the file specified.
File name: 'Microsoft.Bcl.AsyncInterfaces, Version=6.0.0.0, Culture=neutral, PublicKeyToken=cc7b13ffcd2ddd51'
 ---> System.IO.FileNotFoundException: Could not load file or assembly 'Microsoft.Bcl.AsyncInterfaces, Culture=neutral, PublicKeyToken=null'. The system cannot find the file specified.
File name: 'Microsoft.Bcl.AsyncInterfaces, Culture=neutral, PublicKeyToken=null'
   at System.Reflection.RuntimeAssembly.InternalLoad(AssemblyName assemblyName, StackCrawlMark& stackMark, AssemblyLoadContext assemblyLoadContext, RuntimeAssembly requestingAssembly, Boolean throwOnFileNotFound)
   at System.Reflection.Assembly.Load(AssemblyName assemblyRef)
   at Microsoft.VisualStudio.TestPlatform.Common.ExtensionFramework.TestPluginCache.CurrentDomainAssemblyResolve(Object sender, AssemblyResolveEventArgs args) in /_/src/Microsoft.TestPlatform.Common/ExtensionFramework/TestPluginCache.cs:line 513
   at System.Runtime.Loader.AssemblyLoadContext.GetFirstResolvedAssemblyFromResolvingEvent(AssemblyName assemblyName)
   at System.Runtime.Loader.AssemblyLoadContext.ResolveUsingEvent(AssemblyName assemblyName)
   at System.Runtime.Loader.AssemblyLoadContext.ResolveUsingResolvingEvent(IntPtr gchManagedAssemblyLoadContext, AssemblyName assemblyName)
TpTrace Information: 0 : 9320, 1, 2024/02/16, 12:37:24.375, 1544955168439, vstest.console.dll, AssemblyResolver.OnResolve: Microsoft.TestPlatform.Extensions.BlameDataCollector: Resolving assembly.
TpTrace Information: 0 : 9320, 1, 2024/02/16, 12:37:24.375, 1544955169496, vstest.console.dll, AssemblyResolver.OnResolve: Microsoft.TestPlatform.Extensions.BlameDataCollector: Searching in: 'C:\Program Files\dotnet\sdk\8.0.200\Extensions'.
TpTrace Information: 0 : 9320, 1, 2024/02/16, 12:37:24.376, 1544955180493, vstest.console.dll, AssemblyResolver.OnResolve: Microsoft.TestPlatform.Extensions.BlameDataCollector: Loading assembly 'C:\Program Files\dotnet\sdk\8.0.200\Extensions\Microsoft.TestPlatform.Extensions.BlameDataCollector.dll'.
TpTrace Information: 0 : 9320, 1, 2024/02/16, 12:37:24.378, 1544955193190, vstest.console.dll, AssemblyResolver.OnResolve: Resolved assembly: Microsoft.TestPlatform.Extensions.BlameDataCollector, from path: C:\Program Files\dotnet\sdk\8.0.200\Extensions\Microsoft.TestPlatform.Extensions.BlameDataCollector.dll
TpTrace Verbose: 0 : 9320, 1, 2024/02/16, 12:37:24.378, 1544955194886, vstest.console.dll, MetadataReaderExtensionsHelper: Discovering extensions inside assembly 'Microsoft.TestPlatform.Extensions.BlameDataCollector, Version=15.0.0.0, Culture=neutral, PublicKeyToken=b03f5f7f11d50a3a' file path 'C:\Program Files\dotnet\sdk\8.0.200\Extensions\Microsoft.TestPlatform.Extensions.BlameDataCollector.dll'
TpTrace Information: 0 : 9320, 1, 2024/02/16, 12:37:24.381, 1544955224061, vstest.console.dll, AssemblyResolver.OnResolve: Microsoft.TestPlatform.Extensions.EventLogCollector: Resolving assembly.
TpTrace Information: 0 : 9320, 1, 2024/02/16, 12:37:24.381, 1544955225286, vstest.console.dll, AssemblyResolver.OnResolve: Microsoft.TestPlatform.Extensions.EventLogCollector: Searching in: 'C:\Program Files\dotnet\sdk\8.0.200\Extensions'.
TpTrace Information: 0 : 9320, 1, 2024/02/16, 12:37:24.382, 1544955236648, vstest.console.dll, AssemblyResolver.OnResolve: Microsoft.TestPlatform.Extensions.EventLogCollector: Loading assembly 'C:\Program Files\dotnet\sdk\8.0.200\Extensions\Microsoft.TestPlatform.Extensions.EventLogCollector.dll'.
TpTrace Information: 0 : 9320, 1, 2024/02/16, 12:37:24.383, 1544955248136, vstest.console.dll, AssemblyResolver.OnResolve: Resolved assembly: Microsoft.TestPlatform.Extensions.EventLogCollector, from path: C:\Program Files\dotnet\sdk\8.0.200\Extensions\Microsoft.TestPlatform.Extensions.EventLogCollector.dll
TpTrace Verbose: 0 : 9320, 1, 2024/02/16, 12:37:24.383, 1544955249642, vstest.console.dll, MetadataReaderExtensionsHelper: Discovering extensions inside assembly 'Microsoft.TestPlatform.Extensions.EventLogCollector, Version=15.0.0.0, Culture=neutral, PublicKeyToken=b03f5f7f11d50a3a' file path 'C:\Program Files\dotnet\sdk\8.0.200\Extensions\Microsoft.TestPlatform.Extensions.EventLogCollector.dll'
TpTrace Information: 0 : 9320, 1, 2024/02/16, 12:37:24.389, 1544955306686, vstest.console.dll, AssemblyResolver.OnResolve: Microsoft.TestPlatform.TestHostRuntimeProvider: Resolving assembly.
TpTrace Information: 0 : 9320, 1, 2024/02/16, 12:37:24.389, 1544955307987, vstest.console.dll, AssemblyResolver.OnResolve: Microsoft.TestPlatform.TestHostRuntimeProvider: Searching in: 'C:\Program Files\dotnet\sdk\8.0.200\Extensions'.
TpTrace Information: 0 : 9320, 1, 2024/02/16, 12:37:24.390, 1544955318072, vstest.console.dll, AssemblyResolver.OnResolve: Microsoft.TestPlatform.TestHostRuntimeProvider: Loading assembly 'C:\Program Files\dotnet\sdk\8.0.200\Extensions\Microsoft.TestPlatform.TestHostRuntimeProvider.dll'.
TpTrace Information: 0 : 9320, 1, 2024/02/16, 12:37:24.391, 1544955330783, vstest.console.dll, AssemblyResolver.OnResolve: Resolved assembly: Microsoft.TestPlatform.TestHostRuntimeProvider, from path: C:\Program Files\dotnet\sdk\8.0.200\Extensions\Microsoft.TestPlatform.TestHostRuntimeProvider.dll
TpTrace Verbose: 0 : 9320, 1, 2024/02/16, 12:37:24.392, 1544955332369, vstest.console.dll, MetadataReaderExtensionsHelper: Discovering extensions inside assembly 'Microsoft.TestPlatform.TestHostRuntimeProvider, Version=15.0.0.0, Culture=neutral, PublicKeyToken=b03f5f7f11d50a3a' file path 'C:\Program Files\dotnet\sdk\8.0.200\Extensions\Microsoft.TestPlatform.TestHostRuntimeProvider.dll'
TpTrace Information: 0 : 9320, 1, 2024/02/16, 12:37:24.395, 1544955365056, vstest.console.dll, GetTestExtensionFromType: Register extension with identifier data 'HostProvider://DefaultTestHost' and type 'Microsoft.VisualStudio.TestPlatform.CrossPlatEngine.Hosting.DefaultTestHostManager, Microsoft.TestPlatform.TestHostRuntimeProvider, Version=15.0.0.0, Culture=neutral, PublicKeyToken=b03f5f7f11d50a3a' inside file 'C:\Program Files\dotnet\sdk\8.0.200\Extensions\Microsoft.TestPlatform.TestHostRuntimeProvider.dll'
TpTrace Information: 0 : 9320, 1, 2024/02/16, 12:37:24.395, 1544955370026, vstest.console.dll, GetTestExtensionFromType: Register extension with identifier data 'HostProvider://DotnetTestHost' and type 'Microsoft.VisualStudio.TestPlatform.CrossPlatEngine.Hosting.DotnetTestHostManager, Microsoft.TestPlatform.TestHostRuntimeProvider, Version=15.0.0.0, Culture=neutral, PublicKeyToken=b03f5f7f11d50a3a' inside file 'C:\Program Files\dotnet\sdk\8.0.200\Extensions\Microsoft.TestPlatform.TestHostRuntimeProvider.dll'
TpTrace Information: 0 : 9320, 1, 2024/02/16, 12:37:24.396, 1544955371668, vstest.console.dll, AssemblyResolver.OnResolve: Microsoft.VisualStudio.TestPlatform.Extensions.Html.TestLogger: Resolving assembly.
TpTrace Information: 0 : 9320, 1, 2024/02/16, 12:37:24.396, 1544955372572, vstest.console.dll, AssemblyResolver.OnResolve: Microsoft.VisualStudio.TestPlatform.Extensions.Html.TestLogger: Searching in: 'C:\Program Files\dotnet\sdk\8.0.200\Extensions'.
TpTrace Information: 0 : 9320, 1, 2024/02/16, 12:37:24.397, 1544955382830, vstest.console.dll, AssemblyResolver.OnResolve: Microsoft.VisualStudio.TestPlatform.Extensions.Html.TestLogger: Loading assembly 'C:\Program Files\dotnet\sdk\8.0.200\Extensions\Microsoft.VisualStudio.TestPlatform.Extensions.Html.TestLogger.dll'.
TpTrace Information: 0 : 9320, 1, 2024/02/16, 12:37:24.398, 1544955394646, vstest.console.dll, AssemblyResolver.OnResolve: Resolved assembly: Microsoft.VisualStudio.TestPlatform.Extensions.Html.TestLogger, from path: C:\Program Files\dotnet\sdk\8.0.200\Extensions\Microsoft.VisualStudio.TestPlatform.Extensions.Html.TestLogger.dll
TpTrace Verbose: 0 : 9320, 1, 2024/02/16, 12:37:24.398, 1544955396174, vstest.console.dll, MetadataReaderExtensionsHelper: Discovering extensions inside assembly 'Microsoft.VisualStudio.TestPlatform.Extensions.Html.TestLogger, Version=15.0.0.0, Culture=neutral, PublicKeyToken=b03f5f7f11d50a3a' file path 'C:\Program Files\dotnet\sdk\8.0.200\Extensions\Microsoft.VisualStudio.TestPlatform.Extensions.Html.TestLogger.dll'
TpTrace Information: 0 : 9320, 1, 2024/02/16, 12:37:24.400, 1544955414084, vstest.console.dll, AssemblyResolver.OnResolve: Microsoft.VisualStudio.TestPlatform.Extensions.Trx.TestLogger: Resolving assembly.
TpTrace Information: 0 : 9320, 1, 2024/02/16, 12:37:24.400, 1544955415295, vstest.console.dll, AssemblyResolver.OnResolve: Microsoft.VisualStudio.TestPlatform.Extensions.Trx.TestLogger: Searching in: 'C:\Program Files\dotnet\sdk\8.0.200\Extensions'.
TpTrace Information: 0 : 9320, 1, 2024/02/16, 12:37:24.401, 1544955425629, vstest.console.dll, AssemblyResolver.OnResolve: Microsoft.VisualStudio.TestPlatform.Extensions.Trx.TestLogger: Loading assembly 'C:\Program Files\dotnet\sdk\8.0.200\Extensions\Microsoft.VisualStudio.TestPlatform.Extensions.Trx.TestLogger.dll'.
TpTrace Information: 0 : 9320, 1, 2024/02/16, 12:37:24.402, 1544955438540, vstest.console.dll, AssemblyResolver.OnResolve: Resolved assembly: Microsoft.VisualStudio.TestPlatform.Extensions.Trx.TestLogger, from path: C:\Program Files\dotnet\sdk\8.0.200\Extensions\Microsoft.VisualStudio.TestPlatform.Extensions.Trx.TestLogger.dll
TpTrace Verbose: 0 : 9320, 1, 2024/02/16, 12:37:24.402, 1544955440029, vstest.console.dll, MetadataReaderExtensionsHelper: Discovering extensions inside assembly 'Microsoft.VisualStudio.TestPlatform.Extensions.Trx.TestLogger, Version=15.0.0.0, Culture=neutral, PublicKeyToken=b03f5f7f11d50a3a' file path 'C:\Program Files\dotnet\sdk\8.0.200\Extensions\Microsoft.VisualStudio.TestPlatform.Extensions.Trx.TestLogger.dll'
TpTrace Verbose: 0 : 9320, 1, 2024/02/16, 12:37:24.405, 1544955463542, vstest.console.dll, TestPluginCache: Discovered the extensions using extension path ''.
TpTrace Verbose: 0 : 9320, 1, 2024/02/16, 12:37:24.405, 1544955464848, vstest.console.dll, TestPluginCache: Discoverers are ''.
TpTrace Verbose: 0 : 9320, 1, 2024/02/16, 12:37:24.405, 1544955465575, vstest.console.dll, TestPluginCache: Executors are ''.
TpTrace Verbose: 0 : 9320, 1, 2024/02/16, 12:37:24.405, 1544955466195, vstest.console.dll, TestPluginCache: Executors2 are ''.
TpTrace Verbose: 0 : 9320, 1, 2024/02/16, 12:37:24.405, 1544955466881, vstest.console.dll, TestPluginCache: Setting providers are ''.
TpTrace Verbose: 0 : 9320, 1, 2024/02/16, 12:37:24.405, 1544955467668, vstest.console.dll, TestPluginCache: Loggers are ''.
TpTrace Verbose: 0 : 9320, 1, 2024/02/16, 12:37:24.405, 1544955471208, vstest.console.dll, TestPluginCache: TestHosts are 'HostProvider://DefaultTestHost,HostProvider://DotnetTestHost'.
TpTrace Verbose: 0 : 9320, 1, 2024/02/16, 12:37:24.406, 1544955472189, vstest.console.dll, TestPluginCache: DataCollectors are ''.
TpTrace Information: 0 : 9320, 1, 2024/02/16, 12:37:24.432, 1544955735268, vstest.console.dll, RunTestsArgumentProcessor:Execute: Test run is starting.
TpTrace Verbose: 0 : 9320, 1, 2024/02/16, 12:37:24.432, 1544955736870, vstest.console.dll, RunTestsArgumentProcessor:Execute: Queuing Test run.
TpTrace Information: 0 : 9320, 1, 2024/02/16, 12:37:24.433, 1544955741284, vstest.console.dll, TestRequestManager.RunTests: run tests started.
TpTrace Information: 0 : 9320, 1, 2024/02/16, 12:37:24.435, 1544955762832, vstest.console.dll, AssemblyMetadataProvider.GetFrameworkName: Determined framework:'.NETCoreApp,Version=v6.0' for source: 'C:\Users\Lenovo\source\repos\Back-End Technologies Basics - 01.2024\10. Exercises Integration Testing - part 2\TestProject1\bin\Debug\net6.0\fine-code-coverage\build-output\MoviesLibraryAPI.IntegrationTests.XUnit.dll'
TpTrace Information: 0 : 9320, 1, 2024/02/16, 12:37:24.435, 1544955765732, vstest.console.dll, Determined framework for all sources: .NETCoreApp,Version=v6.0
TpTrace Verbose: 0 : 9320, 1, 2024/02/16, 12:37:24.436, 1544955771674, vstest.console.dll, TestRequestManager.UpdateRunSettingsIfRequired: Default architecture: X64 IsDefaultTargetArchitecture: True, Current process architecture: X64 OperatingSystem: Windows.
TpTrace Information: 0 : 9320, 1, 2024/02/16, 12:37:24.439, 1544955803557, vstest.console.dll, AssemblyMetadataProvider.GetArchitecture: Determined architecture:AnyCPU info for assembly: C:\Users\Lenovo\source\repos\Back-End Technologies Basics - 01.2024\10. Exercises Integration Testing - part 2\TestProject1\bin\Debug\net6.0\fine-code-coverage\build-output\MoviesLibraryAPI.IntegrationTests.XUnit.dll
TpTrace Information: 0 : 9320, 1, 2024/02/16, 12:37:24.439, 1544955804698, vstest.console.dll, Determined platform for source 'C:\Users\Lenovo\source\repos\Back-End Technologies Basics - 01.2024\10. Exercises Integration Testing - part 2\TestProject1\bin\Debug\net6.0\fine-code-coverage\build-output\MoviesLibraryAPI.IntegrationTests.XUnit.dll' was AnyCPU and it will use the default plaform X64.
TpTrace Information: 0 : 9320, 1, 2024/02/16, 12:37:24.439, 1544955805426, vstest.console.dll, None of the sources provided any runnable platform, using the default platform: X64
TpTrace Information: 0 : 9320, 1, 2024/02/16, 12:37:24.439, 1544955807138, vstest.console.dll, Platform was updated to 'X64'.
TpTrace Information: 0 : 9320, 1, 2024/02/16, 12:37:24.445, 1544955869975, vstest.console.dll, InferRunSettingsHelper.IsTestSettingsEnabled: Unable to navigate to RunSettings/MSTest. Current node: RunSettings
TpTrace Information: 0 : 9320, 1, 2024/02/16, 12:37:24.447, 1544955881399, vstest.console.dll, AssemblyResolver.OnResolve: Microsoft.VisualStudio.TestPlatform.Fakes: Resolving assembly.
TpTrace Information: 0 : 9320, 1, 2024/02/16, 12:37:24.447, 1544955882686, vstest.console.dll, AssemblyResolver.OnResolve: Microsoft.VisualStudio.TestPlatform.Fakes: Searching in: 'C:\Program Files\dotnet\sdk\8.0.200\Extensions'.
TpTrace Information: 0 : 9320, 1, 2024/02/16, 12:37:24.447, 1544955885313, vstest.console.dll, AssemblyResolver.OnResolve: Microsoft.VisualStudio.TestPlatform.Fakes: Assembly path does not exist: 'C:\Program Files\dotnet\sdk\8.0.200\Extensions\Microsoft.VisualStudio.TestPlatform.Fakes.dll', returning.
TpTrace Information: 0 : 9320, 1, 2024/02/16, 12:37:24.447, 1544955888116, vstest.console.dll, AssemblyResolver.OnResolve: Microsoft.VisualStudio.TestPlatform.Fakes: Assembly path does not exist: 'C:\Program Files\dotnet\sdk\8.0.200\Extensions\Microsoft.VisualStudio.TestPlatform.Fakes.exe', returning.
TpTrace Information: 0 : 9320, 1, 2024/02/16, 12:37:24.447, 1544955889062, vstest.console.dll, AssemblyResolver.OnResolve: Microsoft.VisualStudio.TestPlatform.Fakes: Searching in: 'C:\Program Files\dotnet\sdk\8.0.200'.
TpTrace Information: 0 : 9320, 1, 2024/02/16, 12:37:24.448, 1544955891469, vstest.console.dll, AssemblyResolver.OnResolve: Microsoft.VisualStudio.TestPlatform.Fakes: Assembly path does not exist: 'C:\Program Files\dotnet\sdk\8.0.200\Microsoft.VisualStudio.TestPlatform.Fakes.dll', returning.
TpTrace Information: 0 : 9320, 1, 2024/02/16, 12:37:24.448, 1544955894012, vstest.console.dll, AssemblyResolver.OnResolve: Microsoft.VisualStudio.TestPlatform.Fakes: Assembly path does not exist: 'C:\Program Files\dotnet\sdk\8.0.200\Microsoft.VisualStudio.TestPlatform.Fakes.exe', returning.
TpTrace Information: 0 : 9320, 1, 2024/02/16, 12:37:24.448, 1544955895060, vstest.console.dll, AssemblyResolver.OnResolve: Microsoft.VisualStudio.TestPlatform.Fakes: Failed to load assembly.
TpTrace Information: 0 : 9320, 1, 2024/02/16, 12:37:24.448, 1544955900066, vstest.console.dll, Failed to load assembly Microsoft.VisualStudio.TestPlatform.Fakes, Version=17.0.0.0, Culture=neutral. Reason:System.IO.FileNotFoundException: Could not load file or assembly 'Microsoft.VisualStudio.TestPlatform.Fakes, Version=17.0.0.0, Culture=neutral, PublicKeyToken=null'. The system cannot find the file specified.
File name: 'Microsoft.VisualStudio.TestPlatform.Fakes, Version=17.0.0.0, Culture=neutral, PublicKeyToken=null'
   at System.Reflection.RuntimeAssembly.InternalLoad(AssemblyName assemblyName, StackCrawlMark& stackMark, AssemblyLoadContext assemblyLoadContext, RuntimeAssembly requestingAssembly, Boolean throwOnFileNotFound)
   at System.Reflection.Assembly.Load(AssemblyName assemblyRef)
   at Microsoft.VisualStudio.TestPlatform.Common.Utilities.FakesUtilities.LoadTestPlatformAssembly() in /_/src/Microsoft.TestPlatform.Common/Utilities/FakesUtilities.cs:line 272
TpTrace Verbose: 0 : 9320, 1, 2024/02/16, 12:37:24.454, 1544955959177, vstest.console.dll, TestPluginCache.DiscoverTestExtensions: finding test extensions in assemblies ends with: TestLogger.dll TPluginInfo: Microsoft.VisualStudio.TestPlatform.Common.ExtensionFramework.Utilities.TestLoggerPluginInformation TExtension: Microsoft.VisualStudio.TestPlatform.ObjectModel.Client.ITestLogger
TpTrace Verbose: 0 : 9320, 1, 2024/02/16, 12:37:24.454, 1544955961032, vstest.console.dll, TestPluginCache.GetExtensionPaths: Filtered extension paths: 
TpTrace Verbose: 0 : 9320, 1, 2024/02/16, 12:37:24.455, 1544955961933, vstest.console.dll, TestPluginCache.GetExtensionPaths: Added default extension paths: C:\Program Files\dotnet\sdk\8.0.200\Extensions\Microsoft.Diagnostics.NETCore.Client.dll
C:\Program Files\dotnet\sdk\8.0.200\Extensions\Microsoft.TestPlatform.Extensions.BlameDataCollector.dll
C:\Program Files\dotnet\sdk\8.0.200\Extensions\Microsoft.TestPlatform.Extensions.EventLogCollector.dll
C:\Program Files\dotnet\sdk\8.0.200\Extensions\Microsoft.TestPlatform.TestHostRuntimeProvider.dll
C:\Program Files\dotnet\sdk\8.0.200\Extensions\Microsoft.VisualStudio.TestPlatform.Extensions.Html.TestLogger.dll
C:\Program Files\dotnet\sdk\8.0.200\Extensions\Microsoft.VisualStudio.TestPlatform.Extensions.Trx.TestLogger.dll
TpTrace Verbose: 0 : 9320, 1, 2024/02/16, 12:37:24.455, 1544955962808, vstest.console.dll, TestPluginCache.GetExtensionPaths: Added unfilterableExtensionPaths: 
TpTrace Information: 0 : 9320, 1, 2024/02/16, 12:37:24.455, 1544955965858, vstest.console.dll, AssemblyResolver.AddSearchDirectories: Adding more searchDirectories C:\Program Files\dotnet\sdk\8.0.200\Extensions,C:\Program Files\dotnet\sdk\8.0.200
TpTrace Verbose: 0 : 9320, 1, 2024/02/16, 12:37:24.455, 1544955967059, vstest.console.dll, TestPluginCache.DiscoverTestExtensions: Discovering the extensions using extension path.
TpTrace Verbose: 0 : 9320, 1, 2024/02/16, 12:37:24.455, 1544955968046, vstest.console.dll, TestPluginCache.GetExtensionPaths: Filtered extension paths: 
TpTrace Verbose: 0 : 9320, 1, 2024/02/16, 12:37:24.455, 1544955968806, vstest.console.dll, TestPluginCache.GetExtensionPaths: Added default extension paths: C:\Program Files\dotnet\sdk\8.0.200\Extensions\Microsoft.Diagnostics.NETCore.Client.dll
C:\Program Files\dotnet\sdk\8.0.200\Extensions\Microsoft.TestPlatform.Extensions.BlameDataCollector.dll
C:\Program Files\dotnet\sdk\8.0.200\Extensions\Microsoft.TestPlatform.Extensions.EventLogCollector.dll
C:\Program Files\dotnet\sdk\8.0.200\Extensions\Microsoft.TestPlatform.TestHostRuntimeProvider.dll
C:\Program Files\dotnet\sdk\8.0.200\Extensions\Microsoft.VisualStudio.TestPlatform.Extensions.Html.TestLogger.dll
C:\Program Files\dotnet\sdk\8.0.200\Extensions\Microsoft.VisualStudio.TestPlatform.Extensions.Trx.TestLogger.dll
TpTrace Verbose: 0 : 9320, 1, 2024/02/16, 12:37:24.455, 1544955969687, vstest.console.dll, TestPluginCache.GetExtensionPaths: Added unfilterableExtensionPaths: 
TpTrace Verbose: 0 : 9320, 1, 2024/02/16, 12:37:24.456, 1544955971562, vstest.console.dll, TestPluginCache.DiscoverTestExtensions: Discovering the extensions using allExtensionPaths: C:\Program Files\dotnet\sdk\8.0.200\Extensions\Microsoft.Diagnostics.NETCore.Client.dll
C:\Program Files\dotnet\sdk\8.0.200\Extensions\Microsoft.TestPlatform.Extensions.BlameDataCollector.dll
C:\Program Files\dotnet\sdk\8.0.200\Extensions\Microsoft.TestPlatform.Extensions.EventLogCollector.dll
C:\Program Files\dotnet\sdk\8.0.200\Extensions\Microsoft.TestPlatform.TestHostRuntimeProvider.dll
C:\Program Files\dotnet\sdk\8.0.200\Extensions\Microsoft.VisualStudio.TestPlatform.Extensions.Html.TestLogger.dll
C:\Program Files\dotnet\sdk\8.0.200\Extensions\Microsoft.VisualStudio.TestPlatform.Extensions.Trx.TestLogger.dll
TpTrace Information: 0 : 9320, 1, 2024/02/16, 12:37:24.456, 1544955972986, vstest.console.dll, AssemblyResolver.AddSearchDirectories: Adding more searchDirectories C:\Program Files\dotnet\sdk\8.0.200\Extensions,C:\Program Files\dotnet\sdk\8.0.200
TpTrace Information: 0 : 9320, 1, 2024/02/16, 12:37:24.456, 1544955973918, vstest.console.dll, AssemblyResolver.AddSearchDirectories: Adding more searchDirectories C:\Program Files\dotnet\sdk\8.0.200\Extensions,C:\Program Files\dotnet\sdk\8.0.200
TpTrace Information: 0 : 9320, 1, 2024/02/16, 12:37:24.456, 1544955974714, vstest.console.dll, AssemblyResolver.AddSearchDirectories: Adding more searchDirectories C:\Program Files\dotnet\sdk\8.0.200\Extensions,C:\Program Files\dotnet\sdk\8.0.200
TpTrace Information: 0 : 9320, 1, 2024/02/16, 12:37:24.456, 1544955975484, vstest.console.dll, AssemblyResolver.AddSearchDirectories: Adding more searchDirectories C:\Program Files\dotnet\sdk\8.0.200\Extensions,C:\Program Files\dotnet\sdk\8.0.200
TpTrace Information: 0 : 9320, 1, 2024/02/16, 12:37:24.456, 1544955976392, vstest.console.dll, AssemblyResolver.AddSearchDirectories: Adding more searchDirectories C:\Program Files\dotnet\sdk\8.0.200\Extensions,C:\Program Files\dotnet\sdk\8.0.200
TpTrace Information: 0 : 9320, 1, 2024/02/16, 12:37:24.456, 1544955977289, vstest.console.dll, AssemblyResolver.AddSearchDirectories: Adding more searchDirectories C:\Program Files\dotnet\sdk\8.0.200\Extensions,C:\Program Files\dotnet\sdk\8.0.200
TpTrace Verbose: 0 : 9320, 1, 2024/02/16, 12:37:24.456, 1544955979538, vstest.console.dll, MetadataReaderExtensionsHelper: Discovering extensions inside assembly 'Microsoft.Diagnostics.NETCore.Client, Version=0.2.9.2401, Culture=neutral, PublicKeyToken=31bf3856ad364e35' file path 'C:\Program Files\dotnet\sdk\8.0.200\Extensions\Microsoft.Diagnostics.NETCore.Client.dll'
TpTrace Information: 0 : 9320, 1, 2024/02/16, 12:37:24.458, 1544955997445, vstest.console.dll, AssemblyResolver.OnResolve: Microsoft.Bcl.AsyncInterfaces: Resolving assembly.
TpTrace Information: 0 : 9320, 1, 2024/02/16, 12:37:24.458, 1544955998708, vstest.console.dll, AssemblyResolver.OnResolve: Microsoft.Bcl.AsyncInterfaces: Resolved from cache.
TpTrace Verbose: 0 : 9320, 1, 2024/02/16, 12:37:24.458, 1544955999470, vstest.console.dll, CurrentDomainAssemblyResolve: Resolving assembly 'Microsoft.Bcl.AsyncInterfaces'.
TpTrace Information: 0 : 9320, 1, 2024/02/16, 12:37:24.458, 1544956000489, vstest.console.dll, AssemblyResolver.OnResolve: Microsoft.Bcl.AsyncInterfaces: Resolving assembly.
TpTrace Information: 0 : 9320, 1, 2024/02/16, 12:37:24.459, 1544956001250, vstest.console.dll, AssemblyResolver.OnResolve: Microsoft.Bcl.AsyncInterfaces: Resolved from cache.
TpTrace Verbose: 0 : 9320, 1, 2024/02/16, 12:37:24.459, 1544956001910, vstest.console.dll, CurrentDomainAssemblyResolve: Resolving assembly 'Microsoft.Bcl.AsyncInterfaces'.
TpTrace Verbose: 0 : 9320, 1, 2024/02/16, 12:37:24.459, 1544956002782, vstest.console.dll, CurrentDomainAssemblyResolve: Failed to resolve assembly 'Microsoft.Bcl.AsyncInterfaces'.
TpTrace Verbose: 0 : 9320, 1, 2024/02/16, 12:37:24.459, 1544956005466, vstest.console.dll, CurrentDomainAssemblyResolve: Failed to resolve assembly 'Microsoft.Bcl.AsyncInterfaces'.
TpTrace Warning: 0 : 9320, 1, 2024/02/16, 12:37:24.460, 1544956013072, vstest.console.dll, TestPluginDiscoverer: Failed to get types from assembly 'Microsoft.Diagnostics.NETCore.Client, Version=0.2.9.2401, Culture=neutral, PublicKeyToken=31bf3856ad364e35'. Error: System.Reflection.ReflectionTypeLoadException: Unable to load one or more of the requested types.
Could not load file or assembly 'Microsoft.Bcl.AsyncInterfaces, Version=6.0.0.0, Culture=neutral, PublicKeyToken=cc7b13ffcd2ddd51'. The system cannot find the file specified.
   at System.Reflection.RuntimeModule.GetTypes(RuntimeModule module)
   at System.Reflection.RuntimeModule.GetTypes()
   at Microsoft.VisualStudio.TestPlatform.Common.ExtensionFramework.TestPluginDiscoverer.GetTestExtensionsFromAssembly[TPluginInfo,TExtension](Assembly assembly, Dictionary`2 pluginInfos, String filePath) in /_/src/Microsoft.TestPlatform.Common/ExtensionFramework/TestPluginDiscoverer.cs:line 158
System.IO.FileNotFoundException: Could not load file or assembly 'Microsoft.Bcl.AsyncInterfaces, Version=6.0.0.0, Culture=neutral, PublicKeyToken=cc7b13ffcd2ddd51'. The system cannot find the file specified.
File name: 'Microsoft.Bcl.AsyncInterfaces, Version=6.0.0.0, Culture=neutral, PublicKeyToken=cc7b13ffcd2ddd51'
 ---> System.IO.FileNotFoundException: Could not load file or assembly 'Microsoft.Bcl.AsyncInterfaces, Culture=neutral, PublicKeyToken=null'. The system cannot find the file specified.
File name: 'Microsoft.Bcl.AsyncInterfaces, Culture=neutral, PublicKeyToken=null'
   at System.Reflection.RuntimeAssembly.InternalLoad(AssemblyName assemblyName, StackCrawlMark& stackMark, AssemblyLoadContext assemblyLoadContext, RuntimeAssembly requestingAssembly, Boolean throwOnFileNotFound)
   at System.Reflection.Assembly.Load(AssemblyName assemblyRef)
   at Microsoft.VisualStudio.TestPlatform.Common.ExtensionFramework.TestPluginCache.CurrentDomainAssemblyResolve(Object sender, AssemblyResolveEventArgs args) in /_/src/Microsoft.TestPlatform.Common/ExtensionFramework/TestPluginCache.cs:line 513
   at System.Runtime.Loader.AssemblyLoadContext.GetFirstResolvedAssemblyFromResolvingEvent(AssemblyName assemblyName)
   at System.Runtime.Loader.AssemblyLoadContext.ResolveUsingEvent(AssemblyName assemblyName)
   at System.Runtime.Loader.AssemblyLoadContext.ResolveUsingResolvingEvent(IntPtr gchManagedAssemblyLoadContext, AssemblyName assemblyName)
TpTrace Warning: 0 : 9320, 1, 2024/02/16, 12:37:24.460, 1544956016675, vstest.console.dll, LoaderExceptions: System.IO.FileNotFoundException: Could not load file or assembly 'Microsoft.Bcl.AsyncInterfaces, Version=6.0.0.0, Culture=neutral, PublicKeyToken=cc7b13ffcd2ddd51'. The system cannot find the file specified.
File name: 'Microsoft.Bcl.AsyncInterfaces, Version=6.0.0.0, Culture=neutral, PublicKeyToken=cc7b13ffcd2ddd51'
 ---> System.IO.FileNotFoundException: Could not load file or assembly 'Microsoft.Bcl.AsyncInterfaces, Culture=neutral, PublicKeyToken=null'. The system cannot find the file specified.
File name: 'Microsoft.Bcl.AsyncInterfaces, Culture=neutral, PublicKeyToken=null'
   at System.Reflection.RuntimeAssembly.InternalLoad(AssemblyName assemblyName, StackCrawlMark& stackMark, AssemblyLoadContext assemblyLoadContext, RuntimeAssembly requestingAssembly, Boolean throwOnFileNotFound)
   at System.Reflection.Assembly.Load(AssemblyName assemblyRef)
   at Microsoft.VisualStudio.TestPlatform.Common.ExtensionFramework.TestPluginCache.CurrentDomainAssemblyResolve(Object sender, AssemblyResolveEventArgs args) in /_/src/Microsoft.TestPlatform.Common/ExtensionFramework/TestPluginCache.cs:line 513
   at System.Runtime.Loader.AssemblyLoadContext.GetFirstResolvedAssemblyFromResolvingEvent(AssemblyName assemblyName)
   at System.Runtime.Loader.AssemblyLoadContext.ResolveUsingEvent(AssemblyName assemblyName)
   at System.Runtime.Loader.AssemblyLoadContext.ResolveUsingResolvingEvent(IntPtr gchManagedAssemblyLoadContext, AssemblyName assemblyName)
TpTrace Verbose: 0 : 9320, 1, 2024/02/16, 12:37:24.460, 1544956018563, vstest.console.dll, MetadataReaderExtensionsHelper: Discovering extensions inside assembly 'Microsoft.TestPlatform.Extensions.BlameDataCollector, Version=15.0.0.0, Culture=neutral, PublicKeyToken=b03f5f7f11d50a3a' file path 'C:\Program Files\dotnet\sdk\8.0.200\Extensions\Microsoft.TestPlatform.Extensions.BlameDataCollector.dll'
TpTrace Information: 0 : 9320, 1, 2024/02/16, 12:37:24.462, 1544956031944, vstest.console.dll, GetTestExtensionFromType: Register extension with identifier data 'logger://Microsoft/TestPlatform/Extensions/Blame/v1' and type 'Microsoft.TestPlatform.Extensions.BlameDataCollector.BlameLogger, Microsoft.TestPlatform.Extensions.BlameDataCollector, Version=15.0.0.0, Culture=neutral, PublicKeyToken=b03f5f7f11d50a3a' inside file 'C:\Program Files\dotnet\sdk\8.0.200\Extensions\Microsoft.TestPlatform.Extensions.BlameDataCollector.dll'
TpTrace Verbose: 0 : 9320, 1, 2024/02/16, 12:37:24.462, 1544956033599, vstest.console.dll, MetadataReaderExtensionsHelper: Discovering extensions inside assembly 'Microsoft.TestPlatform.Extensions.EventLogCollector, Version=15.0.0.0, Culture=neutral, PublicKeyToken=b03f5f7f11d50a3a' file path 'C:\Program Files\dotnet\sdk\8.0.200\Extensions\Microsoft.TestPlatform.Extensions.EventLogCollector.dll'
TpTrace Verbose: 0 : 9320, 1, 2024/02/16, 12:37:24.463, 1544956043683, vstest.console.dll, MetadataReaderExtensionsHelper: Discovering extensions inside assembly 'Microsoft.TestPlatform.TestHostRuntimeProvider, Version=15.0.0.0, Culture=neutral, PublicKeyToken=b03f5f7f11d50a3a' file path 'C:\Program Files\dotnet\sdk\8.0.200\Extensions\Microsoft.TestPlatform.TestHostRuntimeProvider.dll'
TpTrace Verbose: 0 : 9320, 1, 2024/02/16, 12:37:24.464, 1544956053658, vstest.console.dll, MetadataReaderExtensionsHelper: Discovering extensions inside assembly 'Microsoft.VisualStudio.TestPlatform.Extensions.Html.TestLogger, Version=15.0.0.0, Culture=neutral, PublicKeyToken=b03f5f7f11d50a3a' file path 'C:\Program Files\dotnet\sdk\8.0.200\Extensions\Microsoft.VisualStudio.TestPlatform.Extensions.Html.TestLogger.dll'
TpTrace Information: 0 : 9320, 1, 2024/02/16, 12:37:24.465, 1544956067461, vstest.console.dll, GetTestExtensionFromType: Register extension with identifier data 'logger://Microsoft/TestPlatform/HtmlLogger/v1' and type 'Microsoft.VisualStudio.TestPlatform.Extensions.HtmlLogger.HtmlLogger, Microsoft.VisualStudio.TestPlatform.Extensions.Html.TestLogger, Version=15.0.0.0, Culture=neutral, PublicKeyToken=b03f5f7f11d50a3a' inside file 'C:\Program Files\dotnet\sdk\8.0.200\Extensions\Microsoft.VisualStudio.TestPlatform.Extensions.Html.TestLogger.dll'
TpTrace Verbose: 0 : 9320, 1, 2024/02/16, 12:37:24.465, 1544956069000, vstest.console.dll, MetadataReaderExtensionsHelper: Discovering extensions inside assembly 'Microsoft.VisualStudio.TestPlatform.Extensions.Trx.TestLogger, Version=15.0.0.0, Culture=neutral, PublicKeyToken=b03f5f7f11d50a3a' file path 'C:\Program Files\dotnet\sdk\8.0.200\Extensions\Microsoft.VisualStudio.TestPlatform.Extensions.Trx.TestLogger.dll'
TpTrace Information: 0 : 9320, 1, 2024/02/16, 12:37:24.466, 1544956080011, vstest.console.dll, GetTestExtensionFromType: Register extension with identifier data 'logger://Microsoft/TestPlatform/TrxLogger/v1' and type 'Microsoft.VisualStudio.TestPlatform.Extensions.TrxLogger.TrxLogger, Microsoft.VisualStudio.TestPlatform.Extensions.Trx.TestLogger, Version=15.0.0.0, Culture=neutral, PublicKeyToken=b03f5f7f11d50a3a' inside file 'C:\Program Files\dotnet\sdk\8.0.200\Extensions\Microsoft.VisualStudio.TestPlatform.Extensions.Trx.TestLogger.dll'
TpTrace Verbose: 0 : 9320, 1, 2024/02/16, 12:37:24.467, 1544956081503, vstest.console.dll, TestPluginCache: Discovered the extensions using extension path ''.
TpTrace Verbose: 0 : 9320, 1, 2024/02/16, 12:37:24.467, 1544956082301, vstest.console.dll, TestPluginCache: Discoverers are ''.
TpTrace Verbose: 0 : 9320, 1, 2024/02/16, 12:37:24.467, 1544956082950, vstest.console.dll, TestPluginCache: Executors are ''.
TpTrace Verbose: 0 : 9320, 1, 2024/02/16, 12:37:24.467, 1544956083561, vstest.console.dll, TestPluginCache: Executors2 are ''.
TpTrace Verbose: 0 : 9320, 1, 2024/02/16, 12:37:24.467, 1544956085259, vstest.console.dll, TestPluginCache: Setting providers are ''.
TpTrace Verbose: 0 : 9320, 1, 2024/02/16, 12:37:24.467, 1544956087194, vstest.console.dll, TestPluginCache: Loggers are 'logger://Microsoft/TestPlatform/Extensions/Blame/v1,logger://Microsoft/TestPlatform/HtmlLogger/v1,logger://Microsoft/TestPlatform/TrxLogger/v1'.
TpTrace Verbose: 0 : 9320, 1, 2024/02/16, 12:37:24.467, 1544956088404, vstest.console.dll, TestPluginCache: TestHosts are 'HostProvider://DefaultTestHost,HostProvider://DotnetTestHost'.
TpTrace Verbose: 0 : 9320, 1, 2024/02/16, 12:37:24.467, 1544956089143, vstest.console.dll, TestPluginCache: DataCollectors are ''.
TpTrace Information: 0 : 9320, 1, 2024/02/16, 12:37:24.469, 1544956104070, vstest.console.dll, TestPluginManager.CreateTestExtension: Attempting to load test extension: Microsoft.TestPlatform.Extensions.BlameDataCollector.BlameLogger
TpTrace Verbose: 0 : 9320, 1, 2024/02/16, 12:37:24.483, 1544956243446, vstest.console.dll, TestEngine: Initializing Parallel Execution as MaxCpuCount is set to: 1
TpTrace Information: 0 : 9320, 1, 2024/02/16, 12:37:24.485, 1544956271174, vstest.console.dll, TestPluginManager.CreateTestExtension: Attempting to load test extension: Microsoft.VisualStudio.TestPlatform.CrossPlatEngine.Hosting.DefaultTestHostManager
TpTrace Information: 0 : 9320, 1, 2024/02/16, 12:37:24.488, 1544956293218, vstest.console.dll, TestPluginManager.CreateTestExtension: Attempting to load test extension: Microsoft.VisualStudio.TestPlatform.CrossPlatEngine.Hosting.DotnetTestHostManager
TpTrace Information: 0 : 9320, 1, 2024/02/16, 12:37:24.489, 1544956304116, vstest.console.dll, InferRunSettingsHelper.IsTestSettingsEnabled: Unable to navigate to RunSettings/MSTest. Current node: RunSettings
TpTrace Verbose: 0 : 9320, 1, 2024/02/16, 12:37:24.490, 1544956315354, vstest.console.dll, ParallelOperationManager.ClearSlots: Clearing all slots. Slots should accept more work: True
TpTrace Verbose: 0 : 9320, 1, 2024/02/16, 12:37:24.491, 1544956329331, vstest.console.dll, ParallelOperationManager.SetOccupiedSlotCount: Setting slot counts AvailableSlotCount = 3, OccupiedSlotCount = 0.
TpTrace Verbose: 0 : 9320, 1, 2024/02/16, 12:37:24.492, 1544956336283, vstest.console.dll, Occupied slots:

TpTrace Verbose: 0 : 9320, 1, 2024/02/16, 12:37:24.499, 1544956405056, vstest.console.dll, TestEngine.GetExecutionManager: Chosen execution manager 'Microsoft.VisualStudio.TestPlatform.CrossPlatEngine.Client.Parallel.ParallelProxyExecutionManager, Microsoft.TestPlatform.CrossPlatEngine, Version=15.0.0.0, Culture=neutral, PublicKeyToken=b03f5f7f11d50a3a' ParallelLevel '1'.
TpTrace Verbose: 0 : 9320, 1, 2024/02/16, 12:37:24.499, 1544956407444, vstest.console.dll, TestRunRequest.ExecuteAsync: Creating test run request.
TpTrace Verbose: 0 : 9320, 1, 2024/02/16, 12:37:24.500, 1544956411723, vstest.console.dll, TestRunRequest.ExecuteAsync: Starting.
TpTrace Information: 0 : 9320, 1, 2024/02/16, 12:37:24.502, 1544956435241, vstest.console.dll, TestRunRequest.ExecuteAsync: Starting run with settings:TestRunCriteria:
   KeepAlive=False,FrequencyOfRunStatsChangeEvent=10,RunStatsChangeEventTimeout=00:00:01.5000000,TestCaseFilter=,TestExecutorLauncher=
   Settingsxml=<RunSettings>
  <RunConfiguration>
    <ResultsDirectory>C:\Users\Lenovo\source\repos\Back-End Technologies Basics - 01.2024\10. Exercises Integration Testing - part 2\TestProject1\bin\Debug\net6.0\fine-code-coverage\coverage-tool-output</ResultsDirectory>
    <TargetPlatform>X64</TargetPlatform>
    <TargetFrameworkVersion>.NETCoreApp,Version=v6.0</TargetFrameworkVersion>
    <DesignMode>False</DesignMode>
    <CollectSourceInformation>False</CollectSourceInformation>
  </RunConfiguration>
  <LoggerRunSettings>
    <Loggers>
      <Logger friendlyName="blame" enabled="True" />
      <Logger friendlyName="Console" uri="logger://microsoft/TestPlatform/ConsoleLogger/v1" assemblyQualifiedName="Microsoft.VisualStudio.TestPlatform.CommandLine.Internal.ConsoleLogger, vstest.console, Version=15.0.0.0, Culture=neutral, PublicKeyToken=b03f5f7f11d50a3a" codeBase="C:\Program Files\dotnet\sdk\8.0.200\vstest.console.dll" enabled="True" />
    </Loggers>
  </LoggerRunSettings>
  <DataCollectionRunSettings>
    <DataCollectors>
      <DataCollector friendlyName="blame" enabled="True">
        <Configuration>
          <ResultsDirectory>C:\Users\Lenovo\source\repos\Back-End Technologies Basics - 01.2024\10. Exercises Integration Testing - part 2\TestProject1\bin\Debug\net6.0\fine-code-coverage\coverage-tool-output</ResultsDirectory>
        </Configuration>
      </DataCollector>
    </DataCollectors>
  </DataCollectionRunSettings>
</RunSettings>

TpTrace Verbose: 0 : 9320, 1, 2024/02/16, 12:37:24.502, 1544956437968, vstest.console.dll, TestRunRequest.ExecuteAsync: Wait for the first run request is over.
TpTrace Verbose: 0 : 9320, 1, 2024/02/16, 12:37:24.503, 1544956444319, vstest.console.dll, MulticastDelegateUtilities.SafeInvoke: TestRun.TestRunStart: Invoking callbacks was skipped because there are no subscribers.
TpTrace Verbose: 0 : 9320, 4, 2024/02/16, 12:37:24.503, 1544956447385, vstest.console.dll, MulticastDelegateUtilities.SafeInvoke: InternalTestLoggerEvents.SendTestRunStart: Invoking callback 1/1 for Microsoft.VisualStudio.TestPlatform.CommandLine.Internal.ConsoleLogger., took 0 ms.
TpTrace Verbose: 0 : 9320, 1, 2024/02/16, 12:37:24.505, 1544956464581, vstest.console.dll, ParallelProxyExecutionManager: Start execution. Total sources: 1
TpTrace Verbose: 0 : 9320, 1, 2024/02/16, 12:37:24.506, 1544956473005, vstest.console.dll, ParallelOperationManager.StartWork: Starting adding 1 workloads.
TpTrace Verbose: 0 : 9320, 1, 2024/02/16, 12:37:24.506, 1544956474660, vstest.console.dll, ParallelOperationManager.ClearSlots: Clearing all slots. Slots should accept more work: True
TpTrace Verbose: 0 : 9320, 1, 2024/02/16, 12:37:24.506, 1544956476197, vstest.console.dll, ParallelOperationManager.SetOccupiedSlotCount: Setting slot counts AvailableSlotCount = 3, OccupiedSlotCount = 0.
TpTrace Verbose: 0 : 9320, 1, 2024/02/16, 12:37:24.506, 1544956477284, vstest.console.dll, Occupied slots:

TpTrace Verbose: 0 : 9320, 1, 2024/02/16, 12:37:24.509, 1544956504240, vstest.console.dll, TestRequestSender is acting as server.
TpTrace Verbose: 0 : 9320, 1, 2024/02/16, 12:37:24.511, 1544956525181, vstest.console.dll, ParallelOperationManager.RunWorkInParallel: Adding 1 workload to slot, remaining workloads 0.
TpTrace Verbose: 0 : 9320, 1, 2024/02/16, 12:37:24.511, 1544956526470, vstest.console.dll, ParallelOperationManager.SetOccupiedSlotCount: Setting slot counts AvailableSlotCount = 2, OccupiedSlotCount = 1.
TpTrace Verbose: 0 : 9320, 1, 2024/02/16, 12:37:24.511, 1544956528780, vstest.console.dll, Occupied slots:
0: C:\Users\Lenovo\source\repos\Back-End Technologies Basics - 01.2024\10. Exercises Integration Testing - part 2\TestProject1\bin\Debug\net6.0\fine-code-coverage\build-output\MoviesLibraryAPI.IntegrationTests.XUnit.dll
TpTrace Verbose: 0 : 9320, 1, 2024/02/16, 12:37:24.513, 1544956550956, vstest.console.dll, ParallelOperationManager.RunWorkInParallel: Started host in slot number 0 for work (source): C:\Users\Lenovo\source\repos\Back-End Technologies Basics - 01.2024\10. Exercises Integration Testing - part 2\TestProject1\bin\Debug\net6.0\fine-code-coverage\build-output\MoviesLibraryAPI.IntegrationTests.XUnit.dll.
TpTrace Verbose: 0 : 9320, 1, 2024/02/16, 12:37:24.515, 1544956565533, vstest.console.dll, ParallelOperationManager.RunWorkInParallel: We started 1 work items, which is the max parallel level. Won't start more work.
TpTrace Verbose: 0 : 9320, 1, 2024/02/16, 12:37:24.515, 1544956566912, vstest.console.dll, ParallelOperationManager.RunWorkInParallel: We started 1 work items in here, returning True.
TpTrace Information: 0 : 9320, 1, 2024/02/16, 12:37:24.515, 1544956567795, vstest.console.dll, TestRunRequest.ExecuteAsync: Started.
TpTrace Verbose: 0 : 9320, 5, 2024/02/16, 12:37:24.515, 1544956569394, vstest.console.dll, ParallelProxyExecutionManager.StartTestRunOnConcurrentManager: Initializing uninitialized client. Started clients: 0
TpTrace Verbose: 0 : 9320, 5, 2024/02/16, 12:37:24.516, 1544956573166, vstest.console.dll, DataCollectionRequestSender.InitializeCommunication : Initialize communication. 
TpTrace Verbose: 0 : 9320, 1, 2024/02/16, 12:37:24.516, 1544956579191, vstest.console.dll, TestRunRequest.WaitForCompletion: Waiting with timeout -1.
TpTrace Information: 0 : 9320, 5, 2024/02/16, 12:37:24.534, 1544956751389, vstest.console.dll, Listening on Endpoint : 127.0.0.1:53395
TpTrace Verbose: 0 : 9320, 5, 2024/02/16, 12:37:24.545, 1544956868910, vstest.console.dll, DotnetDataCollectionLauncher: Adding  --runtimeconfig "C:\Program Files\dotnet\sdk\8.0.200\datacollector.runtimeconfig.json" in args
TpTrace Verbose: 0 : 9320, 5, 2024/02/16, 12:37:24.546, 1544956872066, vstest.console.dll, DotnetDataCollectionLauncher: Adding  --depsfile "C:\Program Files\dotnet\sdk\8.0.200\datacollector.deps.json" in args
TpTrace Verbose: 0 : 9320, 5, 2024/02/16, 12:37:24.546, 1544956878849, vstest.console.dll, DotnetDataCollectionLauncher: Full path of dotnet.exe is C:\Program Files\dotnet\dotnet.exe
TpTrace Information: 0 : 9320, 5, 2024/02/16, 12:37:24.559, 1544957003689, vstest.console.dll, ProxyDataCollectionManager.Initialize: Launched datacollector processId: 4400 port: 53395
TpTrace Information: 0 : 9320, 5, 2024/02/16, 12:37:24.559, 1544957005750, vstest.console.dll, ProxyDataCollectionManager.Initialize: waiting for connection with timeout: 90 seconds
TpTrace Verbose: 0 : 9320, 5, 2024/02/16, 12:37:24.559, 1544957006933, vstest.console.dll, DataCollectionRequestSender.WaitForRequestHandlerConnection : Waiting for connection with timeout: 90000
TpTrace Information: 0 : 9320, 7, 2024/02/16, 12:37:24.848, 1544959895283, vstest.console.dll, Using the buffer size of 16384 bytes
TpTrace Verbose: 0 : 9320, 5, 2024/02/16, 12:37:24.848, 1544959895640, vstest.console.dll, SocketCommunicationManager.WaitForClientConnection took: 288 ms, with 90000 ms timeout, and finished with True.
TpTrace Information: 0 : 9320, 7, 2024/02/16, 12:37:24.848, 1544959897172, vstest.console.dll, Accepted Client request and set the flag
TpTrace Verbose: 0 : 9320, 5, 2024/02/16, 12:37:24.848, 1544959899595, vstest.console.dll, ProxyDataCollectionManager.InvokeDataCollectionServiceAction: Starting.
TpTrace Information: 0 : 9320, 5, 2024/02/16, 12:37:24.849, 1544959901284, vstest.console.dll, ProxyDataCollectionManager.BeforeTestRunStart: Get environment variable and port for datacollector processId: 4400 port: 53395
TpTrace Verbose: 0 : 9320, 5, 2024/02/16, 12:37:24.849, 1544959903652, vstest.console.dll, DataCollectionRequestSender.SendBeforeTestRunStartAndGetResult: Send BeforeTestRunStart message with settingsXml <RunSettings><RunConfiguration><ResultsDirectory>C:\Users\Lenovo\source\repos\Back-End Technologies Basics - 01.2024\10. Exercises Integration Testing - part 2\TestProject1\bin\Debug\net6.0\fine-code-coverage\coverage-tool-output</ResultsDirectory><TargetPlatform>X64</TargetPlatform><TargetFrameworkVersion>.NETCoreApp,Version=v6.0</TargetFrameworkVersion><DesignMode>False</DesignMode><CollectSourceInformation>False</CollectSourceInformation><TestAdaptersPaths>C:\Program Files\dotnet\sdk\8.0.200\Extensions</TestAdaptersPaths></RunConfiguration><LoggerRunSettings><Loggers><Logger friendlyName="blame" enabled="True" /><Logger friendlyName="Console" uri="logger://microsoft/TestPlatform/ConsoleLogger/v1" assemblyQualifiedName="Microsoft.VisualStudio.TestPlatform.CommandLine.Internal.ConsoleLogger, vstest.console, Version=15.0.0.0, Culture=neutral, PublicKeyToken=b03f5f7f11d50a3a" codeBase="C:\Program Files\dotnet\sdk\8.0.200\vstest.console.dll" enabled="True" /></Loggers></LoggerRunSettings><DataCollectionRunSettings><DataCollectors><DataCollector friendlyName="blame" enabled="True"><Configuration><ResultsDirectory>C:\Users\Lenovo\source\repos\Back-End Technologies Basics - 01.2024\10. Exercises Integration Testing - part 2\TestProject1\bin\Debug\net6.0\fine-code-coverage\coverage-tool-output</ResultsDirectory></Configuration></DataCollector></DataCollectors></DataCollectionRunSettings></RunSettings> and sources System.Collections.Generic.List`1[System.String]: 
TpTrace Verbose: 0 : 9320, 5, 2024/02/16, 12:37:24.948, 1544960900521, vstest.console.dll, DataCollectionRequestSender.SendBeforeTestRunStartAndGetResult: Received message: (DataCollection.SendMessage) -> {"MessageType":"DataCollection.SendMessage","Payload":{"FriendlyName":null,"Uri":null,"TestCaseId":"00000000-0000-0000-0000-000000000000","Message":"Logging DataCollector Diagnostics in file: C:\\Users\\Lenovo\\source\\repos\\Back-End Technologies Basics - 01.2024\\10. Exercises Integration Testing - part 2\\TestProject1\\bin\\Debug\\net6.0\\fine-code-coverage\\coverage-tool-output\\diagnostics.datacollector.24-02-16_12-37-24_54527_5.log","Level":0}}
TpTrace Verbose: 0 : 9320, 5, 2024/02/16, 12:37:25.151, 1544962929276, vstest.console.dll, DataCollectionRequestSender.SendBeforeTestRunStartAndGetResult: Received message: (DataCollection.BeforeTestRunStartResult) -> {"MessageType":"DataCollection.BeforeTestRunStartResult","Payload":{"EnvironmentVariables":{},"DataCollectionEventsPort":53399}}
TpTrace Information: 0 : 9320, 5, 2024/02/16, 12:37:25.160, 1544963011720, vstest.console.dll, ProxyDataCollectionManager.BeforeTestRunStart: SendBeforeTestRunStartAndGetResult successful, env variable from datacollector:   and testhost port: 53399
TpTrace Information: 0 : 9320, 5, 2024/02/16, 12:37:25.160, 1544963013623, vstest.console.dll, ProxyDataCollectionManager.InvokeDataCollectionServiceAction: Completed.
TpTrace Verbose: 0 : 9320, 5, 2024/02/16, 12:37:25.160, 1544963014677, vstest.console.dll, ParallelProxyExecutionManager.StartTestRunOnConcurrentManager: Initializing test run. Started clients: 0
TpTrace Verbose: 0 : 9320, 5, 2024/02/16, 12:37:25.160, 1544963016716, vstest.console.dll, ProxyExecutionManager: Test host is always Lazy initialize.
TpTrace Verbose: 0 : 9320, 5, 2024/02/16, 12:37:25.160, 1544963020970, vstest.console.dll, TestRequestSender.InitializeCommunication: initialize communication. 
TpTrace Information: 0 : 9320, 5, 2024/02/16, 12:37:25.161, 1544963030160, vstest.console.dll, SocketServer.Start: Listening on endpoint : 127.0.0.1:53400
TpTrace Verbose: 0 : 9320, 5, 2024/02/16, 12:37:25.163, 1544963043543, vstest.console.dll, DotnetTestHostmanager.GetTestHostProcessStartInfo: Platform environment 'X64' target architecture 'X64' framework '.NETCoreApp,Version=v6.0' OS 'Windows'
TpTrace Verbose: 0 : 9320, 5, 2024/02/16, 12:37:25.163, 1544963049463, vstest.console.dll, DotnetTestHostmanager: Adding  --runtimeconfig "C:\Users\Lenovo\source\repos\Back-End Technologies Basics - 01.2024\10. Exercises Integration Testing - part 2\TestProject1\bin\Debug\net6.0\fine-code-coverage\build-output\MoviesLibraryAPI.IntegrationTests.XUnit.runtimeconfig.json" in args
TpTrace Verbose: 0 : 9320, 5, 2024/02/16, 12:37:25.164, 1544963053075, vstest.console.dll, DotnetTestHostmanager: Adding  --depsfile "C:\Users\Lenovo\source\repos\Back-End Technologies Basics - 01.2024\10. Exercises Integration Testing - part 2\TestProject1\bin\Debug\net6.0\fine-code-coverage\build-output\MoviesLibraryAPI.IntegrationTests.XUnit.deps.json" in args
TpTrace Verbose: 0 : 9320, 5, 2024/02/16, 12:37:25.164, 1544963056868, vstest.console.dll, DotnetTestHostmanager.IsWinOnArm: Current PROCESSOR_ARCHITECTURE from environment variable 'AMD64'
TpTrace Verbose: 0 : 9320, 5, 2024/02/16, 12:37:25.164, 1544963058354, vstest.console.dll, DotnetTestHostmanager.IsWinOnArm: Is Windows on ARM 'False'
TpTrace Verbose: 0 : 9320, 5, 2024/02/16, 12:37:25.165, 1544963061457, vstest.console.dll, DotnetTestHostManager: testhost.exe found at path: C:\Users\Lenovo\source\repos\Back-End Technologies Basics - 01.2024\10. Exercises Integration Testing - part 2\TestProject1\bin\Debug\net6.0\fine-code-coverage\build-output\testhost.exe
TpTrace Verbose: 0 : 9320, 5, 2024/02/16, 12:37:25.165, 1544963062718, vstest.console.dll, DotnetTestHostmanager: Full path of host exe is C:\Users\Lenovo\source\repos\Back-End Technologies Basics - 01.2024\10. Exercises Integration Testing - part 2\TestProject1\bin\Debug\net6.0\fine-code-coverage\build-output\testhost.exe
TpTrace Verbose: 0 : 9320, 5, 2024/02/16, 12:37:25.165, 1544963065614, vstest.console.dll, DotnetTestHostmanager.LaunchTestHostAsync: Found 'VSTEST_WINAPPHOST_DOTNET_ROOT' in env variables, value 'C:\Program Files\dotnet', forwarding to 'DOTNET_ROOT'
TpTrace Verbose: 0 : 9320, 5, 2024/02/16, 12:37:25.165, 1544963068899, vstest.console.dll, DotnetTestHostManager: Starting process 'C:\Users\Lenovo\source\repos\Back-End Technologies Basics - 01.2024\10. Exercises Integration Testing - part 2\TestProject1\bin\Debug\net6.0\fine-code-coverage\build-output\testhost.exe' with command line ' --runtimeconfig "C:\Users\Lenovo\source\repos\Back-End Technologies Basics - 01.2024\10. Exercises Integration Testing - part 2\TestProject1\bin\Debug\net6.0\fine-code-coverage\build-output\MoviesLibraryAPI.IntegrationTests.XUnit.runtimeconfig.json" --depsfile "C:\Users\Lenovo\source\repos\Back-End Technologies Basics - 01.2024\10. Exercises Integration Testing - part 2\TestProject1\bin\Debug\net6.0\fine-code-coverage\build-output\MoviesLibraryAPI.IntegrationTests.XUnit.deps.json" --port 53400 --endpoint 127.0.0.1:053400 --role client --parentprocessid 9320 --diag "C:\Users\Lenovo\source\repos\Back-End Technologies Basics - 01.2024\10. Exercises Integration Testing - part 2\TestProject1\bin\Debug\net6.0\fine-code-coverage\coverage-tool-output\diagnostics.host.24-02-16_12-37-25_16256_5.log" --tracelevel 4 --datacollectionport 53399 --telemetryoptedin false'
TpTrace Verbose: 0 : 9320, 5, 2024/02/16, 12:37:25.219, 1544963608165, vstest.console.dll, MulticastDelegateUtilities.SafeInvoke: HostProviderEvents.OnHostLaunched: Invoking callback 1/2 for Microsoft.VisualStudio.TestPlatform.CrossPlatEngine.Client.ProxyExecutionManagerWithDataCollection., took 1 ms.
TpTrace Verbose: 0 : 9320, 5, 2024/02/16, 12:37:25.220, 1544963617817, vstest.console.dll, Test Runtime launched
TpTrace Verbose: 0 : 9320, 5, 2024/02/16, 12:37:25.220, 1544963619647, vstest.console.dll, MulticastDelegateUtilities.SafeInvoke: HostProviderEvents.OnHostLaunched: Invoking callback 2/2 for Microsoft.VisualStudio.TestPlatform.CrossPlatEngine.Client.ProxyOperationManager., took 0 ms.
TpTrace Verbose: 0 : 9320, 5, 2024/02/16, 12:37:25.221, 1544963622399, vstest.console.dll, TestRequestSender.WaitForRequestHandlerConnection: waiting for connection with timeout: 90000.
TpTrace Verbose: 0 : 9320, 5, 2024/02/16, 12:37:25.631, 1544967724579, vstest.console.dll, TestRequestSender.WaitForRequestHandlerConnection: waiting took 410 ms, with timeout 90000 ms, and result 0, which is success.
TpTrace Verbose: 0 : 9320, 11, 2024/02/16, 12:37:25.631, 1544967728593, vstest.console.dll, MulticastDelegateUtilities.SafeInvoke: SocketServer: ClientConnected: Invoking callback 1/1 for Microsoft.VisualStudio.TestPlatform.CommunicationUtilities.TestRequestSender., took 0 ms.
TpTrace Verbose: 0 : 9320, 11, 2024/02/16, 12:37:25.631, 1544967731010, vstest.console.dll, SocketServer.OnClientConnected: Client connected for endPoint: 127.0.0.1:53400, starting MessageLoopAsync:
TpTrace Verbose: 0 : 9320, 11, 2024/02/16, 12:37:25.632, 1544967739756, vstest.console.dll, TcpClientExtensions.MessageLoopAsync: Polling on remoteEndPoint: 127.0.0.1:53401 localEndPoint: 127.0.0.1:53400 after 0 ms
TpTrace Verbose: 0 : 9320, 5, 2024/02/16, 12:37:25.633, 1544967745211, vstest.console.dll, TestRequestSender.CheckVersionWithTestHost: Sending check version message: {"MessageType":"ProtocolVersion","Payload":7}
TpTrace Verbose: 0 : 9320, 11, 2024/02/16, 12:37:25.949, 1544970902009, vstest.console.dll, TcpClientExtensions.MessageLoopAsync: NotifyDataAvailable remoteEndPoint: 127.0.0.1:53401 localEndPoint: 127.0.0.1:53400
TpTrace Verbose: 0 : 9320, 11, 2024/02/16, 12:37:25.950, 1544970911587, vstest.console.dll, TestRequestSender.CheckVersionWithTestHost: onMessageReceived received message: (ProtocolVersion) -> {"MessageType":"ProtocolVersion","Payload":7}
TpTrace Verbose: 0 : 9320, 11, 2024/02/16, 12:37:25.953, 1544970942765, vstest.console.dll, MulticastDelegateUtilities.SafeInvoke: LengthPrefixCommunicationChannel: MessageReceived: Invoking callback 1/1 for Microsoft.VisualStudio.TestPlatform.CommunicationUtilities.TestRequestSender+<>c__DisplayClass29_0., took 3 ms.
TpTrace Verbose: 0 : 9320, 11, 2024/02/16, 12:37:25.953, 1544970944665, vstest.console.dll, TcpClientExtensions.MessageLoopAsync: Polling on remoteEndPoint: 127.0.0.1:53401 localEndPoint: 127.0.0.1:53400 after 320 ms
TpTrace Verbose: 0 : 9320, 5, 2024/02/16, 12:37:25.953, 1544970944679, vstest.console.dll, TestPluginCache.GetExtensionPaths: Filtered extension paths: 
TpTrace Verbose: 0 : 9320, 5, 2024/02/16, 12:37:25.953, 1544970947160, vstest.console.dll, TestPluginCache.GetExtensionPaths: Added default extension paths: C:\Program Files\dotnet\sdk\8.0.200\Extensions\Microsoft.Diagnostics.NETCore.Client.dll
C:\Program Files\dotnet\sdk\8.0.200\Extensions\Microsoft.TestPlatform.Extensions.BlameDataCollector.dll
C:\Program Files\dotnet\sdk\8.0.200\Extensions\Microsoft.TestPlatform.Extensions.EventLogCollector.dll
C:\Program Files\dotnet\sdk\8.0.200\Extensions\Microsoft.TestPlatform.TestHostRuntimeProvider.dll
C:\Program Files\dotnet\sdk\8.0.200\Extensions\Microsoft.VisualStudio.TestPlatform.Extensions.Html.TestLogger.dll
C:\Program Files\dotnet\sdk\8.0.200\Extensions\Microsoft.VisualStudio.TestPlatform.Extensions.Trx.TestLogger.dll
TpTrace Verbose: 0 : 9320, 5, 2024/02/16, 12:37:25.953, 1544970948234, vstest.console.dll, TestPluginCache.GetExtensionPaths: Added unfilterableExtensionPaths: 
TpTrace Verbose: 0 : 9320, 5, 2024/02/16, 12:37:25.960, 1544971012231, vstest.console.dll, TestRequestSender.InitializeExecution: Sending initialize execution with message: {"Version":7,"MessageType":"TestExecution.Initialize","Payload":["C:\\Users\\Lenovo\\source\\repos\\Back-End Technologies Basics - 01.2024\\10. Exercises Integration Testing - part 2\\TestProject1\\bin\\Debug\\net6.0\\fine-code-coverage\\build-output\\xunit.runner.visualstudio.testadapter.dll"]}
TpTrace Verbose: 0 : 9320, 5, 2024/02/16, 12:37:25.960, 1544971015350, vstest.console.dll, ParallelProxyExecutionManager.StartTestRunOnConcurrentManager: Execution starting. Started clients: 1
TpTrace Verbose: 0 : 9320, 5, 2024/02/16, 12:37:25.960, 1544971020653, vstest.console.dll, TestRunRequest:SendTestRunMessage: Starting.
TpTrace Verbose: 0 : 9320, 5, 2024/02/16, 12:37:25.961, 1544971023677, vstest.console.dll, MulticastDelegateUtilities.SafeInvoke: TestRun.LogMessages: Invoking callback 1/1 for Microsoft.VisualStudio.TestPlatform.CommandLine.TestRunResultAggregator., took 0 ms.
TpTrace Information: 0 : 9320, 5, 2024/02/16, 12:37:25.961, 1544971024718, vstest.console.dll, TestRunRequest:SendTestRunMessage: Completed.
TpTrace Verbose: 0 : 9320, 4, 2024/02/16, 12:37:25.961, 1544971028876, vstest.console.dll, MulticastDelegateUtilities.SafeInvoke: InternalTestLoggerEvents.SendTestRunMessage: Invoking callback 1/1 for Microsoft.VisualStudio.TestPlatform.CommandLine.Internal.ConsoleLogger., took 0 ms.
TpTrace Verbose: 0 : 9320, 11, 2024/02/16, 12:37:25.961, 1544971030080, vstest.console.dll, TcpClientExtensions.MessageLoopAsync: NotifyDataAvailable remoteEndPoint: 127.0.0.1:53401 localEndPoint: 127.0.0.1:53400
TpTrace Warning: 0 : 9320, 5, 2024/02/16, 12:37:25.962, 1544971033695, vstest.console.dll, InferRunSettingsHelper.MakeRunsettingsCompatible: Removing the following settings: TargetPlatform from RunSettings file. To use those settings please move to latest version of Microsoft.NET.Test.Sdk
TpTrace Verbose: 0 : 9320, 11, 2024/02/16, 12:37:25.963, 1544971045769, vstest.console.dll, TestRequestSender.OnExecutionMessageReceived: Received message: {"Version":7,"MessageType":"TestSession.Message","Payload":{"MessageLevel":0,"Message":"Logging TestHost Diagnostics in file: C:\\Users\\Lenovo\\source\\repos\\Back-End Technologies Basics - 01.2024\\10. Exercises Integration Testing - part 2\\TestProject1\\bin\\Debug\\net6.0\\fine-code-coverage\\coverage-tool-output\\diagnostics.host.24-02-16_12-37-25_16256_5.log"}}
TpTrace Verbose: 0 : 9320, 11, 2024/02/16, 12:37:25.968, 1544971095510, vstest.console.dll, TestRunRequest:SendTestRunMessage: Starting.
TpTrace Verbose: 0 : 9320, 11, 2024/02/16, 12:37:25.968, 1544971097552, vstest.console.dll, MulticastDelegateUtilities.SafeInvoke: TestRun.LogMessages: Invoking callback 1/1 for Microsoft.VisualStudio.TestPlatform.CommandLine.TestRunResultAggregator., took 0 ms.
TpTrace Verbose: 0 : 9320, 4, 2024/02/16, 12:37:25.968, 1544971097807, vstest.console.dll, MulticastDelegateUtilities.SafeInvoke: InternalTestLoggerEvents.SendTestRunMessage: Invoking callback 1/1 for Microsoft.VisualStudio.TestPlatform.CommandLine.Internal.ConsoleLogger., took 0 ms.
TpTrace Information: 0 : 9320, 11, 2024/02/16, 12:37:25.968, 1544971098761, vstest.console.dll, TestRunRequest:SendTestRunMessage: Completed.
TpTrace Verbose: 0 : 9320, 11, 2024/02/16, 12:37:25.968, 1544971101219, vstest.console.dll, MulticastDelegateUtilities.SafeInvoke: LengthPrefixCommunicationChannel: MessageReceived: Invoking callback 1/1 for Microsoft.VisualStudio.TestPlatform.CommunicationUtilities.TestRequestSender+<>c__DisplayClass34_0., took 5 ms.
TpTrace Verbose: 0 : 9320, 11, 2024/02/16, 12:37:25.969, 1544971102175, vstest.console.dll, TcpClientExtensions.MessageLoopAsync: Polling on remoteEndPoint: 127.0.0.1:53401 localEndPoint: 127.0.0.1:53400 after 15 ms
TpTrace Verbose: 0 : 9320, 5, 2024/02/16, 12:37:25.975, 1544971165114, vstest.console.dll, TestRequestSender.StartTestRun: Sending test run with message: {"Version":7,"MessageType":"TestExecution.StartWithSources","Payload":{"AdapterSourceMap":{"_none_":["C:\\Users\\Lenovo\\source\\repos\\Back-End Technologies Basics - 01.2024\\10. Exercises Integration Testing - part 2\\TestProject1\\bin\\Debug\\net6.0\\fine-code-coverage\\build-output\\MoviesLibraryAPI.IntegrationTests.XUnit.dll"]},"RunSettings":"<RunSettings>\r\n  <RunConfiguration>\r\n    <ResultsDirectory>C:\\Users\\Lenovo\\source\\repos\\Back-End Technologies Basics - 01.2024\\10. Exercises Integration Testing - part 2\\TestProject1\\bin\\Debug\\net6.0\\fine-code-coverage\\coverage-tool-output</ResultsDirectory>\r\n    <TargetFrameworkVersion>.NETCoreApp,Version=v6.0</TargetFrameworkVersion>\r\n    <DesignMode>False</DesignMode>\r\n    <CollectSourceInformation>False</CollectSourceInformation>\r\n  </RunConfiguration>\r\n  <LoggerRunSettings>\r\n    <Loggers>\r\n      <Logger friendlyName=\"blame\" enabled=\"True\" />\r\n      <Logger friendlyName=\"Console\" uri=\"logger://microsoft/TestPlatform/ConsoleLogger/v1\" assemblyQualifiedName=\"Microsoft.VisualStudio.TestPlatform.CommandLine.Internal.ConsoleLogger, vstest.console, Version=15.0.0.0, Culture=neutral, PublicKeyToken=b03f5f7f11d50a3a\" codeBase=\"C:\\Program Files\\dotnet\\sdk\\8.0.200\\vstest.console.dll\" enabled=\"True\" />\r\n    </Loggers>\r\n  </LoggerRunSettings>\r\n  <DataCollectionRunSettings>\r\n    <DataCollectors>\r\n      <DataCollector friendlyName=\"blame\" enabled=\"True\">\r\n        <Configuration>\r\n          <ResultsDirectory>C:\\Users\\Lenovo\\source\\repos\\Back-End Technologies Basics - 01.2024\\10. Exercises Integration Testing - part 2\\TestProject1\\bin\\Debug\\net6.0\\fine-code-coverage\\coverage-tool-output</ResultsDirectory>\r\n        </Configuration>\r\n      </DataCollector>\r\n    </DataCollectors>\r\n  </DataCollectionRunSettings>\r\n</RunSettings>","TestExecutionContext":{"FrequencyOfRunStatsChangeEvent":10,"RunStatsChangeEventTimeout":"00:00:01.5000000","InIsolation":false,"KeepAlive":false,"AreTestCaseLevelEventsRequired":false,"IsDebug":false,"TestCaseFilter":null,"FilterOptions":null},"Package":null}}
TpTrace Verbose: 0 : 9320, 5, 2024/02/16, 12:37:25.975, 1544971167451, vstest.console.dll, ParallelProxyExecutionManager.StartTestRunOnConcurrentManager: Execution started. Started clients: 1
TpTrace Verbose: 0 : 9320, 11, 2024/02/16, 12:37:26.350, 1544974914819, vstest.console.dll, TcpClientExtensions.MessageLoopAsync: NotifyDataAvailable remoteEndPoint: 127.0.0.1:53401 localEndPoint: 127.0.0.1:53400
TpTrace Verbose: 0 : 9320, 11, 2024/02/16, 12:37:26.350, 1544974917547, vstest.console.dll, TestRequestSender.OnExecutionMessageReceived: Received message: {"Version":7,"MessageType":"TestSession.Message","Payload":{"MessageLevel":0,"Message":"[xUnit.net 00:00:00.01] xUnit.net VSTest Adapter v2.5.6+bf9b858c26 (64-bit .NET 6.0.27)"}}
TpTrace Verbose: 0 : 9320, 11, 2024/02/16, 12:37:26.350, 1544974920778, vstest.console.dll, TestRunRequest:SendTestRunMessage: Starting.
TpTrace Verbose: 0 : 9320, 11, 2024/02/16, 12:37:26.351, 1544974922170, vstest.console.dll, MulticastDelegateUtilities.SafeInvoke: TestRun.LogMessages: Invoking callback 1/1 for Microsoft.VisualStudio.TestPlatform.CommandLine.TestRunResultAggregator., took 0 ms.
TpTrace Information: 0 : 9320, 11, 2024/02/16, 12:37:26.351, 1544974922970, vstest.console.dll, TestRunRequest:SendTestRunMessage: Completed.
TpTrace Verbose: 0 : 9320, 4, 2024/02/16, 12:37:26.351, 1544974923060, vstest.console.dll, MulticastDelegateUtilities.SafeInvoke: InternalTestLoggerEvents.SendTestRunMessage: Invoking callback 1/1 for Microsoft.VisualStudio.TestPlatform.CommandLine.Internal.ConsoleLogger., took 0 ms.
TpTrace Verbose: 0 : 9320, 11, 2024/02/16, 12:37:26.351, 1544974923776, vstest.console.dll, MulticastDelegateUtilities.SafeInvoke: LengthPrefixCommunicationChannel: MessageReceived: Invoking callback 1/1 for Microsoft.VisualStudio.TestPlatform.CommunicationUtilities.TestRequestSender+<>c__DisplayClass34_0., took 0 ms.
TpTrace Verbose: 0 : 9320, 11, 2024/02/16, 12:37:26.351, 1544974926434, vstest.console.dll, TcpClientExtensions.MessageLoopAsync: Polling on remoteEndPoint: 127.0.0.1:53401 localEndPoint: 127.0.0.1:53400 after 382 ms
TpTrace Verbose: 0 : 9320, 11, 2024/02/16, 12:37:26.560, 1544977018716, vstest.console.dll, TcpClientExtensions.MessageLoopAsync: NotifyDataAvailable remoteEndPoint: 127.0.0.1:53401 localEndPoint: 127.0.0.1:53400
TpTrace Verbose: 0 : 9320, 11, 2024/02/16, 12:37:26.561, 1544977021546, vstest.console.dll, TestRequestSender.OnExecutionMessageReceived: Received message: {"Version":7,"MessageType":"TestSession.Message","Payload":{"MessageLevel":0,"Message":"[xUnit.net 00:00:00.22]   Discovering: MoviesLibraryAPI.IntegrationTests.XUnit"}}
TpTrace Verbose: 0 : 9320, 11, 2024/02/16, 12:37:26.561, 1544977023989, vstest.console.dll, TestRunRequest:SendTestRunMessage: Starting.
TpTrace Verbose: 0 : 9320, 11, 2024/02/16, 12:37:26.561, 1544977025351, vstest.console.dll, MulticastDelegateUtilities.SafeInvoke: TestRun.LogMessages: Invoking callback 1/1 for Microsoft.VisualStudio.TestPlatform.CommandLine.TestRunResultAggregator., took 0 ms.
TpTrace Verbose: 0 : 9320, 4, 2024/02/16, 12:37:26.561, 1544977026090, vstest.console.dll, MulticastDelegateUtilities.SafeInvoke: InternalTestLoggerEvents.SendTestRunMessage: Invoking callback 1/1 for Microsoft.VisualStudio.TestPlatform.CommandLine.Internal.ConsoleLogger., took 0 ms.
TpTrace Information: 0 : 9320, 11, 2024/02/16, 12:37:26.561, 1544977026240, vstest.console.dll, TestRunRequest:SendTestRunMessage: Completed.
TpTrace Verbose: 0 : 9320, 11, 2024/02/16, 12:37:26.561, 1544977029361, vstest.console.dll, MulticastDelegateUtilities.SafeInvoke: LengthPrefixCommunicationChannel: MessageReceived: Invoking callback 1/1 for Microsoft.VisualStudio.TestPlatform.CommunicationUtilities.TestRequestSender+<>c__DisplayClass34_0., took 0 ms.
TpTrace Verbose: 0 : 9320, 11, 2024/02/16, 12:37:26.561, 1544977030534, vstest.console.dll, TcpClientExtensions.MessageLoopAsync: Polling on remoteEndPoint: 127.0.0.1:53401 localEndPoint: 127.0.0.1:53400 after 210 ms
TpTrace Verbose: 0 : 9320, 11, 2024/02/16, 12:37:26.655, 1544977964131, vstest.console.dll, TcpClientExtensions.MessageLoopAsync: NotifyDataAvailable remoteEndPoint: 127.0.0.1:53401 localEndPoint: 127.0.0.1:53400
TpTrace Verbose: 0 : 9320, 11, 2024/02/16, 12:37:26.655, 1544977966400, vstest.console.dll, TestRequestSender.OnExecutionMessageReceived: Received message: {"Version":7,"MessageType":"TestSession.Message","Payload":{"MessageLevel":0,"Message":"[xUnit.net 00:00:00.31]   Discovered:  MoviesLibraryAPI.IntegrationTests.XUnit"}}
TpTrace Verbose: 0 : 9320, 11, 2024/02/16, 12:37:26.655, 1544977969185, vstest.console.dll, TestRunRequest:SendTestRunMessage: Starting.
TpTrace Verbose: 0 : 9320, 11, 2024/02/16, 12:37:26.655, 1544977970585, vstest.console.dll, MulticastDelegateUtilities.SafeInvoke: TestRun.LogMessages: Invoking callback 1/1 for Microsoft.VisualStudio.TestPlatform.CommandLine.TestRunResultAggregator., took 0 ms.
TpTrace Verbose: 0 : 9320, 4, 2024/02/16, 12:37:26.655, 1544977971186, vstest.console.dll, MulticastDelegateUtilities.SafeInvoke: InternalTestLoggerEvents.SendTestRunMessage: Invoking callback 1/1 for Microsoft.VisualStudio.TestPlatform.CommandLine.Internal.ConsoleLogger., took 0 ms.
TpTrace Information: 0 : 9320, 11, 2024/02/16, 12:37:26.656, 1544977971373, vstest.console.dll, TestRunRequest:SendTestRunMessage: Completed.
TpTrace Verbose: 0 : 9320, 11, 2024/02/16, 12:37:26.656, 1544977973583, vstest.console.dll, MulticastDelegateUtilities.SafeInvoke: LengthPrefixCommunicationChannel: MessageReceived: Invoking callback 1/1 for Microsoft.VisualStudio.TestPlatform.CommunicationUtilities.TestRequestSender+<>c__DisplayClass34_0., took 0 ms.
TpTrace Verbose: 0 : 9320, 11, 2024/02/16, 12:37:26.656, 1544977974384, vstest.console.dll, TcpClientExtensions.MessageLoopAsync: Polling on remoteEndPoint: 127.0.0.1:53401 localEndPoint: 127.0.0.1:53400 after 94 ms
TpTrace Verbose: 0 : 9320, 11, 2024/02/16, 12:37:26.660, 1544978021130, vstest.console.dll, TcpClientExtensions.MessageLoopAsync: NotifyDataAvailable remoteEndPoint: 127.0.0.1:53401 localEndPoint: 127.0.0.1:53400
TpTrace Verbose: 0 : 9320, 11, 2024/02/16, 12:37:26.661, 1544978023183, vstest.console.dll, TestRequestSender.OnExecutionMessageReceived: Received message: {"Version":7,"MessageType":"TestSession.Message","Payload":{"MessageLevel":0,"Message":"[xUnit.net 00:00:00.32]   Starting:    MoviesLibraryAPI.IntegrationTests.XUnit"}}
TpTrace Verbose: 0 : 9320, 11, 2024/02/16, 12:37:26.661, 1544978025123, vstest.console.dll, TestRunRequest:SendTestRunMessage: Starting.
TpTrace Verbose: 0 : 9320, 11, 2024/02/16, 12:37:26.661, 1544978026342, vstest.console.dll, MulticastDelegateUtilities.SafeInvoke: TestRun.LogMessages: Invoking callback 1/1 for Microsoft.VisualStudio.TestPlatform.CommandLine.TestRunResultAggregator., took 0 ms.
TpTrace Verbose: 0 : 9320, 4, 2024/02/16, 12:37:26.661, 1544978027058, vstest.console.dll, MulticastDelegateUtilities.SafeInvoke: InternalTestLoggerEvents.SendTestRunMessage: Invoking callback 1/1 for Microsoft.VisualStudio.TestPlatform.CommandLine.Internal.ConsoleLogger., took 0 ms.
TpTrace Information: 0 : 9320, 11, 2024/02/16, 12:37:26.661, 1544978027267, vstest.console.dll, TestRunRequest:SendTestRunMessage: Completed.
TpTrace Verbose: 0 : 9320, 11, 2024/02/16, 12:37:26.661, 1544978029880, vstest.console.dll, MulticastDelegateUtilities.SafeInvoke: LengthPrefixCommunicationChannel: MessageReceived: Invoking callback 1/1 for Microsoft.VisualStudio.TestPlatform.CommunicationUtilities.TestRequestSender+<>c__DisplayClass34_0., took 0 ms.
TpTrace Verbose: 0 : 9320, 11, 2024/02/16, 12:37:26.661, 1544978030796, vstest.console.dll, TcpClientExtensions.MessageLoopAsync: Polling on remoteEndPoint: 127.0.0.1:53401 localEndPoint: 127.0.0.1:53400 after 5 ms
TpTrace Verbose: 0 : 9320, 11, 2024/02/16, 12:37:27.668, 1544988098097, vstest.console.dll, TcpClientExtensions.MessageLoopAsync: Polling on remoteEndPoint: 127.0.0.1:53401 localEndPoint: 127.0.0.1:53400 after 1006 ms
TpTrace Verbose: 0 : 9320, 11, 2024/02/16, 12:37:28.669, 1544998107315, vstest.console.dll, TcpClientExtensions.MessageLoopAsync: Polling on remoteEndPoint: 127.0.0.1:53401 localEndPoint: 127.0.0.1:53400 after 1000 ms
TpTrace Verbose: 0 : 9320, 11, 2024/02/16, 12:37:29.241, 1545003821352, vstest.console.dll, TcpClientExtensions.MessageLoopAsync: NotifyDataAvailable remoteEndPoint: 127.0.0.1:53401 localEndPoint: 127.0.0.1:53400
TpTrace Verbose: 0 : 9320, 11, 2024/02/16, 12:37:29.241, 1545003824451, vstest.console.dll, TestRequestSender.OnExecutionMessageReceived: Received message: {"Version":7,"MessageType":"TestExecution.StatsChange","Payload":{"NewTestResults":[],"TestRunStatistics":{"ExecutedTests":0,"Stats":{}},"ActiveTests":[{"Id":"263e1a1e-8f7c-58ac-4d53-b5c5b1db53ba","FullyQualifiedName":"MoviesLibraryAPI.XUnitTests.XUnitIntegrationTests.SearchByTitleFragmentAsync_WhenNoMatchingTitleFragment_ShouldThrowKeyNotFoundException","DisplayName":"MoviesLibraryAPI.XUnitTests.XUnitIntegrationTests.SearchByTitleFragmentAsync_WhenNoMatchingTitleFragment_ShouldThrowKeyNotFoundException","ExecutorUri":"executor://xunit/VsTestRunner2/netcoreapp","Source":"C:\\Users\\Lenovo\\source\\repos\\Back-End Technologies Basics - 01.2024\\10. Exercises Integration Testing - part 2\\TestProject1\\bin\\Debug\\net6.0\\fine-code-coverage\\build-output\\MoviesLibraryAPI.IntegrationTests.XUnit.dll","CodeFilePath":null,"LineNumber":0,"Properties":[]}]}}
TpTrace Verbose: 0 : 9320, 11, 2024/02/16, 12:37:29.265, 1545004063470, vstest.console.dll, TestRunRequest:SendTestRunStatsChange: Starting.
TpTrace Verbose: 0 : 9320, 11, 2024/02/16, 12:37:29.265, 1545004065776, vstest.console.dll, InProgress is MoviesLibraryAPI.XUnitTests.XUnitIntegrationTests.SearchByTitleFragmentAsync_WhenNoMatchingTitleFragment_ShouldThrowKeyNotFoundException
TpTrace Verbose: 0 : 9320, 11, 2024/02/16, 12:37:29.265, 1545004067674, vstest.console.dll, MulticastDelegateUtilities.SafeInvoke: TestRun.RunStatsChanged: Invoking callbacks was skipped because there are no subscribers.
TpTrace Information: 0 : 9320, 11, 2024/02/16, 12:37:29.265, 1545004068422, vstest.console.dll, TestRunRequest:SendTestRunStatsChange: Completed.
TpTrace Verbose: 0 : 9320, 11, 2024/02/16, 12:37:29.265, 1545004069058, vstest.console.dll, MulticastDelegateUtilities.SafeInvoke: LengthPrefixCommunicationChannel: MessageReceived: Invoking callback 1/1 for Microsoft.VisualStudio.TestPlatform.CommunicationUtilities.TestRequestSender+<>c__DisplayClass34_0., took 24 ms.
TpTrace Verbose: 0 : 9320, 11, 2024/02/16, 12:37:29.265, 1545004069701, vstest.console.dll, TcpClientExtensions.MessageLoopAsync: Polling on remoteEndPoint: 127.0.0.1:53401 localEndPoint: 127.0.0.1:53400 after 596 ms
TpTrace Verbose: 0 : 9320, 11, 2024/02/16, 12:37:30.184, 1545013259064, vstest.console.dll, TcpClientExtensions.MessageLoopAsync: NotifyDataAvailable remoteEndPoint: 127.0.0.1:53401 localEndPoint: 127.0.0.1:53400
TpTrace Verbose: 0 : 9320, 11, 2024/02/16, 12:37:30.185, 1545013264541, vstest.console.dll, TestRequestSender.OnExecutionMessageReceived: Received message: {"Version":7,"MessageType":"TestExecution.StatsChange","Payload":{"NewTestResults":[{"TestCase":{"Id":"263e1a1e-8f7c-58ac-4d53-b5c5b1db53ba","FullyQualifiedName":"MoviesLibraryAPI.XUnitTests.XUnitIntegrationTests.SearchByTitleFragmentAsync_WhenNoMatchingTitleFragment_ShouldThrowKeyNotFoundException","DisplayName":"MoviesLibraryAPI.XUnitTests.XUnitIntegrationTests.SearchByTitleFragmentAsync_WhenNoMatchingTitleFragment_ShouldThrowKeyNotFoundException","ExecutorUri":"executor://xunit/VsTestRunner2/netcoreapp","Source":"C:\\Users\\Lenovo\\source\\repos\\Back-End Technologies Basics - 01.2024\\10. Exercises Integration Testing - part 2\\TestProject1\\bin\\Debug\\net6.0\\fine-code-coverage\\build-output\\MoviesLibraryAPI.IntegrationTests.XUnit.dll","CodeFilePath":null,"LineNumber":0,"Properties":[]},"Attachments":[],"Outcome":1,"ErrorMessage":null,"ErrorStackTrace":null,"DisplayName":"MoviesLibraryAPI.XUnitTests.XUnitIntegrationTests.SearchByTitleFragmentAsync_WhenNoMatchingTitleFragment_ShouldThrowKeyNotFoundException","Messages":[],"ComputerName":"DESKTOP-23QTAUK","Duration":"00:00:00.4433667","StartTime":"2024-02-16T10:37:29.6809712+00:00","EndTime":"2024-02-16T10:37:29.6810285+00:00","Properties":[]},{"TestCase":{"Id":"0678895f-3586-c00a-adf0-6aed85b24f34","FullyQualifiedName":"MoviesLibraryAPI.XUnitTests.XUnitIntegrationTests.UpdateAsync_WhenValidMovieProvided_ShouldUpdateMovie","DisplayName":"MoviesLibraryAPI.XUnitTests.XUnitIntegrationTests.UpdateAsync_WhenValidMovieProvided_ShouldUpdateMovie","ExecutorUri":"executor://xunit/VsTestRunner2/netcoreapp","Source":"C:\\Users\\Lenovo\\source\\repos\\Back-End Technologies Basics - 01.2024\\10. Exercises Integration Testing - part 2\\TestProject1\\bin\\Debug\\net6.0\\fine-code-coverage\\build-output\\MoviesLibraryAPI.IntegrationTests.XUnit.dll","CodeFilePath":null,"LineNumber":0,"Properties":[]},"Attachments":[],"Outcome":1,"ErrorMessage":null,"ErrorStackTrace":null,"DisplayName":"MoviesLibraryAPI.XUnitTests.XUnitIntegrationTests.UpdateAsync_WhenValidMovieProvided_ShouldUpdateMovie","Messages":[],"ComputerName":"DESKTOP-23QTAUK","Duration":"00:00:00.2589076","StartTime":"2024-02-16T10:37:29.9456759+00:00","EndTime":"2024-02-16T10:37:29.945676+00:00","Properties":[]},{"TestCase":{"Id":"f4d17f3e-d907-ba2c-da99-be46ca259449","FullyQualifiedName":"MoviesLibraryAPI.XUnitTests.XUnitIntegrationTests.AddMovieAsync_WhenInvalidMovieProvided_ShouldThrowValidationException","DisplayName":"MoviesLibraryAPI.XUnitTests.XUnitIntegrationTests.AddMovieAsync_WhenInvalidMovieProvided_ShouldThrowValidationException","ExecutorUri":"executor://xunit/VsTestRunner2/netcoreapp","Source":"C:\\Users\\Lenovo\\source\\repos\\Back-End Technologies Basics - 01.2024\\10. Exercises Integration Testing - part 2\\TestProject1\\bin\\Debug\\net6.0\\fine-code-coverage\\build-output\\MoviesLibraryAPI.IntegrationTests.XUnit.dll","CodeFilePath":null,"LineNumber":0,"Properties":[]},"Attachments":[],"Outcome":1,"ErrorMessage":null,"ErrorStackTrace":null,"DisplayName":"MoviesLibraryAPI.XUnitTests.XUnitIntegrationTests.AddMovieAsync_WhenInvalidMovieProvided_ShouldThrowValidationException","Messages":[],"ComputerName":"DESKTOP-23QTAUK","Duration":"00:00:00.0115269","StartTime":"2024-02-16T10:37:29.9608399+00:00","EndTime":"2024-02-16T10:37:29.9608401+00:00","Properties":[]},{"TestCase":{"Id":"9633e961-7438-4370-5e90-a6f0bf96dc83","FullyQualifiedName":"MoviesLibraryAPI.XUnitTests.XUnitIntegrationTests.DeleteAsync_WhenTitleIsEmpty_ShouldThrowArgumentException","DisplayName":"MoviesLibraryAPI.XUnitTests.XUnitIntegrationTests.DeleteAsync_WhenTitleIsEmpty_ShouldThrowArgumentException","ExecutorUri":"executor://xunit/VsTestRunner2/netcoreapp","Source":"C:\\Users\\Lenovo\\source\\repos\\Back-End Technologies Basics - 01.2024\\10. Exercises Integration Testing - part 2\\TestProject1\\bin\\Debug\\net6.0\\fine-code-coverage\\build-output\\MoviesLibraryAPI.IntegrationTests.XUnit.dll","CodeFilePath":null,"LineNumber":0,"Properties":[]},"Attachments":[],"Outcome":1,"ErrorMessage":null,"ErrorStackTrace":null,"DisplayName":"MoviesLibraryAPI.XUnitTests.XUnitIntegrationTests.DeleteAsync_WhenTitleIsEmpty_ShouldThrowArgumentException","Messages":[],"ComputerName":"DESKTOP-23QTAUK","Duration":"00:00:00.0244235","StartTime":"2024-02-16T10:37:29.9854777+00:00","EndTime":"2024-02-16T10:37:29.9854779+00:00","Properties":[]},{"TestCase":{"Id":"935a9dca-a9a0-1adf-b236-f451d8352956","FullyQualifiedName":"MoviesLibraryAPI.XUnitTests.XUnitIntegrationTests.GetAllAsync_WhenNoMoviesExist_ShouldReturnEmptyList","DisplayName":"MoviesLibraryAPI.XUnitTests.XUnitIntegrationTests.GetAllAsync_WhenNoMoviesExist_ShouldReturnEmptyList","ExecutorUri":"executor://xunit/VsTestRunner2/netcoreapp","Source":"C:\\Users\\Lenovo\\source\\repos\\Back-End Technologies Basics - 01.2024\\10. Exercises Integration Testing - part 2\\TestProject1\\bin\\Debug\\net6.0\\fine-code-coverage\\build-output\\MoviesLibraryAPI.IntegrationTests.XUnit.dll","CodeFilePath":null,"LineNumber":0,"Properties":[]},"Attachments":[],"Outcome":1,"ErrorMessage":null,"ErrorStackTrace":null,"DisplayName":"MoviesLibraryAPI.XUnitTests.XUnitIntegrationTests.GetAllAsync_WhenNoMoviesExist_ShouldReturnEmptyList","Messages":[],"ComputerName":"DESKTOP-23QTAUK","Duration":"00:00:00.0213314","StartTime":"2024-02-16T10:37:30.0077791+00:00","EndTime":"2024-02-16T10:37:30.0077794+00:00","Properties":[]},{"TestCase":{"Id":"54733244-37d7-b895-7448-406d86348043","FullyQualifiedName":"MoviesLibraryAPI.XUnitTests.XUnitIntegrationTests.DeleteAsync_WhenTitleIsNull_ShouldThrowArgumentException","DisplayName":"MoviesLibraryAPI.XUnitTests.XUnitIntegrationTests.DeleteAsync_WhenTitleIsNull_ShouldThrowArgumentException","ExecutorUri":"executor://xunit/VsTestRunner2/netcoreapp","Source":"C:\\Users\\Lenovo\\source\\repos\\Back-End Technologies Basics - 01.2024\\10. Exercises Integration Testing - part 2\\TestProject1\\bin\\Debug\\net6.0\\fine-code-coverage\\build-output\\MoviesLibraryAPI.IntegrationTests.XUnit.dll","CodeFilePath":null,"LineNumber":0,"Properties":[]},"Attachments":[],"Outcome":1,"ErrorMessage":null,"ErrorStackTrace":null,"DisplayName":"MoviesLibraryAPI.XUnitTests.XUnitIntegrationTests.DeleteAsync_WhenTitleIsNull_ShouldThrowArgumentException","Messages":[],"ComputerName":"DESKTOP-23QTAUK","Duration":"00:00:00.0024306","StartTime":"2024-02-16T10:37:30.0128158+00:00","EndTime":"2024-02-16T10:37:30.012816+00:00","Properties":[]},{"TestCase":{"Id":"16a37b06-24ef-8d6c-d652-140219d458be","FullyQualifiedName":"MoviesLibraryAPI.XUnitTests.XUnitIntegrationTests.AddMovieAsync_WhenValidMovieProvided_ShouldAddToDatabase","DisplayName":"MoviesLibraryAPI.XUnitTests.XUnitIntegrationTests.AddMovieAsync_WhenValidMovieProvided_ShouldAddToDatabase","ExecutorUri":"executor://xunit/VsTestRunner2/netcoreapp","Source":"C:\\Users\\Lenovo\\source\\repos\\Back-End Technologies Basics - 01.2024\\10. Exercises Integration Testing - part 2\\TestProject1\\bin\\Debug\\net6.0\\fine-code-coverage\\build-output\\MoviesLibraryAPI.IntegrationTests.XUnit.dll","CodeFilePath":null,"LineNumber":0,"Properties":[]},"Attachments":[],"Outcome":1,"ErrorMessage":null,"ErrorStackTrace":null,"DisplayName":"MoviesLibraryAPI.XUnitTests.XUnitIntegrationTests.AddMovieAsync_WhenValidMovieProvided_ShouldAddToDatabase","Messages":[],"ComputerName":"DESKTOP-23QTAUK","Duration":"00:00:00.0507212","StartTime":"2024-02-16T10:37:30.0613274+00:00","EndTime":"2024-02-16T10:37:30.0613277+00:00","Properties":[]},{"TestCase":{"Id":"df93a1d0-918f-22aa-8b2e-f6ff24e62b8a","FullyQualifiedName":"MoviesLibraryAPI.XUnitTests.XUnitIntegrationTests.GetByTitle_WhenTitleExists_ShouldReturnMatchingMovie","DisplayName":"MoviesLibraryAPI.XUnitTests.XUnitIntegrationTests.GetByTitle_WhenTitleExists_ShouldReturnMatchingMovie","ExecutorUri":"executor://xunit/VsTestRunner2/netcoreapp","Source":"C:\\Users\\Lenovo\\source\\repos\\Back-End Technologies Basics - 01.2024\\10. Exercises Integration Testing - part 2\\TestProject1\\bin\\Debug\\net6.0\\fine-code-coverage\\build-output\\MoviesLibraryAPI.IntegrationTests.XUnit.dll","CodeFilePath":null,"LineNumber":0,"Properties":[]},"Attachments":[],"Outcome":1,"ErrorMessage":null,"ErrorStackTrace":null,"DisplayName":"MoviesLibraryAPI.XUnitTests.XUnitIntegrationTests.GetByTitle_WhenTitleExists_ShouldReturnMatchingMovie","Messages":[],"ComputerName":"DESKTOP-23QTAUK","Duration":"00:00:00.0323986","StartTime":"2024-02-16T10:37:30.0939555+00:00","EndTime":"2024-02-16T10:37:30.0939557+00:00","Properties":[]},{"TestCase":{"Id":"10e979a5-7f1f-8479-5cb7-a06caf99dcbd","FullyQualifiedName":"MoviesLibraryAPI.XUnitTests.XUnitIntegrationTests.SearchByTitleFragmentAsync_WhenTitleFragmentExists_ShouldReturnMatchingMovies","DisplayName":"MoviesLibraryAPI.XUnitTests.XUnitIntegrationTests.SearchByTitleFragmentAsync_WhenTitleFragmentExists_ShouldReturnMatchingMovies","ExecutorUri":"executor://xunit/VsTestRunner2/netcoreapp","Source":"C:\\Users\\Lenovo\\source\\repos\\Back-End Technologies Basics - 01.2024\\10. Exercises Integration Testing - part 2\\TestProject1\\bin\\Debug\\net6.0\\fine-code-coverage\\build-output\\MoviesLibraryAPI.IntegrationTests.XUnit.dll","CodeFilePath":null,"LineNumber":0,"Properties":[]},"Attachments":[],"Outcome":1,"ErrorMessage":null,"ErrorStackTrace":null,"DisplayName":"MoviesLibraryAPI.XUnitTests.XUnitIntegrationTests.SearchByTitleFragmentAsync_WhenTitleFragmentExists_ShouldReturnMatchingMovies","Messages":[],"ComputerName":"DESKTOP-23QTAUK","Duration":"00:00:00.0693544","StartTime":"2024-02-16T10:37:30.1635764+00:00","EndTime":"2024-02-16T10:37:30.1635765+00:00","Properties":[]}],"TestRunStatistics":{"ExecutedTests":9,"Stats":{"Passed":9}},"ActiveTests":[{"Id":"e3c4622a-f484-6c8b-2ab3-ddb936fad861","FullyQualifiedName":"MoviesLibraryAPI.XUnitTests.XUnitIntegrationTests.GetByTitle_WhenTitleDoesNotExist_ShouldReturnNull","DisplayName":"MoviesLibraryAPI.XUnitTests.XUnitIntegrationTests.GetByTitle_WhenTitleDoesNotExist_ShouldReturnNull","ExecutorUri":"executor://xunit/VsTestRunner2/netcoreapp","Source":"C:\\Users\\Lenovo\\source\\repos\\Back-End Technologies Basics - 01.2024\\10. Exercises Integration Testing - part 2\\TestProject1\\bin\\Debug\\net6.0\\fine-code-coverage\\build-output\\MoviesLibraryAPI.IntegrationTests.XUnit.dll","CodeFilePath":null,"LineNumber":0,"Properties":[]}]}}
TpTrace Verbose: 0 : 9320, 11, 2024/02/16, 12:37:30.202, 1545013431588, vstest.console.dll, TestRunRequest:SendTestRunStatsChange: Starting.
TpTrace Verbose: 0 : 9320, 11, 2024/02/16, 12:37:30.202, 1545013432851, vstest.console.dll, InProgress is MoviesLibraryAPI.XUnitTests.XUnitIntegrationTests.GetByTitle_WhenTitleDoesNotExist_ShouldReturnNull
TpTrace Verbose: 0 : 9320, 11, 2024/02/16, 12:37:30.202, 1545013436749, vstest.console.dll, MulticastDelegateUtilities.SafeInvoke: TestRun.RunStatsChanged: Invoking callbacks was skipped because there are no subscribers.
TpTrace Information: 0 : 9320, 11, 2024/02/16, 12:37:30.202, 1545013438581, vstest.console.dll, TestRunRequest:SendTestRunStatsChange: Completed.
TpTrace Verbose: 0 : 9320, 11, 2024/02/16, 12:37:30.202, 1545013439453, vstest.console.dll, MulticastDelegateUtilities.SafeInvoke: LengthPrefixCommunicationChannel: MessageReceived: Invoking callback 1/1 for Microsoft.VisualStudio.TestPlatform.CommunicationUtilities.TestRequestSender+<>c__DisplayClass34_0., took 17 ms.
TpTrace Verbose: 0 : 9320, 11, 2024/02/16, 12:37:30.202, 1545013440124, vstest.console.dll, TcpClientExtensions.MessageLoopAsync: Polling on remoteEndPoint: 127.0.0.1:53401 localEndPoint: 127.0.0.1:53400 after 936 ms
TpTrace Verbose: 0 : 9320, 4, 2024/02/16, 12:37:30.208, 1545013497418, vstest.console.dll, MulticastDelegateUtilities.SafeInvoke: InternalTestLoggerEvents.SendTestResult: Invoking callback 1/1 for Microsoft.VisualStudio.TestPlatform.CommandLine.Internal.ConsoleLogger., took 6 ms.
TpTrace Verbose: 0 : 9320, 4, 2024/02/16, 12:37:30.209, 1545013503825, vstest.console.dll, MulticastDelegateUtilities.SafeInvoke: InternalTestLoggerEvents.SendTestResult: Invoking callback 1/1 for Microsoft.VisualStudio.TestPlatform.CommandLine.Internal.ConsoleLogger., took 0 ms.
TpTrace Verbose: 0 : 9320, 4, 2024/02/16, 12:37:30.209, 1545013509706, vstest.console.dll, MulticastDelegateUtilities.SafeInvoke: InternalTestLoggerEvents.SendTestResult: Invoking callback 1/1 for Microsoft.VisualStudio.TestPlatform.CommandLine.Internal.ConsoleLogger., took 0 ms.
TpTrace Verbose: 0 : 9320, 4, 2024/02/16, 12:37:30.210, 1545013511684, vstest.console.dll, MulticastDelegateUtilities.SafeInvoke: InternalTestLoggerEvents.SendTestResult: Invoking callback 1/1 for Microsoft.VisualStudio.TestPlatform.CommandLine.Internal.ConsoleLogger., took 0 ms.
TpTrace Verbose: 0 : 9320, 4, 2024/02/16, 12:37:30.210, 1545013513116, vstest.console.dll, MulticastDelegateUtilities.SafeInvoke: InternalTestLoggerEvents.SendTestResult: Invoking callback 1/1 for Microsoft.VisualStudio.TestPlatform.CommandLine.Internal.ConsoleLogger., took 0 ms.
TpTrace Verbose: 0 : 9320, 4, 2024/02/16, 12:37:30.210, 1545013514057, vstest.console.dll, MulticastDelegateUtilities.SafeInvoke: InternalTestLoggerEvents.SendTestResult: Invoking callback 1/1 for Microsoft.VisualStudio.TestPlatform.CommandLine.Internal.ConsoleLogger., took 0 ms.
TpTrace Verbose: 0 : 9320, 4, 2024/02/16, 12:37:30.210, 1545013514978, vstest.console.dll, MulticastDelegateUtilities.SafeInvoke: InternalTestLoggerEvents.SendTestResult: Invoking callback 1/1 for Microsoft.VisualStudio.TestPlatform.CommandLine.Internal.ConsoleLogger., took 0 ms.
TpTrace Verbose: 0 : 9320, 4, 2024/02/16, 12:37:30.210, 1545013516025, vstest.console.dll, MulticastDelegateUtilities.SafeInvoke: InternalTestLoggerEvents.SendTestResult: Invoking callback 1/1 for Microsoft.VisualStudio.TestPlatform.CommandLine.Internal.ConsoleLogger., took 0 ms.
TpTrace Verbose: 0 : 9320, 4, 2024/02/16, 12:37:30.210, 1545013517030, vstest.console.dll, MulticastDelegateUtilities.SafeInvoke: InternalTestLoggerEvents.SendTestResult: Invoking callback 1/1 for Microsoft.VisualStudio.TestPlatform.CommandLine.Internal.ConsoleLogger., took 0 ms.
TpTrace Verbose: 0 : 9320, 11, 2024/02/16, 12:37:30.527, 1545016685586, vstest.console.dll, TcpClientExtensions.MessageLoopAsync: NotifyDataAvailable remoteEndPoint: 127.0.0.1:53401 localEndPoint: 127.0.0.1:53400
TpTrace Verbose: 0 : 9320, 11, 2024/02/16, 12:37:30.527, 1545016688200, vstest.console.dll, TestRequestSender.OnExecutionMessageReceived: Received message: {"Version":7,"MessageType":"TestSession.Message","Payload":{"MessageLevel":0,"Message":"[xUnit.net 00:00:04.18]   Finished:    MoviesLibraryAPI.IntegrationTests.XUnit"}}
TpTrace Verbose: 0 : 9320, 11, 2024/02/16, 12:37:30.527, 1545016690412, vstest.console.dll, TestRunRequest:SendTestRunMessage: Starting.
TpTrace Verbose: 0 : 9320, 11, 2024/02/16, 12:37:30.528, 1545016691530, vstest.console.dll, MulticastDelegateUtilities.SafeInvoke: TestRun.LogMessages: Invoking callback 1/1 for Microsoft.VisualStudio.TestPlatform.CommandLine.TestRunResultAggregator., took 0 ms.
TpTrace Information: 0 : 9320, 11, 2024/02/16, 12:37:30.528, 1545016692283, vstest.console.dll, TestRunRequest:SendTestRunMessage: Completed.
TpTrace Verbose: 0 : 9320, 11, 2024/02/16, 12:37:30.528, 1545016692864, vstest.console.dll, MulticastDelegateUtilities.SafeInvoke: LengthPrefixCommunicationChannel: MessageReceived: Invoking callback 1/1 for Microsoft.VisualStudio.TestPlatform.CommunicationUtilities.TestRequestSender+<>c__DisplayClass34_0., took 0 ms.
TpTrace Verbose: 0 : 9320, 11, 2024/02/16, 12:37:30.528, 1545016693456, vstest.console.dll, TcpClientExtensions.MessageLoopAsync: Polling on remoteEndPoint: 127.0.0.1:53401 localEndPoint: 127.0.0.1:53400 after 325 ms
TpTrace Verbose: 0 : 9320, 4, 2024/02/16, 12:37:30.528, 1545016694539, vstest.console.dll, MulticastDelegateUtilities.SafeInvoke: InternalTestLoggerEvents.SendTestRunMessage: Invoking callback 1/1 for Microsoft.VisualStudio.TestPlatform.CommandLine.Internal.ConsoleLogger., took 0 ms.
TpTrace Verbose: 0 : 9320, 11, 2024/02/16, 12:37:30.566, 1545017076060, vstest.console.dll, TcpClientExtensions.MessageLoopAsync: NotifyDataAvailable remoteEndPoint: 127.0.0.1:53401 localEndPoint: 127.0.0.1:53400
TpTrace Verbose: 0 : 9320, 11, 2024/02/16, 12:37:30.566, 1545017080201, vstest.console.dll, TestRequestSender.OnExecutionMessageReceived: Received message: {"Version":7,"MessageType":"TestExecution.Completed","Payload":{"TestRunCompleteArgs":{"TestRunStatistics":{"ExecutedTests":14,"Stats":{"Passed":14}},"IsCanceled":false,"IsAborted":false,"Error":null,"AttachmentSets":[],"InvokedDataCollectors":[],"ElapsedTimeInRunningTests":"00:00:04.2196713","Metrics":{},"DiscoveredExtensions":{"TestDiscoverers":["Xunit.Runner.VisualStudio.VsTestRunner, xunit.runner.visualstudio.testadapter, Version=2.5.6.0, Culture=neutral, PublicKeyToken=null"],"TestExecutors":["executor://xunit/VsTestRunner2/netcoreapp"],"TestExecutors2":[],"TestSettingsProviders":[]}},"LastRunTests":{"NewTestResults":[{"TestCase":{"Id":"e3c4622a-f484-6c8b-2ab3-ddb936fad861","FullyQualifiedName":"MoviesLibraryAPI.XUnitTests.XUnitIntegrationTests.GetByTitle_WhenTitleDoesNotExist_ShouldReturnNull","DisplayName":"MoviesLibraryAPI.XUnitTests.XUnitIntegrationTests.GetByTitle_WhenTitleDoesNotExist_ShouldReturnNull","ExecutorUri":"executor://xunit/VsTestRunner2/netcoreapp","Source":"C:\\Users\\Lenovo\\source\\repos\\Back-End Technologies Basics - 01.2024\\10. Exercises Integration Testing - part 2\\TestProject1\\bin\\Debug\\net6.0\\fine-code-coverage\\build-output\\MoviesLibraryAPI.IntegrationTests.XUnit.dll","CodeFilePath":null,"LineNumber":0,"Properties":[]},"Attachments":[],"Outcome":1,"ErrorMessage":null,"ErrorStackTrace":null,"DisplayName":"MoviesLibraryAPI.XUnitTests.XUnitIntegrationTests.GetByTitle_WhenTitleDoesNotExist_ShouldReturnNull","Messages":[],"ComputerName":"DESKTOP-23QTAUK","Duration":"00:00:00.0343855","StartTime":"2024-02-16T10:37:30.1984846+00:00","EndTime":"2024-02-16T10:37:30.1984848+00:00","Properties":[]},{"TestCase":{"Id":"45611188-9372-2b55-7c46-ab29aadfab08","FullyQualifiedName":"MoviesLibraryAPI.XUnitTests.XUnitIntegrationTests.UpdateAsync_WhenInvalidMovieProvided_ShouldThrowValidationException","DisplayName":"MoviesLibraryAPI.XUnitTests.XUnitIntegrationTests.UpdateAsync_WhenInvalidMovieProvided_ShouldThrowValidationException","ExecutorUri":"executor://xunit/VsTestRunner2/netcoreapp","Source":"C:\\Users\\Lenovo\\source\\repos\\Back-End Technologies Basics - 01.2024\\10. Exercises Integration Testing - part 2\\TestProject1\\bin\\Debug\\net6.0\\fine-code-coverage\\build-output\\MoviesLibraryAPI.IntegrationTests.XUnit.dll","CodeFilePath":null,"LineNumber":0,"Properties":[]},"Attachments":[],"Outcome":1,"ErrorMessage":null,"ErrorStackTrace":null,"DisplayName":"MoviesLibraryAPI.XUnitTests.XUnitIntegrationTests.UpdateAsync_WhenInvalidMovieProvided_ShouldThrowValidationException","Messages":[],"ComputerName":"DESKTOP-23QTAUK","Duration":"00:00:00.0110332","StartTime":"2024-02-16T10:37:30.2093538+00:00","EndTime":"2024-02-16T10:37:30.209354+00:00","Properties":[]},{"TestCase":{"Id":"62411ad4-07c3-d6fe-bbd5-1c2b54688d67","FullyQualifiedName":"MoviesLibraryAPI.XUnitTests.XUnitIntegrationTests.DeleteAsync_WhenTitleDoesNotExist_ShouldThrowInvalidOperationException","DisplayName":"MoviesLibraryAPI.XUnitTests.XUnitIntegrationTests.DeleteAsync_WhenTitleDoesNotExist_ShouldThrowInvalidOperationException","ExecutorUri":"executor://xunit/VsTestRunner2/netcoreapp","Source":"C:\\Users\\Lenovo\\source\\repos\\Back-End Technologies Basics - 01.2024\\10. Exercises Integration Testing - part 2\\TestProject1\\bin\\Debug\\net6.0\\fine-code-coverage\\build-output\\MoviesLibraryAPI.IntegrationTests.XUnit.dll","CodeFilePath":null,"LineNumber":0,"Properties":[]},"Attachments":[],"Outcome":1,"ErrorMessage":null,"ErrorStackTrace":null,"DisplayName":"MoviesLibraryAPI.XUnitTests.XUnitIntegrationTests.DeleteAsync_WhenTitleDoesNotExist_ShouldThrowInvalidOperationException","Messages":[],"ComputerName":"DESKTOP-23QTAUK","Duration":"00:00:00.0305377","StartTime":"2024-02-16T10:37:30.2401711+00:00","EndTime":"2024-02-16T10:37:30.2401715+00:00","Properties":[]},{"TestCase":{"Id":"8e270f50-e1ce-d912-6ec9-8916e3de87f0","FullyQualifiedName":"MoviesLibraryAPI.XUnitTests.XUnitIntegrationTests.GetAllAsync_WhenMoviesExist_ShouldReturnAllMovies","DisplayName":"MoviesLibraryAPI.XUnitTests.XUnitIntegrationTests.GetAllAsync_WhenMoviesExist_ShouldReturnAllMovies","ExecutorUri":"executor://xunit/VsTestRunner2/netcoreapp","Source":"C:\\Users\\Lenovo\\source\\repos\\Back-End Technologies Basics - 01.2024\\10. Exercises Integration Testing - part 2\\TestProject1\\bin\\Debug\\net6.0\\fine-code-coverage\\build-output\\MoviesLibraryAPI.IntegrationTests.XUnit.dll","CodeFilePath":null,"LineNumber":0,"Properties":[]},"Attachments":[],"Outcome":1,"ErrorMessage":null,"ErrorStackTrace":null,"DisplayName":"MoviesLibraryAPI.XUnitTests.XUnitIntegrationTests.GetAllAsync_WhenMoviesExist_ShouldReturnAllMovies","Messages":[],"ComputerName":"DESKTOP-23QTAUK","Duration":"00:00:00.0335178","StartTime":"2024-02-16T10:37:30.273918+00:00","EndTime":"2024-02-16T10:37:30.2739183+00:00","Properties":[]},{"TestCase":{"Id":"c4a9bb55-7765-30d2-5f62-b848e865658c","FullyQualifiedName":"MoviesLibraryAPI.XUnitTests.XUnitIntegrationTests.DeleteAsync_WhenValidTitleProvided_ShouldDeleteMovie","DisplayName":"MoviesLibraryAPI.XUnitTests.XUnitIntegrationTests.DeleteAsync_WhenValidTitleProvided_ShouldDeleteMovie","ExecutorUri":"executor://xunit/VsTestRunner2/netcoreapp","Source":"C:\\Users\\Lenovo\\source\\repos\\Back-End Technologies Basics - 01.2024\\10. Exercises Integration Testing - part 2\\TestProject1\\bin\\Debug\\net6.0\\fine-code-coverage\\build-output\\MoviesLibraryAPI.IntegrationTests.XUnit.dll","CodeFilePath":null,"LineNumber":0,"Properties":[]},"Attachments":[],"Outcome":1,"ErrorMessage":null,"ErrorStackTrace":null,"DisplayName":"MoviesLibraryAPI.XUnitTests.XUnitIntegrationTests.DeleteAsync_WhenValidTitleProvided_ShouldDeleteMovie","Messages":[],"ComputerName":"DESKTOP-23QTAUK","Duration":"00:00:00.0423201","StartTime":"2024-02-16T10:37:30.3164574+00:00","EndTime":"2024-02-16T10:37:30.3164575+00:00","Properties":[]}],"TestRunStatistics":{"ExecutedTests":14,"Stats":{"Passed":14}},"ActiveTests":[]},"RunAttachments":[],"ExecutorUris":["executor://xunit/VsTestRunner2/netcoreapp"]}}
TpTrace Verbose: 0 : 9320, 11, 2024/02/16, 12:37:30.567, 1545017083211, vstest.console.dll, TestRequestSender.EndSession: Sending end session.
TpTrace Verbose: 0 : 9320, 11, 2024/02/16, 12:37:30.567, 1545017085910, vstest.console.dll, ProxyOperationManager.Close: waiting for test host to exit for 100 ms
TpTrace Verbose: 0 : 9320, 7, 2024/02/16, 12:37:30.628, 1545017697524, vstest.console.dll, TestHostManagerCallbacks.ctor: Experimental forwarding output is disabled.
TpTrace Warning: 0 : 9320, 7, 2024/02/16, 12:37:30.628, 1545017699220, vstest.console.dll, TestHostManagerCallbacks.ErrorReceivedCallback Test host standard error line: 
TpTrace Verbose: 0 : 9320, 7, 2024/02/16, 12:37:30.664, 1545018057585, vstest.console.dll, TestHostProvider.ExitCallBack: Host exited starting callback.
TpTrace Information: 0 : 9320, 7, 2024/02/16, 12:37:30.664, 1545018060588, vstest.console.dll, TestHostManagerCallbacks.ExitCallBack: Testhost processId: 18884 exited with exitcode: 0 error: ''
TpTrace Verbose: 0 : 9320, 7, 2024/02/16, 12:37:30.665, 1545018061518, vstest.console.dll, DotnetTestHostManager.OnHostExited: invoking OnHostExited callback
TpTrace Verbose: 0 : 9320, 7, 2024/02/16, 12:37:30.665, 1545018062568, vstest.console.dll, CrossPlatEngine.TestHostManagerHostExited: calling on client process exit callback.
TpTrace Information: 0 : 9320, 11, 2024/02/16, 12:37:30.665, 1545018064034, vstest.console.dll, SocketServer.Stop: Stop server endPoint: 127.0.0.1:53400
TpTrace Information: 0 : 9320, 11, 2024/02/16, 12:37:30.665, 1545018064668, vstest.console.dll, SocketServer.Stop: Cancellation requested. Stopping message loop.
TpTrace Information: 0 : 9320, 11, 2024/02/16, 12:37:30.665, 1545018066662, vstest.console.dll, Closing the connection
TpTrace Information: 0 : 9320, 7, 2024/02/16, 12:37:30.665, 1545018069025, vstest.console.dll, TestRequestSender.OnClientProcessExit: Test host process exited. Standard error: 
TpTrace Information: 0 : 9320, 7, 2024/02/16, 12:37:30.665, 1545018070450, vstest.console.dll, SocketServer.Stop: Stop server endPoint: 127.0.0.1:53400
TpTrace Information: 0 : 9320, 7, 2024/02/16, 12:37:30.665, 1545018071068, vstest.console.dll, SocketServer.Stop: Cancellation requested. Stopping message loop.
TpTrace Verbose: 0 : 9320, 7, 2024/02/16, 12:37:30.666, 1545018071849, vstest.console.dll, MulticastDelegateUtilities.SafeInvoke: HostProviderEvents.OnHostExited: Invoking callback 1/1 for Microsoft.VisualStudio.TestPlatform.CrossPlatEngine.Client.ProxyOperationManager., took 0 ms.
TpTrace Verbose: 0 : 9320, 11, 2024/02/16, 12:37:30.666, 1545018076812, vstest.console.dll, ProxyDataCollectionManager.InvokeDataCollectionServiceAction: Starting.
TpTrace Information: 0 : 9320, 11, 2024/02/16, 12:37:30.666, 1545018077812, vstest.console.dll, ProxyDataCollectionManager.AfterTestRunEnd: Get attachment set and invoked data collectors processId: 4400 port: 53395
TpTrace Verbose: 0 : 9320, 11, 2024/02/16, 12:37:30.666, 1545018078797, vstest.console.dll, DataCollectionRequestSender.SendAfterTestRunStartAndGetResult: Send AfterTestRunEnd message with isCancelled: False
TpTrace Verbose: 0 : 9320, 11, 2024/02/16, 12:37:30.680, 1545018214732, vstest.console.dll, DataCollectionRequestSender.SendAfterTestRunStartAndGetResult: Received message: (DataCollection.AfterTestRunEndResult) -> {"MessageType":"DataCollection.AfterTestRunEndResult","Payload":{"AttachmentSets":[],"InvokedDataCollectors":[{"Uri":"datacollector://Microsoft/TestPlatform/Extensions/Blame/v1","FriendlyName":"Blame","AssemblyQualifiedName":"Microsoft.TestPlatform.Extensions.BlameDataCollector.BlameCollector, Microsoft.TestPlatform.Extensions.BlameDataCollector, Version=15.0.0.0, Culture=neutral, PublicKeyToken=b03f5f7f11d50a3a","FilePath":"C:\\Program Files\\dotnet\\sdk\\8.0.200\\Extensions\\Microsoft.TestPlatform.Extensions.BlameDataCollector.dll","HasAttachmentProcessor":false}],"Metrics":{}}}
TpTrace Information: 0 : 9320, 11, 2024/02/16, 12:37:30.688, 1545018296871, vstest.console.dll, ProxyDataCollectionManager.InvokeDataCollectionServiceAction: Completed.
TpTrace Warning: 0 : 9320, 10, 2024/02/16, 12:37:30.688, 1545018299894, vstest.console.dll, DataCollectionLauncher.ErrorReceivedCallback datacollector standard error line: 
TpTrace Information: 0 : 9320, 10, 2024/02/16, 12:37:30.720, 1545018618464, vstest.console.dll, DataCollectionLauncher.ExitCallBack: Data collector exited with exitcode: 0 error: ''
TpTrace Verbose: 0 : 9320, 11, 2024/02/16, 12:37:30.750, 1545018918400, vstest.console.dll, TestRunRequest:SendTestRunStatsChange: Starting.
TpTrace Verbose: 0 : 9320, 4, 2024/02/16, 12:37:30.750, 1545018920814, vstest.console.dll, MulticastDelegateUtilities.SafeInvoke: InternalTestLoggerEvents.SendTestResult: Invoking callback 1/1 for Microsoft.VisualStudio.TestPlatform.CommandLine.Internal.ConsoleLogger., took 0 ms.
TpTrace Verbose: 0 : 9320, 4, 2024/02/16, 12:37:30.751, 1545018922219, vstest.console.dll, MulticastDelegateUtilities.SafeInvoke: InternalTestLoggerEvents.SendTestResult: Invoking callback 1/1 for Microsoft.VisualStudio.TestPlatform.CommandLine.Internal.ConsoleLogger., took 0 ms.
TpTrace Verbose: 0 : 9320, 4, 2024/02/16, 12:37:30.751, 1545018923577, vstest.console.dll, MulticastDelegateUtilities.SafeInvoke: InternalTestLoggerEvents.SendTestResult: Invoking callback 1/1 for Microsoft.VisualStudio.TestPlatform.CommandLine.Internal.ConsoleLogger., took 0 ms.
TpTrace Verbose: 0 : 9320, 4, 2024/02/16, 12:37:30.751, 1545018924983, vstest.console.dll, MulticastDelegateUtilities.SafeInvoke: InternalTestLoggerEvents.SendTestResult: Invoking callback 1/1 for Microsoft.VisualStudio.TestPlatform.CommandLine.Internal.ConsoleLogger., took 0 ms.
TpTrace Verbose: 0 : 9320, 4, 2024/02/16, 12:37:30.751, 1545018926216, vstest.console.dll, MulticastDelegateUtilities.SafeInvoke: InternalTestLoggerEvents.SendTestResult: Invoking callback 1/1 for Microsoft.VisualStudio.TestPlatform.CommandLine.Internal.ConsoleLogger., took 0 ms.
TpTrace Verbose: 0 : 9320, 11, 2024/02/16, 12:37:30.751, 1545018927082, vstest.console.dll, MulticastDelegateUtilities.SafeInvoke: TestRun.RunStatsChanged: Invoking callbacks was skipped because there are no subscribers.
TpTrace Information: 0 : 9320, 11, 2024/02/16, 12:37:30.751, 1545018927672, vstest.console.dll, TestRunRequest:SendTestRunStatsChange: Completed.
TpTrace Verbose: 0 : 9320, 11, 2024/02/16, 12:37:30.752, 1545018933386, vstest.console.dll, ParallelProxyExecutionManager: HandlePartialRunComplete: Total workloads = 1, Total started clients = 1 Total completed clients = 1, Run complete = True, Run canceled: False.
TpTrace Verbose: 0 : 9320, 11, 2024/02/16, 12:37:30.752, 1545018934761, vstest.console.dll, ParallelProxyExecutionManager: HandlePartialRunComplete: All runs completed stopping all managers.
TpTrace Verbose: 0 : 9320, 11, 2024/02/16, 12:37:30.752, 1545018935495, vstest.console.dll, ParallelOperationManager.StopAllManagers: Stopping all managers.
TpTrace Verbose: 0 : 9320, 11, 2024/02/16, 12:37:30.752, 1545018936118, vstest.console.dll, ParallelOperationManager.ClearSlots: Clearing all slots. Slots should accept more work: False
TpTrace Verbose: 0 : 9320, 11, 2024/02/16, 12:37:30.752, 1545018937087, vstest.console.dll, ParallelOperationManager.SetOccupiedSlotCount: Setting slot counts AvailableSlotCount = 3, OccupiedSlotCount = 0.
TpTrace Verbose: 0 : 9320, 11, 2024/02/16, 12:37:30.752, 1545018938130, vstest.console.dll, Occupied slots:

TpTrace Verbose: 0 : 9320, 4, 2024/02/16, 12:37:30.775, 1545019161259, vstest.console.dll, MulticastDelegateUtilities.SafeInvoke: InternalTestLoggerEvents.SendTestRunComplete: Invoking callback 1/2 for Microsoft.TestPlatform.Extensions.BlameDataCollector.BlameLogger., took 0 ms.
TpTrace Verbose: 0 : 9320, 4, 2024/02/16, 12:37:30.785, 1545019262777, vstest.console.dll, MulticastDelegateUtilities.SafeInvoke: InternalTestLoggerEvents.SendTestRunComplete: Invoking callback 2/2 for Microsoft.VisualStudio.TestPlatform.CommandLine.Internal.ConsoleLogger., took 10 ms.
TpTrace Verbose: 0 : 9320, 11, 2024/02/16, 12:37:30.785, 1545019267490, vstest.console.dll, TestRunRequest:TestRunComplete: Starting. IsAborted:False IsCanceled:False.
TpTrace Verbose: 0 : 9320, 11, 2024/02/16, 12:37:30.785, 1545019270180, vstest.console.dll, ParallelOperationManager.DoActionOnAllManagers: Calling an action on all managers.
TpTrace Verbose: 0 : 9320, 11, 2024/02/16, 12:37:30.787, 1545019286182, vstest.console.dll, TestLoggerManager.HandleTestRunComplete: Ignoring as the object is disposed.
TpTrace Verbose: 0 : 9320, 11, 2024/02/16, 12:37:30.787, 1545019289346, vstest.console.dll, MulticastDelegateUtilities.SafeInvoke: TestRun.TestRunComplete: Invoking callback 1/2 for Microsoft.VisualStudio.TestPlatform.CommandLine.TestRunResultAggregator., took 0 ms.
TpTrace Verbose: 0 : 9320, 11, 2024/02/16, 12:37:30.788, 1545019291458, vstest.console.dll, MulticastDelegateUtilities.SafeInvoke: TestRun.TestRunComplete: Invoking callback 2/2 for Microsoft.VisualStudio.TestPlatform.CommandLine.Processors.RunTestsArgumentExecutor+TestRunRequestEventsRegistrar., took 0 ms.
TpTrace Information: 0 : 9320, 11, 2024/02/16, 12:37:30.788, 1545019293191, vstest.console.dll, TestRunRequest:TestRunComplete: Completed.
TpTrace Verbose: 0 : 9320, 1, 2024/02/16, 12:37:30.788, 1545019293447, vstest.console.dll, TestRunRequest.Dispose: Starting.
TpTrace Verbose: 0 : 9320, 11, 2024/02/16, 12:37:30.788, 1545019294151, vstest.console.dll, TestRequestSender.SetOperationComplete: Setting operation complete.
TpTrace Information: 0 : 9320, 1, 2024/02/16, 12:37:30.788, 1545019295402, vstest.console.dll, TestRunRequest.Dispose: Completed.
TpTrace Information: 0 : 9320, 11, 2024/02/16, 12:37:30.788, 1545019296395, vstest.console.dll, SocketServer.Stop: Stop server endPoint: 127.0.0.1:53400
TpTrace Information: 0 : 9320, 1, 2024/02/16, 12:37:30.788, 1545019297801, vstest.console.dll, TestRequestManager.RunTests: run tests completed.
TpTrace Information: 0 : 9320, 11, 2024/02/16, 12:37:30.788, 1545019298428, vstest.console.dll, SocketServer.Stop: Cancellation requested. Stopping message loop.
TpTrace Information: 0 : 9320, 1, 2024/02/16, 12:37:30.788, 1545019300137, vstest.console.dll, RunTestsArgumentProcessor:Execute: Test run is completed.
TpTrace Verbose: 0 : 9320, 11, 2024/02/16, 12:37:30.788, 1545019300251, vstest.console.dll, MulticastDelegateUtilities.SafeInvoke: LengthPrefixCommunicationChannel: MessageReceived: Invoking callback 1/1 for Microsoft.VisualStudio.TestPlatform.CommunicationUtilities.TestRequestSender+<>c__DisplayClass34_0., took 222 ms.
TpTrace Information: 0 : 9320, 11, 2024/02/16, 12:37:30.789, 1545019301953, vstest.console.dll, SocketServer.PrivateStop: Stopping server endPoint: 127.0.0.1:53400 error: 
TpTrace Verbose: 0 : 9320, 1, 2024/02/16, 12:37:30.789, 1545019303928, vstest.console.dll, Executor.Execute: Exiting with exit code of 0
TpTrace Verbose: 0 : 9320, 11, 2024/02/16, 12:37:30.789, 1545019308922, vstest.console.dll, LengthPrefixCommunicationChannel.Dispose: Dispose reader and writer.
TpTrace Information: 0 : 9320, 11, 2024/02/16, 12:37:30.789, 1545019310176, vstest.console.dll, SocketServer.Stop: Raise disconnected event endPoint: 127.0.0.1:53400 error: 
