TpTrace Verbose: 0 : 17724, 1, 2024/02/16, 16:36:35.351, 1688464925877, vstest.console.dll, Version: 17.9.0-release-23627-01 Current process architecture: X64
TpTrace Verbose: 0 : 17724, 1, 2024/02/16, 16:36:35.357, 1688464986911, vstest.console.dll, Runtime location: C:\Program Files\dotnet\shared\Microsoft.NETCore.App\8.0.2
TpTrace Verbose: 0 : 17724, 1, 2024/02/16, 16:36:35.362, 1688465034913, vstest.console.dll, ArtifactProcessingPostProcessModeProcessorExecutor.Initialize: ArtifactProcessingMode.Collect
TpTrace Verbose: 0 : 17724, 1, 2024/02/16, 16:36:35.362, 1688465037295, vstest.console.dll, TestSessionCorrelationIdProcessorModeProcessorExecutor.Initialize: TestSessionCorrelationId '11812_ed9145ac-5698-41ce-b775-80fce3414fe4'
TpTrace Information: 0 : 17724, 1, 2024/02/16, 16:36:35.376, 1688465175551, vstest.console.dll, FilePatternParser: The given file C:\Users\Lenovo\source\repos\Back-End Technologies Basics - 01.2024\11. Unit Testing with Mocking\ItemManagement\ItemManagementTests\bin\Debug\net6.0\fine-code-coverage\build-output\ItemManagementTests.dll is a full path.
TpTrace Verbose: 0 : 17724, 1, 2024/02/16, 16:36:35.386, 1688465280865, vstest.console.dll, TestPluginCache.DiscoverTestExtensions: finding test extensions in assemblies ends with: RuntimeProvider.dll TPluginInfo: Microsoft.VisualStudio.TestPlatform.Common.ExtensionFramework.Utilities.TestRuntimePluginInformation TExtension: Microsoft.VisualStudio.TestPlatform.ObjectModel.Host.ITestRuntimeProvider
TpTrace Verbose: 0 : 17724, 1, 2024/02/16, 16:36:35.387, 1688465287070, vstest.console.dll, TestPluginCache.GetExtensionPaths: Filtered extension paths: 
TpTrace Verbose: 0 : 17724, 1, 2024/02/16, 16:36:35.387, 1688465289083, vstest.console.dll, TestPluginCache.GetExtensionPaths: Added default extension paths: C:\Program Files\dotnet\sdk\8.0.200\Extensions\Microsoft.Diagnostics.NETCore.Client.dll
C:\Program Files\dotnet\sdk\8.0.200\Extensions\Microsoft.TestPlatform.Extensions.BlameDataCollector.dll
C:\Program Files\dotnet\sdk\8.0.200\Extensions\Microsoft.TestPlatform.Extensions.EventLogCollector.dll
C:\Program Files\dotnet\sdk\8.0.200\Extensions\Microsoft.TestPlatform.TestHostRuntimeProvider.dll
C:\Program Files\dotnet\sdk\8.0.200\Extensions\Microsoft.VisualStudio.TestPlatform.Extensions.Html.TestLogger.dll
C:\Program Files\dotnet\sdk\8.0.200\Extensions\Microsoft.VisualStudio.TestPlatform.Extensions.Trx.TestLogger.dll
TpTrace Verbose: 0 : 17724, 1, 2024/02/16, 16:36:35.387, 1688465290187, vstest.console.dll, TestPluginCache.GetExtensionPaths: Added unfilterableExtensionPaths: 
TpTrace Information: 0 : 17724, 1, 2024/02/16, 16:36:35.389, 1688465303120, vstest.console.dll, AssemblyResolver.ctor: Creating AssemblyResolver with searchDirectories C:\Program Files\dotnet\sdk\8.0.200\Extensions,C:\Program Files\dotnet\sdk\8.0.200
TpTrace Verbose: 0 : 17724, 1, 2024/02/16, 16:36:35.391, 1688465328938, vstest.console.dll, TestPluginCache.DiscoverTestExtensions: Discovering the extensions using extension path.
TpTrace Verbose: 0 : 17724, 1, 2024/02/16, 16:36:35.392, 1688465331469, vstest.console.dll, TestPluginCache.GetExtensionPaths: Filtered extension paths: 
TpTrace Verbose: 0 : 17724, 1, 2024/02/16, 16:36:35.392, 1688465332484, vstest.console.dll, TestPluginCache.GetExtensionPaths: Added default extension paths: C:\Program Files\dotnet\sdk\8.0.200\Extensions\Microsoft.Diagnostics.NETCore.Client.dll
C:\Program Files\dotnet\sdk\8.0.200\Extensions\Microsoft.TestPlatform.Extensions.BlameDataCollector.dll
C:\Program Files\dotnet\sdk\8.0.200\Extensions\Microsoft.TestPlatform.Extensions.EventLogCollector.dll
C:\Program Files\dotnet\sdk\8.0.200\Extensions\Microsoft.TestPlatform.TestHostRuntimeProvider.dll
C:\Program Files\dotnet\sdk\8.0.200\Extensions\Microsoft.VisualStudio.TestPlatform.Extensions.Html.TestLogger.dll
C:\Program Files\dotnet\sdk\8.0.200\Extensions\Microsoft.VisualStudio.TestPlatform.Extensions.Trx.TestLogger.dll
TpTrace Verbose: 0 : 17724, 1, 2024/02/16, 16:36:35.392, 1688465333507, vstest.console.dll, TestPluginCache.GetExtensionPaths: Added unfilterableExtensionPaths: 
TpTrace Verbose: 0 : 17724, 1, 2024/02/16, 16:36:35.392, 1688465335995, vstest.console.dll, TestPluginCache.DiscoverTestExtensions: Discovering the extensions using allExtensionPaths: C:\Program Files\dotnet\sdk\8.0.200\Extensions\Microsoft.Diagnostics.NETCore.Client.dll
C:\Program Files\dotnet\sdk\8.0.200\Extensions\Microsoft.TestPlatform.Extensions.BlameDataCollector.dll
C:\Program Files\dotnet\sdk\8.0.200\Extensions\Microsoft.TestPlatform.Extensions.EventLogCollector.dll
C:\Program Files\dotnet\sdk\8.0.200\Extensions\Microsoft.TestPlatform.TestHostRuntimeProvider.dll
C:\Program Files\dotnet\sdk\8.0.200\Extensions\Microsoft.VisualStudio.TestPlatform.Extensions.Html.TestLogger.dll
C:\Program Files\dotnet\sdk\8.0.200\Extensions\Microsoft.VisualStudio.TestPlatform.Extensions.Trx.TestLogger.dll
TpTrace Information: 0 : 17724, 1, 2024/02/16, 16:36:35.392, 1688465338283, vstest.console.dll, AssemblyResolver.AddSearchDirectories: Adding more searchDirectories C:\Program Files\dotnet\sdk\8.0.200\Extensions,C:\Program Files\dotnet\sdk\8.0.200
TpTrace Information: 0 : 17724, 1, 2024/02/16, 16:36:35.392, 1688465339611, vstest.console.dll, AssemblyResolver.AddSearchDirectories: Adding more searchDirectories C:\Program Files\dotnet\sdk\8.0.200\Extensions,C:\Program Files\dotnet\sdk\8.0.200
TpTrace Information: 0 : 17724, 1, 2024/02/16, 16:36:35.392, 1688465340529, vstest.console.dll, AssemblyResolver.AddSearchDirectories: Adding more searchDirectories C:\Program Files\dotnet\sdk\8.0.200\Extensions,C:\Program Files\dotnet\sdk\8.0.200
TpTrace Information: 0 : 17724, 1, 2024/02/16, 16:36:35.392, 1688465341330, vstest.console.dll, AssemblyResolver.AddSearchDirectories: Adding more searchDirectories C:\Program Files\dotnet\sdk\8.0.200\Extensions,C:\Program Files\dotnet\sdk\8.0.200
TpTrace Information: 0 : 17724, 1, 2024/02/16, 16:36:35.393, 1688465342264, vstest.console.dll, AssemblyResolver.AddSearchDirectories: Adding more searchDirectories C:\Program Files\dotnet\sdk\8.0.200\Extensions,C:\Program Files\dotnet\sdk\8.0.200
TpTrace Information: 0 : 17724, 1, 2024/02/16, 16:36:35.393, 1688465343039, vstest.console.dll, AssemblyResolver.AddSearchDirectories: Adding more searchDirectories C:\Program Files\dotnet\sdk\8.0.200\Extensions,C:\Program Files\dotnet\sdk\8.0.200
TpTrace Information: 0 : 17724, 1, 2024/02/16, 16:36:35.394, 1688465353017, vstest.console.dll, AssemblyResolver.OnResolve: Microsoft.Diagnostics.NETCore.Client: Resolving assembly.
TpTrace Information: 0 : 17724, 1, 2024/02/16, 16:36:35.394, 1688465355126, vstest.console.dll, AssemblyResolver.OnResolve: Microsoft.Diagnostics.NETCore.Client: Searching in: 'C:\Program Files\dotnet\sdk\8.0.200\Extensions'.
TpTrace Information: 0 : 17724, 1, 2024/02/16, 16:36:35.408, 1688465498271, vstest.console.dll, AssemblyResolver.OnResolve: Microsoft.Diagnostics.NETCore.Client: Loading assembly 'C:\Program Files\dotnet\sdk\8.0.200\Extensions\Microsoft.Diagnostics.NETCore.Client.dll'.
TpTrace Information: 0 : 17724, 1, 2024/02/16, 16:36:35.410, 1688465513482, vstest.console.dll, AssemblyResolver.OnResolve: Resolved assembly: Microsoft.Diagnostics.NETCore.Client, from path: C:\Program Files\dotnet\sdk\8.0.200\Extensions\Microsoft.Diagnostics.NETCore.Client.dll
TpTrace Verbose: 0 : 17724, 1, 2024/02/16, 16:36:35.419, 1688465607996, vstest.console.dll, MetadataReaderExtensionsHelper: Discovering extensions inside assembly 'Microsoft.Diagnostics.NETCore.Client, Version=0.2.9.2401, Culture=neutral, PublicKeyToken=31bf3856ad364e35' file path 'C:\Program Files\dotnet\sdk\8.0.200\Extensions\Microsoft.Diagnostics.NETCore.Client.dll'
TpTrace Information: 0 : 17724, 1, 2024/02/16, 16:36:35.427, 1688465688997, vstest.console.dll, AssemblyResolver.OnResolve: Microsoft.Bcl.AsyncInterfaces: Resolving assembly.
TpTrace Information: 0 : 17724, 1, 2024/02/16, 16:36:35.427, 1688465690309, vstest.console.dll, AssemblyResolver.OnResolve: Microsoft.Bcl.AsyncInterfaces: Searching in: 'C:\Program Files\dotnet\sdk\8.0.200\Extensions'.
TpTrace Information: 0 : 17724, 1, 2024/02/16, 16:36:35.428, 1688465692906, vstest.console.dll, AssemblyResolver.OnResolve: Microsoft.Bcl.AsyncInterfaces: Assembly path does not exist: 'C:\Program Files\dotnet\sdk\8.0.200\Extensions\Microsoft.Bcl.AsyncInterfaces.dll', returning.
TpTrace Information: 0 : 17724, 1, 2024/02/16, 16:36:35.428, 1688465696773, vstest.console.dll, AssemblyResolver.OnResolve: Microsoft.Bcl.AsyncInterfaces: Assembly path does not exist: 'C:\Program Files\dotnet\sdk\8.0.200\Extensions\Microsoft.Bcl.AsyncInterfaces.exe', returning.
TpTrace Information: 0 : 17724, 1, 2024/02/16, 16:36:35.428, 1688465697788, vstest.console.dll, AssemblyResolver.OnResolve: Microsoft.Bcl.AsyncInterfaces: Searching in: 'C:\Program Files\dotnet\sdk\8.0.200'.
TpTrace Information: 0 : 17724, 1, 2024/02/16, 16:36:35.428, 1688465700181, vstest.console.dll, AssemblyResolver.OnResolve: Microsoft.Bcl.AsyncInterfaces: Assembly path does not exist: 'C:\Program Files\dotnet\sdk\8.0.200\Microsoft.Bcl.AsyncInterfaces.dll', returning.
TpTrace Information: 0 : 17724, 1, 2024/02/16, 16:36:35.429, 1688465702688, vstest.console.dll, AssemblyResolver.OnResolve: Microsoft.Bcl.AsyncInterfaces: Assembly path does not exist: 'C:\Program Files\dotnet\sdk\8.0.200\Microsoft.Bcl.AsyncInterfaces.exe', returning.
TpTrace Information: 0 : 17724, 1, 2024/02/16, 16:36:35.429, 1688465703863, vstest.console.dll, AssemblyResolver.OnResolve: Microsoft.Bcl.AsyncInterfaces: Failed to load assembly.
TpTrace Verbose: 0 : 17724, 1, 2024/02/16, 16:36:35.429, 1688465704703, vstest.console.dll, CurrentDomainAssemblyResolve: Resolving assembly 'Microsoft.Bcl.AsyncInterfaces'.
TpTrace Information: 0 : 17724, 1, 2024/02/16, 16:36:35.429, 1688465706046, vstest.console.dll, AssemblyResolver.OnResolve: Microsoft.Bcl.AsyncInterfaces: Resolving assembly.
TpTrace Information: 0 : 17724, 1, 2024/02/16, 16:36:35.429, 1688465707012, vstest.console.dll, AssemblyResolver.OnResolve: Microsoft.Bcl.AsyncInterfaces: Resolved from cache.
TpTrace Verbose: 0 : 17724, 1, 2024/02/16, 16:36:35.429, 1688465707724, vstest.console.dll, CurrentDomainAssemblyResolve: Resolving assembly 'Microsoft.Bcl.AsyncInterfaces'.
TpTrace Verbose: 0 : 17724, 1, 2024/02/16, 16:36:35.429, 1688465708634, vstest.console.dll, CurrentDomainAssemblyResolve: Failed to resolve assembly 'Microsoft.Bcl.AsyncInterfaces'.
TpTrace Verbose: 0 : 17724, 1, 2024/02/16, 16:36:35.432, 1688465735355, vstest.console.dll, CurrentDomainAssemblyResolve: Failed to resolve assembly 'Microsoft.Bcl.AsyncInterfaces'.
TpTrace Warning: 0 : 17724, 1, 2024/02/16, 16:36:35.453, 1688465950767, vstest.console.dll, TestPluginDiscoverer: Failed to get types from assembly 'Microsoft.Diagnostics.NETCore.Client, Version=0.2.9.2401, Culture=neutral, PublicKeyToken=31bf3856ad364e35'. Error: System.Reflection.ReflectionTypeLoadException: Unable to load one or more of the requested types.
Could not load file or assembly 'Microsoft.Bcl.AsyncInterfaces, Version=6.0.0.0, Culture=neutral, PublicKeyToken=cc7b13ffcd2ddd51'. The system cannot find the file specified.
   at System.Reflection.RuntimeModule.GetTypes(RuntimeModule module)
   at System.Reflection.RuntimeModule.GetTypes()
   at Microsoft.VisualStudio.TestPlatform.Common.ExtensionFramework.TestPluginDiscoverer.GetTestExtensionsFromAssembly[TPluginInfo,TExtension](Assembly assembly, Dictionary`2 pluginInfos, String filePath) in /_/src/Microsoft.TestPlatform.Common/ExtensionFramework/TestPluginDiscoverer.cs:line 158
System.IO.FileNotFoundException: Could not load file or assembly 'Microsoft.Bcl.AsyncInterfaces, Version=6.0.0.0, Culture=neutral, PublicKeyToken=cc7b13ffcd2ddd51'. The system cannot find the file specified.
File name: 'Microsoft.Bcl.AsyncInterfaces, Version=6.0.0.0, Culture=neutral, PublicKeyToken=cc7b13ffcd2ddd51'
 ---> System.IO.FileNotFoundException: Could not load file or assembly 'Microsoft.Bcl.AsyncInterfaces, Culture=neutral, PublicKeyToken=null'. The system cannot find the file specified.
File name: 'Microsoft.Bcl.AsyncInterfaces, Culture=neutral, PublicKeyToken=null'
   at System.Reflection.RuntimeAssembly.InternalLoad(AssemblyName assemblyName, StackCrawlMark& stackMark, AssemblyLoadContext assemblyLoadContext, RuntimeAssembly requestingAssembly, Boolean throwOnFileNotFound)
   at System.Reflection.Assembly.Load(AssemblyName assemblyRef)
   at Microsoft.VisualStudio.TestPlatform.Common.ExtensionFramework.TestPluginCache.CurrentDomainAssemblyResolve(Object sender, AssemblyResolveEventArgs args) in /_/src/Microsoft.TestPlatform.Common/ExtensionFramework/TestPluginCache.cs:line 513
   at System.Runtime.Loader.AssemblyLoadContext.GetFirstResolvedAssemblyFromResolvingEvent(AssemblyName assemblyName)
   at System.Runtime.Loader.AssemblyLoadContext.ResolveUsingEvent(AssemblyName assemblyName)
   at System.Runtime.Loader.AssemblyLoadContext.ResolveUsingResolvingEvent(IntPtr gchManagedAssemblyLoadContext, AssemblyName assemblyName)
TpTrace Warning: 0 : 17724, 1, 2024/02/16, 16:36:35.454, 1688465957805, vstest.console.dll, LoaderExceptions: System.IO.FileNotFoundException: Could not load file or assembly 'Microsoft.Bcl.AsyncInterfaces, Version=6.0.0.0, Culture=neutral, PublicKeyToken=cc7b13ffcd2ddd51'. The system cannot find the file specified.
File name: 'Microsoft.Bcl.AsyncInterfaces, Version=6.0.0.0, Culture=neutral, PublicKeyToken=cc7b13ffcd2ddd51'
 ---> System.IO.FileNotFoundException: Could not load file or assembly 'Microsoft.Bcl.AsyncInterfaces, Culture=neutral, PublicKeyToken=null'. The system cannot find the file specified.
File name: 'Microsoft.Bcl.AsyncInterfaces, Culture=neutral, PublicKeyToken=null'
   at System.Reflection.RuntimeAssembly.InternalLoad(AssemblyName assemblyName, StackCrawlMark& stackMark, AssemblyLoadContext assemblyLoadContext, RuntimeAssembly requestingAssembly, Boolean throwOnFileNotFound)
   at System.Reflection.Assembly.Load(AssemblyName assemblyRef)
   at Microsoft.VisualStudio.TestPlatform.Common.ExtensionFramework.TestPluginCache.CurrentDomainAssemblyResolve(Object sender, AssemblyResolveEventArgs args) in /_/src/Microsoft.TestPlatform.Common/ExtensionFramework/TestPluginCache.cs:line 513
   at System.Runtime.Loader.AssemblyLoadContext.GetFirstResolvedAssemblyFromResolvingEvent(AssemblyName assemblyName)
   at System.Runtime.Loader.AssemblyLoadContext.ResolveUsingEvent(AssemblyName assemblyName)
   at System.Runtime.Loader.AssemblyLoadContext.ResolveUsingResolvingEvent(IntPtr gchManagedAssemblyLoadContext, AssemblyName assemblyName)
TpTrace Information: 0 : 17724, 1, 2024/02/16, 16:36:35.454, 1688465960751, vstest.console.dll, AssemblyResolver.OnResolve: Microsoft.TestPlatform.Extensions.BlameDataCollector: Resolving assembly.
TpTrace Information: 0 : 17724, 1, 2024/02/16, 16:36:35.455, 1688465961805, vstest.console.dll, AssemblyResolver.OnResolve: Microsoft.TestPlatform.Extensions.BlameDataCollector: Searching in: 'C:\Program Files\dotnet\sdk\8.0.200\Extensions'.
TpTrace Information: 0 : 17724, 1, 2024/02/16, 16:36:35.456, 1688465973987, vstest.console.dll, AssemblyResolver.OnResolve: Microsoft.TestPlatform.Extensions.BlameDataCollector: Loading assembly 'C:\Program Files\dotnet\sdk\8.0.200\Extensions\Microsoft.TestPlatform.Extensions.BlameDataCollector.dll'.
TpTrace Information: 0 : 17724, 1, 2024/02/16, 16:36:35.457, 1688465987268, vstest.console.dll, AssemblyResolver.OnResolve: Resolved assembly: Microsoft.TestPlatform.Extensions.BlameDataCollector, from path: C:\Program Files\dotnet\sdk\8.0.200\Extensions\Microsoft.TestPlatform.Extensions.BlameDataCollector.dll
TpTrace Verbose: 0 : 17724, 1, 2024/02/16, 16:36:35.457, 1688465988952, vstest.console.dll, MetadataReaderExtensionsHelper: Discovering extensions inside assembly 'Microsoft.TestPlatform.Extensions.BlameDataCollector, Version=15.0.0.0, Culture=neutral, PublicKeyToken=b03f5f7f11d50a3a' file path 'C:\Program Files\dotnet\sdk\8.0.200\Extensions\Microsoft.TestPlatform.Extensions.BlameDataCollector.dll'
TpTrace Information: 0 : 17724, 1, 2024/02/16, 16:36:35.460, 1688466018381, vstest.console.dll, AssemblyResolver.OnResolve: Microsoft.TestPlatform.Extensions.EventLogCollector: Resolving assembly.
TpTrace Information: 0 : 17724, 1, 2024/02/16, 16:36:35.460, 1688466020704, vstest.console.dll, AssemblyResolver.OnResolve: Microsoft.TestPlatform.Extensions.EventLogCollector: Searching in: 'C:\Program Files\dotnet\sdk\8.0.200\Extensions'.
TpTrace Information: 0 : 17724, 1, 2024/02/16, 16:36:35.461, 1688466031050, vstest.console.dll, AssemblyResolver.OnResolve: Microsoft.TestPlatform.Extensions.EventLogCollector: Loading assembly 'C:\Program Files\dotnet\sdk\8.0.200\Extensions\Microsoft.TestPlatform.Extensions.EventLogCollector.dll'.
TpTrace Information: 0 : 17724, 1, 2024/02/16, 16:36:35.463, 1688466041997, vstest.console.dll, AssemblyResolver.OnResolve: Resolved assembly: Microsoft.TestPlatform.Extensions.EventLogCollector, from path: C:\Program Files\dotnet\sdk\8.0.200\Extensions\Microsoft.TestPlatform.Extensions.EventLogCollector.dll
TpTrace Verbose: 0 : 17724, 1, 2024/02/16, 16:36:35.463, 1688466043752, vstest.console.dll, MetadataReaderExtensionsHelper: Discovering extensions inside assembly 'Microsoft.TestPlatform.Extensions.EventLogCollector, Version=15.0.0.0, Culture=neutral, PublicKeyToken=b03f5f7f11d50a3a' file path 'C:\Program Files\dotnet\sdk\8.0.200\Extensions\Microsoft.TestPlatform.Extensions.EventLogCollector.dll'
TpTrace Information: 0 : 17724, 1, 2024/02/16, 16:36:35.468, 1688466100080, vstest.console.dll, AssemblyResolver.OnResolve: Microsoft.TestPlatform.TestHostRuntimeProvider: Resolving assembly.
TpTrace Information: 0 : 17724, 1, 2024/02/16, 16:36:35.468, 1688466101350, vstest.console.dll, AssemblyResolver.OnResolve: Microsoft.TestPlatform.TestHostRuntimeProvider: Searching in: 'C:\Program Files\dotnet\sdk\8.0.200\Extensions'.
TpTrace Information: 0 : 17724, 1, 2024/02/16, 16:36:35.470, 1688466111577, vstest.console.dll, AssemblyResolver.OnResolve: Microsoft.TestPlatform.TestHostRuntimeProvider: Loading assembly 'C:\Program Files\dotnet\sdk\8.0.200\Extensions\Microsoft.TestPlatform.TestHostRuntimeProvider.dll'.
TpTrace Information: 0 : 17724, 1, 2024/02/16, 16:36:35.471, 1688466123757, vstest.console.dll, AssemblyResolver.OnResolve: Resolved assembly: Microsoft.TestPlatform.TestHostRuntimeProvider, from path: C:\Program Files\dotnet\sdk\8.0.200\Extensions\Microsoft.TestPlatform.TestHostRuntimeProvider.dll
TpTrace Verbose: 0 : 17724, 1, 2024/02/16, 16:36:35.471, 1688466125937, vstest.console.dll, MetadataReaderExtensionsHelper: Discovering extensions inside assembly 'Microsoft.TestPlatform.TestHostRuntimeProvider, Version=15.0.0.0, Culture=neutral, PublicKeyToken=b03f5f7f11d50a3a' file path 'C:\Program Files\dotnet\sdk\8.0.200\Extensions\Microsoft.TestPlatform.TestHostRuntimeProvider.dll'
TpTrace Information: 0 : 17724, 1, 2024/02/16, 16:36:35.474, 1688466158037, vstest.console.dll, GetTestExtensionFromType: Register extension with identifier data 'HostProvider://DefaultTestHost' and type 'Microsoft.VisualStudio.TestPlatform.CrossPlatEngine.Hosting.DefaultTestHostManager, Microsoft.TestPlatform.TestHostRuntimeProvider, Version=15.0.0.0, Culture=neutral, PublicKeyToken=b03f5f7f11d50a3a' inside file 'C:\Program Files\dotnet\sdk\8.0.200\Extensions\Microsoft.TestPlatform.TestHostRuntimeProvider.dll'
TpTrace Information: 0 : 17724, 1, 2024/02/16, 16:36:35.475, 1688466163049, vstest.console.dll, GetTestExtensionFromType: Register extension with identifier data 'HostProvider://DotnetTestHost' and type 'Microsoft.VisualStudio.TestPlatform.CrossPlatEngine.Hosting.DotnetTestHostManager, Microsoft.TestPlatform.TestHostRuntimeProvider, Version=15.0.0.0, Culture=neutral, PublicKeyToken=b03f5f7f11d50a3a' inside file 'C:\Program Files\dotnet\sdk\8.0.200\Extensions\Microsoft.TestPlatform.TestHostRuntimeProvider.dll'
TpTrace Information: 0 : 17724, 1, 2024/02/16, 16:36:35.475, 1688466165094, vstest.console.dll, AssemblyResolver.OnResolve: Microsoft.VisualStudio.TestPlatform.Extensions.Html.TestLogger: Resolving assembly.
TpTrace Information: 0 : 17724, 1, 2024/02/16, 16:36:35.475, 1688466165988, vstest.console.dll, AssemblyResolver.OnResolve: Microsoft.VisualStudio.TestPlatform.Extensions.Html.TestLogger: Searching in: 'C:\Program Files\dotnet\sdk\8.0.200\Extensions'.
TpTrace Information: 0 : 17724, 1, 2024/02/16, 16:36:35.476, 1688466178089, vstest.console.dll, AssemblyResolver.OnResolve: Microsoft.VisualStudio.TestPlatform.Extensions.Html.TestLogger: Loading assembly 'C:\Program Files\dotnet\sdk\8.0.200\Extensions\Microsoft.VisualStudio.TestPlatform.Extensions.Html.TestLogger.dll'.
TpTrace Information: 0 : 17724, 1, 2024/02/16, 16:36:35.477, 1688466190441, vstest.console.dll, AssemblyResolver.OnResolve: Resolved assembly: Microsoft.VisualStudio.TestPlatform.Extensions.Html.TestLogger, from path: C:\Program Files\dotnet\sdk\8.0.200\Extensions\Microsoft.VisualStudio.TestPlatform.Extensions.Html.TestLogger.dll
TpTrace Verbose: 0 : 17724, 1, 2024/02/16, 16:36:35.478, 1688466191880, vstest.console.dll, MetadataReaderExtensionsHelper: Discovering extensions inside assembly 'Microsoft.VisualStudio.TestPlatform.Extensions.Html.TestLogger, Version=15.0.0.0, Culture=neutral, PublicKeyToken=b03f5f7f11d50a3a' file path 'C:\Program Files\dotnet\sdk\8.0.200\Extensions\Microsoft.VisualStudio.TestPlatform.Extensions.Html.TestLogger.dll'
TpTrace Information: 0 : 17724, 1, 2024/02/16, 16:36:35.479, 1688466209947, vstest.console.dll, AssemblyResolver.OnResolve: Microsoft.VisualStudio.TestPlatform.Extensions.Trx.TestLogger: Resolving assembly.
TpTrace Information: 0 : 17724, 1, 2024/02/16, 16:36:35.479, 1688466211159, vstest.console.dll, AssemblyResolver.OnResolve: Microsoft.VisualStudio.TestPlatform.Extensions.Trx.TestLogger: Searching in: 'C:\Program Files\dotnet\sdk\8.0.200\Extensions'.
TpTrace Information: 0 : 17724, 1, 2024/02/16, 16:36:35.480, 1688466221335, vstest.console.dll, AssemblyResolver.OnResolve: Microsoft.VisualStudio.TestPlatform.Extensions.Trx.TestLogger: Loading assembly 'C:\Program Files\dotnet\sdk\8.0.200\Extensions\Microsoft.VisualStudio.TestPlatform.Extensions.Trx.TestLogger.dll'.
TpTrace Information: 0 : 17724, 1, 2024/02/16, 16:36:35.482, 1688466234378, vstest.console.dll, AssemblyResolver.OnResolve: Resolved assembly: Microsoft.VisualStudio.TestPlatform.Extensions.Trx.TestLogger, from path: C:\Program Files\dotnet\sdk\8.0.200\Extensions\Microsoft.VisualStudio.TestPlatform.Extensions.Trx.TestLogger.dll
TpTrace Verbose: 0 : 17724, 1, 2024/02/16, 16:36:35.482, 1688466235843, vstest.console.dll, MetadataReaderExtensionsHelper: Discovering extensions inside assembly 'Microsoft.VisualStudio.TestPlatform.Extensions.Trx.TestLogger, Version=15.0.0.0, Culture=neutral, PublicKeyToken=b03f5f7f11d50a3a' file path 'C:\Program Files\dotnet\sdk\8.0.200\Extensions\Microsoft.VisualStudio.TestPlatform.Extensions.Trx.TestLogger.dll'
TpTrace Verbose: 0 : 17724, 1, 2024/02/16, 16:36:35.484, 1688466258943, vstest.console.dll, TestPluginCache: Discovered the extensions using extension path ''.
TpTrace Verbose: 0 : 17724, 1, 2024/02/16, 16:36:35.484, 1688466260242, vstest.console.dll, TestPluginCache: Discoverers are ''.
TpTrace Verbose: 0 : 17724, 1, 2024/02/16, 16:36:35.484, 1688466260979, vstest.console.dll, TestPluginCache: Executors are ''.
TpTrace Verbose: 0 : 17724, 1, 2024/02/16, 16:36:35.485, 1688466261621, vstest.console.dll, TestPluginCache: Executors2 are ''.
TpTrace Verbose: 0 : 17724, 1, 2024/02/16, 16:36:35.485, 1688466262243, vstest.console.dll, TestPluginCache: Setting providers are ''.
TpTrace Verbose: 0 : 17724, 1, 2024/02/16, 16:36:35.485, 1688466262856, vstest.console.dll, TestPluginCache: Loggers are ''.
TpTrace Verbose: 0 : 17724, 1, 2024/02/16, 16:36:35.485, 1688466266800, vstest.console.dll, TestPluginCache: TestHosts are 'HostProvider://DefaultTestHost,HostProvider://DotnetTestHost'.
TpTrace Verbose: 0 : 17724, 1, 2024/02/16, 16:36:35.485, 1688466267774, vstest.console.dll, TestPluginCache: DataCollectors are ''.
TpTrace Information: 0 : 17724, 1, 2024/02/16, 16:36:35.511, 1688466530469, vstest.console.dll, RunTestsArgumentProcessor:Execute: Test run is starting.
TpTrace Verbose: 0 : 17724, 1, 2024/02/16, 16:36:35.512, 1688466531871, vstest.console.dll, RunTestsArgumentProcessor:Execute: Queuing Test run.
TpTrace Information: 0 : 17724, 1, 2024/02/16, 16:36:35.512, 1688466536509, vstest.console.dll, TestRequestManager.RunTests: run tests started.
TpTrace Information: 0 : 17724, 1, 2024/02/16, 16:36:35.514, 1688466558152, vstest.console.dll, AssemblyMetadataProvider.GetFrameworkName: Determined framework:'.NETCoreApp,Version=v6.0' for source: 'C:\Users\Lenovo\source\repos\Back-End Technologies Basics - 01.2024\11. Unit Testing with Mocking\ItemManagement\ItemManagementTests\bin\Debug\net6.0\fine-code-coverage\build-output\ItemManagementTests.dll'
TpTrace Information: 0 : 17724, 1, 2024/02/16, 16:36:35.514, 1688466561117, vstest.console.dll, Determined framework for all sources: .NETCoreApp,Version=v6.0
TpTrace Verbose: 0 : 17724, 1, 2024/02/16, 16:36:35.515, 1688466567066, vstest.console.dll, TestRequestManager.UpdateRunSettingsIfRequired: Default architecture: X64 IsDefaultTargetArchitecture: True, Current process architecture: X64 OperatingSystem: Windows.
TpTrace Information: 0 : 17724, 1, 2024/02/16, 16:36:35.518, 1688466601455, vstest.console.dll, AssemblyMetadataProvider.GetArchitecture: Determined architecture:AnyCPU info for assembly: C:\Users\Lenovo\source\repos\Back-End Technologies Basics - 01.2024\11. Unit Testing with Mocking\ItemManagement\ItemManagementTests\bin\Debug\net6.0\fine-code-coverage\build-output\ItemManagementTests.dll
TpTrace Information: 0 : 17724, 1, 2024/02/16, 16:36:35.519, 1688466602667, vstest.console.dll, Determined platform for source 'C:\Users\Lenovo\source\repos\Back-End Technologies Basics - 01.2024\11. Unit Testing with Mocking\ItemManagement\ItemManagementTests\bin\Debug\net6.0\fine-code-coverage\build-output\ItemManagementTests.dll' was AnyCPU and it will use the default plaform X64.
TpTrace Information: 0 : 17724, 1, 2024/02/16, 16:36:35.519, 1688466603506, vstest.console.dll, None of the sources provided any runnable platform, using the default platform: X64
TpTrace Information: 0 : 17724, 1, 2024/02/16, 16:36:35.519, 1688466605365, vstest.console.dll, Platform was updated to 'X64'.
TpTrace Information: 0 : 17724, 1, 2024/02/16, 16:36:35.525, 1688466667247, vstest.console.dll, InferRunSettingsHelper.IsTestSettingsEnabled: Unable to navigate to RunSettings/MSTest. Current node: RunSettings
TpTrace Information: 0 : 17724, 1, 2024/02/16, 16:36:35.526, 1688466678941, vstest.console.dll, AssemblyResolver.OnResolve: Microsoft.VisualStudio.TestPlatform.Fakes: Resolving assembly.
TpTrace Information: 0 : 17724, 1, 2024/02/16, 16:36:35.526, 1688466680210, vstest.console.dll, AssemblyResolver.OnResolve: Microsoft.VisualStudio.TestPlatform.Fakes: Searching in: 'C:\Program Files\dotnet\sdk\8.0.200\Extensions'.
TpTrace Information: 0 : 17724, 1, 2024/02/16, 16:36:35.527, 1688466682856, vstest.console.dll, AssemblyResolver.OnResolve: Microsoft.VisualStudio.TestPlatform.Fakes: Assembly path does not exist: 'C:\Program Files\dotnet\sdk\8.0.200\Extensions\Microsoft.VisualStudio.TestPlatform.Fakes.dll', returning.
TpTrace Information: 0 : 17724, 1, 2024/02/16, 16:36:35.527, 1688466685667, vstest.console.dll, AssemblyResolver.OnResolve: Microsoft.VisualStudio.TestPlatform.Fakes: Assembly path does not exist: 'C:\Program Files\dotnet\sdk\8.0.200\Extensions\Microsoft.VisualStudio.TestPlatform.Fakes.exe', returning.
TpTrace Information: 0 : 17724, 1, 2024/02/16, 16:36:35.527, 1688466686616, vstest.console.dll, AssemblyResolver.OnResolve: Microsoft.VisualStudio.TestPlatform.Fakes: Searching in: 'C:\Program Files\dotnet\sdk\8.0.200'.
TpTrace Information: 0 : 17724, 1, 2024/02/16, 16:36:35.527, 1688466689045, vstest.console.dll, AssemblyResolver.OnResolve: Microsoft.VisualStudio.TestPlatform.Fakes: Assembly path does not exist: 'C:\Program Files\dotnet\sdk\8.0.200\Microsoft.VisualStudio.TestPlatform.Fakes.dll', returning.
TpTrace Information: 0 : 17724, 1, 2024/02/16, 16:36:35.528, 1688466691714, vstest.console.dll, AssemblyResolver.OnResolve: Microsoft.VisualStudio.TestPlatform.Fakes: Assembly path does not exist: 'C:\Program Files\dotnet\sdk\8.0.200\Microsoft.VisualStudio.TestPlatform.Fakes.exe', returning.
TpTrace Information: 0 : 17724, 1, 2024/02/16, 16:36:35.528, 1688466692730, vstest.console.dll, AssemblyResolver.OnResolve: Microsoft.VisualStudio.TestPlatform.Fakes: Failed to load assembly.
TpTrace Information: 0 : 17724, 1, 2024/02/16, 16:36:35.528, 1688466697645, vstest.console.dll, Failed to load assembly Microsoft.VisualStudio.TestPlatform.Fakes, Version=17.0.0.0, Culture=neutral. Reason:System.IO.FileNotFoundException: Could not load file or assembly 'Microsoft.VisualStudio.TestPlatform.Fakes, Version=17.0.0.0, Culture=neutral, PublicKeyToken=null'. The system cannot find the file specified.
File name: 'Microsoft.VisualStudio.TestPlatform.Fakes, Version=17.0.0.0, Culture=neutral, PublicKeyToken=null'
   at System.Reflection.RuntimeAssembly.InternalLoad(AssemblyName assemblyName, StackCrawlMark& stackMark, AssemblyLoadContext assemblyLoadContext, RuntimeAssembly requestingAssembly, Boolean throwOnFileNotFound)
   at System.Reflection.Assembly.Load(AssemblyName assemblyRef)
   at Microsoft.VisualStudio.TestPlatform.Common.Utilities.FakesUtilities.LoadTestPlatformAssembly() in /_/src/Microsoft.TestPlatform.Common/Utilities/FakesUtilities.cs:line 272
TpTrace Verbose: 0 : 17724, 1, 2024/02/16, 16:36:35.534, 1688466759684, vstest.console.dll, TestPluginCache.DiscoverTestExtensions: finding test extensions in assemblies ends with: TestLogger.dll TPluginInfo: Microsoft.VisualStudio.TestPlatform.Common.ExtensionFramework.Utilities.TestLoggerPluginInformation TExtension: Microsoft.VisualStudio.TestPlatform.ObjectModel.Client.ITestLogger
TpTrace Verbose: 0 : 17724, 1, 2024/02/16, 16:36:35.535, 1688466761605, vstest.console.dll, TestPluginCache.GetExtensionPaths: Filtered extension paths: 
TpTrace Verbose: 0 : 17724, 1, 2024/02/16, 16:36:35.535, 1688466762524, vstest.console.dll, TestPluginCache.GetExtensionPaths: Added default extension paths: C:\Program Files\dotnet\sdk\8.0.200\Extensions\Microsoft.Diagnostics.NETCore.Client.dll
C:\Program Files\dotnet\sdk\8.0.200\Extensions\Microsoft.TestPlatform.Extensions.BlameDataCollector.dll
C:\Program Files\dotnet\sdk\8.0.200\Extensions\Microsoft.TestPlatform.Extensions.EventLogCollector.dll
C:\Program Files\dotnet\sdk\8.0.200\Extensions\Microsoft.TestPlatform.TestHostRuntimeProvider.dll
C:\Program Files\dotnet\sdk\8.0.200\Extensions\Microsoft.VisualStudio.TestPlatform.Extensions.Html.TestLogger.dll
C:\Program Files\dotnet\sdk\8.0.200\Extensions\Microsoft.VisualStudio.TestPlatform.Extensions.Trx.TestLogger.dll
TpTrace Verbose: 0 : 17724, 1, 2024/02/16, 16:36:35.535, 1688466764173, vstest.console.dll, TestPluginCache.GetExtensionPaths: Added unfilterableExtensionPaths: 
TpTrace Information: 0 : 17724, 1, 2024/02/16, 16:36:35.535, 1688466767588, vstest.console.dll, AssemblyResolver.AddSearchDirectories: Adding more searchDirectories C:\Program Files\dotnet\sdk\8.0.200\Extensions,C:\Program Files\dotnet\sdk\8.0.200
TpTrace Verbose: 0 : 17724, 1, 2024/02/16, 16:36:35.535, 1688466768726, vstest.console.dll, TestPluginCache.DiscoverTestExtensions: Discovering the extensions using extension path.
TpTrace Verbose: 0 : 17724, 1, 2024/02/16, 16:36:35.535, 1688466769613, vstest.console.dll, TestPluginCache.GetExtensionPaths: Filtered extension paths: 
TpTrace Verbose: 0 : 17724, 1, 2024/02/16, 16:36:35.535, 1688466770610, vstest.console.dll, TestPluginCache.GetExtensionPaths: Added default extension paths: C:\Program Files\dotnet\sdk\8.0.200\Extensions\Microsoft.Diagnostics.NETCore.Client.dll
C:\Program Files\dotnet\sdk\8.0.200\Extensions\Microsoft.TestPlatform.Extensions.BlameDataCollector.dll
C:\Program Files\dotnet\sdk\8.0.200\Extensions\Microsoft.TestPlatform.Extensions.EventLogCollector.dll
C:\Program Files\dotnet\sdk\8.0.200\Extensions\Microsoft.TestPlatform.TestHostRuntimeProvider.dll
C:\Program Files\dotnet\sdk\8.0.200\Extensions\Microsoft.VisualStudio.TestPlatform.Extensions.Html.TestLogger.dll
C:\Program Files\dotnet\sdk\8.0.200\Extensions\Microsoft.VisualStudio.TestPlatform.Extensions.Trx.TestLogger.dll
TpTrace Verbose: 0 : 17724, 1, 2024/02/16, 16:36:35.535, 1688466771328, vstest.console.dll, TestPluginCache.GetExtensionPaths: Added unfilterableExtensionPaths: 
TpTrace Verbose: 0 : 17724, 1, 2024/02/16, 16:36:35.536, 1688466772241, vstest.console.dll, TestPluginCache.DiscoverTestExtensions: Discovering the extensions using allExtensionPaths: C:\Program Files\dotnet\sdk\8.0.200\Extensions\Microsoft.Diagnostics.NETCore.Client.dll
C:\Program Files\dotnet\sdk\8.0.200\Extensions\Microsoft.TestPlatform.Extensions.BlameDataCollector.dll
C:\Program Files\dotnet\sdk\8.0.200\Extensions\Microsoft.TestPlatform.Extensions.EventLogCollector.dll
C:\Program Files\dotnet\sdk\8.0.200\Extensions\Microsoft.TestPlatform.TestHostRuntimeProvider.dll
C:\Program Files\dotnet\sdk\8.0.200\Extensions\Microsoft.VisualStudio.TestPlatform.Extensions.Html.TestLogger.dll
C:\Program Files\dotnet\sdk\8.0.200\Extensions\Microsoft.VisualStudio.TestPlatform.Extensions.Trx.TestLogger.dll
TpTrace Information: 0 : 17724, 1, 2024/02/16, 16:36:35.536, 1688466773676, vstest.console.dll, AssemblyResolver.AddSearchDirectories: Adding more searchDirectories C:\Program Files\dotnet\sdk\8.0.200\Extensions,C:\Program Files\dotnet\sdk\8.0.200
TpTrace Information: 0 : 17724, 1, 2024/02/16, 16:36:35.536, 1688466774781, vstest.console.dll, AssemblyResolver.AddSearchDirectories: Adding more searchDirectories C:\Program Files\dotnet\sdk\8.0.200\Extensions,C:\Program Files\dotnet\sdk\8.0.200
TpTrace Information: 0 : 17724, 1, 2024/02/16, 16:36:35.536, 1688466775587, vstest.console.dll, AssemblyResolver.AddSearchDirectories: Adding more searchDirectories C:\Program Files\dotnet\sdk\8.0.200\Extensions,C:\Program Files\dotnet\sdk\8.0.200
TpTrace Information: 0 : 17724, 1, 2024/02/16, 16:36:35.536, 1688466776342, vstest.console.dll, AssemblyResolver.AddSearchDirectories: Adding more searchDirectories C:\Program Files\dotnet\sdk\8.0.200\Extensions,C:\Program Files\dotnet\sdk\8.0.200
TpTrace Information: 0 : 17724, 1, 2024/02/16, 16:36:35.536, 1688466777230, vstest.console.dll, AssemblyResolver.AddSearchDirectories: Adding more searchDirectories C:\Program Files\dotnet\sdk\8.0.200\Extensions,C:\Program Files\dotnet\sdk\8.0.200
TpTrace Information: 0 : 17724, 1, 2024/02/16, 16:36:35.536, 1688466778020, vstest.console.dll, AssemblyResolver.AddSearchDirectories: Adding more searchDirectories C:\Program Files\dotnet\sdk\8.0.200\Extensions,C:\Program Files\dotnet\sdk\8.0.200
TpTrace Verbose: 0 : 17724, 1, 2024/02/16, 16:36:35.536, 1688466780288, vstest.console.dll, MetadataReaderExtensionsHelper: Discovering extensions inside assembly 'Microsoft.Diagnostics.NETCore.Client, Version=0.2.9.2401, Culture=neutral, PublicKeyToken=31bf3856ad364e35' file path 'C:\Program Files\dotnet\sdk\8.0.200\Extensions\Microsoft.Diagnostics.NETCore.Client.dll'
TpTrace Information: 0 : 17724, 1, 2024/02/16, 16:36:35.538, 1688466798786, vstest.console.dll, AssemblyResolver.OnResolve: Microsoft.Bcl.AsyncInterfaces: Resolving assembly.
TpTrace Information: 0 : 17724, 1, 2024/02/16, 16:36:35.538, 1688466800054, vstest.console.dll, AssemblyResolver.OnResolve: Microsoft.Bcl.AsyncInterfaces: Resolved from cache.
TpTrace Verbose: 0 : 17724, 1, 2024/02/16, 16:36:35.538, 1688466800873, vstest.console.dll, CurrentDomainAssemblyResolve: Resolving assembly 'Microsoft.Bcl.AsyncInterfaces'.
TpTrace Information: 0 : 17724, 1, 2024/02/16, 16:36:35.539, 1688466801928, vstest.console.dll, AssemblyResolver.OnResolve: Microsoft.Bcl.AsyncInterfaces: Resolving assembly.
TpTrace Information: 0 : 17724, 1, 2024/02/16, 16:36:35.539, 1688466802705, vstest.console.dll, AssemblyResolver.OnResolve: Microsoft.Bcl.AsyncInterfaces: Resolved from cache.
TpTrace Verbose: 0 : 17724, 1, 2024/02/16, 16:36:35.539, 1688466803627, vstest.console.dll, CurrentDomainAssemblyResolve: Resolving assembly 'Microsoft.Bcl.AsyncInterfaces'.
TpTrace Verbose: 0 : 17724, 1, 2024/02/16, 16:36:35.539, 1688466804363, vstest.console.dll, CurrentDomainAssemblyResolve: Failed to resolve assembly 'Microsoft.Bcl.AsyncInterfaces'.
TpTrace Verbose: 0 : 17724, 1, 2024/02/16, 16:36:35.539, 1688466807211, vstest.console.dll, CurrentDomainAssemblyResolve: Failed to resolve assembly 'Microsoft.Bcl.AsyncInterfaces'.
TpTrace Warning: 0 : 17724, 1, 2024/02/16, 16:36:35.540, 1688466814150, vstest.console.dll, TestPluginDiscoverer: Failed to get types from assembly 'Microsoft.Diagnostics.NETCore.Client, Version=0.2.9.2401, Culture=neutral, PublicKeyToken=31bf3856ad364e35'. Error: System.Reflection.ReflectionTypeLoadException: Unable to load one or more of the requested types.
Could not load file or assembly 'Microsoft.Bcl.AsyncInterfaces, Version=6.0.0.0, Culture=neutral, PublicKeyToken=cc7b13ffcd2ddd51'. The system cannot find the file specified.
   at System.Reflection.RuntimeModule.GetTypes(RuntimeModule module)
   at System.Reflection.RuntimeModule.GetTypes()
   at Microsoft.VisualStudio.TestPlatform.Common.ExtensionFramework.TestPluginDiscoverer.GetTestExtensionsFromAssembly[TPluginInfo,TExtension](Assembly assembly, Dictionary`2 pluginInfos, String filePath) in /_/src/Microsoft.TestPlatform.Common/ExtensionFramework/TestPluginDiscoverer.cs:line 158
System.IO.FileNotFoundException: Could not load file or assembly 'Microsoft.Bcl.AsyncInterfaces, Version=6.0.0.0, Culture=neutral, PublicKeyToken=cc7b13ffcd2ddd51'. The system cannot find the file specified.
File name: 'Microsoft.Bcl.AsyncInterfaces, Version=6.0.0.0, Culture=neutral, PublicKeyToken=cc7b13ffcd2ddd51'
 ---> System.IO.FileNotFoundException: Could not load file or assembly 'Microsoft.Bcl.AsyncInterfaces, Culture=neutral, PublicKeyToken=null'. The system cannot find the file specified.
File name: 'Microsoft.Bcl.AsyncInterfaces, Culture=neutral, PublicKeyToken=null'
   at System.Reflection.RuntimeAssembly.InternalLoad(AssemblyName assemblyName, StackCrawlMark& stackMark, AssemblyLoadContext assemblyLoadContext, RuntimeAssembly requestingAssembly, Boolean throwOnFileNotFound)
   at System.Reflection.Assembly.Load(AssemblyName assemblyRef)
   at Microsoft.VisualStudio.TestPlatform.Common.ExtensionFramework.TestPluginCache.CurrentDomainAssemblyResolve(Object sender, AssemblyResolveEventArgs args) in /_/src/Microsoft.TestPlatform.Common/ExtensionFramework/TestPluginCache.cs:line 513
   at System.Runtime.Loader.AssemblyLoadContext.GetFirstResolvedAssemblyFromResolvingEvent(AssemblyName assemblyName)
   at System.Runtime.Loader.AssemblyLoadContext.ResolveUsingEvent(AssemblyName assemblyName)
   at System.Runtime.Loader.AssemblyLoadContext.ResolveUsingResolvingEvent(IntPtr gchManagedAssemblyLoadContext, AssemblyName assemblyName)
TpTrace Warning: 0 : 17724, 1, 2024/02/16, 16:36:35.540, 1688466817764, vstest.console.dll, LoaderExceptions: System.IO.FileNotFoundException: Could not load file or assembly 'Microsoft.Bcl.AsyncInterfaces, Version=6.0.0.0, Culture=neutral, PublicKeyToken=cc7b13ffcd2ddd51'. The system cannot find the file specified.
File name: 'Microsoft.Bcl.AsyncInterfaces, Version=6.0.0.0, Culture=neutral, PublicKeyToken=cc7b13ffcd2ddd51'
 ---> System.IO.FileNotFoundException: Could not load file or assembly 'Microsoft.Bcl.AsyncInterfaces, Culture=neutral, PublicKeyToken=null'. The system cannot find the file specified.
File name: 'Microsoft.Bcl.AsyncInterfaces, Culture=neutral, PublicKeyToken=null'
   at System.Reflection.RuntimeAssembly.InternalLoad(AssemblyName assemblyName, StackCrawlMark& stackMark, AssemblyLoadContext assemblyLoadContext, RuntimeAssembly requestingAssembly, Boolean throwOnFileNotFound)
   at System.Reflection.Assembly.Load(AssemblyName assemblyRef)
   at Microsoft.VisualStudio.TestPlatform.Common.ExtensionFramework.TestPluginCache.CurrentDomainAssemblyResolve(Object sender, AssemblyResolveEventArgs args) in /_/src/Microsoft.TestPlatform.Common/ExtensionFramework/TestPluginCache.cs:line 513
   at System.Runtime.Loader.AssemblyLoadContext.GetFirstResolvedAssemblyFromResolvingEvent(AssemblyName assemblyName)
   at System.Runtime.Loader.AssemblyLoadContext.ResolveUsingEvent(AssemblyName assemblyName)
   at System.Runtime.Loader.AssemblyLoadContext.ResolveUsingResolvingEvent(IntPtr gchManagedAssemblyLoadContext, AssemblyName assemblyName)
TpTrace Verbose: 0 : 17724, 1, 2024/02/16, 16:36:35.540, 1688466819601, vstest.console.dll, MetadataReaderExtensionsHelper: Discovering extensions inside assembly 'Microsoft.TestPlatform.Extensions.BlameDataCollector, Version=15.0.0.0, Culture=neutral, PublicKeyToken=b03f5f7f11d50a3a' file path 'C:\Program Files\dotnet\sdk\8.0.200\Extensions\Microsoft.TestPlatform.Extensions.BlameDataCollector.dll'
TpTrace Information: 0 : 17724, 1, 2024/02/16, 16:36:35.542, 1688466831720, vstest.console.dll, GetTestExtensionFromType: Register extension with identifier data 'logger://Microsoft/TestPlatform/Extensions/Blame/v1' and type 'Microsoft.TestPlatform.Extensions.BlameDataCollector.BlameLogger, Microsoft.TestPlatform.Extensions.BlameDataCollector, Version=15.0.0.0, Culture=neutral, PublicKeyToken=b03f5f7f11d50a3a' inside file 'C:\Program Files\dotnet\sdk\8.0.200\Extensions\Microsoft.TestPlatform.Extensions.BlameDataCollector.dll'
TpTrace Verbose: 0 : 17724, 1, 2024/02/16, 16:36:35.542, 1688466833327, vstest.console.dll, MetadataReaderExtensionsHelper: Discovering extensions inside assembly 'Microsoft.TestPlatform.Extensions.EventLogCollector, Version=15.0.0.0, Culture=neutral, PublicKeyToken=b03f5f7f11d50a3a' file path 'C:\Program Files\dotnet\sdk\8.0.200\Extensions\Microsoft.TestPlatform.Extensions.EventLogCollector.dll'
TpTrace Verbose: 0 : 17724, 1, 2024/02/16, 16:36:35.543, 1688466843458, vstest.console.dll, MetadataReaderExtensionsHelper: Discovering extensions inside assembly 'Microsoft.TestPlatform.TestHostRuntimeProvider, Version=15.0.0.0, Culture=neutral, PublicKeyToken=b03f5f7f11d50a3a' file path 'C:\Program Files\dotnet\sdk\8.0.200\Extensions\Microsoft.TestPlatform.TestHostRuntimeProvider.dll'
TpTrace Verbose: 0 : 17724, 1, 2024/02/16, 16:36:35.544, 1688466853826, vstest.console.dll, MetadataReaderExtensionsHelper: Discovering extensions inside assembly 'Microsoft.VisualStudio.TestPlatform.Extensions.Html.TestLogger, Version=15.0.0.0, Culture=neutral, PublicKeyToken=b03f5f7f11d50a3a' file path 'C:\Program Files\dotnet\sdk\8.0.200\Extensions\Microsoft.VisualStudio.TestPlatform.Extensions.Html.TestLogger.dll'
TpTrace Information: 0 : 17724, 1, 2024/02/16, 16:36:35.545, 1688466867876, vstest.console.dll, GetTestExtensionFromType: Register extension with identifier data 'logger://Microsoft/TestPlatform/HtmlLogger/v1' and type 'Microsoft.VisualStudio.TestPlatform.Extensions.HtmlLogger.HtmlLogger, Microsoft.VisualStudio.TestPlatform.Extensions.Html.TestLogger, Version=15.0.0.0, Culture=neutral, PublicKeyToken=b03f5f7f11d50a3a' inside file 'C:\Program Files\dotnet\sdk\8.0.200\Extensions\Microsoft.VisualStudio.TestPlatform.Extensions.Html.TestLogger.dll'
TpTrace Verbose: 0 : 17724, 1, 2024/02/16, 16:36:35.545, 1688466869319, vstest.console.dll, MetadataReaderExtensionsHelper: Discovering extensions inside assembly 'Microsoft.VisualStudio.TestPlatform.Extensions.Trx.TestLogger, Version=15.0.0.0, Culture=neutral, PublicKeyToken=b03f5f7f11d50a3a' file path 'C:\Program Files\dotnet\sdk\8.0.200\Extensions\Microsoft.VisualStudio.TestPlatform.Extensions.Trx.TestLogger.dll'
TpTrace Information: 0 : 17724, 1, 2024/02/16, 16:36:35.546, 1688466880643, vstest.console.dll, GetTestExtensionFromType: Register extension with identifier data 'logger://Microsoft/TestPlatform/TrxLogger/v1' and type 'Microsoft.VisualStudio.TestPlatform.Extensions.TrxLogger.TrxLogger, Microsoft.VisualStudio.TestPlatform.Extensions.Trx.TestLogger, Version=15.0.0.0, Culture=neutral, PublicKeyToken=b03f5f7f11d50a3a' inside file 'C:\Program Files\dotnet\sdk\8.0.200\Extensions\Microsoft.VisualStudio.TestPlatform.Extensions.Trx.TestLogger.dll'
TpTrace Verbose: 0 : 17724, 1, 2024/02/16, 16:36:35.547, 1688466882169, vstest.console.dll, TestPluginCache: Discovered the extensions using extension path ''.
TpTrace Verbose: 0 : 17724, 1, 2024/02/16, 16:36:35.547, 1688466883008, vstest.console.dll, TestPluginCache: Discoverers are ''.
TpTrace Verbose: 0 : 17724, 1, 2024/02/16, 16:36:35.547, 1688466884052, vstest.console.dll, TestPluginCache: Executors are ''.
TpTrace Verbose: 0 : 17724, 1, 2024/02/16, 16:36:35.547, 1688466884809, vstest.console.dll, TestPluginCache: Executors2 are ''.
TpTrace Verbose: 0 : 17724, 1, 2024/02/16, 16:36:35.547, 1688466886019, vstest.console.dll, TestPluginCache: Setting providers are ''.
TpTrace Verbose: 0 : 17724, 1, 2024/02/16, 16:36:35.547, 1688466888287, vstest.console.dll, TestPluginCache: Loggers are 'logger://Microsoft/TestPlatform/Extensions/Blame/v1,logger://Microsoft/TestPlatform/HtmlLogger/v1,logger://Microsoft/TestPlatform/TrxLogger/v1'.
TpTrace Verbose: 0 : 17724, 1, 2024/02/16, 16:36:35.547, 1688466889525, vstest.console.dll, TestPluginCache: TestHosts are 'HostProvider://DefaultTestHost,HostProvider://DotnetTestHost'.
TpTrace Verbose: 0 : 17724, 1, 2024/02/16, 16:36:35.547, 1688466890312, vstest.console.dll, TestPluginCache: DataCollectors are ''.
TpTrace Information: 0 : 17724, 1, 2024/02/16, 16:36:35.549, 1688466905607, vstest.console.dll, TestPluginManager.CreateTestExtension: Attempting to load test extension: Microsoft.TestPlatform.Extensions.BlameDataCollector.BlameLogger
TpTrace Verbose: 0 : 17724, 1, 2024/02/16, 16:36:35.563, 1688467045343, vstest.console.dll, TestEngine: Initializing Parallel Execution as MaxCpuCount is set to: 1
TpTrace Information: 0 : 17724, 1, 2024/02/16, 16:36:35.566, 1688467073477, vstest.console.dll, TestPluginManager.CreateTestExtension: Attempting to load test extension: Microsoft.VisualStudio.TestPlatform.CrossPlatEngine.Hosting.DefaultTestHostManager
TpTrace Information: 0 : 17724, 1, 2024/02/16, 16:36:35.568, 1688467095409, vstest.console.dll, TestPluginManager.CreateTestExtension: Attempting to load test extension: Microsoft.VisualStudio.TestPlatform.CrossPlatEngine.Hosting.DotnetTestHostManager
TpTrace Information: 0 : 17724, 1, 2024/02/16, 16:36:35.569, 1688467106628, vstest.console.dll, InferRunSettingsHelper.IsTestSettingsEnabled: Unable to navigate to RunSettings/MSTest. Current node: RunSettings
TpTrace Verbose: 0 : 17724, 1, 2024/02/16, 16:36:35.570, 1688467119642, vstest.console.dll, ParallelOperationManager.ClearSlots: Clearing all slots. Slots should accept more work: True
TpTrace Verbose: 0 : 17724, 1, 2024/02/16, 16:36:35.572, 1688467132426, vstest.console.dll, ParallelOperationManager.SetOccupiedSlotCount: Setting slot counts AvailableSlotCount = 3, OccupiedSlotCount = 0.
TpTrace Verbose: 0 : 17724, 1, 2024/02/16, 16:36:35.572, 1688467139339, vstest.console.dll, Occupied slots:

TpTrace Verbose: 0 : 17724, 1, 2024/02/16, 16:36:35.579, 1688467207346, vstest.console.dll, TestEngine.GetExecutionManager: Chosen execution manager 'Microsoft.VisualStudio.TestPlatform.CrossPlatEngine.Client.Parallel.ParallelProxyExecutionManager, Microsoft.TestPlatform.CrossPlatEngine, Version=15.0.0.0, Culture=neutral, PublicKeyToken=b03f5f7f11d50a3a' ParallelLevel '1'.
TpTrace Verbose: 0 : 17724, 1, 2024/02/16, 16:36:35.579, 1688467209555, vstest.console.dll, TestRunRequest.ExecuteAsync: Creating test run request.
TpTrace Verbose: 0 : 17724, 1, 2024/02/16, 16:36:35.580, 1688467213948, vstest.console.dll, TestRunRequest.ExecuteAsync: Starting.
TpTrace Information: 0 : 17724, 1, 2024/02/16, 16:36:35.582, 1688467238361, vstest.console.dll, TestRunRequest.ExecuteAsync: Starting run with settings:TestRunCriteria:
   KeepAlive=False,FrequencyOfRunStatsChangeEvent=10,RunStatsChangeEventTimeout=00:00:01.5000000,TestCaseFilter=,TestExecutorLauncher=
   Settingsxml=<RunSettings>
  <RunConfiguration>
    <ResultsDirectory>C:\Users\Lenovo\source\repos\Back-End Technologies Basics - 01.2024\11. Unit Testing with Mocking\ItemManagement\ItemManagementTests\bin\Debug\net6.0\fine-code-coverage\coverage-tool-output</ResultsDirectory>
    <TargetPlatform>X64</TargetPlatform>
    <TargetFrameworkVersion>.NETCoreApp,Version=v6.0</TargetFrameworkVersion>
    <DesignMode>False</DesignMode>
    <CollectSourceInformation>False</CollectSourceInformation>
  </RunConfiguration>
  <LoggerRunSettings>
    <Loggers>
      <Logger friendlyName="blame" enabled="True" />
      <Logger friendlyName="Console" uri="logger://microsoft/TestPlatform/ConsoleLogger/v1" assemblyQualifiedName="Microsoft.VisualStudio.TestPlatform.CommandLine.Internal.ConsoleLogger, vstest.console, Version=15.0.0.0, Culture=neutral, PublicKeyToken=b03f5f7f11d50a3a" codeBase="C:\Program Files\dotnet\sdk\8.0.200\vstest.console.dll" enabled="True" />
    </Loggers>
  </LoggerRunSettings>
  <DataCollectionRunSettings>
    <DataCollectors>
      <DataCollector friendlyName="blame" enabled="True">
        <Configuration>
          <ResultsDirectory>C:\Users\Lenovo\source\repos\Back-End Technologies Basics - 01.2024\11. Unit Testing with Mocking\ItemManagement\ItemManagementTests\bin\Debug\net6.0\fine-code-coverage\coverage-tool-output</ResultsDirectory>
        </Configuration>
      </DataCollector>
    </DataCollectors>
  </DataCollectionRunSettings>
</RunSettings>

TpTrace Verbose: 0 : 17724, 1, 2024/02/16, 16:36:35.582, 1688467239829, vstest.console.dll, TestRunRequest.ExecuteAsync: Wait for the first run request is over.
TpTrace Verbose: 0 : 17724, 1, 2024/02/16, 16:36:35.583, 1688467246113, vstest.console.dll, MulticastDelegateUtilities.SafeInvoke: TestRun.TestRunStart: Invoking callbacks was skipped because there are no subscribers.
TpTrace Verbose: 0 : 17724, 4, 2024/02/16, 16:36:35.583, 1688467248922, vstest.console.dll, MulticastDelegateUtilities.SafeInvoke: InternalTestLoggerEvents.SendTestRunStart: Invoking callback 1/1 for Microsoft.VisualStudio.TestPlatform.CommandLine.Internal.ConsoleLogger., took 0 ms.
TpTrace Verbose: 0 : 17724, 1, 2024/02/16, 16:36:35.585, 1688467267095, vstest.console.dll, ParallelProxyExecutionManager: Start execution. Total sources: 1
TpTrace Verbose: 0 : 17724, 1, 2024/02/16, 16:36:35.586, 1688467274290, vstest.console.dll, ParallelOperationManager.StartWork: Starting adding 1 workloads.
TpTrace Verbose: 0 : 17724, 1, 2024/02/16, 16:36:35.586, 1688467275926, vstest.console.dll, ParallelOperationManager.ClearSlots: Clearing all slots. Slots should accept more work: True
TpTrace Verbose: 0 : 17724, 1, 2024/02/16, 16:36:35.586, 1688467277516, vstest.console.dll, ParallelOperationManager.SetOccupiedSlotCount: Setting slot counts AvailableSlotCount = 3, OccupiedSlotCount = 0.
TpTrace Verbose: 0 : 17724, 1, 2024/02/16, 16:36:35.586, 1688467278516, vstest.console.dll, Occupied slots:

TpTrace Verbose: 0 : 17724, 1, 2024/02/16, 16:36:35.589, 1688467306002, vstest.console.dll, TestRequestSender is acting as server.
TpTrace Verbose: 0 : 17724, 1, 2024/02/16, 16:36:35.591, 1688467327074, vstest.console.dll, ParallelOperationManager.RunWorkInParallel: Adding 1 workload to slot, remaining workloads 0.
TpTrace Verbose: 0 : 17724, 1, 2024/02/16, 16:36:35.591, 1688467328370, vstest.console.dll, ParallelOperationManager.SetOccupiedSlotCount: Setting slot counts AvailableSlotCount = 2, OccupiedSlotCount = 1.
TpTrace Verbose: 0 : 17724, 1, 2024/02/16, 16:36:35.591, 1688467330623, vstest.console.dll, Occupied slots:
0: C:\Users\Lenovo\source\repos\Back-End Technologies Basics - 01.2024\11. Unit Testing with Mocking\ItemManagement\ItemManagementTests\bin\Debug\net6.0\fine-code-coverage\build-output\ItemManagementTests.dll
TpTrace Verbose: 0 : 17724, 1, 2024/02/16, 16:36:35.594, 1688467351705, vstest.console.dll, ParallelOperationManager.RunWorkInParallel: Started host in slot number 0 for work (source): C:\Users\Lenovo\source\repos\Back-End Technologies Basics - 01.2024\11. Unit Testing with Mocking\ItemManagement\ItemManagementTests\bin\Debug\net6.0\fine-code-coverage\build-output\ItemManagementTests.dll.
TpTrace Verbose: 0 : 17724, 1, 2024/02/16, 16:36:35.595, 1688467366613, vstest.console.dll, ParallelOperationManager.RunWorkInParallel: We started 1 work items, which is the max parallel level. Won't start more work.
TpTrace Verbose: 0 : 17724, 1, 2024/02/16, 16:36:35.595, 1688467367956, vstest.console.dll, ParallelOperationManager.RunWorkInParallel: We started 1 work items in here, returning True.
TpTrace Information: 0 : 17724, 1, 2024/02/16, 16:36:35.595, 1688467368797, vstest.console.dll, TestRunRequest.ExecuteAsync: Started.
TpTrace Verbose: 0 : 17724, 5, 2024/02/16, 16:36:35.595, 1688467370631, vstest.console.dll, ParallelProxyExecutionManager.StartTestRunOnConcurrentManager: Initializing uninitialized client. Started clients: 0
TpTrace Verbose: 0 : 17724, 5, 2024/02/16, 16:36:35.596, 1688467373384, vstest.console.dll, DataCollectionRequestSender.InitializeCommunication : Initialize communication. 
TpTrace Verbose: 0 : 17724, 1, 2024/02/16, 16:36:35.596, 1688467380701, vstest.console.dll, TestRunRequest.WaitForCompletion: Waiting with timeout -1.
TpTrace Information: 0 : 17724, 5, 2024/02/16, 16:36:35.613, 1688467542734, vstest.console.dll, Listening on Endpoint : 127.0.0.1:55592
TpTrace Verbose: 0 : 17724, 5, 2024/02/16, 16:36:35.624, 1688467656523, vstest.console.dll, DotnetDataCollectionLauncher: Adding  --runtimeconfig "C:\Program Files\dotnet\sdk\8.0.200\datacollector.runtimeconfig.json" in args
TpTrace Verbose: 0 : 17724, 5, 2024/02/16, 16:36:35.624, 1688467659601, vstest.console.dll, DotnetDataCollectionLauncher: Adding  --depsfile "C:\Program Files\dotnet\sdk\8.0.200\datacollector.deps.json" in args
TpTrace Verbose: 0 : 17724, 5, 2024/02/16, 16:36:35.625, 1688467664175, vstest.console.dll, DotnetDataCollectionLauncher: Full path of dotnet.exe is C:\Program Files\dotnet\dotnet.exe
TpTrace Information: 0 : 17724, 5, 2024/02/16, 16:36:35.638, 1688467797935, vstest.console.dll, ProxyDataCollectionManager.Initialize: Launched datacollector processId: 9084 port: 55592
TpTrace Information: 0 : 17724, 5, 2024/02/16, 16:36:35.638, 1688467800155, vstest.console.dll, ProxyDataCollectionManager.Initialize: waiting for connection with timeout: 90 seconds
TpTrace Verbose: 0 : 17724, 5, 2024/02/16, 16:36:35.638, 1688467801285, vstest.console.dll, DataCollectionRequestSender.WaitForRequestHandlerConnection : Waiting for connection with timeout: 90000
TpTrace Information: 0 : 17724, 7, 2024/02/16, 16:36:35.928, 1688470692326, vstest.console.dll, Using the buffer size of 16384 bytes
TpTrace Verbose: 0 : 17724, 5, 2024/02/16, 16:36:35.928, 1688470692657, vstest.console.dll, SocketCommunicationManager.WaitForClientConnection took: 289 ms, with 90000 ms timeout, and finished with True.
TpTrace Information: 0 : 17724, 7, 2024/02/16, 16:36:35.928, 1688470694326, vstest.console.dll, Accepted Client request and set the flag
TpTrace Verbose: 0 : 17724, 5, 2024/02/16, 16:36:35.928, 1688470696555, vstest.console.dll, ProxyDataCollectionManager.InvokeDataCollectionServiceAction: Starting.
TpTrace Information: 0 : 17724, 5, 2024/02/16, 16:36:35.928, 1688470698278, vstest.console.dll, ProxyDataCollectionManager.BeforeTestRunStart: Get environment variable and port for datacollector processId: 9084 port: 55592
TpTrace Verbose: 0 : 17724, 5, 2024/02/16, 16:36:35.928, 1688470700831, vstest.console.dll, DataCollectionRequestSender.SendBeforeTestRunStartAndGetResult: Send BeforeTestRunStart message with settingsXml <RunSettings><RunConfiguration><ResultsDirectory>C:\Users\Lenovo\source\repos\Back-End Technologies Basics - 01.2024\11. Unit Testing with Mocking\ItemManagement\ItemManagementTests\bin\Debug\net6.0\fine-code-coverage\coverage-tool-output</ResultsDirectory><TargetPlatform>X64</TargetPlatform><TargetFrameworkVersion>.NETCoreApp,Version=v6.0</TargetFrameworkVersion><DesignMode>False</DesignMode><CollectSourceInformation>False</CollectSourceInformation><TestAdaptersPaths>C:\Program Files\dotnet\sdk\8.0.200\Extensions</TestAdaptersPaths></RunConfiguration><LoggerRunSettings><Loggers><Logger friendlyName="blame" enabled="True" /><Logger friendlyName="Console" uri="logger://microsoft/TestPlatform/ConsoleLogger/v1" assemblyQualifiedName="Microsoft.VisualStudio.TestPlatform.CommandLine.Internal.ConsoleLogger, vstest.console, Version=15.0.0.0, Culture=neutral, PublicKeyToken=b03f5f7f11d50a3a" codeBase="C:\Program Files\dotnet\sdk\8.0.200\vstest.console.dll" enabled="True" /></Loggers></LoggerRunSettings><DataCollectionRunSettings><DataCollectors><DataCollector friendlyName="blame" enabled="True"><Configuration><ResultsDirectory>C:\Users\Lenovo\source\repos\Back-End Technologies Basics - 01.2024\11. Unit Testing with Mocking\ItemManagement\ItemManagementTests\bin\Debug\net6.0\fine-code-coverage\coverage-tool-output</ResultsDirectory></Configuration></DataCollector></DataCollectors></DataCollectionRunSettings></RunSettings> and sources System.Collections.Generic.List`1[System.String]: 
TpTrace Verbose: 0 : 17724, 5, 2024/02/16, 16:36:36.030, 1688471715199, vstest.console.dll, DataCollectionRequestSender.SendBeforeTestRunStartAndGetResult: Received message: (DataCollection.SendMessage) -> {"MessageType":"DataCollection.SendMessage","Payload":{"FriendlyName":null,"Uri":null,"TestCaseId":"00000000-0000-0000-0000-000000000000","Message":"Logging DataCollector Diagnostics in file: C:\\Users\\Lenovo\\source\\repos\\Back-End Technologies Basics - 01.2024\\11. Unit Testing with Mocking\\ItemManagement\\ItemManagementTests\\bin\\Debug\\net6.0\\fine-code-coverage\\coverage-tool-output\\diagnostics.datacollector.24-02-16_16-36-35_62400_5.log","Level":0}}
TpTrace Verbose: 0 : 17724, 5, 2024/02/16, 16:36:36.201, 1688473423151, vstest.console.dll, DataCollectionRequestSender.SendBeforeTestRunStartAndGetResult: Received message: (DataCollection.BeforeTestRunStartResult) -> {"MessageType":"DataCollection.BeforeTestRunStartResult","Payload":{"EnvironmentVariables":{},"DataCollectionEventsPort":55596}}
TpTrace Information: 0 : 17724, 5, 2024/02/16, 16:36:36.209, 1688473505359, vstest.console.dll, ProxyDataCollectionManager.BeforeTestRunStart: SendBeforeTestRunStartAndGetResult successful, env variable from datacollector:   and testhost port: 55596
TpTrace Information: 0 : 17724, 5, 2024/02/16, 16:36:36.209, 1688473506949, vstest.console.dll, ProxyDataCollectionManager.InvokeDataCollectionServiceAction: Completed.
TpTrace Verbose: 0 : 17724, 5, 2024/02/16, 16:36:36.209, 1688473507990, vstest.console.dll, ParallelProxyExecutionManager.StartTestRunOnConcurrentManager: Initializing test run. Started clients: 0
TpTrace Verbose: 0 : 17724, 5, 2024/02/16, 16:36:36.209, 1688473509737, vstest.console.dll, ProxyExecutionManager: Test host is always Lazy initialize.
TpTrace Verbose: 0 : 17724, 5, 2024/02/16, 16:36:36.210, 1688473513835, vstest.console.dll, TestRequestSender.InitializeCommunication: initialize communication. 
TpTrace Information: 0 : 17724, 5, 2024/02/16, 16:36:36.211, 1688473523733, vstest.console.dll, SocketServer.Start: Listening on endpoint : 127.0.0.1:55597
TpTrace Verbose: 0 : 17724, 5, 2024/02/16, 16:36:36.212, 1688473536837, vstest.console.dll, DotnetTestHostmanager.GetTestHostProcessStartInfo: Platform environment 'X64' target architecture 'X64' framework '.NETCoreApp,Version=v6.0' OS 'Windows'
TpTrace Verbose: 0 : 17724, 5, 2024/02/16, 16:36:36.213, 1688473542013, vstest.console.dll, DotnetTestHostmanager: Adding  --runtimeconfig "C:\Users\Lenovo\source\repos\Back-End Technologies Basics - 01.2024\11. Unit Testing with Mocking\ItemManagement\ItemManagementTests\bin\Debug\net6.0\fine-code-coverage\build-output\ItemManagementTests.runtimeconfig.json" in args
TpTrace Verbose: 0 : 17724, 5, 2024/02/16, 16:36:36.213, 1688473545406, vstest.console.dll, DotnetTestHostmanager: Adding  --depsfile "C:\Users\Lenovo\source\repos\Back-End Technologies Basics - 01.2024\11. Unit Testing with Mocking\ItemManagement\ItemManagementTests\bin\Debug\net6.0\fine-code-coverage\build-output\ItemManagementTests.deps.json" in args
TpTrace Verbose: 0 : 17724, 5, 2024/02/16, 16:36:36.213, 1688473549006, vstest.console.dll, DotnetTestHostmanager.IsWinOnArm: Current PROCESSOR_ARCHITECTURE from environment variable 'AMD64'
TpTrace Verbose: 0 : 17724, 5, 2024/02/16, 16:36:36.214, 1688473551526, vstest.console.dll, DotnetTestHostmanager.IsWinOnArm: Is Windows on ARM 'False'
TpTrace Verbose: 0 : 17724, 5, 2024/02/16, 16:36:36.214, 1688473555672, vstest.console.dll, DotnetTestHostManager: testhost.exe found at path: C:\Users\Lenovo\source\repos\Back-End Technologies Basics - 01.2024\11. Unit Testing with Mocking\ItemManagement\ItemManagementTests\bin\Debug\net6.0\fine-code-coverage\build-output\testhost.exe
TpTrace Verbose: 0 : 17724, 5, 2024/02/16, 16:36:36.214, 1688473557323, vstest.console.dll, DotnetTestHostmanager: Full path of host exe is C:\Users\Lenovo\source\repos\Back-End Technologies Basics - 01.2024\11. Unit Testing with Mocking\ItemManagement\ItemManagementTests\bin\Debug\net6.0\fine-code-coverage\build-output\testhost.exe
TpTrace Verbose: 0 : 17724, 5, 2024/02/16, 16:36:36.214, 1688473560183, vstest.console.dll, DotnetTestHostmanager.LaunchTestHostAsync: Found 'VSTEST_WINAPPHOST_DOTNET_ROOT' in env variables, value 'C:\Program Files\dotnet', forwarding to 'DOTNET_ROOT'
TpTrace Verbose: 0 : 17724, 5, 2024/02/16, 16:36:36.215, 1688473563092, vstest.console.dll, DotnetTestHostManager: Starting process 'C:\Users\Lenovo\source\repos\Back-End Technologies Basics - 01.2024\11. Unit Testing with Mocking\ItemManagement\ItemManagementTests\bin\Debug\net6.0\fine-code-coverage\build-output\testhost.exe' with command line ' --runtimeconfig "C:\Users\Lenovo\source\repos\Back-End Technologies Basics - 01.2024\11. Unit Testing with Mocking\ItemManagement\ItemManagementTests\bin\Debug\net6.0\fine-code-coverage\build-output\ItemManagementTests.runtimeconfig.json" --depsfile "C:\Users\Lenovo\source\repos\Back-End Technologies Basics - 01.2024\11. Unit Testing with Mocking\ItemManagement\ItemManagementTests\bin\Debug\net6.0\fine-code-coverage\build-output\ItemManagementTests.deps.json" --port 55597 --endpoint 127.0.0.1:055597 --role client --parentprocessid 17724 --diag "C:\Users\Lenovo\source\repos\Back-End Technologies Basics - 01.2024\11. Unit Testing with Mocking\ItemManagement\ItemManagementTests\bin\Debug\net6.0\fine-code-coverage\coverage-tool-output\diagnostics.host.24-02-16_16-36-36_21188_5.log" --tracelevel 4 --datacollectionport 55596 --telemetryoptedin false'
TpTrace Verbose: 0 : 17724, 5, 2024/02/16, 16:36:36.226, 1688473679615, vstest.console.dll, MulticastDelegateUtilities.SafeInvoke: HostProviderEvents.OnHostLaunched: Invoking callback 1/2 for Microsoft.VisualStudio.TestPlatform.CrossPlatEngine.Client.ProxyExecutionManagerWithDataCollection., took 1 ms.
TpTrace Verbose: 0 : 17724, 5, 2024/02/16, 16:36:36.227, 1688473684985, vstest.console.dll, Test Runtime launched
TpTrace Verbose: 0 : 17724, 5, 2024/02/16, 16:36:36.227, 1688473686446, vstest.console.dll, MulticastDelegateUtilities.SafeInvoke: HostProviderEvents.OnHostLaunched: Invoking callback 2/2 for Microsoft.VisualStudio.TestPlatform.CrossPlatEngine.Client.ProxyOperationManager., took 0 ms.
TpTrace Verbose: 0 : 17724, 5, 2024/02/16, 16:36:36.227, 1688473688844, vstest.console.dll, TestRequestSender.WaitForRequestHandlerConnection: waiting for connection with timeout: 90000.
TpTrace Verbose: 0 : 17724, 11, 2024/02/16, 16:36:36.558, 1688476992622, vstest.console.dll, MulticastDelegateUtilities.SafeInvoke: SocketServer: ClientConnected: Invoking callback 1/1 for Microsoft.VisualStudio.TestPlatform.CommunicationUtilities.TestRequestSender., took 0 ms.
TpTrace Verbose: 0 : 17724, 5, 2024/02/16, 16:36:36.558, 1688476992580, vstest.console.dll, TestRequestSender.WaitForRequestHandlerConnection: waiting took 330 ms, with timeout 90000 ms, and result 0, which is success.
TpTrace Verbose: 0 : 17724, 11, 2024/02/16, 16:36:36.558, 1688476995019, vstest.console.dll, SocketServer.OnClientConnected: Client connected for endPoint: 127.0.0.1:55597, starting MessageLoopAsync:
TpTrace Verbose: 0 : 17724, 13, 2024/02/16, 16:36:36.559, 1688477005365, vstest.console.dll, TcpClientExtensions.MessageLoopAsync: Polling on remoteEndPoint: 127.0.0.1:55598 localEndPoint: 127.0.0.1:55597 after 0 ms
TpTrace Verbose: 0 : 17724, 5, 2024/02/16, 16:36:36.560, 1688477015858, vstest.console.dll, TestRequestSender.CheckVersionWithTestHost: Sending check version message: {"MessageType":"ProtocolVersion","Payload":7}
TpTrace Verbose: 0 : 17724, 13, 2024/02/16, 16:36:36.852, 1688479932753, vstest.console.dll, TcpClientExtensions.MessageLoopAsync: NotifyDataAvailable remoteEndPoint: 127.0.0.1:55598 localEndPoint: 127.0.0.1:55597
TpTrace Verbose: 0 : 17724, 13, 2024/02/16, 16:36:36.852, 1688479937922, vstest.console.dll, TestRequestSender.CheckVersionWithTestHost: onMessageReceived received message: (ProtocolVersion) -> {"MessageType":"ProtocolVersion","Payload":7}
TpTrace Verbose: 0 : 17724, 13, 2024/02/16, 16:36:36.853, 1688479949419, vstest.console.dll, MulticastDelegateUtilities.SafeInvoke: LengthPrefixCommunicationChannel: MessageReceived: Invoking callback 1/1 for Microsoft.VisualStudio.TestPlatform.CommunicationUtilities.TestRequestSender+<>c__DisplayClass29_0., took 1 ms.
TpTrace Verbose: 0 : 17724, 13, 2024/02/16, 16:36:36.853, 1688479951086, vstest.console.dll, TcpClientExtensions.MessageLoopAsync: Polling on remoteEndPoint: 127.0.0.1:55598 localEndPoint: 127.0.0.1:55597 after 294 ms
TpTrace Verbose: 0 : 17724, 5, 2024/02/16, 16:36:36.853, 1688479951401, vstest.console.dll, TestPluginCache.GetExtensionPaths: Filtered extension paths: 
TpTrace Verbose: 0 : 17724, 5, 2024/02/16, 16:36:36.854, 1688479953244, vstest.console.dll, TestPluginCache.GetExtensionPaths: Added default extension paths: C:\Program Files\dotnet\sdk\8.0.200\Extensions\Microsoft.Diagnostics.NETCore.Client.dll
C:\Program Files\dotnet\sdk\8.0.200\Extensions\Microsoft.TestPlatform.Extensions.BlameDataCollector.dll
C:\Program Files\dotnet\sdk\8.0.200\Extensions\Microsoft.TestPlatform.Extensions.EventLogCollector.dll
C:\Program Files\dotnet\sdk\8.0.200\Extensions\Microsoft.TestPlatform.TestHostRuntimeProvider.dll
C:\Program Files\dotnet\sdk\8.0.200\Extensions\Microsoft.VisualStudio.TestPlatform.Extensions.Html.TestLogger.dll
C:\Program Files\dotnet\sdk\8.0.200\Extensions\Microsoft.VisualStudio.TestPlatform.Extensions.Trx.TestLogger.dll
TpTrace Verbose: 0 : 17724, 5, 2024/02/16, 16:36:36.854, 1688479954295, vstest.console.dll, TestPluginCache.GetExtensionPaths: Added unfilterableExtensionPaths: 
TpTrace Verbose: 0 : 17724, 5, 2024/02/16, 16:36:36.860, 1688480017677, vstest.console.dll, TestRequestSender.InitializeExecution: Sending initialize execution with message: {"Version":7,"MessageType":"TestExecution.Initialize","Payload":["C:\\Users\\Lenovo\\source\\repos\\Back-End Technologies Basics - 01.2024\\11. Unit Testing with Mocking\\ItemManagement\\ItemManagementTests\\bin\\Debug\\net6.0\\fine-code-coverage\\build-output\\NUnit3.TestAdapter.dll"]}
TpTrace Verbose: 0 : 17724, 5, 2024/02/16, 16:36:36.860, 1688480020436, vstest.console.dll, ParallelProxyExecutionManager.StartTestRunOnConcurrentManager: Execution starting. Started clients: 1
TpTrace Verbose: 0 : 17724, 5, 2024/02/16, 16:36:36.861, 1688480025531, vstest.console.dll, TestRunRequest:SendTestRunMessage: Starting.
TpTrace Verbose: 0 : 17724, 5, 2024/02/16, 16:36:36.861, 1688480028298, vstest.console.dll, MulticastDelegateUtilities.SafeInvoke: TestRun.LogMessages: Invoking callback 1/1 for Microsoft.VisualStudio.TestPlatform.CommandLine.TestRunResultAggregator., took 0 ms.
TpTrace Information: 0 : 17724, 5, 2024/02/16, 16:36:36.861, 1688480029335, vstest.console.dll, TestRunRequest:SendTestRunMessage: Completed.
TpTrace Verbose: 0 : 17724, 4, 2024/02/16, 16:36:36.862, 1688480032199, vstest.console.dll, MulticastDelegateUtilities.SafeInvoke: InternalTestLoggerEvents.SendTestRunMessage: Invoking callback 1/1 for Microsoft.VisualStudio.TestPlatform.CommandLine.Internal.ConsoleLogger., took 0 ms.
TpTrace Warning: 0 : 17724, 5, 2024/02/16, 16:36:36.862, 1688480036467, vstest.console.dll, InferRunSettingsHelper.MakeRunsettingsCompatible: Removing the following settings: TargetPlatform from RunSettings file. To use those settings please move to latest version of Microsoft.NET.Test.Sdk
TpTrace Verbose: 0 : 17724, 13, 2024/02/16, 16:36:36.863, 1688480047498, vstest.console.dll, TcpClientExtensions.MessageLoopAsync: NotifyDataAvailable remoteEndPoint: 127.0.0.1:55598 localEndPoint: 127.0.0.1:55597
TpTrace Verbose: 0 : 17724, 13, 2024/02/16, 16:36:36.864, 1688480054155, vstest.console.dll, TestRequestSender.OnExecutionMessageReceived: Received message: {"Version":7,"MessageType":"TestSession.Message","Payload":{"MessageLevel":0,"Message":"Logging TestHost Diagnostics in file: C:\\Users\\Lenovo\\source\\repos\\Back-End Technologies Basics - 01.2024\\11. Unit Testing with Mocking\\ItemManagement\\ItemManagementTests\\bin\\Debug\\net6.0\\fine-code-coverage\\coverage-tool-output\\diagnostics.host.24-02-16_16-36-36_21188_5.log"}}
TpTrace Verbose: 0 : 17724, 13, 2024/02/16, 16:36:36.869, 1688480103541, vstest.console.dll, TestRunRequest:SendTestRunMessage: Starting.
TpTrace Verbose: 0 : 17724, 13, 2024/02/16, 16:36:36.869, 1688480105709, vstest.console.dll, MulticastDelegateUtilities.SafeInvoke: TestRun.LogMessages: Invoking callback 1/1 for Microsoft.VisualStudio.TestPlatform.CommandLine.TestRunResultAggregator., took 0 ms.
TpTrace Verbose: 0 : 17724, 4, 2024/02/16, 16:36:36.869, 1688480106006, vstest.console.dll, MulticastDelegateUtilities.SafeInvoke: InternalTestLoggerEvents.SendTestRunMessage: Invoking callback 1/1 for Microsoft.VisualStudio.TestPlatform.CommandLine.Internal.ConsoleLogger., took 0 ms.
TpTrace Information: 0 : 17724, 13, 2024/02/16, 16:36:36.869, 1688480106853, vstest.console.dll, TestRunRequest:SendTestRunMessage: Completed.
TpTrace Verbose: 0 : 17724, 13, 2024/02/16, 16:36:36.869, 1688480109346, vstest.console.dll, MulticastDelegateUtilities.SafeInvoke: LengthPrefixCommunicationChannel: MessageReceived: Invoking callback 1/1 for Microsoft.VisualStudio.TestPlatform.CommunicationUtilities.TestRequestSender+<>c__DisplayClass34_0., took 5 ms.
TpTrace Verbose: 0 : 17724, 13, 2024/02/16, 16:36:36.869, 1688480110337, vstest.console.dll, TcpClientExtensions.MessageLoopAsync: Polling on remoteEndPoint: 127.0.0.1:55598 localEndPoint: 127.0.0.1:55597 after 15 ms
TpTrace Verbose: 0 : 17724, 5, 2024/02/16, 16:36:36.875, 1688480167897, vstest.console.dll, TestRequestSender.StartTestRun: Sending test run with message: {"Version":7,"MessageType":"TestExecution.StartWithSources","Payload":{"AdapterSourceMap":{"_none_":["C:\\Users\\Lenovo\\source\\repos\\Back-End Technologies Basics - 01.2024\\11. Unit Testing with Mocking\\ItemManagement\\ItemManagementTests\\bin\\Debug\\net6.0\\fine-code-coverage\\build-output\\ItemManagementTests.dll"]},"RunSettings":"<RunSettings>\r\n  <RunConfiguration>\r\n    <ResultsDirectory>C:\\Users\\Lenovo\\source\\repos\\Back-End Technologies Basics - 01.2024\\11. Unit Testing with Mocking\\ItemManagement\\ItemManagementTests\\bin\\Debug\\net6.0\\fine-code-coverage\\coverage-tool-output</ResultsDirectory>\r\n    <TargetFrameworkVersion>.NETCoreApp,Version=v6.0</TargetFrameworkVersion>\r\n    <DesignMode>False</DesignMode>\r\n    <CollectSourceInformation>False</CollectSourceInformation>\r\n  </RunConfiguration>\r\n  <LoggerRunSettings>\r\n    <Loggers>\r\n      <Logger friendlyName=\"blame\" enabled=\"True\" />\r\n      <Logger friendlyName=\"Console\" uri=\"logger://microsoft/TestPlatform/ConsoleLogger/v1\" assemblyQualifiedName=\"Microsoft.VisualStudio.TestPlatform.CommandLine.Internal.ConsoleLogger, vstest.console, Version=15.0.0.0, Culture=neutral, PublicKeyToken=b03f5f7f11d50a3a\" codeBase=\"C:\\Program Files\\dotnet\\sdk\\8.0.200\\vstest.console.dll\" enabled=\"True\" />\r\n    </Loggers>\r\n  </LoggerRunSettings>\r\n  <DataCollectionRunSettings>\r\n    <DataCollectors>\r\n      <DataCollector friendlyName=\"blame\" enabled=\"True\">\r\n        <Configuration>\r\n          <ResultsDirectory>C:\\Users\\Lenovo\\source\\repos\\Back-End Technologies Basics - 01.2024\\11. Unit Testing with Mocking\\ItemManagement\\ItemManagementTests\\bin\\Debug\\net6.0\\fine-code-coverage\\coverage-tool-output</ResultsDirectory>\r\n        </Configuration>\r\n      </DataCollector>\r\n    </DataCollectors>\r\n  </DataCollectionRunSettings>\r\n</RunSettings>","TestExecutionContext":{"FrequencyOfRunStatsChangeEvent":10,"RunStatsChangeEventTimeout":"00:00:01.5000000","InIsolation":false,"KeepAlive":false,"AreTestCaseLevelEventsRequired":false,"IsDebug":false,"TestCaseFilter":null,"FilterOptions":null},"Package":null}}
TpTrace Verbose: 0 : 17724, 5, 2024/02/16, 16:36:36.875, 1688480170280, vstest.console.dll, ParallelProxyExecutionManager.StartTestRunOnConcurrentManager: Execution started. Started clients: 1
TpTrace Verbose: 0 : 17724, 13, 2024/02/16, 16:36:37.258, 1688483996428, vstest.console.dll, TcpClientExtensions.MessageLoopAsync: NotifyDataAvailable remoteEndPoint: 127.0.0.1:55598 localEndPoint: 127.0.0.1:55597
TpTrace Verbose: 0 : 17724, 13, 2024/02/16, 16:36:37.258, 1688483999214, vstest.console.dll, TestRequestSender.OnExecutionMessageReceived: Received message: {"Version":7,"MessageType":"TestSession.Message","Payload":{"MessageLevel":0,"Message":"NUnit Adapter 4.5.0.0: Test execution started"}}
TpTrace Verbose: 0 : 17724, 13, 2024/02/16, 16:36:37.259, 1688484002398, vstest.console.dll, TestRunRequest:SendTestRunMessage: Starting.
TpTrace Verbose: 0 : 17724, 13, 2024/02/16, 16:36:37.259, 1688484004025, vstest.console.dll, MulticastDelegateUtilities.SafeInvoke: TestRun.LogMessages: Invoking callback 1/1 for Microsoft.VisualStudio.TestPlatform.CommandLine.TestRunResultAggregator., took 0 ms.
TpTrace Verbose: 0 : 17724, 4, 2024/02/16, 16:36:37.259, 1688484004749, vstest.console.dll, MulticastDelegateUtilities.SafeInvoke: InternalTestLoggerEvents.SendTestRunMessage: Invoking callback 1/1 for Microsoft.VisualStudio.TestPlatform.CommandLine.Internal.ConsoleLogger., took 0 ms.
TpTrace Information: 0 : 17724, 13, 2024/02/16, 16:36:37.259, 1688484004870, vstest.console.dll, TestRunRequest:SendTestRunMessage: Completed.
TpTrace Verbose: 0 : 17724, 13, 2024/02/16, 16:36:37.259, 1688484007195, vstest.console.dll, MulticastDelegateUtilities.SafeInvoke: LengthPrefixCommunicationChannel: MessageReceived: Invoking callback 1/1 for Microsoft.VisualStudio.TestPlatform.CommunicationUtilities.TestRequestSender+<>c__DisplayClass34_0., took 0 ms.
TpTrace Verbose: 0 : 17724, 13, 2024/02/16, 16:36:37.259, 1688484008202, vstest.console.dll, TcpClientExtensions.MessageLoopAsync: Polling on remoteEndPoint: 127.0.0.1:55598 localEndPoint: 127.0.0.1:55597 after 389 ms
TpTrace Verbose: 0 : 17724, 13, 2024/02/16, 16:36:37.322, 1688484635979, vstest.console.dll, TcpClientExtensions.MessageLoopAsync: NotifyDataAvailable remoteEndPoint: 127.0.0.1:55598 localEndPoint: 127.0.0.1:55597
TpTrace Verbose: 0 : 17724, 13, 2024/02/16, 16:36:37.322, 1688484638233, vstest.console.dll, TestRequestSender.OnExecutionMessageReceived: Received message: {"Version":7,"MessageType":"TestSession.Message","Payload":{"MessageLevel":0,"Message":"Running all tests in C:\\Users\\Lenovo\\source\\repos\\Back-End Technologies Basics - 01.2024\\11. Unit Testing with Mocking\\ItemManagement\\ItemManagementTests\\bin\\Debug\\net6.0\\fine-code-coverage\\build-output\\ItemManagementTests.dll"}}
TpTrace Verbose: 0 : 17724, 13, 2024/02/16, 16:36:37.322, 1688484640487, vstest.console.dll, TestRunRequest:SendTestRunMessage: Starting.
TpTrace Verbose: 0 : 17724, 13, 2024/02/16, 16:36:37.323, 1688484641947, vstest.console.dll, MulticastDelegateUtilities.SafeInvoke: TestRun.LogMessages: Invoking callback 1/1 for Microsoft.VisualStudio.TestPlatform.CommandLine.TestRunResultAggregator., took 0 ms.
TpTrace Verbose: 0 : 17724, 4, 2024/02/16, 16:36:37.323, 1688484642538, vstest.console.dll, MulticastDelegateUtilities.SafeInvoke: InternalTestLoggerEvents.SendTestRunMessage: Invoking callback 1/1 for Microsoft.VisualStudio.TestPlatform.CommandLine.Internal.ConsoleLogger., took 0 ms.
TpTrace Information: 0 : 17724, 13, 2024/02/16, 16:36:37.323, 1688484642925, vstest.console.dll, TestRunRequest:SendTestRunMessage: Completed.
TpTrace Verbose: 0 : 17724, 13, 2024/02/16, 16:36:37.323, 1688484645483, vstest.console.dll, MulticastDelegateUtilities.SafeInvoke: LengthPrefixCommunicationChannel: MessageReceived: Invoking callback 1/1 for Microsoft.VisualStudio.TestPlatform.CommunicationUtilities.TestRequestSender+<>c__DisplayClass34_0., took 0 ms.
TpTrace Verbose: 0 : 17724, 13, 2024/02/16, 16:36:37.323, 1688484646503, vstest.console.dll, TcpClientExtensions.MessageLoopAsync: Polling on remoteEndPoint: 127.0.0.1:55598 localEndPoint: 127.0.0.1:55597 after 63 ms
TpTrace Verbose: 0 : 17724, 13, 2024/02/16, 16:36:37.667, 1688488082713, vstest.console.dll, TcpClientExtensions.MessageLoopAsync: NotifyDataAvailable remoteEndPoint: 127.0.0.1:55598 localEndPoint: 127.0.0.1:55597
TpTrace Verbose: 0 : 17724, 13, 2024/02/16, 16:36:37.667, 1688488085678, vstest.console.dll, TestRequestSender.OnExecutionMessageReceived: Received message: {"Version":7,"MessageType":"TestSession.Message","Payload":{"MessageLevel":0,"Message":"   NUnit3TestExecutor discovered 18 of 18 NUnit test cases using Current Discovery mode, Non-Explicit run"}}
TpTrace Verbose: 0 : 17724, 13, 2024/02/16, 16:36:37.667, 1688488087738, vstest.console.dll, TestRunRequest:SendTestRunMessage: Starting.
TpTrace Verbose: 0 : 17724, 13, 2024/02/16, 16:36:37.667, 1688488089212, vstest.console.dll, MulticastDelegateUtilities.SafeInvoke: TestRun.LogMessages: Invoking callback 1/1 for Microsoft.VisualStudio.TestPlatform.CommandLine.TestRunResultAggregator., took 0 ms.
TpTrace Information: 0 : 17724, 13, 2024/02/16, 16:36:37.667, 1688488090071, vstest.console.dll, TestRunRequest:SendTestRunMessage: Completed.
TpTrace Verbose: 0 : 17724, 13, 2024/02/16, 16:36:37.667, 1688488090856, vstest.console.dll, MulticastDelegateUtilities.SafeInvoke: LengthPrefixCommunicationChannel: MessageReceived: Invoking callback 1/1 for Microsoft.VisualStudio.TestPlatform.CommunicationUtilities.TestRequestSender+<>c__DisplayClass34_0., took 0 ms.
TpTrace Verbose: 0 : 17724, 4, 2024/02/16, 16:36:37.667, 1688488089652, vstest.console.dll, MulticastDelegateUtilities.SafeInvoke: InternalTestLoggerEvents.SendTestRunMessage: Invoking callback 1/1 for Microsoft.VisualStudio.TestPlatform.CommandLine.Internal.ConsoleLogger., took 0 ms.
TpTrace Verbose: 0 : 17724, 13, 2024/02/16, 16:36:37.668, 1688488091670, vstest.console.dll, TcpClientExtensions.MessageLoopAsync: Polling on remoteEndPoint: 127.0.0.1:55598 localEndPoint: 127.0.0.1:55597 after 344 ms
TpTrace Verbose: 0 : 17724, 13, 2024/02/16, 16:36:38.095, 1688492368813, vstest.console.dll, TcpClientExtensions.MessageLoopAsync: NotifyDataAvailable remoteEndPoint: 127.0.0.1:55598 localEndPoint: 127.0.0.1:55597
TpTrace Verbose: 0 : 17724, 13, 2024/02/16, 16:36:38.096, 1688492374997, vstest.console.dll, TestRequestSender.OnExecutionMessageReceived: Received message: {"Version":7,"MessageType":"TestExecution.StatsChange","Payload":{"NewTestResults":[{"TestCase":{"Id":"1e741dce-a8cb-adb6-2891-4c9038403cc5","FullyQualifiedName":"ItemManagement.Tests.ItemServiceTests.AddItem_ShouldCallAddItemOnRepository","DisplayName":"AddItem_ShouldCallAddItemOnRepository","ExecutorUri":"executor://NUnit3TestExecutor","Source":"C:\\Users\\Lenovo\\source\\repos\\Back-End Technologies Basics - 01.2024\\11. Unit Testing with Mocking\\ItemManagement\\ItemManagementTests\\bin\\Debug\\net6.0\\fine-code-coverage\\build-output\\ItemManagementTests.dll","CodeFilePath":null,"LineNumber":0,"Properties":[{"Key":{"Id":"NUnit.Seed","Label":"Seed","Category":"","Description":"","Attributes":0,"ValueType":"System.String"},"Value":"1121931930"}]},"Attachments":[],"Outcome":1,"ErrorMessage":null,"ErrorStackTrace":null,"DisplayName":"AddItem_ShouldCallAddItemOnRepository","Messages":[],"ComputerName":"DESKTOP-23QTAUK","Duration":"00:00:00.2044120","StartTime":"2024-02-16T14:36:37.7397727+00:00","EndTime":"2024-02-16T14:36:37.9440522+00:00","Properties":[{"Key":{"Id":"NUnit.Seed","Label":"Seed","Category":"","Description":"","Attributes":0,"ValueType":"System.String"},"Value":"1121931930"}]},{"TestCase":{"Id":"383908c9-9154-4ce9-06a2-1c294c249432","FullyQualifiedName":"ItemManagement.Tests.ItemServiceTests.AddItem_ShouldThrowError_IfNameIsInvalid","DisplayName":"AddItem_ShouldThrowError_IfNameIsInvalid","ExecutorUri":"executor://NUnit3TestExecutor","Source":"C:\\Users\\Lenovo\\source\\repos\\Back-End Technologies Basics - 01.2024\\11. Unit Testing with Mocking\\ItemManagement\\ItemManagementTests\\bin\\Debug\\net6.0\\fine-code-coverage\\build-output\\ItemManagementTests.dll","CodeFilePath":null,"LineNumber":0,"Properties":[{"Key":{"Id":"NUnit.Seed","Label":"Seed","Category":"","Description":"","Attributes":0,"ValueType":"System.String"},"Value":"1946040659"}]},"Attachments":[],"Outcome":1,"ErrorMessage":null,"ErrorStackTrace":null,"DisplayName":"AddItem_ShouldThrowError_IfNameIsInvalid","Messages":[],"ComputerName":"DESKTOP-23QTAUK","Duration":"00:00:00.0133930","StartTime":"2024-02-16T14:36:37.9467771+00:00","EndTime":"2024-02-16T14:36:37.9601705+00:00","Properties":[{"Key":{"Id":"NUnit.Seed","Label":"Seed","Category":"","Description":"","Attributes":0,"ValueType":"System.String"},"Value":"1946040659"}]},{"TestCase":{"Id":"19a4f86b-ad0f-86a9-818e-873fc5237f89","FullyQualifiedName":"ItemManagement.Tests.ItemServiceTests.DeleteItem_ShouldCallDeleteItemOnRepository","DisplayName":"DeleteItem_ShouldCallDeleteItemOnRepository","ExecutorUri":"executor://NUnit3TestExecutor","Source":"C:\\Users\\Lenovo\\source\\repos\\Back-End Technologies Basics - 01.2024\\11. Unit Testing with Mocking\\ItemManagement\\ItemManagementTests\\bin\\Debug\\net6.0\\fine-code-coverage\\build-output\\ItemManagementTests.dll","CodeFilePath":null,"LineNumber":0,"Properties":[{"Key":{"Id":"NUnit.Seed","Label":"Seed","Category":"","Description":"","Attributes":0,"ValueType":"System.String"},"Value":"361912738"}]},"Attachments":[],"Outcome":1,"ErrorMessage":null,"ErrorStackTrace":null,"DisplayName":"DeleteItem_ShouldCallDeleteItemOnRepository","Messages":[],"ComputerName":"DESKTOP-23QTAUK","Duration":"00:00:00.0146940","StartTime":"2024-02-16T14:36:37.9603321+00:00","EndTime":"2024-02-16T14:36:37.9750257+00:00","Properties":[{"Key":{"Id":"NUnit.Seed","Label":"Seed","Category":"","Description":"","Attributes":0,"ValueType":"System.String"},"Value":"361912738"}]},{"TestCase":{"Id":"2e4ea3a6-defc-ed5e-92e7-17b1f97d49c5","FullyQualifiedName":"ItemManagement.Tests.ItemServiceTests.GetAllItems_ShouldReturnAllItems","DisplayName":"GetAllItems_ShouldReturnAllItems","ExecutorUri":"executor://NUnit3TestExecutor","Source":"C:\\Users\\Lenovo\\source\\repos\\Back-End Technologies Basics - 01.2024\\11. Unit Testing with Mocking\\ItemManagement\\ItemManagementTests\\bin\\Debug\\net6.0\\fine-code-coverage\\build-output\\ItemManagementTests.dll","CodeFilePath":null,"LineNumber":0,"Properties":[{"Key":{"Id":"NUnit.Seed","Label":"Seed","Category":"","Description":"","Attributes":0,"ValueType":"System.String"},"Value":"1153051506"}]},"Attachments":[],"Outcome":1,"ErrorMessage":null,"ErrorStackTrace":null,"DisplayName":"GetAllItems_ShouldReturnAllItems","Messages":[],"ComputerName":"DESKTOP-23QTAUK","Duration":"00:00:00.0271640","StartTime":"2024-02-16T14:36:37.9750498+00:00","EndTime":"2024-02-16T14:36:38.0022139+00:00","Properties":[{"Key":{"Id":"NUnit.Seed","Label":"Seed","Category":"","Description":"","Attributes":0,"ValueType":"System.String"},"Value":"1153051506"}]},{"TestCase":{"Id":"ee4bc207-77d8-caad-1378-89b16442e285","FullyQualifiedName":"ItemManagement.Tests.ItemServiceTests.GetItemByID_ShouldReturnItemByIDIfItemExists","DisplayName":"GetItemByID_ShouldReturnItemByIDIfItemExists","ExecutorUri":"executor://NUnit3TestExecutor","Source":"C:\\Users\\Lenovo\\source\\repos\\Back-End Technologies Basics - 01.2024\\11. Unit Testing with Mocking\\ItemManagement\\ItemManagementTests\\bin\\Debug\\net6.0\\fine-code-coverage\\build-output\\ItemManagementTests.dll","CodeFilePath":null,"LineNumber":0,"Properties":[{"Key":{"Id":"NUnit.Seed","Label":"Seed","Category":"","Description":"","Attributes":0,"ValueType":"System.String"},"Value":"1393862482"}]},"Attachments":[],"Outcome":1,"ErrorMessage":null,"ErrorStackTrace":null,"DisplayName":"GetItemByID_ShouldReturnItemByIDIfItemExists","Messages":[],"ComputerName":"DESKTOP-23QTAUK","Duration":"00:00:00.0042850","StartTime":"2024-02-16T14:36:38.0022429+00:00","EndTime":"2024-02-16T14:36:38.0065278+00:00","Properties":[{"Key":{"Id":"NUnit.Seed","Label":"Seed","Category":"","Description":"","Attributes":0,"ValueType":"System.String"},"Value":"1393862482"}]},{"TestCase":{"Id":"1df37a87-b6a5-dc58-ef4c-88a14156114f","FullyQualifiedName":"ItemManagement.Tests.ItemServiceTests.GetItemById_ShouldReturnNull_IfItemDoesNotExists","DisplayName":"GetItemById_ShouldReturnNull_IfItemDoesNotExists","ExecutorUri":"executor://NUnit3TestExecutor","Source":"C:\\Users\\Lenovo\\source\\repos\\Back-End Technologies Basics - 01.2024\\11. Unit Testing with Mocking\\ItemManagement\\ItemManagementTests\\bin\\Debug\\net6.0\\fine-code-coverage\\build-output\\ItemManagementTests.dll","CodeFilePath":null,"LineNumber":0,"Properties":[{"Key":{"Id":"NUnit.Seed","Label":"Seed","Category":"","Description":"","Attributes":0,"ValueType":"System.String"},"Value":"1604329233"}]},"Attachments":[],"Outcome":1,"ErrorMessage":null,"ErrorStackTrace":null,"DisplayName":"GetItemById_ShouldReturnNull_IfItemDoesNotExists","Messages":[],"ComputerName":"DESKTOP-23QTAUK","Duration":"00:00:00.0044600","StartTime":"2024-02-16T14:36:38.0065545+00:00","EndTime":"2024-02-16T14:36:38.0110147+00:00","Properties":[{"Key":{"Id":"NUnit.Seed","Label":"Seed","Category":"","Description":"","Attributes":0,"ValueType":"System.String"},"Value":"1604329233"}]},{"TestCase":{"Id":"67af5577-f48d-934f-314c-902319bc027b","FullyQualifiedName":"ItemManagement.Tests.ItemServiceTests.UpdateItem_ShouldCallUpdateItemOnRepository","DisplayName":"UpdateItem_ShouldCallUpdateItemOnRepository","ExecutorUri":"executor://NUnit3TestExecutor","Source":"C:\\Users\\Lenovo\\source\\repos\\Back-End Technologies Basics - 01.2024\\11. Unit Testing with Mocking\\ItemManagement\\ItemManagementTests\\bin\\Debug\\net6.0\\fine-code-coverage\\build-output\\ItemManagementTests.dll","CodeFilePath":null,"LineNumber":0,"Properties":[{"Key":{"Id":"NUnit.Seed","Label":"Seed","Category":"","Description":"","Attributes":0,"ValueType":"System.String"},"Value":"1281863823"}]},"Attachments":[],"Outcome":1,"ErrorMessage":null,"ErrorStackTrace":null,"DisplayName":"UpdateItem_ShouldCallUpdateItemOnRepository","Messages":[],"ComputerName":"DESKTOP-23QTAUK","Duration":"00:00:00.0133360","StartTime":"2024-02-16T14:36:38.0110376+00:00","EndTime":"2024-02-16T14:36:38.0243734+00:00","Properties":[{"Key":{"Id":"NUnit.Seed","Label":"Seed","Category":"","Description":"","Attributes":0,"ValueType":"System.String"},"Value":"1281863823"}]},{"TestCase":{"Id":"9d6d8901-233d-c449-e49b-069694f0840e","FullyQualifiedName":"ItemManagement.Tests.ItemServiceTests.UpdateItem_ShouldNotUpdateItem_IfItemDoesNotExist","DisplayName":"UpdateItem_ShouldNotUpdateItem_IfItemDoesNotExist","ExecutorUri":"executor://NUnit3TestExecutor","Source":"C:\\Users\\Lenovo\\source\\repos\\Back-End Technologies Basics - 01.2024\\11. Unit Testing with Mocking\\ItemManagement\\ItemManagementTests\\bin\\Debug\\net6.0\\fine-code-coverage\\build-output\\ItemManagementTests.dll","CodeFilePath":null,"LineNumber":0,"Properties":[{"Key":{"Id":"NUnit.Seed","Label":"Seed","Category":"","Description":"","Attributes":0,"ValueType":"System.String"},"Value":"171469649"}]},"Attachments":[],"Outcome":1,"ErrorMessage":null,"ErrorStackTrace":null,"DisplayName":"UpdateItem_ShouldNotUpdateItem_IfItemDoesNotExist","Messages":[],"ComputerName":"DESKTOP-23QTAUK","Duration":"00:00:00.0037730","StartTime":"2024-02-16T14:36:38.0243966+00:00","EndTime":"2024-02-16T14:36:38.0281692+00:00","Properties":[{"Key":{"Id":"NUnit.Seed","Label":"Seed","Category":"","Description":"","Attributes":0,"ValueType":"System.String"},"Value":"171469649"}]},{"TestCase":{"Id":"2e73a16f-01ed-5212-2404-a7d60f830c26","FullyQualifiedName":"ItemManagement.Tests.ItemServiceTests.UpdateItem_ShouldThrowException_IfItemNameIsInvalid","DisplayName":"UpdateItem_ShouldThrowException_IfItemNameIsInvalid","ExecutorUri":"executor://NUnit3TestExecutor","Source":"C:\\Users\\Lenovo\\source\\repos\\Back-End Technologies Basics - 01.2024\\11. Unit Testing with Mocking\\ItemManagement\\ItemManagementTests\\bin\\Debug\\net6.0\\fine-code-coverage\\build-output\\ItemManagementTests.dll","CodeFilePath":null,"LineNumber":0,"Properties":[{"Key":{"Id":"NUnit.Seed","Label":"Seed","Category":"","Description":"","Attributes":0,"ValueType":"System.String"},"Value":"1032807745"}]},"Attachments":[],"Outcome":1,"ErrorMessage":null,"ErrorStackTrace":null,"DisplayName":"UpdateItem_ShouldThrowException_IfItemNameIsInvalid","Messages":[],"ComputerName":"DESKTOP-23QTAUK","Duration":"00:00:00.0041380","StartTime":"2024-02-16T14:36:38.0281912+00:00","EndTime":"2024-02-16T14:36:38.0323288+00:00","Properties":[{"Key":{"Id":"NUnit.Seed","Label":"Seed","Category":"","Description":"","Attributes":0,"ValueType":"System.String"},"Value":"1032807745"}]}],"TestRunStatistics":{"ExecutedTests":9,"Stats":{"Passed":9}},"ActiveTests":[{"Id":"77dc83c3-b211-b640-1711-cd12299deb44","FullyQualifiedName":"ItemManagement.Tests.ItemServiceTests.ValidateItemName_ShouldReutrnCorrectAnswer_IfItemNameIsValid(\"\",False)","DisplayName":"ValidateItemName_ShouldReutrnCorrectAnswer_IfItemNameIsValid(\"\",False)","ExecutorUri":"executor://NUnit3TestExecutor","Source":"C:\\Users\\Lenovo\\source\\repos\\Back-End Technologies Basics - 01.2024\\11. Unit Testing with Mocking\\ItemManagement\\ItemManagementTests\\bin\\Debug\\net6.0\\fine-code-coverage\\build-output\\ItemManagementTests.dll","CodeFilePath":null,"LineNumber":0,"Properties":[{"Key":{"Id":"NUnit.Seed","Label":"Seed","Category":"","Description":"","Attributes":0,"ValueType":"System.String"},"Value":"1615435406"}]}]}}
TpTrace Verbose: 0 : 17724, 13, 2024/02/16, 16:36:38.140, 1688492820766, vstest.console.dll, TestRunRequest:SendTestRunStatsChange: Starting.
TpTrace Verbose: 0 : 17724, 13, 2024/02/16, 16:36:38.141, 1688492823118, vstest.console.dll, InProgress is ValidateItemName_ShouldReutrnCorrectAnswer_IfItemNameIsValid("",False)
TpTrace Verbose: 0 : 17724, 13, 2024/02/16, 16:36:38.141, 1688492826782, vstest.console.dll, MulticastDelegateUtilities.SafeInvoke: TestRun.RunStatsChanged: Invoking callbacks was skipped because there are no subscribers.
TpTrace Information: 0 : 17724, 13, 2024/02/16, 16:36:38.141, 1688492827779, vstest.console.dll, TestRunRequest:SendTestRunStatsChange: Completed.
TpTrace Verbose: 0 : 17724, 13, 2024/02/16, 16:36:38.141, 1688492828786, vstest.console.dll, MulticastDelegateUtilities.SafeInvoke: LengthPrefixCommunicationChannel: MessageReceived: Invoking callback 1/1 for Microsoft.VisualStudio.TestPlatform.CommunicationUtilities.TestRequestSender+<>c__DisplayClass34_0., took 45 ms.
TpTrace Verbose: 0 : 17724, 13, 2024/02/16, 16:36:38.141, 1688492829688, vstest.console.dll, TcpClientExtensions.MessageLoopAsync: Polling on remoteEndPoint: 127.0.0.1:55598 localEndPoint: 127.0.0.1:55597 after 473 ms
TpTrace Verbose: 0 : 17724, 4, 2024/02/16, 16:36:38.145, 1688492863153, vstest.console.dll, MulticastDelegateUtilities.SafeInvoke: InternalTestLoggerEvents.SendTestResult: Invoking callback 1/1 for Microsoft.VisualStudio.TestPlatform.CommandLine.Internal.ConsoleLogger., took 3 ms.
TpTrace Verbose: 0 : 17724, 4, 2024/02/16, 16:36:38.145, 1688492868396, vstest.console.dll, MulticastDelegateUtilities.SafeInvoke: InternalTestLoggerEvents.SendTestResult: Invoking callback 1/1 for Microsoft.VisualStudio.TestPlatform.CommandLine.Internal.ConsoleLogger., took 0 ms.
TpTrace Verbose: 0 : 17724, 4, 2024/02/16, 16:36:38.145, 1688492869945, vstest.console.dll, MulticastDelegateUtilities.SafeInvoke: InternalTestLoggerEvents.SendTestResult: Invoking callback 1/1 for Microsoft.VisualStudio.TestPlatform.CommandLine.Internal.ConsoleLogger., took 0 ms.
TpTrace Verbose: 0 : 17724, 4, 2024/02/16, 16:36:38.145, 1688492871095, vstest.console.dll, MulticastDelegateUtilities.SafeInvoke: InternalTestLoggerEvents.SendTestResult: Invoking callback 1/1 for Microsoft.VisualStudio.TestPlatform.CommandLine.Internal.ConsoleLogger., took 0 ms.
TpTrace Verbose: 0 : 17724, 4, 2024/02/16, 16:36:38.146, 1688492872252, vstest.console.dll, MulticastDelegateUtilities.SafeInvoke: InternalTestLoggerEvents.SendTestResult: Invoking callback 1/1 for Microsoft.VisualStudio.TestPlatform.CommandLine.Internal.ConsoleLogger., took 0 ms.
TpTrace Verbose: 0 : 17724, 4, 2024/02/16, 16:36:38.146, 1688492873653, vstest.console.dll, MulticastDelegateUtilities.SafeInvoke: InternalTestLoggerEvents.SendTestResult: Invoking callback 1/1 for Microsoft.VisualStudio.TestPlatform.CommandLine.Internal.ConsoleLogger., took 0 ms.
TpTrace Verbose: 0 : 17724, 4, 2024/02/16, 16:36:38.146, 1688492874860, vstest.console.dll, MulticastDelegateUtilities.SafeInvoke: InternalTestLoggerEvents.SendTestResult: Invoking callback 1/1 for Microsoft.VisualStudio.TestPlatform.CommandLine.Internal.ConsoleLogger., took 0 ms.
TpTrace Verbose: 0 : 17724, 4, 2024/02/16, 16:36:38.146, 1688492876008, vstest.console.dll, MulticastDelegateUtilities.SafeInvoke: InternalTestLoggerEvents.SendTestResult: Invoking callback 1/1 for Microsoft.VisualStudio.TestPlatform.CommandLine.Internal.ConsoleLogger., took 0 ms.
TpTrace Verbose: 0 : 17724, 4, 2024/02/16, 16:36:38.146, 1688492877172, vstest.console.dll, MulticastDelegateUtilities.SafeInvoke: InternalTestLoggerEvents.SendTestResult: Invoking callback 1/1 for Microsoft.VisualStudio.TestPlatform.CommandLine.Internal.ConsoleLogger., took 0 ms.
TpTrace Verbose: 0 : 17724, 13, 2024/02/16, 16:36:38.159, 1688493005173, vstest.console.dll, TcpClientExtensions.MessageLoopAsync: NotifyDataAvailable remoteEndPoint: 127.0.0.1:55598 localEndPoint: 127.0.0.1:55597
TpTrace Verbose: 0 : 17724, 13, 2024/02/16, 16:36:38.159, 1688493008137, vstest.console.dll, TestRequestSender.OnExecutionMessageReceived: Received message: {"Version":7,"MessageType":"TestSession.Message","Payload":{"MessageLevel":0,"Message":"NUnit Adapter 4.5.0.0: Test execution complete"}}
TpTrace Verbose: 0 : 17724, 13, 2024/02/16, 16:36:38.159, 1688493010286, vstest.console.dll, TestRunRequest:SendTestRunMessage: Starting.
TpTrace Verbose: 0 : 17724, 13, 2024/02/16, 16:36:38.160, 1688493011562, vstest.console.dll, MulticastDelegateUtilities.SafeInvoke: TestRun.LogMessages: Invoking callback 1/1 for Microsoft.VisualStudio.TestPlatform.CommandLine.TestRunResultAggregator., took 0 ms.
TpTrace Verbose: 0 : 17724, 4, 2024/02/16, 16:36:38.160, 1688493012225, vstest.console.dll, MulticastDelegateUtilities.SafeInvoke: InternalTestLoggerEvents.SendTestRunMessage: Invoking callback 1/1 for Microsoft.VisualStudio.TestPlatform.CommandLine.Internal.ConsoleLogger., took 0 ms.
TpTrace Information: 0 : 17724, 13, 2024/02/16, 16:36:38.160, 1688493012303, vstest.console.dll, TestRunRequest:SendTestRunMessage: Completed.
TpTrace Verbose: 0 : 17724, 13, 2024/02/16, 16:36:38.160, 1688493014611, vstest.console.dll, MulticastDelegateUtilities.SafeInvoke: LengthPrefixCommunicationChannel: MessageReceived: Invoking callback 1/1 for Microsoft.VisualStudio.TestPlatform.CommunicationUtilities.TestRequestSender+<>c__DisplayClass34_0., took 0 ms.
TpTrace Verbose: 0 : 17724, 13, 2024/02/16, 16:36:38.160, 1688493015514, vstest.console.dll, TcpClientExtensions.MessageLoopAsync: Polling on remoteEndPoint: 127.0.0.1:55598 localEndPoint: 127.0.0.1:55597 after 18 ms
TpTrace Verbose: 0 : 17724, 13, 2024/02/16, 16:36:38.199, 1688493411370, vstest.console.dll, TcpClientExtensions.MessageLoopAsync: NotifyDataAvailable remoteEndPoint: 127.0.0.1:55598 localEndPoint: 127.0.0.1:55597
TpTrace Verbose: 0 : 17724, 13, 2024/02/16, 16:36:38.200, 1688493417791, vstest.console.dll, TestRequestSender.OnExecutionMessageReceived: Received message: {"Version":7,"MessageType":"TestExecution.Completed","Payload":{"TestRunCompleteArgs":{"TestRunStatistics":{"ExecutedTests":18,"Stats":{"Passed":18}},"IsCanceled":false,"IsAborted":false,"Error":null,"AttachmentSets":[],"InvokedDataCollectors":[],"ElapsedTimeInRunningTests":"00:00:00.9652555","Metrics":{},"DiscoveredExtensions":{"TestDiscoverers":["NUnit.VisualStudio.TestAdapter.NUnit3TestDiscoverer, NUnit3.TestAdapter, Version=4.5.0.0, Culture=neutral, PublicKeyToken=4cb40d35494691ac"],"TestExecutors":["executor://NUnit3TestExecutor"],"TestExecutors2":[],"TestSettingsProviders":[]}},"LastRunTests":{"NewTestResults":[{"TestCase":{"Id":"77dc83c3-b211-b640-1711-cd12299deb44","FullyQualifiedName":"ItemManagement.Tests.ItemServiceTests.ValidateItemName_ShouldReutrnCorrectAnswer_IfItemNameIsValid(\"\",False)","DisplayName":"ValidateItemName_ShouldReutrnCorrectAnswer_IfItemNameIsValid(\"\",False)","ExecutorUri":"executor://NUnit3TestExecutor","Source":"C:\\Users\\Lenovo\\source\\repos\\Back-End Technologies Basics - 01.2024\\11. Unit Testing with Mocking\\ItemManagement\\ItemManagementTests\\bin\\Debug\\net6.0\\fine-code-coverage\\build-output\\ItemManagementTests.dll","CodeFilePath":null,"LineNumber":0,"Properties":[{"Key":{"Id":"NUnit.Seed","Label":"Seed","Category":"","Description":"","Attributes":0,"ValueType":"System.String"},"Value":"1615435406"}]},"Attachments":[],"Outcome":1,"ErrorMessage":null,"ErrorStackTrace":null,"DisplayName":"ValidateItemName_ShouldReutrnCorrectAnswer_IfItemNameIsValid(\"\",False)","Messages":[],"ComputerName":"DESKTOP-23QTAUK","Duration":"00:00:00.0077840","StartTime":"2024-02-16T14:36:38.0323985+00:00","EndTime":"2024-02-16T14:36:38.0401824+00:00","Properties":[{"Key":{"Id":"NUnit.Seed","Label":"Seed","Category":"","Description":"","Attributes":0,"ValueType":"System.String"},"Value":"1615435406"}]},{"TestCase":{"Id":"95ea0f7f-f1f5-45a0-e200-c647ecb8e915","FullyQualifiedName":"ItemManagement.Tests.ItemServiceTests.ValidateItemName_ShouldReutrnCorrectAnswer_IfItemNameIsValid(null,False)","DisplayName":"ValidateItemName_ShouldReutrnCorrectAnswer_IfItemNameIsValid(null,False)","ExecutorUri":"executor://NUnit3TestExecutor","Source":"C:\\Users\\Lenovo\\source\\repos\\Back-End Technologies Basics - 01.2024\\11. Unit Testing with Mocking\\ItemManagement\\ItemManagementTests\\bin\\Debug\\net6.0\\fine-code-coverage\\build-output\\ItemManagementTests.dll","CodeFilePath":null,"LineNumber":0,"Properties":[{"Key":{"Id":"NUnit.Seed","Label":"Seed","Category":"","Description":"","Attributes":0,"ValueType":"System.String"},"Value":"798997592"}]},"Attachments":[],"Outcome":1,"ErrorMessage":null,"ErrorStackTrace":null,"DisplayName":"ValidateItemName_ShouldReutrnCorrectAnswer_IfItemNameIsValid(null,False)","Messages":[],"ComputerName":"DESKTOP-23QTAUK","Duration":"00:00:00.0001390","StartTime":"2024-02-16T14:36:38.0402067+00:00","EndTime":"2024-02-16T14:36:38.0403453+00:00","Properties":[{"Key":{"Id":"NUnit.Seed","Label":"Seed","Category":"","Description":"","Attributes":0,"ValueType":"System.String"},"Value":"798997592"}]},{"TestCase":{"Id":"20de67bb-dd91-0477-8e15-6eadb39272ef","FullyQualifiedName":"ItemManagement.Tests.ItemServiceTests.ValidateItemName_ShouldReutrnCorrectAnswer_IfItemNameIsValid(\"aaaaaaaaaaaaaaaaaaaaaaaaaaaaaa\",False)","DisplayName":"ValidateItemName_ShouldReutrnCorrectAnswer_IfItemNameIsValid(\"aaaaaaaaaaaaaaaaaaaaaaaaaaaaaa\",False)","ExecutorUri":"executor://NUnit3TestExecutor","Source":"C:\\Users\\Lenovo\\source\\repos\\Back-End Technologies Basics - 01.2024\\11. Unit Testing with Mocking\\ItemManagement\\ItemManagementTests\\bin\\Debug\\net6.0\\fine-code-coverage\\build-output\\ItemManagementTests.dll","CodeFilePath":null,"LineNumber":0,"Properties":[{"Key":{"Id":"NUnit.Seed","Label":"Seed","Category":"","Description":"","Attributes":0,"ValueType":"System.String"},"Value":"802879600"}]},"Attachments":[],"Outcome":1,"ErrorMessage":null,"ErrorStackTrace":null,"DisplayName":"ValidateItemName_ShouldReutrnCorrectAnswer_IfItemNameIsValid(\"aaaaaaaaaaaaaaaaaaaaaaaaaaaaaa\",False)","Messages":[],"ComputerName":"DESKTOP-23QTAUK","Duration":"00:00:00.0000790","StartTime":"2024-02-16T14:36:38.0403623+00:00","EndTime":"2024-02-16T14:36:38.0404413+00:00","Properties":[{"Key":{"Id":"NUnit.Seed","Label":"Seed","Category":"","Description":"","Attributes":0,"ValueType":"System.String"},"Value":"802879600"}]},{"TestCase":{"Id":"d4ab720d-9c68-5a01-e668-37fa4368de5a","FullyQualifiedName":"ItemManagement.Tests.ItemServiceTests.ValidateItemName_ShouldReutrnCorrectAnswer_IfItemNameIsValid(\"A\",True)","DisplayName":"ValidateItemName_ShouldReutrnCorrectAnswer_IfItemNameIsValid(\"A\",True)","ExecutorUri":"executor://NUnit3TestExecutor","Source":"C:\\Users\\Lenovo\\source\\repos\\Back-End Technologies Basics - 01.2024\\11. Unit Testing with Mocking\\ItemManagement\\ItemManagementTests\\bin\\Debug\\net6.0\\fine-code-coverage\\build-output\\ItemManagementTests.dll","CodeFilePath":null,"LineNumber":0,"Properties":[{"Key":{"Id":"NUnit.Seed","Label":"Seed","Category":"","Description":"","Attributes":0,"ValueType":"System.String"},"Value":"423479887"}]},"Attachments":[],"Outcome":1,"ErrorMessage":null,"ErrorStackTrace":null,"DisplayName":"ValidateItemName_ShouldReutrnCorrectAnswer_IfItemNameIsValid(\"A\",True)","Messages":[],"ComputerName":"DESKTOP-23QTAUK","Duration":"00:00:00.0000840","StartTime":"2024-02-16T14:36:38.0404568+00:00","EndTime":"2024-02-16T14:36:38.0405408+00:00","Properties":[{"Key":{"Id":"NUnit.Seed","Label":"Seed","Category":"","Description":"","Attributes":0,"ValueType":"System.String"},"Value":"423479887"}]},{"TestCase":{"Id":"0e0dbec3-2f13-a26c-4736-f9fc73adf55c","FullyQualifiedName":"ItemManagement.Tests.ItemServiceTests.ValidateItemName_ShouldReutrnCorrectAnswer_IfItemNameIsValid(\"SampleName\",True)","DisplayName":"ValidateItemName_ShouldReutrnCorrectAnswer_IfItemNameIsValid(\"SampleName\",True)","ExecutorUri":"executor://NUnit3TestExecutor","Source":"C:\\Users\\Lenovo\\source\\repos\\Back-End Technologies Basics - 01.2024\\11. Unit Testing with Mocking\\ItemManagement\\ItemManagementTests\\bin\\Debug\\net6.0\\fine-code-coverage\\build-output\\ItemManagementTests.dll","CodeFilePath":null,"LineNumber":0,"Properties":[{"Key":{"Id":"NUnit.Seed","Label":"Seed","Category":"","Description":"","Attributes":0,"ValueType":"System.String"},"Value":"1572988119"}]},"Attachments":[],"Outcome":1,"ErrorMessage":null,"ErrorStackTrace":null,"DisplayName":"ValidateItemName_ShouldReutrnCorrectAnswer_IfItemNameIsValid(\"SampleName\",True)","Messages":[],"ComputerName":"DESKTOP-23QTAUK","Duration":"00:00:00.0000670","StartTime":"2024-02-16T14:36:38.040556+00:00","EndTime":"2024-02-16T14:36:38.0406233+00:00","Properties":[{"Key":{"Id":"NUnit.Seed","Label":"Seed","Category":"","Description":"","Attributes":0,"ValueType":"System.String"},"Value":"1572988119"}]},{"TestCase":{"Id":"7e4bf03e-0afe-5902-83dc-2ddf12600cee","FullyQualifiedName":"ItemManagement.Tests.ItemServiceTests.ValidateItemName_ShouldReutrnCorrectAnswer_IfItemNameIsValid(\"Sample\",True)","DisplayName":"ValidateItemName_ShouldReutrnCorrectAnswer_IfItemNameIsValid(\"Sample\",True)","ExecutorUri":"executor://NUnit3TestExecutor","Source":"C:\\Users\\Lenovo\\source\\repos\\Back-End Technologies Basics - 01.2024\\11. Unit Testing with Mocking\\ItemManagement\\ItemManagementTests\\bin\\Debug\\net6.0\\fine-code-coverage\\build-output\\ItemManagementTests.dll","CodeFilePath":null,"LineNumber":0,"Properties":[{"Key":{"Id":"NUnit.Seed","Label":"Seed","Category":"","Description":"","Attributes":0,"ValueType":"System.String"},"Value":"1252966894"}]},"Attachments":[],"Outcome":1,"ErrorMessage":null,"ErrorStackTrace":null,"DisplayName":"ValidateItemName_ShouldReutrnCorrectAnswer_IfItemNameIsValid(\"Sample\",True)","Messages":[],"ComputerName":"DESKTOP-23QTAUK","Duration":"00:00:00.0000860","StartTime":"2024-02-16T14:36:38.040638+00:00","EndTime":"2024-02-16T14:36:38.040724+00:00","Properties":[{"Key":{"Id":"NUnit.Seed","Label":"Seed","Category":"","Description":"","Attributes":0,"ValueType":"System.String"},"Value":"1252966894"}]},{"TestCase":{"Id":"28bba16a-328b-795b-373a-75e72559f32a","FullyQualifiedName":"ItemManagement.Tests.ItemServiceTests.ValidateItemName_WhenNameIsEmpty_ShouldReturnFalse","DisplayName":"ValidateItemName_WhenNameIsEmpty_ShouldReturnFalse","ExecutorUri":"executor://NUnit3TestExecutor","Source":"C:\\Users\\Lenovo\\source\\repos\\Back-End Technologies Basics - 01.2024\\11. Unit Testing with Mocking\\ItemManagement\\ItemManagementTests\\bin\\Debug\\net6.0\\fine-code-coverage\\build-output\\ItemManagementTests.dll","CodeFilePath":null,"LineNumber":0,"Properties":[{"Key":{"Id":"NUnit.Seed","Label":"Seed","Category":"","Description":"","Attributes":0,"ValueType":"System.String"},"Value":"1499017865"}]},"Attachments":[],"Outcome":1,"ErrorMessage":null,"ErrorStackTrace":null,"DisplayName":"ValidateItemName_WhenNameIsEmpty_ShouldReturnFalse","Messages":[],"ComputerName":"DESKTOP-23QTAUK","Duration":"00:00:00.0007040","StartTime":"2024-02-16T14:36:38.0443635+00:00","EndTime":"2024-02-16T14:36:38.0450678+00:00","Properties":[{"Key":{"Id":"NUnit.Seed","Label":"Seed","Category":"","Description":"","Attributes":0,"ValueType":"System.String"},"Value":"1499017865"}]},{"TestCase":{"Id":"9b128291-a3f4-e515-aa81-0e4c68a6bdfc","FullyQualifiedName":"ItemManagement.Tests.ItemServiceTests.ValidateItemName_WhenNameIsTooLong_ShouldReturnFalse","DisplayName":"ValidateItemName_WhenNameIsTooLong_ShouldReturnFalse","ExecutorUri":"executor://NUnit3TestExecutor","Source":"C:\\Users\\Lenovo\\source\\repos\\Back-End Technologies Basics - 01.2024\\11. Unit Testing with Mocking\\ItemManagement\\ItemManagementTests\\bin\\Debug\\net6.0\\fine-code-coverage\\build-output\\ItemManagementTests.dll","CodeFilePath":null,"LineNumber":0,"Properties":[{"Key":{"Id":"NUnit.Seed","Label":"Seed","Category":"","Description":"","Attributes":0,"ValueType":"System.String"},"Value":"908874709"}]},"Attachments":[],"Outcome":1,"ErrorMessage":null,"ErrorStackTrace":null,"DisplayName":"ValidateItemName_WhenNameIsTooLong_ShouldReturnFalse","Messages":[],"ComputerName":"DESKTOP-23QTAUK","Duration":"00:00:00.0003310","StartTime":"2024-02-16T14:36:38.0450896+00:00","EndTime":"2024-02-16T14:36:38.0454201+00:00","Properties":[{"Key":{"Id":"NUnit.Seed","Label":"Seed","Category":"","Description":"","Attributes":0,"ValueType":"System.String"},"Value":"908874709"}]},{"TestCase":{"Id":"19212341-6d29-c2c2-9d52-52c0d25e8edb","FullyQualifiedName":"ItemManagement.Tests.ItemServiceTests.ValidateItemName_WhenNameIsValid_ShouldReturnTrue","DisplayName":"ValidateItemName_WhenNameIsValid_ShouldReturnTrue","ExecutorUri":"executor://NUnit3TestExecutor","Source":"C:\\Users\\Lenovo\\source\\repos\\Back-End Technologies Basics - 01.2024\\11. Unit Testing with Mocking\\ItemManagement\\ItemManagementTests\\bin\\Debug\\net6.0\\fine-code-coverage\\build-output\\ItemManagementTests.dll","CodeFilePath":null,"LineNumber":0,"Properties":[{"Key":{"Id":"NUnit.Seed","Label":"Seed","Category":"","Description":"","Attributes":0,"ValueType":"System.String"},"Value":"1445261106"}]},"Attachments":[],"Outcome":1,"ErrorMessage":null,"ErrorStackTrace":null,"DisplayName":"ValidateItemName_WhenNameIsValid_ShouldReturnTrue","Messages":[],"ComputerName":"DESKTOP-23QTAUK","Duration":"00:00:00.0005780","StartTime":"2024-02-16T14:36:38.0454401+00:00","EndTime":"2024-02-16T14:36:38.0460175+00:00","Properties":[{"Key":{"Id":"NUnit.Seed","Label":"Seed","Category":"","Description":"","Attributes":0,"ValueType":"System.String"},"Value":"1445261106"}]}],"TestRunStatistics":{"ExecutedTests":18,"Stats":{"Passed":18}},"ActiveTests":[]},"RunAttachments":[],"ExecutorUris":["executor://nunit3testexecutor/"]}}
TpTrace Verbose: 0 : 17724, 13, 2024/02/16, 16:36:38.201, 1688493422009, vstest.console.dll, TestRequestSender.EndSession: Sending end session.
TpTrace Verbose: 0 : 17724, 13, 2024/02/16, 16:36:38.201, 1688493424889, vstest.console.dll, ProxyOperationManager.Close: waiting for test host to exit for 100 ms
TpTrace Verbose: 0 : 17724, 7, 2024/02/16, 16:36:38.243, 1688493845160, vstest.console.dll, TestHostManagerCallbacks.ctor: Experimental forwarding output is disabled.
TpTrace Warning: 0 : 17724, 7, 2024/02/16, 16:36:38.243, 1688493846884, vstest.console.dll, TestHostManagerCallbacks.ErrorReceivedCallback Test host standard error line: 
TpTrace Verbose: 0 : 17724, 7, 2024/02/16, 16:36:38.257, 1688493988025, vstest.console.dll, TestHostProvider.ExitCallBack: Host exited starting callback.
TpTrace Information: 0 : 17724, 7, 2024/02/16, 16:36:38.257, 1688493990287, vstest.console.dll, TestHostManagerCallbacks.ExitCallBack: Testhost processId: 14396 exited with exitcode: 0 error: ''
TpTrace Verbose: 0 : 17724, 7, 2024/02/16, 16:36:38.257, 1688493991199, vstest.console.dll, DotnetTestHostManager.OnHostExited: invoking OnHostExited callback
TpTrace Verbose: 0 : 17724, 7, 2024/02/16, 16:36:38.258, 1688493992145, vstest.console.dll, CrossPlatEngine.TestHostManagerHostExited: calling on client process exit callback.
TpTrace Information: 0 : 17724, 7, 2024/02/16, 16:36:38.258, 1688493993387, vstest.console.dll, TestRequestSender.OnClientProcessExit: Test host process exited. Standard error: 
TpTrace Information: 0 : 17724, 13, 2024/02/16, 16:36:38.258, 1688493994198, vstest.console.dll, SocketServer.Stop: Stop server endPoint: 127.0.0.1:55597
TpTrace Information: 0 : 17724, 7, 2024/02/16, 16:36:38.258, 1688493994397, vstest.console.dll, SocketServer.Stop: Stop server endPoint: 127.0.0.1:55597
TpTrace Information: 0 : 17724, 13, 2024/02/16, 16:36:38.258, 1688493995582, vstest.console.dll, SocketServer.Stop: Cancellation requested. Stopping message loop.
TpTrace Information: 0 : 17724, 7, 2024/02/16, 16:36:38.258, 1688493996680, vstest.console.dll, SocketServer.Stop: Cancellation requested. Stopping message loop.
TpTrace Verbose: 0 : 17724, 7, 2024/02/16, 16:36:38.258, 1688493998988, vstest.console.dll, MulticastDelegateUtilities.SafeInvoke: HostProviderEvents.OnHostExited: Invoking callback 1/1 for Microsoft.VisualStudio.TestPlatform.CrossPlatEngine.Client.ProxyOperationManager., took 0 ms.
TpTrace Information: 0 : 17724, 13, 2024/02/16, 16:36:38.258, 1688493999267, vstest.console.dll, Closing the connection
TpTrace Verbose: 0 : 17724, 13, 2024/02/16, 16:36:38.259, 1688494004079, vstest.console.dll, ProxyDataCollectionManager.InvokeDataCollectionServiceAction: Starting.
TpTrace Information: 0 : 17724, 13, 2024/02/16, 16:36:38.259, 1688494005262, vstest.console.dll, ProxyDataCollectionManager.AfterTestRunEnd: Get attachment set and invoked data collectors processId: 9084 port: 55592
TpTrace Verbose: 0 : 17724, 13, 2024/02/16, 16:36:38.259, 1688494006209, vstest.console.dll, DataCollectionRequestSender.SendAfterTestRunStartAndGetResult: Send AfterTestRunEnd message with isCancelled: False
TpTrace Verbose: 0 : 17724, 13, 2024/02/16, 16:36:38.270, 1688494117003, vstest.console.dll, DataCollectionRequestSender.SendAfterTestRunStartAndGetResult: Received message: (DataCollection.AfterTestRunEndResult) -> {"MessageType":"DataCollection.AfterTestRunEndResult","Payload":{"AttachmentSets":[],"InvokedDataCollectors":[{"Uri":"datacollector://Microsoft/TestPlatform/Extensions/Blame/v1","FriendlyName":"Blame","AssemblyQualifiedName":"Microsoft.TestPlatform.Extensions.BlameDataCollector.BlameCollector, Microsoft.TestPlatform.Extensions.BlameDataCollector, Version=15.0.0.0, Culture=neutral, PublicKeyToken=b03f5f7f11d50a3a","FilePath":"C:\\Program Files\\dotnet\\sdk\\8.0.200\\Extensions\\Microsoft.TestPlatform.Extensions.BlameDataCollector.dll","HasAttachmentProcessor":false}],"Metrics":{}}}
TpTrace Warning: 0 : 17724, 10, 2024/02/16, 16:36:38.277, 1688494184500, vstest.console.dll, DataCollectionLauncher.ErrorReceivedCallback datacollector standard error line: 
TpTrace Information: 0 : 17724, 13, 2024/02/16, 16:36:38.278, 1688494199417, vstest.console.dll, ProxyDataCollectionManager.InvokeDataCollectionServiceAction: Completed.
TpTrace Information: 0 : 17724, 10, 2024/02/16, 16:36:38.289, 1688494301773, vstest.console.dll, DataCollectionLauncher.ExitCallBack: Data collector exited with exitcode: 0 error: ''
TpTrace Verbose: 0 : 17724, 13, 2024/02/16, 16:36:38.357, 1688494986679, vstest.console.dll, TestRunRequest:SendTestRunStatsChange: Starting.
TpTrace Verbose: 0 : 17724, 13, 2024/02/16, 16:36:38.357, 1688494988942, vstest.console.dll, MulticastDelegateUtilities.SafeInvoke: TestRun.RunStatsChanged: Invoking callbacks was skipped because there are no subscribers.
TpTrace Information: 0 : 17724, 13, 2024/02/16, 16:36:38.357, 1688494989729, vstest.console.dll, TestRunRequest:SendTestRunStatsChange: Completed.
TpTrace Verbose: 0 : 17724, 4, 2024/02/16, 16:36:38.357, 1688494990181, vstest.console.dll, MulticastDelegateUtilities.SafeInvoke: InternalTestLoggerEvents.SendTestResult: Invoking callback 1/1 for Microsoft.VisualStudio.TestPlatform.CommandLine.Internal.ConsoleLogger., took 0 ms.
TpTrace Verbose: 0 : 17724, 4, 2024/02/16, 16:36:38.358, 1688494991783, vstest.console.dll, MulticastDelegateUtilities.SafeInvoke: InternalTestLoggerEvents.SendTestResult: Invoking callback 1/1 for Microsoft.VisualStudio.TestPlatform.CommandLine.Internal.ConsoleLogger., took 0 ms.
TpTrace Verbose: 0 : 17724, 4, 2024/02/16, 16:36:38.358, 1688494992952, vstest.console.dll, MulticastDelegateUtilities.SafeInvoke: InternalTestLoggerEvents.SendTestResult: Invoking callback 1/1 for Microsoft.VisualStudio.TestPlatform.CommandLine.Internal.ConsoleLogger., took 0 ms.
TpTrace Verbose: 0 : 17724, 4, 2024/02/16, 16:36:38.358, 1688494994237, vstest.console.dll, MulticastDelegateUtilities.SafeInvoke: InternalTestLoggerEvents.SendTestResult: Invoking callback 1/1 for Microsoft.VisualStudio.TestPlatform.CommandLine.Internal.ConsoleLogger., took 0 ms.
TpTrace Verbose: 0 : 17724, 13, 2024/02/16, 16:36:38.358, 1688494995259, vstest.console.dll, ParallelProxyExecutionManager: HandlePartialRunComplete: Total workloads = 1, Total started clients = 1 Total completed clients = 1, Run complete = True, Run canceled: False.
TpTrace Verbose: 0 : 17724, 13, 2024/02/16, 16:36:38.358, 1688494996338, vstest.console.dll, ParallelProxyExecutionManager: HandlePartialRunComplete: All runs completed stopping all managers.
TpTrace Verbose: 0 : 17724, 4, 2024/02/16, 16:36:38.358, 1688494995285, vstest.console.dll, MulticastDelegateUtilities.SafeInvoke: InternalTestLoggerEvents.SendTestResult: Invoking callback 1/1 for Microsoft.VisualStudio.TestPlatform.CommandLine.Internal.ConsoleLogger., took 0 ms.
TpTrace Verbose: 0 : 17724, 13, 2024/02/16, 16:36:38.358, 1688494998207, vstest.console.dll, ParallelOperationManager.StopAllManagers: Stopping all managers.
TpTrace Verbose: 0 : 17724, 4, 2024/02/16, 16:36:38.358, 1688494998453, vstest.console.dll, MulticastDelegateUtilities.SafeInvoke: InternalTestLoggerEvents.SendTestResult: Invoking callback 1/1 for Microsoft.VisualStudio.TestPlatform.CommandLine.Internal.ConsoleLogger., took 0 ms.
TpTrace Verbose: 0 : 17724, 13, 2024/02/16, 16:36:38.358, 1688494999471, vstest.console.dll, ParallelOperationManager.ClearSlots: Clearing all slots. Slots should accept more work: False
TpTrace Verbose: 0 : 17724, 4, 2024/02/16, 16:36:38.358, 1688495000997, vstest.console.dll, MulticastDelegateUtilities.SafeInvoke: InternalTestLoggerEvents.SendTestResult: Invoking callback 1/1 for Microsoft.VisualStudio.TestPlatform.CommandLine.Internal.ConsoleLogger., took 0 ms.
TpTrace Verbose: 0 : 17724, 4, 2024/02/16, 16:36:38.359, 1688495002313, vstest.console.dll, MulticastDelegateUtilities.SafeInvoke: InternalTestLoggerEvents.SendTestResult: Invoking callback 1/1 for Microsoft.VisualStudio.TestPlatform.CommandLine.Internal.ConsoleLogger., took 0 ms.
TpTrace Verbose: 0 : 17724, 13, 2024/02/16, 16:36:38.359, 1688495002515, vstest.console.dll, ParallelOperationManager.SetOccupiedSlotCount: Setting slot counts AvailableSlotCount = 3, OccupiedSlotCount = 0.
TpTrace Verbose: 0 : 17724, 4, 2024/02/16, 16:36:38.359, 1688495003512, vstest.console.dll, MulticastDelegateUtilities.SafeInvoke: InternalTestLoggerEvents.SendTestResult: Invoking callback 1/1 for Microsoft.VisualStudio.TestPlatform.CommandLine.Internal.ConsoleLogger., took 0 ms.
TpTrace Verbose: 0 : 17724, 13, 2024/02/16, 16:36:38.359, 1688495004901, vstest.console.dll, Occupied slots:

TpTrace Verbose: 0 : 17724, 4, 2024/02/16, 16:36:38.373, 1688495146794, vstest.console.dll, MulticastDelegateUtilities.SafeInvoke: InternalTestLoggerEvents.SendTestRunComplete: Invoking callback 1/2 for Microsoft.TestPlatform.Extensions.BlameDataCollector.BlameLogger., took 0 ms.
TpTrace Verbose: 0 : 17724, 4, 2024/02/16, 16:36:38.383, 1688495246632, vstest.console.dll, MulticastDelegateUtilities.SafeInvoke: InternalTestLoggerEvents.SendTestRunComplete: Invoking callback 2/2 for Microsoft.VisualStudio.TestPlatform.CommandLine.Internal.ConsoleLogger., took 9 ms.
TpTrace Verbose: 0 : 17724, 13, 2024/02/16, 16:36:38.383, 1688495251022, vstest.console.dll, TestRunRequest:TestRunComplete: Starting. IsAborted:False IsCanceled:False.
TpTrace Verbose: 0 : 17724, 13, 2024/02/16, 16:36:38.384, 1688495254514, vstest.console.dll, ParallelOperationManager.DoActionOnAllManagers: Calling an action on all managers.
TpTrace Verbose: 0 : 17724, 13, 2024/02/16, 16:36:38.386, 1688495272209, vstest.console.dll, TestLoggerManager.HandleTestRunComplete: Ignoring as the object is disposed.
TpTrace Verbose: 0 : 17724, 13, 2024/02/16, 16:36:38.386, 1688495275977, vstest.console.dll, MulticastDelegateUtilities.SafeInvoke: TestRun.TestRunComplete: Invoking callback 1/2 for Microsoft.VisualStudio.TestPlatform.CommandLine.TestRunResultAggregator., took 0 ms.
TpTrace Verbose: 0 : 17724, 13, 2024/02/16, 16:36:38.386, 1688495278159, vstest.console.dll, MulticastDelegateUtilities.SafeInvoke: TestRun.TestRunComplete: Invoking callback 2/2 for Microsoft.VisualStudio.TestPlatform.CommandLine.Processors.RunTestsArgumentExecutor+TestRunRequestEventsRegistrar., took 0 ms.
TpTrace Information: 0 : 17724, 13, 2024/02/16, 16:36:38.386, 1688495279979, vstest.console.dll, TestRunRequest:TestRunComplete: Completed.
TpTrace Verbose: 0 : 17724, 1, 2024/02/16, 16:36:38.386, 1688495280545, vstest.console.dll, TestRunRequest.Dispose: Starting.
TpTrace Verbose: 0 : 17724, 13, 2024/02/16, 16:36:38.386, 1688495280923, vstest.console.dll, TestRequestSender.SetOperationComplete: Setting operation complete.
TpTrace Information: 0 : 17724, 1, 2024/02/16, 16:36:38.387, 1688495282081, vstest.console.dll, TestRunRequest.Dispose: Completed.
TpTrace Information: 0 : 17724, 13, 2024/02/16, 16:36:38.387, 1688495283032, vstest.console.dll, SocketServer.Stop: Stop server endPoint: 127.0.0.1:55597
TpTrace Information: 0 : 17724, 1, 2024/02/16, 16:36:38.387, 1688495284403, vstest.console.dll, TestRequestManager.RunTests: run tests completed.
TpTrace Information: 0 : 17724, 13, 2024/02/16, 16:36:38.387, 1688495285184, vstest.console.dll, SocketServer.Stop: Cancellation requested. Stopping message loop.
TpTrace Information: 0 : 17724, 1, 2024/02/16, 16:36:38.387, 1688495287030, vstest.console.dll, RunTestsArgumentProcessor:Execute: Test run is completed.
TpTrace Verbose: 0 : 17724, 13, 2024/02/16, 16:36:38.387, 1688495287355, vstest.console.dll, MulticastDelegateUtilities.SafeInvoke: LengthPrefixCommunicationChannel: MessageReceived: Invoking callback 1/1 for Microsoft.VisualStudio.TestPlatform.CommunicationUtilities.TestRequestSender+<>c__DisplayClass34_0., took 187 ms.
TpTrace Information: 0 : 17724, 13, 2024/02/16, 16:36:38.387, 1688495289126, vstest.console.dll, SocketServer.PrivateStop: Stopping server endPoint: 127.0.0.1:55597 error: 
TpTrace Verbose: 0 : 17724, 1, 2024/02/16, 16:36:38.387, 1688495290490, vstest.console.dll, Executor.Execute: Exiting with exit code of 0
TpTrace Verbose: 0 : 17724, 13, 2024/02/16, 16:36:38.388, 1688495295751, vstest.console.dll, LengthPrefixCommunicationChannel.Dispose: Dispose reader and writer.
TpTrace Information: 0 : 17724, 13, 2024/02/16, 16:36:38.388, 1688495297099, vstest.console.dll, SocketServer.Stop: Raise disconnected event endPoint: 127.0.0.1:55597 error: 
