TpTrace Verbose: 0 : 4732, 1, 2024/02/16, 12:36:57.997, 1544691388577, vstest.console.dll, Version: 17.9.0-release-23627-01 Current process architecture: X64
TpTrace Verbose: 0 : 4732, 1, 2024/02/16, 12:36:58.004, 1544691456181, vstest.console.dll, Runtime location: C:\Program Files\dotnet\shared\Microsoft.NETCore.App\8.0.2
TpTrace Verbose: 0 : 4732, 1, 2024/02/16, 12:36:58.009, 1544691503987, vstest.console.dll, ArtifactProcessingPostProcessModeProcessorExecutor.Initialize: ArtifactProcessingMode.Collect
TpTrace Verbose: 0 : 4732, 1, 2024/02/16, 12:36:58.009, 1544691506445, vstest.console.dll, TestSessionCorrelationIdProcessorModeProcessorExecutor.Initialize: TestSessionCorrelationId '16624_2aeceaea-1be3-4f39-85c2-798e2270dfc5'
TpTrace Information: 0 : 4732, 1, 2024/02/16, 12:36:58.026, 1544691678397, vstest.console.dll, FilePatternParser: The given file C:\Users\Lenovo\source\repos\Back-End Technologies Basics - 01.2024\08. Integration Testing\TownsApplication\TownApplication.IntegrationTests\bin\Debug\net6.0\fine-code-coverage\build-output\TownApplication.IntegrationTests.dll is a full path.
TpTrace Verbose: 0 : 4732, 1, 2024/02/16, 12:36:58.036, 1544691780146, vstest.console.dll, TestPluginCache.DiscoverTestExtensions: finding test extensions in assemblies ends with: RuntimeProvider.dll TPluginInfo: Microsoft.VisualStudio.TestPlatform.Common.ExtensionFramework.Utilities.TestRuntimePluginInformation TExtension: Microsoft.VisualStudio.TestPlatform.ObjectModel.Host.ITestRuntimeProvider
TpTrace Verbose: 0 : 4732, 1, 2024/02/16, 12:36:58.037, 1544691786341, vstest.console.dll, TestPluginCache.GetExtensionPaths: Filtered extension paths: 
TpTrace Verbose: 0 : 4732, 1, 2024/02/16, 12:36:58.037, 1544691788258, vstest.console.dll, TestPluginCache.GetExtensionPaths: Added default extension paths: C:\Program Files\dotnet\sdk\8.0.200\Extensions\Microsoft.Diagnostics.NETCore.Client.dll
C:\Program Files\dotnet\sdk\8.0.200\Extensions\Microsoft.TestPlatform.Extensions.BlameDataCollector.dll
C:\Program Files\dotnet\sdk\8.0.200\Extensions\Microsoft.TestPlatform.Extensions.EventLogCollector.dll
C:\Program Files\dotnet\sdk\8.0.200\Extensions\Microsoft.TestPlatform.TestHostRuntimeProvider.dll
C:\Program Files\dotnet\sdk\8.0.200\Extensions\Microsoft.VisualStudio.TestPlatform.Extensions.Html.TestLogger.dll
C:\Program Files\dotnet\sdk\8.0.200\Extensions\Microsoft.VisualStudio.TestPlatform.Extensions.Trx.TestLogger.dll
TpTrace Verbose: 0 : 4732, 1, 2024/02/16, 12:36:58.037, 1544691789329, vstest.console.dll, TestPluginCache.GetExtensionPaths: Added unfilterableExtensionPaths: 
TpTrace Information: 0 : 4732, 1, 2024/02/16, 12:36:58.039, 1544691801919, vstest.console.dll, AssemblyResolver.ctor: Creating AssemblyResolver with searchDirectories C:\Program Files\dotnet\sdk\8.0.200\Extensions,C:\Program Files\dotnet\sdk\8.0.200
TpTrace Verbose: 0 : 4732, 1, 2024/02/16, 12:36:58.041, 1544691827519, vstest.console.dll, TestPluginCache.DiscoverTestExtensions: Discovering the extensions using extension path.
TpTrace Verbose: 0 : 4732, 1, 2024/02/16, 12:36:58.041, 1544691829949, vstest.console.dll, TestPluginCache.GetExtensionPaths: Filtered extension paths: 
TpTrace Verbose: 0 : 4732, 1, 2024/02/16, 12:36:58.041, 1544691830965, vstest.console.dll, TestPluginCache.GetExtensionPaths: Added default extension paths: C:\Program Files\dotnet\sdk\8.0.200\Extensions\Microsoft.Diagnostics.NETCore.Client.dll
C:\Program Files\dotnet\sdk\8.0.200\Extensions\Microsoft.TestPlatform.Extensions.BlameDataCollector.dll
C:\Program Files\dotnet\sdk\8.0.200\Extensions\Microsoft.TestPlatform.Extensions.EventLogCollector.dll
C:\Program Files\dotnet\sdk\8.0.200\Extensions\Microsoft.TestPlatform.TestHostRuntimeProvider.dll
C:\Program Files\dotnet\sdk\8.0.200\Extensions\Microsoft.VisualStudio.TestPlatform.Extensions.Html.TestLogger.dll
C:\Program Files\dotnet\sdk\8.0.200\Extensions\Microsoft.VisualStudio.TestPlatform.Extensions.Trx.TestLogger.dll
TpTrace Verbose: 0 : 4732, 1, 2024/02/16, 12:36:58.042, 1544691831873, vstest.console.dll, TestPluginCache.GetExtensionPaths: Added unfilterableExtensionPaths: 
TpTrace Verbose: 0 : 4732, 1, 2024/02/16, 12:36:58.042, 1544691834308, vstest.console.dll, TestPluginCache.DiscoverTestExtensions: Discovering the extensions using allExtensionPaths: C:\Program Files\dotnet\sdk\8.0.200\Extensions\Microsoft.Diagnostics.NETCore.Client.dll
C:\Program Files\dotnet\sdk\8.0.200\Extensions\Microsoft.TestPlatform.Extensions.BlameDataCollector.dll
C:\Program Files\dotnet\sdk\8.0.200\Extensions\Microsoft.TestPlatform.Extensions.EventLogCollector.dll
C:\Program Files\dotnet\sdk\8.0.200\Extensions\Microsoft.TestPlatform.TestHostRuntimeProvider.dll
C:\Program Files\dotnet\sdk\8.0.200\Extensions\Microsoft.VisualStudio.TestPlatform.Extensions.Html.TestLogger.dll
C:\Program Files\dotnet\sdk\8.0.200\Extensions\Microsoft.VisualStudio.TestPlatform.Extensions.Trx.TestLogger.dll
TpTrace Information: 0 : 4732, 1, 2024/02/16, 12:36:58.042, 1544691836584, vstest.console.dll, AssemblyResolver.AddSearchDirectories: Adding more searchDirectories C:\Program Files\dotnet\sdk\8.0.200\Extensions,C:\Program Files\dotnet\sdk\8.0.200
TpTrace Information: 0 : 4732, 1, 2024/02/16, 12:36:58.042, 1544691838025, vstest.console.dll, AssemblyResolver.AddSearchDirectories: Adding more searchDirectories C:\Program Files\dotnet\sdk\8.0.200\Extensions,C:\Program Files\dotnet\sdk\8.0.200
TpTrace Information: 0 : 4732, 1, 2024/02/16, 12:36:58.042, 1544691838927, vstest.console.dll, AssemblyResolver.AddSearchDirectories: Adding more searchDirectories C:\Program Files\dotnet\sdk\8.0.200\Extensions,C:\Program Files\dotnet\sdk\8.0.200
TpTrace Information: 0 : 4732, 1, 2024/02/16, 12:36:58.042, 1544691839801, vstest.console.dll, AssemblyResolver.AddSearchDirectories: Adding more searchDirectories C:\Program Files\dotnet\sdk\8.0.200\Extensions,C:\Program Files\dotnet\sdk\8.0.200
TpTrace Information: 0 : 4732, 1, 2024/02/16, 12:36:58.042, 1544691840602, vstest.console.dll, AssemblyResolver.AddSearchDirectories: Adding more searchDirectories C:\Program Files\dotnet\sdk\8.0.200\Extensions,C:\Program Files\dotnet\sdk\8.0.200
TpTrace Information: 0 : 4732, 1, 2024/02/16, 12:36:58.043, 1544691841367, vstest.console.dll, AssemblyResolver.AddSearchDirectories: Adding more searchDirectories C:\Program Files\dotnet\sdk\8.0.200\Extensions,C:\Program Files\dotnet\sdk\8.0.200
TpTrace Information: 0 : 4732, 1, 2024/02/16, 12:36:58.043, 1544691851203, vstest.console.dll, AssemblyResolver.OnResolve: Microsoft.Diagnostics.NETCore.Client: Resolving assembly.
TpTrace Information: 0 : 4732, 1, 2024/02/16, 12:36:58.044, 1544691853074, vstest.console.dll, AssemblyResolver.OnResolve: Microsoft.Diagnostics.NETCore.Client: Searching in: 'C:\Program Files\dotnet\sdk\8.0.200\Extensions'.
TpTrace Information: 0 : 4732, 1, 2024/02/16, 12:36:58.058, 1544691995950, vstest.console.dll, AssemblyResolver.OnResolve: Microsoft.Diagnostics.NETCore.Client: Loading assembly 'C:\Program Files\dotnet\sdk\8.0.200\Extensions\Microsoft.Diagnostics.NETCore.Client.dll'.
TpTrace Information: 0 : 4732, 1, 2024/02/16, 12:36:58.059, 1544692010288, vstest.console.dll, AssemblyResolver.OnResolve: Resolved assembly: Microsoft.Diagnostics.NETCore.Client, from path: C:\Program Files\dotnet\sdk\8.0.200\Extensions\Microsoft.Diagnostics.NETCore.Client.dll
TpTrace Verbose: 0 : 4732, 1, 2024/02/16, 12:36:58.069, 1544692103834, vstest.console.dll, MetadataReaderExtensionsHelper: Discovering extensions inside assembly 'Microsoft.Diagnostics.NETCore.Client, Version=0.2.9.2401, Culture=neutral, PublicKeyToken=31bf3856ad364e35' file path 'C:\Program Files\dotnet\sdk\8.0.200\Extensions\Microsoft.Diagnostics.NETCore.Client.dll'
TpTrace Information: 0 : 4732, 1, 2024/02/16, 12:36:58.077, 1544692185433, vstest.console.dll, AssemblyResolver.OnResolve: Microsoft.Bcl.AsyncInterfaces: Resolving assembly.
TpTrace Information: 0 : 4732, 1, 2024/02/16, 12:36:58.077, 1544692186813, vstest.console.dll, AssemblyResolver.OnResolve: Microsoft.Bcl.AsyncInterfaces: Searching in: 'C:\Program Files\dotnet\sdk\8.0.200\Extensions'.
TpTrace Information: 0 : 4732, 1, 2024/02/16, 12:36:58.077, 1544692189502, vstest.console.dll, AssemblyResolver.OnResolve: Microsoft.Bcl.AsyncInterfaces: Assembly path does not exist: 'C:\Program Files\dotnet\sdk\8.0.200\Extensions\Microsoft.Bcl.AsyncInterfaces.dll', returning.
TpTrace Information: 0 : 4732, 1, 2024/02/16, 12:36:58.078, 1544692193318, vstest.console.dll, AssemblyResolver.OnResolve: Microsoft.Bcl.AsyncInterfaces: Assembly path does not exist: 'C:\Program Files\dotnet\sdk\8.0.200\Extensions\Microsoft.Bcl.AsyncInterfaces.exe', returning.
TpTrace Information: 0 : 4732, 1, 2024/02/16, 12:36:58.078, 1544692194464, vstest.console.dll, AssemblyResolver.OnResolve: Microsoft.Bcl.AsyncInterfaces: Searching in: 'C:\Program Files\dotnet\sdk\8.0.200'.
TpTrace Information: 0 : 4732, 1, 2024/02/16, 12:36:58.078, 1544692196842, vstest.console.dll, AssemblyResolver.OnResolve: Microsoft.Bcl.AsyncInterfaces: Assembly path does not exist: 'C:\Program Files\dotnet\sdk\8.0.200\Microsoft.Bcl.AsyncInterfaces.dll', returning.
TpTrace Information: 0 : 4732, 1, 2024/02/16, 12:36:58.078, 1544692199417, vstest.console.dll, AssemblyResolver.OnResolve: Microsoft.Bcl.AsyncInterfaces: Assembly path does not exist: 'C:\Program Files\dotnet\sdk\8.0.200\Microsoft.Bcl.AsyncInterfaces.exe', returning.
TpTrace Information: 0 : 4732, 1, 2024/02/16, 12:36:58.078, 1544692200322, vstest.console.dll, AssemblyResolver.OnResolve: Microsoft.Bcl.AsyncInterfaces: Failed to load assembly.
TpTrace Verbose: 0 : 4732, 1, 2024/02/16, 12:36:58.078, 1544692201139, vstest.console.dll, CurrentDomainAssemblyResolve: Resolving assembly 'Microsoft.Bcl.AsyncInterfaces'.
TpTrace Information: 0 : 4732, 1, 2024/02/16, 12:36:58.079, 1544692202719, vstest.console.dll, AssemblyResolver.OnResolve: Microsoft.Bcl.AsyncInterfaces: Resolving assembly.
TpTrace Information: 0 : 4732, 1, 2024/02/16, 12:36:58.079, 1544692203696, vstest.console.dll, AssemblyResolver.OnResolve: Microsoft.Bcl.AsyncInterfaces: Resolved from cache.
TpTrace Verbose: 0 : 4732, 1, 2024/02/16, 12:36:58.079, 1544692204428, vstest.console.dll, CurrentDomainAssemblyResolve: Resolving assembly 'Microsoft.Bcl.AsyncInterfaces'.
TpTrace Verbose: 0 : 4732, 1, 2024/02/16, 12:36:58.079, 1544692205237, vstest.console.dll, CurrentDomainAssemblyResolve: Failed to resolve assembly 'Microsoft.Bcl.AsyncInterfaces'.
TpTrace Verbose: 0 : 4732, 1, 2024/02/16, 12:36:58.082, 1544692234606, vstest.console.dll, CurrentDomainAssemblyResolve: Failed to resolve assembly 'Microsoft.Bcl.AsyncInterfaces'.
TpTrace Warning: 0 : 4732, 1, 2024/02/16, 12:36:58.103, 1544692449990, vstest.console.dll, TestPluginDiscoverer: Failed to get types from assembly 'Microsoft.Diagnostics.NETCore.Client, Version=0.2.9.2401, Culture=neutral, PublicKeyToken=31bf3856ad364e35'. Error: System.Reflection.ReflectionTypeLoadException: Unable to load one or more of the requested types.
Could not load file or assembly 'Microsoft.Bcl.AsyncInterfaces, Version=6.0.0.0, Culture=neutral, PublicKeyToken=cc7b13ffcd2ddd51'. The system cannot find the file specified.
   at System.Reflection.RuntimeModule.GetTypes(RuntimeModule module)
   at System.Reflection.RuntimeModule.GetTypes()
   at Microsoft.VisualStudio.TestPlatform.Common.ExtensionFramework.TestPluginDiscoverer.GetTestExtensionsFromAssembly[TPluginInfo,TExtension](Assembly assembly, Dictionary`2 pluginInfos, String filePath) in /_/src/Microsoft.TestPlatform.Common/ExtensionFramework/TestPluginDiscoverer.cs:line 158
System.IO.FileNotFoundException: Could not load file or assembly 'Microsoft.Bcl.AsyncInterfaces, Version=6.0.0.0, Culture=neutral, PublicKeyToken=cc7b13ffcd2ddd51'. The system cannot find the file specified.
File name: 'Microsoft.Bcl.AsyncInterfaces, Version=6.0.0.0, Culture=neutral, PublicKeyToken=cc7b13ffcd2ddd51'
 ---> System.IO.FileNotFoundException: Could not load file or assembly 'Microsoft.Bcl.AsyncInterfaces, Culture=neutral, PublicKeyToken=null'. The system cannot find the file specified.
File name: 'Microsoft.Bcl.AsyncInterfaces, Culture=neutral, PublicKeyToken=null'
   at System.Reflection.RuntimeAssembly.InternalLoad(AssemblyName assemblyName, StackCrawlMark& stackMark, AssemblyLoadContext assemblyLoadContext, RuntimeAssembly requestingAssembly, Boolean throwOnFileNotFound)
   at System.Reflection.Assembly.Load(AssemblyName assemblyRef)
   at Microsoft.VisualStudio.TestPlatform.Common.ExtensionFramework.TestPluginCache.CurrentDomainAssemblyResolve(Object sender, AssemblyResolveEventArgs args) in /_/src/Microsoft.TestPlatform.Common/ExtensionFramework/TestPluginCache.cs:line 513
   at System.Runtime.Loader.AssemblyLoadContext.GetFirstResolvedAssemblyFromResolvingEvent(AssemblyName assemblyName)
   at System.Runtime.Loader.AssemblyLoadContext.ResolveUsingEvent(AssemblyName assemblyName)
   at System.Runtime.Loader.AssemblyLoadContext.ResolveUsingResolvingEvent(IntPtr gchManagedAssemblyLoadContext, AssemblyName assemblyName)
TpTrace Warning: 0 : 4732, 1, 2024/02/16, 12:36:58.104, 1544692456941, vstest.console.dll, LoaderExceptions: System.IO.FileNotFoundException: Could not load file or assembly 'Microsoft.Bcl.AsyncInterfaces, Version=6.0.0.0, Culture=neutral, PublicKeyToken=cc7b13ffcd2ddd51'. The system cannot find the file specified.
File name: 'Microsoft.Bcl.AsyncInterfaces, Version=6.0.0.0, Culture=neutral, PublicKeyToken=cc7b13ffcd2ddd51'
 ---> System.IO.FileNotFoundException: Could not load file or assembly 'Microsoft.Bcl.AsyncInterfaces, Culture=neutral, PublicKeyToken=null'. The system cannot find the file specified.
File name: 'Microsoft.Bcl.AsyncInterfaces, Culture=neutral, PublicKeyToken=null'
   at System.Reflection.RuntimeAssembly.InternalLoad(AssemblyName assemblyName, StackCrawlMark& stackMark, AssemblyLoadContext assemblyLoadContext, RuntimeAssembly requestingAssembly, Boolean throwOnFileNotFound)
   at System.Reflection.Assembly.Load(AssemblyName assemblyRef)
   at Microsoft.VisualStudio.TestPlatform.Common.ExtensionFramework.TestPluginCache.CurrentDomainAssemblyResolve(Object sender, AssemblyResolveEventArgs args) in /_/src/Microsoft.TestPlatform.Common/ExtensionFramework/TestPluginCache.cs:line 513
   at System.Runtime.Loader.AssemblyLoadContext.GetFirstResolvedAssemblyFromResolvingEvent(AssemblyName assemblyName)
   at System.Runtime.Loader.AssemblyLoadContext.ResolveUsingEvent(AssemblyName assemblyName)
   at System.Runtime.Loader.AssemblyLoadContext.ResolveUsingResolvingEvent(IntPtr gchManagedAssemblyLoadContext, AssemblyName assemblyName)
TpTrace Information: 0 : 4732, 1, 2024/02/16, 12:36:58.104, 1544692459986, vstest.console.dll, AssemblyResolver.OnResolve: Microsoft.TestPlatform.Extensions.BlameDataCollector: Resolving assembly.
TpTrace Information: 0 : 4732, 1, 2024/02/16, 12:36:58.104, 1544692461191, vstest.console.dll, AssemblyResolver.OnResolve: Microsoft.TestPlatform.Extensions.BlameDataCollector: Searching in: 'C:\Program Files\dotnet\sdk\8.0.200\Extensions'.
TpTrace Information: 0 : 4732, 1, 2024/02/16, 12:36:58.106, 1544692473388, vstest.console.dll, AssemblyResolver.OnResolve: Microsoft.TestPlatform.Extensions.BlameDataCollector: Loading assembly 'C:\Program Files\dotnet\sdk\8.0.200\Extensions\Microsoft.TestPlatform.Extensions.BlameDataCollector.dll'.
TpTrace Information: 0 : 4732, 1, 2024/02/16, 12:36:58.107, 1544692486751, vstest.console.dll, AssemblyResolver.OnResolve: Resolved assembly: Microsoft.TestPlatform.Extensions.BlameDataCollector, from path: C:\Program Files\dotnet\sdk\8.0.200\Extensions\Microsoft.TestPlatform.Extensions.BlameDataCollector.dll
TpTrace Verbose: 0 : 4732, 1, 2024/02/16, 12:36:58.107, 1544692488360, vstest.console.dll, MetadataReaderExtensionsHelper: Discovering extensions inside assembly 'Microsoft.TestPlatform.Extensions.BlameDataCollector, Version=15.0.0.0, Culture=neutral, PublicKeyToken=b03f5f7f11d50a3a' file path 'C:\Program Files\dotnet\sdk\8.0.200\Extensions\Microsoft.TestPlatform.Extensions.BlameDataCollector.dll'
TpTrace Information: 0 : 4732, 1, 2024/02/16, 12:36:58.111, 1544692523537, vstest.console.dll, AssemblyResolver.OnResolve: Microsoft.TestPlatform.Extensions.EventLogCollector: Resolving assembly.
TpTrace Information: 0 : 4732, 1, 2024/02/16, 12:36:58.111, 1544692524844, vstest.console.dll, AssemblyResolver.OnResolve: Microsoft.TestPlatform.Extensions.EventLogCollector: Searching in: 'C:\Program Files\dotnet\sdk\8.0.200\Extensions'.
TpTrace Information: 0 : 4732, 1, 2024/02/16, 12:36:58.112, 1544692536992, vstest.console.dll, AssemblyResolver.OnResolve: Microsoft.TestPlatform.Extensions.EventLogCollector: Loading assembly 'C:\Program Files\dotnet\sdk\8.0.200\Extensions\Microsoft.TestPlatform.Extensions.EventLogCollector.dll'.
TpTrace Information: 0 : 4732, 1, 2024/02/16, 12:36:58.113, 1544692549431, vstest.console.dll, AssemblyResolver.OnResolve: Resolved assembly: Microsoft.TestPlatform.Extensions.EventLogCollector, from path: C:\Program Files\dotnet\sdk\8.0.200\Extensions\Microsoft.TestPlatform.Extensions.EventLogCollector.dll
TpTrace Verbose: 0 : 4732, 1, 2024/02/16, 12:36:58.113, 1544692551029, vstest.console.dll, MetadataReaderExtensionsHelper: Discovering extensions inside assembly 'Microsoft.TestPlatform.Extensions.EventLogCollector, Version=15.0.0.0, Culture=neutral, PublicKeyToken=b03f5f7f11d50a3a' file path 'C:\Program Files\dotnet\sdk\8.0.200\Extensions\Microsoft.TestPlatform.Extensions.EventLogCollector.dll'
TpTrace Information: 0 : 4732, 1, 2024/02/16, 12:36:58.119, 1544692610365, vstest.console.dll, AssemblyResolver.OnResolve: Microsoft.TestPlatform.TestHostRuntimeProvider: Resolving assembly.
TpTrace Information: 0 : 4732, 1, 2024/02/16, 12:36:58.120, 1544692611858, vstest.console.dll, AssemblyResolver.OnResolve: Microsoft.TestPlatform.TestHostRuntimeProvider: Searching in: 'C:\Program Files\dotnet\sdk\8.0.200\Extensions'.
TpTrace Information: 0 : 4732, 1, 2024/02/16, 12:36:58.121, 1544692625120, vstest.console.dll, AssemblyResolver.OnResolve: Microsoft.TestPlatform.TestHostRuntimeProvider: Loading assembly 'C:\Program Files\dotnet\sdk\8.0.200\Extensions\Microsoft.TestPlatform.TestHostRuntimeProvider.dll'.
TpTrace Information: 0 : 4732, 1, 2024/02/16, 12:36:58.122, 1544692639089, vstest.console.dll, AssemblyResolver.OnResolve: Resolved assembly: Microsoft.TestPlatform.TestHostRuntimeProvider, from path: C:\Program Files\dotnet\sdk\8.0.200\Extensions\Microsoft.TestPlatform.TestHostRuntimeProvider.dll
TpTrace Verbose: 0 : 4732, 1, 2024/02/16, 12:36:58.122, 1544692640732, vstest.console.dll, MetadataReaderExtensionsHelper: Discovering extensions inside assembly 'Microsoft.TestPlatform.TestHostRuntimeProvider, Version=15.0.0.0, Culture=neutral, PublicKeyToken=b03f5f7f11d50a3a' file path 'C:\Program Files\dotnet\sdk\8.0.200\Extensions\Microsoft.TestPlatform.TestHostRuntimeProvider.dll'
TpTrace Information: 0 : 4732, 1, 2024/02/16, 12:36:58.127, 1544692690724, vstest.console.dll, GetTestExtensionFromType: Register extension with identifier data 'HostProvider://DefaultTestHost' and type 'Microsoft.VisualStudio.TestPlatform.CrossPlatEngine.Hosting.DefaultTestHostManager, Microsoft.TestPlatform.TestHostRuntimeProvider, Version=15.0.0.0, Culture=neutral, PublicKeyToken=b03f5f7f11d50a3a' inside file 'C:\Program Files\dotnet\sdk\8.0.200\Extensions\Microsoft.TestPlatform.TestHostRuntimeProvider.dll'
TpTrace Information: 0 : 4732, 1, 2024/02/16, 12:36:58.128, 1544692695874, vstest.console.dll, GetTestExtensionFromType: Register extension with identifier data 'HostProvider://DotnetTestHost' and type 'Microsoft.VisualStudio.TestPlatform.CrossPlatEngine.Hosting.DotnetTestHostManager, Microsoft.TestPlatform.TestHostRuntimeProvider, Version=15.0.0.0, Culture=neutral, PublicKeyToken=b03f5f7f11d50a3a' inside file 'C:\Program Files\dotnet\sdk\8.0.200\Extensions\Microsoft.TestPlatform.TestHostRuntimeProvider.dll'
TpTrace Information: 0 : 4732, 1, 2024/02/16, 12:36:58.128, 1544692697569, vstest.console.dll, AssemblyResolver.OnResolve: Microsoft.VisualStudio.TestPlatform.Extensions.Html.TestLogger: Resolving assembly.
TpTrace Information: 0 : 4732, 1, 2024/02/16, 12:36:58.128, 1544692698626, vstest.console.dll, AssemblyResolver.OnResolve: Microsoft.VisualStudio.TestPlatform.Extensions.Html.TestLogger: Searching in: 'C:\Program Files\dotnet\sdk\8.0.200\Extensions'.
TpTrace Information: 0 : 4732, 1, 2024/02/16, 12:36:58.129, 1544692709719, vstest.console.dll, AssemblyResolver.OnResolve: Microsoft.VisualStudio.TestPlatform.Extensions.Html.TestLogger: Loading assembly 'C:\Program Files\dotnet\sdk\8.0.200\Extensions\Microsoft.VisualStudio.TestPlatform.Extensions.Html.TestLogger.dll'.
TpTrace Information: 0 : 4732, 1, 2024/02/16, 12:36:58.131, 1544692722455, vstest.console.dll, AssemblyResolver.OnResolve: Resolved assembly: Microsoft.VisualStudio.TestPlatform.Extensions.Html.TestLogger, from path: C:\Program Files\dotnet\sdk\8.0.200\Extensions\Microsoft.VisualStudio.TestPlatform.Extensions.Html.TestLogger.dll
TpTrace Verbose: 0 : 4732, 1, 2024/02/16, 12:36:58.131, 1544692723936, vstest.console.dll, MetadataReaderExtensionsHelper: Discovering extensions inside assembly 'Microsoft.VisualStudio.TestPlatform.Extensions.Html.TestLogger, Version=15.0.0.0, Culture=neutral, PublicKeyToken=b03f5f7f11d50a3a' file path 'C:\Program Files\dotnet\sdk\8.0.200\Extensions\Microsoft.VisualStudio.TestPlatform.Extensions.Html.TestLogger.dll'
TpTrace Information: 0 : 4732, 1, 2024/02/16, 12:36:58.133, 1544692743078, vstest.console.dll, AssemblyResolver.OnResolve: Microsoft.VisualStudio.TestPlatform.Extensions.Trx.TestLogger: Resolving assembly.
TpTrace Information: 0 : 4732, 1, 2024/02/16, 12:36:58.133, 1544692745121, vstest.console.dll, AssemblyResolver.OnResolve: Microsoft.VisualStudio.TestPlatform.Extensions.Trx.TestLogger: Searching in: 'C:\Program Files\dotnet\sdk\8.0.200\Extensions'.
TpTrace Information: 0 : 4732, 1, 2024/02/16, 12:36:58.134, 1544692755674, vstest.console.dll, AssemblyResolver.OnResolve: Microsoft.VisualStudio.TestPlatform.Extensions.Trx.TestLogger: Loading assembly 'C:\Program Files\dotnet\sdk\8.0.200\Extensions\Microsoft.VisualStudio.TestPlatform.Extensions.Trx.TestLogger.dll'.
TpTrace Information: 0 : 4732, 1, 2024/02/16, 12:36:58.135, 1544692768784, vstest.console.dll, AssemblyResolver.OnResolve: Resolved assembly: Microsoft.VisualStudio.TestPlatform.Extensions.Trx.TestLogger, from path: C:\Program Files\dotnet\sdk\8.0.200\Extensions\Microsoft.VisualStudio.TestPlatform.Extensions.Trx.TestLogger.dll
TpTrace Verbose: 0 : 4732, 1, 2024/02/16, 12:36:58.136, 1544692771453, vstest.console.dll, MetadataReaderExtensionsHelper: Discovering extensions inside assembly 'Microsoft.VisualStudio.TestPlatform.Extensions.Trx.TestLogger, Version=15.0.0.0, Culture=neutral, PublicKeyToken=b03f5f7f11d50a3a' file path 'C:\Program Files\dotnet\sdk\8.0.200\Extensions\Microsoft.VisualStudio.TestPlatform.Extensions.Trx.TestLogger.dll'
TpTrace Verbose: 0 : 4732, 1, 2024/02/16, 12:36:58.138, 1544692795708, vstest.console.dll, TestPluginCache: Discovered the extensions using extension path ''.
TpTrace Verbose: 0 : 4732, 1, 2024/02/16, 12:36:58.138, 1544692797059, vstest.console.dll, TestPluginCache: Discoverers are ''.
TpTrace Verbose: 0 : 4732, 1, 2024/02/16, 12:36:58.138, 1544692797817, vstest.console.dll, TestPluginCache: Executors are ''.
TpTrace Verbose: 0 : 4732, 1, 2024/02/16, 12:36:58.138, 1544692798452, vstest.console.dll, TestPluginCache: Executors2 are ''.
TpTrace Verbose: 0 : 4732, 1, 2024/02/16, 12:36:58.138, 1544692799058, vstest.console.dll, TestPluginCache: Setting providers are ''.
TpTrace Verbose: 0 : 4732, 1, 2024/02/16, 12:36:58.138, 1544692799959, vstest.console.dll, TestPluginCache: Loggers are ''.
TpTrace Verbose: 0 : 4732, 1, 2024/02/16, 12:36:58.139, 1544692803597, vstest.console.dll, TestPluginCache: TestHosts are 'HostProvider://DefaultTestHost,HostProvider://DotnetTestHost'.
TpTrace Verbose: 0 : 4732, 1, 2024/02/16, 12:36:58.139, 1544692804578, vstest.console.dll, TestPluginCache: DataCollectors are ''.
TpTrace Information: 0 : 4732, 1, 2024/02/16, 12:36:58.165, 1544693066795, vstest.console.dll, RunTestsArgumentProcessor:Execute: Test run is starting.
TpTrace Verbose: 0 : 4732, 1, 2024/02/16, 12:36:58.165, 1544693068269, vstest.console.dll, RunTestsArgumentProcessor:Execute: Queuing Test run.
TpTrace Information: 0 : 4732, 1, 2024/02/16, 12:36:58.166, 1544693075280, vstest.console.dll, TestRequestManager.RunTests: run tests started.
TpTrace Information: 0 : 4732, 1, 2024/02/16, 12:36:58.168, 1544693096330, vstest.console.dll, AssemblyMetadataProvider.GetFrameworkName: Determined framework:'.NETCoreApp,Version=v6.0' for source: 'C:\Users\Lenovo\source\repos\Back-End Technologies Basics - 01.2024\08. Integration Testing\TownsApplication\TownApplication.IntegrationTests\bin\Debug\net6.0\fine-code-coverage\build-output\TownApplication.IntegrationTests.dll'
TpTrace Information: 0 : 4732, 1, 2024/02/16, 12:36:58.168, 1544693099264, vstest.console.dll, Determined framework for all sources: .NETCoreApp,Version=v6.0
TpTrace Verbose: 0 : 4732, 1, 2024/02/16, 12:36:58.169, 1544693105204, vstest.console.dll, TestRequestManager.UpdateRunSettingsIfRequired: Default architecture: X64 IsDefaultTargetArchitecture: True, Current process architecture: X64 OperatingSystem: Windows.
TpTrace Information: 0 : 4732, 1, 2024/02/16, 12:36:58.172, 1544693137360, vstest.console.dll, AssemblyMetadataProvider.GetArchitecture: Determined architecture:AnyCPU info for assembly: C:\Users\Lenovo\source\repos\Back-End Technologies Basics - 01.2024\08. Integration Testing\TownsApplication\TownApplication.IntegrationTests\bin\Debug\net6.0\fine-code-coverage\build-output\TownApplication.IntegrationTests.dll
TpTrace Information: 0 : 4732, 1, 2024/02/16, 12:36:58.172, 1544693138508, vstest.console.dll, Determined platform for source 'C:\Users\Lenovo\source\repos\Back-End Technologies Basics - 01.2024\08. Integration Testing\TownsApplication\TownApplication.IntegrationTests\bin\Debug\net6.0\fine-code-coverage\build-output\TownApplication.IntegrationTests.dll' was AnyCPU and it will use the default plaform X64.
TpTrace Information: 0 : 4732, 1, 2024/02/16, 12:36:58.172, 1544693139239, vstest.console.dll, None of the sources provided any runnable platform, using the default platform: X64
TpTrace Information: 0 : 4732, 1, 2024/02/16, 12:36:58.172, 1544693141025, vstest.console.dll, Platform was updated to 'X64'.
TpTrace Information: 0 : 4732, 1, 2024/02/16, 12:36:58.179, 1544693202664, vstest.console.dll, InferRunSettingsHelper.IsTestSettingsEnabled: Unable to navigate to RunSettings/MSTest. Current node: RunSettings
TpTrace Information: 0 : 4732, 1, 2024/02/16, 12:36:58.180, 1544693214249, vstest.console.dll, AssemblyResolver.OnResolve: Microsoft.VisualStudio.TestPlatform.Fakes: Resolving assembly.
TpTrace Information: 0 : 4732, 1, 2024/02/16, 12:36:58.180, 1544693215551, vstest.console.dll, AssemblyResolver.OnResolve: Microsoft.VisualStudio.TestPlatform.Fakes: Searching in: 'C:\Program Files\dotnet\sdk\8.0.200\Extensions'.
TpTrace Information: 0 : 4732, 1, 2024/02/16, 12:36:58.180, 1544693218344, vstest.console.dll, AssemblyResolver.OnResolve: Microsoft.VisualStudio.TestPlatform.Fakes: Assembly path does not exist: 'C:\Program Files\dotnet\sdk\8.0.200\Extensions\Microsoft.VisualStudio.TestPlatform.Fakes.dll', returning.
TpTrace Information: 0 : 4732, 1, 2024/02/16, 12:36:58.180, 1544693220919, vstest.console.dll, AssemblyResolver.OnResolve: Microsoft.VisualStudio.TestPlatform.Fakes: Assembly path does not exist: 'C:\Program Files\dotnet\sdk\8.0.200\Extensions\Microsoft.VisualStudio.TestPlatform.Fakes.exe', returning.
TpTrace Information: 0 : 4732, 1, 2024/02/16, 12:36:58.181, 1544693221858, vstest.console.dll, AssemblyResolver.OnResolve: Microsoft.VisualStudio.TestPlatform.Fakes: Searching in: 'C:\Program Files\dotnet\sdk\8.0.200'.
TpTrace Information: 0 : 4732, 1, 2024/02/16, 12:36:58.181, 1544693224325, vstest.console.dll, AssemblyResolver.OnResolve: Microsoft.VisualStudio.TestPlatform.Fakes: Assembly path does not exist: 'C:\Program Files\dotnet\sdk\8.0.200\Microsoft.VisualStudio.TestPlatform.Fakes.dll', returning.
TpTrace Information: 0 : 4732, 1, 2024/02/16, 12:36:58.181, 1544693227164, vstest.console.dll, AssemblyResolver.OnResolve: Microsoft.VisualStudio.TestPlatform.Fakes: Assembly path does not exist: 'C:\Program Files\dotnet\sdk\8.0.200\Microsoft.VisualStudio.TestPlatform.Fakes.exe', returning.
TpTrace Information: 0 : 4732, 1, 2024/02/16, 12:36:58.181, 1544693228167, vstest.console.dll, AssemblyResolver.OnResolve: Microsoft.VisualStudio.TestPlatform.Fakes: Failed to load assembly.
TpTrace Information: 0 : 4732, 1, 2024/02/16, 12:36:58.182, 1544693233238, vstest.console.dll, Failed to load assembly Microsoft.VisualStudio.TestPlatform.Fakes, Version=17.0.0.0, Culture=neutral. Reason:System.IO.FileNotFoundException: Could not load file or assembly 'Microsoft.VisualStudio.TestPlatform.Fakes, Version=17.0.0.0, Culture=neutral, PublicKeyToken=null'. The system cannot find the file specified.
File name: 'Microsoft.VisualStudio.TestPlatform.Fakes, Version=17.0.0.0, Culture=neutral, PublicKeyToken=null'
   at System.Reflection.RuntimeAssembly.InternalLoad(AssemblyName assemblyName, StackCrawlMark& stackMark, AssemblyLoadContext assemblyLoadContext, RuntimeAssembly requestingAssembly, Boolean throwOnFileNotFound)
   at System.Reflection.Assembly.Load(AssemblyName assemblyRef)
   at Microsoft.VisualStudio.TestPlatform.Common.Utilities.FakesUtilities.LoadTestPlatformAssembly() in /_/src/Microsoft.TestPlatform.Common/Utilities/FakesUtilities.cs:line 272
TpTrace Verbose: 0 : 4732, 1, 2024/02/16, 12:36:58.188, 1544693291543, vstest.console.dll, TestPluginCache.DiscoverTestExtensions: finding test extensions in assemblies ends with: TestLogger.dll TPluginInfo: Microsoft.VisualStudio.TestPlatform.Common.ExtensionFramework.Utilities.TestLoggerPluginInformation TExtension: Microsoft.VisualStudio.TestPlatform.ObjectModel.Client.ITestLogger
TpTrace Verbose: 0 : 4732, 1, 2024/02/16, 12:36:58.188, 1544693293422, vstest.console.dll, TestPluginCache.GetExtensionPaths: Filtered extension paths: 
TpTrace Verbose: 0 : 4732, 1, 2024/02/16, 12:36:58.188, 1544693294358, vstest.console.dll, TestPluginCache.GetExtensionPaths: Added default extension paths: C:\Program Files\dotnet\sdk\8.0.200\Extensions\Microsoft.Diagnostics.NETCore.Client.dll
C:\Program Files\dotnet\sdk\8.0.200\Extensions\Microsoft.TestPlatform.Extensions.BlameDataCollector.dll
C:\Program Files\dotnet\sdk\8.0.200\Extensions\Microsoft.TestPlatform.Extensions.EventLogCollector.dll
C:\Program Files\dotnet\sdk\8.0.200\Extensions\Microsoft.TestPlatform.TestHostRuntimeProvider.dll
C:\Program Files\dotnet\sdk\8.0.200\Extensions\Microsoft.VisualStudio.TestPlatform.Extensions.Html.TestLogger.dll
C:\Program Files\dotnet\sdk\8.0.200\Extensions\Microsoft.VisualStudio.TestPlatform.Extensions.Trx.TestLogger.dll
TpTrace Verbose: 0 : 4732, 1, 2024/02/16, 12:36:58.188, 1544693295092, vstest.console.dll, TestPluginCache.GetExtensionPaths: Added unfilterableExtensionPaths: 
TpTrace Information: 0 : 4732, 1, 2024/02/16, 12:36:58.188, 1544693298399, vstest.console.dll, AssemblyResolver.AddSearchDirectories: Adding more searchDirectories C:\Program Files\dotnet\sdk\8.0.200\Extensions,C:\Program Files\dotnet\sdk\8.0.200
TpTrace Verbose: 0 : 4732, 1, 2024/02/16, 12:36:58.188, 1544693299542, vstest.console.dll, TestPluginCache.DiscoverTestExtensions: Discovering the extensions using extension path.
TpTrace Verbose: 0 : 4732, 1, 2024/02/16, 12:36:58.188, 1544693300416, vstest.console.dll, TestPluginCache.GetExtensionPaths: Filtered extension paths: 
TpTrace Verbose: 0 : 4732, 1, 2024/02/16, 12:36:58.189, 1544693301376, vstest.console.dll, TestPluginCache.GetExtensionPaths: Added default extension paths: C:\Program Files\dotnet\sdk\8.0.200\Extensions\Microsoft.Diagnostics.NETCore.Client.dll
C:\Program Files\dotnet\sdk\8.0.200\Extensions\Microsoft.TestPlatform.Extensions.BlameDataCollector.dll
C:\Program Files\dotnet\sdk\8.0.200\Extensions\Microsoft.TestPlatform.Extensions.EventLogCollector.dll
C:\Program Files\dotnet\sdk\8.0.200\Extensions\Microsoft.TestPlatform.TestHostRuntimeProvider.dll
C:\Program Files\dotnet\sdk\8.0.200\Extensions\Microsoft.VisualStudio.TestPlatform.Extensions.Html.TestLogger.dll
C:\Program Files\dotnet\sdk\8.0.200\Extensions\Microsoft.VisualStudio.TestPlatform.Extensions.Trx.TestLogger.dll
TpTrace Verbose: 0 : 4732, 1, 2024/02/16, 12:36:58.189, 1544693302114, vstest.console.dll, TestPluginCache.GetExtensionPaths: Added unfilterableExtensionPaths: 
TpTrace Verbose: 0 : 4732, 1, 2024/02/16, 12:36:58.189, 1544693304185, vstest.console.dll, TestPluginCache.DiscoverTestExtensions: Discovering the extensions using allExtensionPaths: C:\Program Files\dotnet\sdk\8.0.200\Extensions\Microsoft.Diagnostics.NETCore.Client.dll
C:\Program Files\dotnet\sdk\8.0.200\Extensions\Microsoft.TestPlatform.Extensions.BlameDataCollector.dll
C:\Program Files\dotnet\sdk\8.0.200\Extensions\Microsoft.TestPlatform.Extensions.EventLogCollector.dll
C:\Program Files\dotnet\sdk\8.0.200\Extensions\Microsoft.TestPlatform.TestHostRuntimeProvider.dll
C:\Program Files\dotnet\sdk\8.0.200\Extensions\Microsoft.VisualStudio.TestPlatform.Extensions.Html.TestLogger.dll
C:\Program Files\dotnet\sdk\8.0.200\Extensions\Microsoft.VisualStudio.TestPlatform.Extensions.Trx.TestLogger.dll
TpTrace Information: 0 : 4732, 1, 2024/02/16, 12:36:58.189, 1544693305485, vstest.console.dll, AssemblyResolver.AddSearchDirectories: Adding more searchDirectories C:\Program Files\dotnet\sdk\8.0.200\Extensions,C:\Program Files\dotnet\sdk\8.0.200
TpTrace Information: 0 : 4732, 1, 2024/02/16, 12:36:58.189, 1544693306555, vstest.console.dll, AssemblyResolver.AddSearchDirectories: Adding more searchDirectories C:\Program Files\dotnet\sdk\8.0.200\Extensions,C:\Program Files\dotnet\sdk\8.0.200
TpTrace Information: 0 : 4732, 1, 2024/02/16, 12:36:58.189, 1544693307375, vstest.console.dll, AssemblyResolver.AddSearchDirectories: Adding more searchDirectories C:\Program Files\dotnet\sdk\8.0.200\Extensions,C:\Program Files\dotnet\sdk\8.0.200
TpTrace Information: 0 : 4732, 1, 2024/02/16, 12:36:58.189, 1544693308148, vstest.console.dll, AssemblyResolver.AddSearchDirectories: Adding more searchDirectories C:\Program Files\dotnet\sdk\8.0.200\Extensions,C:\Program Files\dotnet\sdk\8.0.200
TpTrace Information: 0 : 4732, 1, 2024/02/16, 12:36:58.189, 1544693308994, vstest.console.dll, AssemblyResolver.AddSearchDirectories: Adding more searchDirectories C:\Program Files\dotnet\sdk\8.0.200\Extensions,C:\Program Files\dotnet\sdk\8.0.200
TpTrace Information: 0 : 4732, 1, 2024/02/16, 12:36:58.189, 1544693309778, vstest.console.dll, AssemblyResolver.AddSearchDirectories: Adding more searchDirectories C:\Program Files\dotnet\sdk\8.0.200\Extensions,C:\Program Files\dotnet\sdk\8.0.200
TpTrace Verbose: 0 : 4732, 1, 2024/02/16, 12:36:58.190, 1544693312168, vstest.console.dll, MetadataReaderExtensionsHelper: Discovering extensions inside assembly 'Microsoft.Diagnostics.NETCore.Client, Version=0.2.9.2401, Culture=neutral, PublicKeyToken=31bf3856ad364e35' file path 'C:\Program Files\dotnet\sdk\8.0.200\Extensions\Microsoft.Diagnostics.NETCore.Client.dll'
TpTrace Information: 0 : 4732, 1, 2024/02/16, 12:36:58.191, 1544693330771, vstest.console.dll, AssemblyResolver.OnResolve: Microsoft.Bcl.AsyncInterfaces: Resolving assembly.
TpTrace Information: 0 : 4732, 1, 2024/02/16, 12:36:58.192, 1544693331951, vstest.console.dll, AssemblyResolver.OnResolve: Microsoft.Bcl.AsyncInterfaces: Resolved from cache.
TpTrace Verbose: 0 : 4732, 1, 2024/02/16, 12:36:58.192, 1544693332697, vstest.console.dll, CurrentDomainAssemblyResolve: Resolving assembly 'Microsoft.Bcl.AsyncInterfaces'.
TpTrace Information: 0 : 4732, 1, 2024/02/16, 12:36:58.192, 1544693333716, vstest.console.dll, AssemblyResolver.OnResolve: Microsoft.Bcl.AsyncInterfaces: Resolving assembly.
TpTrace Information: 0 : 4732, 1, 2024/02/16, 12:36:58.192, 1544693334556, vstest.console.dll, AssemblyResolver.OnResolve: Microsoft.Bcl.AsyncInterfaces: Resolved from cache.
TpTrace Verbose: 0 : 4732, 1, 2024/02/16, 12:36:58.192, 1544693335346, vstest.console.dll, CurrentDomainAssemblyResolve: Resolving assembly 'Microsoft.Bcl.AsyncInterfaces'.
TpTrace Verbose: 0 : 4732, 1, 2024/02/16, 12:36:58.192, 1544693336069, vstest.console.dll, CurrentDomainAssemblyResolve: Failed to resolve assembly 'Microsoft.Bcl.AsyncInterfaces'.
TpTrace Verbose: 0 : 4732, 1, 2024/02/16, 12:36:58.192, 1544693338880, vstest.console.dll, CurrentDomainAssemblyResolve: Failed to resolve assembly 'Microsoft.Bcl.AsyncInterfaces'.
TpTrace Warning: 0 : 4732, 1, 2024/02/16, 12:36:58.193, 1544693346742, vstest.console.dll, TestPluginDiscoverer: Failed to get types from assembly 'Microsoft.Diagnostics.NETCore.Client, Version=0.2.9.2401, Culture=neutral, PublicKeyToken=31bf3856ad364e35'. Error: System.Reflection.ReflectionTypeLoadException: Unable to load one or more of the requested types.
Could not load file or assembly 'Microsoft.Bcl.AsyncInterfaces, Version=6.0.0.0, Culture=neutral, PublicKeyToken=cc7b13ffcd2ddd51'. The system cannot find the file specified.
   at System.Reflection.RuntimeModule.GetTypes(RuntimeModule module)
   at System.Reflection.RuntimeModule.GetTypes()
   at Microsoft.VisualStudio.TestPlatform.Common.ExtensionFramework.TestPluginDiscoverer.GetTestExtensionsFromAssembly[TPluginInfo,TExtension](Assembly assembly, Dictionary`2 pluginInfos, String filePath) in /_/src/Microsoft.TestPlatform.Common/ExtensionFramework/TestPluginDiscoverer.cs:line 158
System.IO.FileNotFoundException: Could not load file or assembly 'Microsoft.Bcl.AsyncInterfaces, Version=6.0.0.0, Culture=neutral, PublicKeyToken=cc7b13ffcd2ddd51'. The system cannot find the file specified.
File name: 'Microsoft.Bcl.AsyncInterfaces, Version=6.0.0.0, Culture=neutral, PublicKeyToken=cc7b13ffcd2ddd51'
 ---> System.IO.FileNotFoundException: Could not load file or assembly 'Microsoft.Bcl.AsyncInterfaces, Culture=neutral, PublicKeyToken=null'. The system cannot find the file specified.
File name: 'Microsoft.Bcl.AsyncInterfaces, Culture=neutral, PublicKeyToken=null'
   at System.Reflection.RuntimeAssembly.InternalLoad(AssemblyName assemblyName, StackCrawlMark& stackMark, AssemblyLoadContext assemblyLoadContext, RuntimeAssembly requestingAssembly, Boolean throwOnFileNotFound)
   at System.Reflection.Assembly.Load(AssemblyName assemblyRef)
   at Microsoft.VisualStudio.TestPlatform.Common.ExtensionFramework.TestPluginCache.CurrentDomainAssemblyResolve(Object sender, AssemblyResolveEventArgs args) in /_/src/Microsoft.TestPlatform.Common/ExtensionFramework/TestPluginCache.cs:line 513
   at System.Runtime.Loader.AssemblyLoadContext.GetFirstResolvedAssemblyFromResolvingEvent(AssemblyName assemblyName)
   at System.Runtime.Loader.AssemblyLoadContext.ResolveUsingEvent(AssemblyName assemblyName)
   at System.Runtime.Loader.AssemblyLoadContext.ResolveUsingResolvingEvent(IntPtr gchManagedAssemblyLoadContext, AssemblyName assemblyName)
TpTrace Warning: 0 : 4732, 1, 2024/02/16, 12:36:58.193, 1544693350191, vstest.console.dll, LoaderExceptions: System.IO.FileNotFoundException: Could not load file or assembly 'Microsoft.Bcl.AsyncInterfaces, Version=6.0.0.0, Culture=neutral, PublicKeyToken=cc7b13ffcd2ddd51'. The system cannot find the file specified.
File name: 'Microsoft.Bcl.AsyncInterfaces, Version=6.0.0.0, Culture=neutral, PublicKeyToken=cc7b13ffcd2ddd51'
 ---> System.IO.FileNotFoundException: Could not load file or assembly 'Microsoft.Bcl.AsyncInterfaces, Culture=neutral, PublicKeyToken=null'. The system cannot find the file specified.
File name: 'Microsoft.Bcl.AsyncInterfaces, Culture=neutral, PublicKeyToken=null'
   at System.Reflection.RuntimeAssembly.InternalLoad(AssemblyName assemblyName, StackCrawlMark& stackMark, AssemblyLoadContext assemblyLoadContext, RuntimeAssembly requestingAssembly, Boolean throwOnFileNotFound)
   at System.Reflection.Assembly.Load(AssemblyName assemblyRef)
   at Microsoft.VisualStudio.TestPlatform.Common.ExtensionFramework.TestPluginCache.CurrentDomainAssemblyResolve(Object sender, AssemblyResolveEventArgs args) in /_/src/Microsoft.TestPlatform.Common/ExtensionFramework/TestPluginCache.cs:line 513
   at System.Runtime.Loader.AssemblyLoadContext.GetFirstResolvedAssemblyFromResolvingEvent(AssemblyName assemblyName)
   at System.Runtime.Loader.AssemblyLoadContext.ResolveUsingEvent(AssemblyName assemblyName)
   at System.Runtime.Loader.AssemblyLoadContext.ResolveUsingResolvingEvent(IntPtr gchManagedAssemblyLoadContext, AssemblyName assemblyName)
TpTrace Verbose: 0 : 4732, 1, 2024/02/16, 12:36:58.194, 1544693351985, vstest.console.dll, MetadataReaderExtensionsHelper: Discovering extensions inside assembly 'Microsoft.TestPlatform.Extensions.BlameDataCollector, Version=15.0.0.0, Culture=neutral, PublicKeyToken=b03f5f7f11d50a3a' file path 'C:\Program Files\dotnet\sdk\8.0.200\Extensions\Microsoft.TestPlatform.Extensions.BlameDataCollector.dll'
TpTrace Information: 0 : 4732, 1, 2024/02/16, 12:36:58.195, 1544693364273, vstest.console.dll, GetTestExtensionFromType: Register extension with identifier data 'logger://Microsoft/TestPlatform/Extensions/Blame/v1' and type 'Microsoft.TestPlatform.Extensions.BlameDataCollector.BlameLogger, Microsoft.TestPlatform.Extensions.BlameDataCollector, Version=15.0.0.0, Culture=neutral, PublicKeyToken=b03f5f7f11d50a3a' inside file 'C:\Program Files\dotnet\sdk\8.0.200\Extensions\Microsoft.TestPlatform.Extensions.BlameDataCollector.dll'
TpTrace Verbose: 0 : 4732, 1, 2024/02/16, 12:36:58.195, 1544693365881, vstest.console.dll, MetadataReaderExtensionsHelper: Discovering extensions inside assembly 'Microsoft.TestPlatform.Extensions.EventLogCollector, Version=15.0.0.0, Culture=neutral, PublicKeyToken=b03f5f7f11d50a3a' file path 'C:\Program Files\dotnet\sdk\8.0.200\Extensions\Microsoft.TestPlatform.Extensions.EventLogCollector.dll'
TpTrace Verbose: 0 : 4732, 1, 2024/02/16, 12:36:58.196, 1544693378299, vstest.console.dll, MetadataReaderExtensionsHelper: Discovering extensions inside assembly 'Microsoft.TestPlatform.TestHostRuntimeProvider, Version=15.0.0.0, Culture=neutral, PublicKeyToken=b03f5f7f11d50a3a' file path 'C:\Program Files\dotnet\sdk\8.0.200\Extensions\Microsoft.TestPlatform.TestHostRuntimeProvider.dll'
TpTrace Verbose: 0 : 4732, 1, 2024/02/16, 12:36:58.197, 1544693389384, vstest.console.dll, MetadataReaderExtensionsHelper: Discovering extensions inside assembly 'Microsoft.VisualStudio.TestPlatform.Extensions.Html.TestLogger, Version=15.0.0.0, Culture=neutral, PublicKeyToken=b03f5f7f11d50a3a' file path 'C:\Program Files\dotnet\sdk\8.0.200\Extensions\Microsoft.VisualStudio.TestPlatform.Extensions.Html.TestLogger.dll'
TpTrace Information: 0 : 4732, 1, 2024/02/16, 12:36:58.199, 1544693403334, vstest.console.dll, GetTestExtensionFromType: Register extension with identifier data 'logger://Microsoft/TestPlatform/HtmlLogger/v1' and type 'Microsoft.VisualStudio.TestPlatform.Extensions.HtmlLogger.HtmlLogger, Microsoft.VisualStudio.TestPlatform.Extensions.Html.TestLogger, Version=15.0.0.0, Culture=neutral, PublicKeyToken=b03f5f7f11d50a3a' inside file 'C:\Program Files\dotnet\sdk\8.0.200\Extensions\Microsoft.VisualStudio.TestPlatform.Extensions.Html.TestLogger.dll'
TpTrace Verbose: 0 : 4732, 1, 2024/02/16, 12:36:58.199, 1544693404770, vstest.console.dll, MetadataReaderExtensionsHelper: Discovering extensions inside assembly 'Microsoft.VisualStudio.TestPlatform.Extensions.Trx.TestLogger, Version=15.0.0.0, Culture=neutral, PublicKeyToken=b03f5f7f11d50a3a' file path 'C:\Program Files\dotnet\sdk\8.0.200\Extensions\Microsoft.VisualStudio.TestPlatform.Extensions.Trx.TestLogger.dll'
TpTrace Information: 0 : 4732, 1, 2024/02/16, 12:36:58.200, 1544693415505, vstest.console.dll, GetTestExtensionFromType: Register extension with identifier data 'logger://Microsoft/TestPlatform/TrxLogger/v1' and type 'Microsoft.VisualStudio.TestPlatform.Extensions.TrxLogger.TrxLogger, Microsoft.VisualStudio.TestPlatform.Extensions.Trx.TestLogger, Version=15.0.0.0, Culture=neutral, PublicKeyToken=b03f5f7f11d50a3a' inside file 'C:\Program Files\dotnet\sdk\8.0.200\Extensions\Microsoft.VisualStudio.TestPlatform.Extensions.Trx.TestLogger.dll'
TpTrace Verbose: 0 : 4732, 1, 2024/02/16, 12:36:58.200, 1544693417165, vstest.console.dll, TestPluginCache: Discovered the extensions using extension path ''.
TpTrace Verbose: 0 : 4732, 1, 2024/02/16, 12:36:58.200, 1544693418149, vstest.console.dll, TestPluginCache: Discoverers are ''.
TpTrace Verbose: 0 : 4732, 1, 2024/02/16, 12:36:58.200, 1544693418826, vstest.console.dll, TestPluginCache: Executors are ''.
TpTrace Verbose: 0 : 4732, 1, 2024/02/16, 12:36:58.200, 1544693419509, vstest.console.dll, TestPluginCache: Executors2 are ''.
TpTrace Verbose: 0 : 4732, 1, 2024/02/16, 12:36:58.200, 1544693420192, vstest.console.dll, TestPluginCache: Setting providers are ''.
TpTrace Verbose: 0 : 4732, 1, 2024/02/16, 12:36:58.201, 1544693421800, vstest.console.dll, TestPluginCache: Loggers are 'logger://Microsoft/TestPlatform/Extensions/Blame/v1,logger://Microsoft/TestPlatform/HtmlLogger/v1,logger://Microsoft/TestPlatform/TrxLogger/v1'.
TpTrace Verbose: 0 : 4732, 1, 2024/02/16, 12:36:58.201, 1544693422978, vstest.console.dll, TestPluginCache: TestHosts are 'HostProvider://DefaultTestHost,HostProvider://DotnetTestHost'.
TpTrace Verbose: 0 : 4732, 1, 2024/02/16, 12:36:58.201, 1544693423799, vstest.console.dll, TestPluginCache: DataCollectors are ''.
TpTrace Information: 0 : 4732, 1, 2024/02/16, 12:36:58.202, 1544693439138, vstest.console.dll, TestPluginManager.CreateTestExtension: Attempting to load test extension: Microsoft.TestPlatform.Extensions.BlameDataCollector.BlameLogger
TpTrace Verbose: 0 : 4732, 1, 2024/02/16, 12:36:58.217, 1544693582034, vstest.console.dll, TestEngine: Initializing Parallel Execution as MaxCpuCount is set to: 1
TpTrace Information: 0 : 4732, 1, 2024/02/16, 12:36:58.219, 1544693609204, vstest.console.dll, TestPluginManager.CreateTestExtension: Attempting to load test extension: Microsoft.VisualStudio.TestPlatform.CrossPlatEngine.Hosting.DefaultTestHostManager
TpTrace Information: 0 : 4732, 1, 2024/02/16, 12:36:58.221, 1544693630726, vstest.console.dll, TestPluginManager.CreateTestExtension: Attempting to load test extension: Microsoft.VisualStudio.TestPlatform.CrossPlatEngine.Hosting.DotnetTestHostManager
TpTrace Information: 0 : 4732, 1, 2024/02/16, 12:36:58.223, 1544693641848, vstest.console.dll, InferRunSettingsHelper.IsTestSettingsEnabled: Unable to navigate to RunSettings/MSTest. Current node: RunSettings
TpTrace Verbose: 0 : 4732, 1, 2024/02/16, 12:36:58.224, 1544693653346, vstest.console.dll, ParallelOperationManager.ClearSlots: Clearing all slots. Slots should accept more work: True
TpTrace Verbose: 0 : 4732, 1, 2024/02/16, 12:36:58.225, 1544693666171, vstest.console.dll, ParallelOperationManager.SetOccupiedSlotCount: Setting slot counts AvailableSlotCount = 3, OccupiedSlotCount = 0.
TpTrace Verbose: 0 : 4732, 1, 2024/02/16, 12:36:58.226, 1544693672978, vstest.console.dll, Occupied slots:

TpTrace Verbose: 0 : 4732, 1, 2024/02/16, 12:36:58.232, 1544693740248, vstest.console.dll, TestEngine.GetExecutionManager: Chosen execution manager 'Microsoft.VisualStudio.TestPlatform.CrossPlatEngine.Client.Parallel.ParallelProxyExecutionManager, Microsoft.TestPlatform.CrossPlatEngine, Version=15.0.0.0, Culture=neutral, PublicKeyToken=b03f5f7f11d50a3a' ParallelLevel '1'.
TpTrace Verbose: 0 : 4732, 1, 2024/02/16, 12:36:58.233, 1544693742498, vstest.console.dll, TestRunRequest.ExecuteAsync: Creating test run request.
TpTrace Verbose: 0 : 4732, 1, 2024/02/16, 12:36:58.233, 1544693746971, vstest.console.dll, TestRunRequest.ExecuteAsync: Starting.
TpTrace Information: 0 : 4732, 1, 2024/02/16, 12:36:58.235, 1544693770560, vstest.console.dll, TestRunRequest.ExecuteAsync: Starting run with settings:TestRunCriteria:
   KeepAlive=False,FrequencyOfRunStatsChangeEvent=10,RunStatsChangeEventTimeout=00:00:01.5000000,TestCaseFilter=,TestExecutorLauncher=
   Settingsxml=<RunSettings>
  <RunConfiguration>
    <ResultsDirectory>C:\Users\Lenovo\source\repos\Back-End Technologies Basics - 01.2024\08. Integration Testing\TownsApplication\TownApplication.IntegrationTests\bin\Debug\net6.0\fine-code-coverage\coverage-tool-output</ResultsDirectory>
    <TargetPlatform>X64</TargetPlatform>
    <TargetFrameworkVersion>.NETCoreApp,Version=v6.0</TargetFrameworkVersion>
    <DesignMode>False</DesignMode>
    <CollectSourceInformation>False</CollectSourceInformation>
  </RunConfiguration>
  <LoggerRunSettings>
    <Loggers>
      <Logger friendlyName="blame" enabled="True" />
      <Logger friendlyName="Console" uri="logger://microsoft/TestPlatform/ConsoleLogger/v1" assemblyQualifiedName="Microsoft.VisualStudio.TestPlatform.CommandLine.Internal.ConsoleLogger, vstest.console, Version=15.0.0.0, Culture=neutral, PublicKeyToken=b03f5f7f11d50a3a" codeBase="C:\Program Files\dotnet\sdk\8.0.200\vstest.console.dll" enabled="True" />
    </Loggers>
  </LoggerRunSettings>
  <DataCollectionRunSettings>
    <DataCollectors>
      <DataCollector friendlyName="blame" enabled="True">
        <Configuration>
          <ResultsDirectory>C:\Users\Lenovo\source\repos\Back-End Technologies Basics - 01.2024\08. Integration Testing\TownsApplication\TownApplication.IntegrationTests\bin\Debug\net6.0\fine-code-coverage\coverage-tool-output</ResultsDirectory>
        </Configuration>
      </DataCollector>
    </DataCollectors>
  </DataCollectionRunSettings>
</RunSettings>

TpTrace Verbose: 0 : 4732, 1, 2024/02/16, 12:36:58.236, 1544693771979, vstest.console.dll, TestRunRequest.ExecuteAsync: Wait for the first run request is over.
TpTrace Verbose: 0 : 4732, 1, 2024/02/16, 12:36:58.236, 1544693778065, vstest.console.dll, MulticastDelegateUtilities.SafeInvoke: TestRun.TestRunStart: Invoking callbacks was skipped because there are no subscribers.
TpTrace Verbose: 0 : 4732, 4, 2024/02/16, 12:36:58.236, 1544693781018, vstest.console.dll, MulticastDelegateUtilities.SafeInvoke: InternalTestLoggerEvents.SendTestRunStart: Invoking callback 1/1 for Microsoft.VisualStudio.TestPlatform.CommandLine.Internal.ConsoleLogger., took 0 ms.
TpTrace Verbose: 0 : 4732, 1, 2024/02/16, 12:36:58.238, 1544693800242, vstest.console.dll, ParallelProxyExecutionManager: Start execution. Total sources: 1
TpTrace Verbose: 0 : 4732, 1, 2024/02/16, 12:36:58.239, 1544693807246, vstest.console.dll, ParallelOperationManager.StartWork: Starting adding 1 workloads.
TpTrace Verbose: 0 : 4732, 1, 2024/02/16, 12:36:58.239, 1544693808849, vstest.console.dll, ParallelOperationManager.ClearSlots: Clearing all slots. Slots should accept more work: True
TpTrace Verbose: 0 : 4732, 1, 2024/02/16, 12:36:58.239, 1544693810399, vstest.console.dll, ParallelOperationManager.SetOccupiedSlotCount: Setting slot counts AvailableSlotCount = 3, OccupiedSlotCount = 0.
TpTrace Verbose: 0 : 4732, 1, 2024/02/16, 12:36:58.240, 1544693811329, vstest.console.dll, Occupied slots:

TpTrace Verbose: 0 : 4732, 1, 2024/02/16, 12:36:58.242, 1544693838225, vstest.console.dll, TestRequestSender is acting as server.
TpTrace Verbose: 0 : 4732, 1, 2024/02/16, 12:36:58.245, 1544693869081, vstest.console.dll, ParallelOperationManager.RunWorkInParallel: Adding 1 workload to slot, remaining workloads 0.
TpTrace Verbose: 0 : 4732, 1, 2024/02/16, 12:36:58.245, 1544693870472, vstest.console.dll, ParallelOperationManager.SetOccupiedSlotCount: Setting slot counts AvailableSlotCount = 2, OccupiedSlotCount = 1.
TpTrace Verbose: 0 : 4732, 1, 2024/02/16, 12:36:58.246, 1544693872883, vstest.console.dll, Occupied slots:
0: C:\Users\Lenovo\source\repos\Back-End Technologies Basics - 01.2024\08. Integration Testing\TownsApplication\TownApplication.IntegrationTests\bin\Debug\net6.0\fine-code-coverage\build-output\TownApplication.IntegrationTests.dll
TpTrace Verbose: 0 : 4732, 1, 2024/02/16, 12:36:58.248, 1544693894407, vstest.console.dll, ParallelOperationManager.RunWorkInParallel: Started host in slot number 0 for work (source): C:\Users\Lenovo\source\repos\Back-End Technologies Basics - 01.2024\08. Integration Testing\TownsApplication\TownApplication.IntegrationTests\bin\Debug\net6.0\fine-code-coverage\build-output\TownApplication.IntegrationTests.dll.
TpTrace Verbose: 0 : 4732, 1, 2024/02/16, 12:36:58.249, 1544693909215, vstest.console.dll, ParallelOperationManager.RunWorkInParallel: We started 1 work items, which is the max parallel level. Won't start more work.
TpTrace Verbose: 0 : 4732, 1, 2024/02/16, 12:36:58.249, 1544693910614, vstest.console.dll, ParallelOperationManager.RunWorkInParallel: We started 1 work items in here, returning True.
TpTrace Information: 0 : 4732, 1, 2024/02/16, 12:36:58.250, 1544693911466, vstest.console.dll, TestRunRequest.ExecuteAsync: Started.
TpTrace Verbose: 0 : 4732, 5, 2024/02/16, 12:36:58.250, 1544693912178, vstest.console.dll, ParallelProxyExecutionManager.StartTestRunOnConcurrentManager: Initializing uninitialized client. Started clients: 0
TpTrace Verbose: 0 : 4732, 5, 2024/02/16, 12:36:58.250, 1544693914894, vstest.console.dll, DataCollectionRequestSender.InitializeCommunication : Initialize communication. 
TpTrace Verbose: 0 : 4732, 1, 2024/02/16, 12:36:58.251, 1544693923498, vstest.console.dll, TestRunRequest.WaitForCompletion: Waiting with timeout -1.
TpTrace Information: 0 : 4732, 5, 2024/02/16, 12:36:58.266, 1544694075855, vstest.console.dll, Listening on Endpoint : 127.0.0.1:53369
TpTrace Verbose: 0 : 4732, 5, 2024/02/16, 12:36:58.278, 1544694191852, vstest.console.dll, DotnetDataCollectionLauncher: Adding  --runtimeconfig "C:\Program Files\dotnet\sdk\8.0.200\datacollector.runtimeconfig.json" in args
TpTrace Verbose: 0 : 4732, 5, 2024/02/16, 12:36:58.278, 1544694194875, vstest.console.dll, DotnetDataCollectionLauncher: Adding  --depsfile "C:\Program Files\dotnet\sdk\8.0.200\datacollector.deps.json" in args
TpTrace Verbose: 0 : 4732, 5, 2024/02/16, 12:36:58.278, 1544694199453, vstest.console.dll, DotnetDataCollectionLauncher: Full path of dotnet.exe is C:\Program Files\dotnet\dotnet.exe
TpTrace Information: 0 : 4732, 5, 2024/02/16, 12:36:58.291, 1544694323739, vstest.console.dll, ProxyDataCollectionManager.Initialize: Launched datacollector processId: 3604 port: 53369
TpTrace Information: 0 : 4732, 5, 2024/02/16, 12:36:58.291, 1544694326091, vstest.console.dll, ProxyDataCollectionManager.Initialize: waiting for connection with timeout: 90 seconds
TpTrace Verbose: 0 : 4732, 5, 2024/02/16, 12:36:58.291, 1544694328372, vstest.console.dll, DataCollectionRequestSender.WaitForRequestHandlerConnection : Waiting for connection with timeout: 90000
TpTrace Information: 0 : 4732, 7, 2024/02/16, 12:36:58.579, 1544697208644, vstest.console.dll, Using the buffer size of 16384 bytes
TpTrace Verbose: 0 : 4732, 5, 2024/02/16, 12:36:58.579, 1544697208978, vstest.console.dll, SocketCommunicationManager.WaitForClientConnection took: 287 ms, with 90000 ms timeout, and finished with True.
TpTrace Information: 0 : 4732, 7, 2024/02/16, 12:36:58.579, 1544697210535, vstest.console.dll, Accepted Client request and set the flag
TpTrace Verbose: 0 : 4732, 5, 2024/02/16, 12:36:58.580, 1544697212769, vstest.console.dll, ProxyDataCollectionManager.InvokeDataCollectionServiceAction: Starting.
TpTrace Information: 0 : 4732, 5, 2024/02/16, 12:36:58.580, 1544697214459, vstest.console.dll, ProxyDataCollectionManager.BeforeTestRunStart: Get environment variable and port for datacollector processId: 3604 port: 53369
TpTrace Verbose: 0 : 4732, 5, 2024/02/16, 12:36:58.580, 1544697216898, vstest.console.dll, DataCollectionRequestSender.SendBeforeTestRunStartAndGetResult: Send BeforeTestRunStart message with settingsXml <RunSettings><RunConfiguration><ResultsDirectory>C:\Users\Lenovo\source\repos\Back-End Technologies Basics - 01.2024\08. Integration Testing\TownsApplication\TownApplication.IntegrationTests\bin\Debug\net6.0\fine-code-coverage\coverage-tool-output</ResultsDirectory><TargetPlatform>X64</TargetPlatform><TargetFrameworkVersion>.NETCoreApp,Version=v6.0</TargetFrameworkVersion><DesignMode>False</DesignMode><CollectSourceInformation>False</CollectSourceInformation><TestAdaptersPaths>C:\Program Files\dotnet\sdk\8.0.200\Extensions</TestAdaptersPaths></RunConfiguration><LoggerRunSettings><Loggers><Logger friendlyName="blame" enabled="True" /><Logger friendlyName="Console" uri="logger://microsoft/TestPlatform/ConsoleLogger/v1" assemblyQualifiedName="Microsoft.VisualStudio.TestPlatform.CommandLine.Internal.ConsoleLogger, vstest.console, Version=15.0.0.0, Culture=neutral, PublicKeyToken=b03f5f7f11d50a3a" codeBase="C:\Program Files\dotnet\sdk\8.0.200\vstest.console.dll" enabled="True" /></Loggers></LoggerRunSettings><DataCollectionRunSettings><DataCollectors><DataCollector friendlyName="blame" enabled="True"><Configuration><ResultsDirectory>C:\Users\Lenovo\source\repos\Back-End Technologies Basics - 01.2024\08. Integration Testing\TownsApplication\TownApplication.IntegrationTests\bin\Debug\net6.0\fine-code-coverage\coverage-tool-output</ResultsDirectory></Configuration></DataCollector></DataCollectors></DataCollectionRunSettings></RunSettings> and sources System.Collections.Generic.List`1[System.String]: 
TpTrace Verbose: 0 : 4732, 5, 2024/02/16, 12:36:58.685, 1544698270323, vstest.console.dll, DataCollectionRequestSender.SendBeforeTestRunStartAndGetResult: Received message: (DataCollection.SendMessage) -> {"MessageType":"DataCollection.SendMessage","Payload":{"FriendlyName":null,"Uri":null,"TestCaseId":"00000000-0000-0000-0000-000000000000","Message":"Logging DataCollector Diagnostics in file: C:\\Users\\Lenovo\\source\\repos\\Back-End Technologies Basics - 01.2024\\08. Integration Testing\\TownsApplication\\TownApplication.IntegrationTests\\bin\\Debug\\net6.0\\fine-code-coverage\\coverage-tool-output\\diagnostics.datacollector.24-02-16_12-36-58_27758_5.log","Level":0}}
TpTrace Verbose: 0 : 4732, 5, 2024/02/16, 12:36:59.263, 1544704042505, vstest.console.dll, DataCollectionRequestSender.SendBeforeTestRunStartAndGetResult: Received message: (DataCollection.BeforeTestRunStartResult) -> {"MessageType":"DataCollection.BeforeTestRunStartResult","Payload":{"EnvironmentVariables":{},"DataCollectionEventsPort":53372}}
TpTrace Information: 0 : 4732, 5, 2024/02/16, 12:36:59.306, 1544704481056, vstest.console.dll, ProxyDataCollectionManager.BeforeTestRunStart: SendBeforeTestRunStartAndGetResult successful, env variable from datacollector:   and testhost port: 53372
TpTrace Information: 0 : 4732, 5, 2024/02/16, 12:36:59.307, 1544704483474, vstest.console.dll, ProxyDataCollectionManager.InvokeDataCollectionServiceAction: Completed.
TpTrace Verbose: 0 : 4732, 5, 2024/02/16, 12:36:59.307, 1544704485076, vstest.console.dll, ParallelProxyExecutionManager.StartTestRunOnConcurrentManager: Initializing test run. Started clients: 0
TpTrace Verbose: 0 : 4732, 5, 2024/02/16, 12:36:59.307, 1544704487344, vstest.console.dll, ProxyExecutionManager: Test host is always Lazy initialize.
TpTrace Verbose: 0 : 4732, 5, 2024/02/16, 12:36:59.308, 1544704491808, vstest.console.dll, TestRequestSender.InitializeCommunication: initialize communication. 
TpTrace Information: 0 : 4732, 5, 2024/02/16, 12:36:59.308, 1544704500985, vstest.console.dll, SocketServer.Start: Listening on endpoint : 127.0.0.1:53373
TpTrace Verbose: 0 : 4732, 5, 2024/02/16, 12:36:59.310, 1544704514291, vstest.console.dll, DotnetTestHostmanager.GetTestHostProcessStartInfo: Platform environment 'X64' target architecture 'X64' framework '.NETCoreApp,Version=v6.0' OS 'Windows'
TpTrace Verbose: 0 : 4732, 5, 2024/02/16, 12:36:59.310, 1544704519468, vstest.console.dll, DotnetTestHostmanager: Adding  --runtimeconfig "C:\Users\Lenovo\source\repos\Back-End Technologies Basics - 01.2024\08. Integration Testing\TownsApplication\TownApplication.IntegrationTests\bin\Debug\net6.0\fine-code-coverage\build-output\TownApplication.IntegrationTests.runtimeconfig.json" in args
TpTrace Verbose: 0 : 4732, 5, 2024/02/16, 12:36:59.311, 1544704523001, vstest.console.dll, DotnetTestHostmanager: Adding  --depsfile "C:\Users\Lenovo\source\repos\Back-End Technologies Basics - 01.2024\08. Integration Testing\TownsApplication\TownApplication.IntegrationTests\bin\Debug\net6.0\fine-code-coverage\build-output\TownApplication.IntegrationTests.deps.json" in args
TpTrace Verbose: 0 : 4732, 5, 2024/02/16, 12:36:59.311, 1544704526811, vstest.console.dll, DotnetTestHostmanager.IsWinOnArm: Current PROCESSOR_ARCHITECTURE from environment variable 'AMD64'
TpTrace Verbose: 0 : 4732, 5, 2024/02/16, 12:36:59.311, 1544704528383, vstest.console.dll, DotnetTestHostmanager.IsWinOnArm: Is Windows on ARM 'False'
TpTrace Verbose: 0 : 4732, 5, 2024/02/16, 12:36:59.312, 1544704531702, vstest.console.dll, DotnetTestHostManager: testhost.exe found at path: C:\Users\Lenovo\source\repos\Back-End Technologies Basics - 01.2024\08. Integration Testing\TownsApplication\TownApplication.IntegrationTests\bin\Debug\net6.0\fine-code-coverage\build-output\testhost.exe
TpTrace Verbose: 0 : 4732, 5, 2024/02/16, 12:36:59.312, 1544704533274, vstest.console.dll, DotnetTestHostmanager: Full path of host exe is C:\Users\Lenovo\source\repos\Back-End Technologies Basics - 01.2024\08. Integration Testing\TownsApplication\TownApplication.IntegrationTests\bin\Debug\net6.0\fine-code-coverage\build-output\testhost.exe
TpTrace Verbose: 0 : 4732, 5, 2024/02/16, 12:36:59.312, 1544704537360, vstest.console.dll, DotnetTestHostmanager.LaunchTestHostAsync: Found 'VSTEST_WINAPPHOST_DOTNET_ROOT' in env variables, value 'C:\Program Files\dotnet', forwarding to 'DOTNET_ROOT'
TpTrace Verbose: 0 : 4732, 5, 2024/02/16, 12:36:59.312, 1544704540680, vstest.console.dll, DotnetTestHostManager: Starting process 'C:\Users\Lenovo\source\repos\Back-End Technologies Basics - 01.2024\08. Integration Testing\TownsApplication\TownApplication.IntegrationTests\bin\Debug\net6.0\fine-code-coverage\build-output\testhost.exe' with command line ' --runtimeconfig "C:\Users\Lenovo\source\repos\Back-End Technologies Basics - 01.2024\08. Integration Testing\TownsApplication\TownApplication.IntegrationTests\bin\Debug\net6.0\fine-code-coverage\build-output\TownApplication.IntegrationTests.runtimeconfig.json" --depsfile "C:\Users\Lenovo\source\repos\Back-End Technologies Basics - 01.2024\08. Integration Testing\TownsApplication\TownApplication.IntegrationTests\bin\Debug\net6.0\fine-code-coverage\build-output\TownApplication.IntegrationTests.deps.json" --port 53373 --endpoint 127.0.0.1:053373 --role client --parentprocessid 4732 --diag "C:\Users\Lenovo\source\repos\Back-End Technologies Basics - 01.2024\08. Integration Testing\TownsApplication\TownApplication.IntegrationTests\bin\Debug\net6.0\fine-code-coverage\coverage-tool-output\diagnostics.host.24-02-16_12-36-59_30966_5.log" --tracelevel 4 --datacollectionport 53372 --telemetryoptedin false'
TpTrace Verbose: 0 : 4732, 5, 2024/02/16, 12:36:59.324, 1544704653628, vstest.console.dll, MulticastDelegateUtilities.SafeInvoke: HostProviderEvents.OnHostLaunched: Invoking callback 1/2 for Microsoft.VisualStudio.TestPlatform.CrossPlatEngine.Client.ProxyExecutionManagerWithDataCollection., took 1 ms.
TpTrace Verbose: 0 : 4732, 5, 2024/02/16, 12:36:59.324, 1544704658426, vstest.console.dll, Test Runtime launched
TpTrace Verbose: 0 : 4732, 5, 2024/02/16, 12:36:59.324, 1544704659975, vstest.console.dll, MulticastDelegateUtilities.SafeInvoke: HostProviderEvents.OnHostLaunched: Invoking callback 2/2 for Microsoft.VisualStudio.TestPlatform.CrossPlatEngine.Client.ProxyOperationManager., took 0 ms.
TpTrace Verbose: 0 : 4732, 5, 2024/02/16, 12:36:59.325, 1544704662950, vstest.console.dll, TestRequestSender.WaitForRequestHandlerConnection: waiting for connection with timeout: 90000.
TpTrace Verbose: 0 : 4732, 5, 2024/02/16, 12:36:59.679, 1544708211168, vstest.console.dll, TestRequestSender.WaitForRequestHandlerConnection: waiting took 354 ms, with timeout 90000 ms, and result 0, which is success.
TpTrace Verbose: 0 : 4732, 11, 2024/02/16, 12:36:59.679, 1544708211084, vstest.console.dll, MulticastDelegateUtilities.SafeInvoke: SocketServer: ClientConnected: Invoking callback 1/1 for Microsoft.VisualStudio.TestPlatform.CommunicationUtilities.TestRequestSender., took 0 ms.
TpTrace Verbose: 0 : 4732, 11, 2024/02/16, 12:36:59.680, 1544708214452, vstest.console.dll, SocketServer.OnClientConnected: Client connected for endPoint: 127.0.0.1:53373, starting MessageLoopAsync:
TpTrace Verbose: 0 : 4732, 11, 2024/02/16, 12:36:59.681, 1544708223751, vstest.console.dll, TcpClientExtensions.MessageLoopAsync: Polling on remoteEndPoint: 127.0.0.1:53374 localEndPoint: 127.0.0.1:53373 after 0 ms
TpTrace Verbose: 0 : 4732, 5, 2024/02/16, 12:36:59.681, 1544708227747, vstest.console.dll, TestRequestSender.CheckVersionWithTestHost: Sending check version message: {"MessageType":"ProtocolVersion","Payload":7}
TpTrace Verbose: 0 : 4732, 11, 2024/02/16, 12:36:59.983, 1544711247763, vstest.console.dll, TcpClientExtensions.MessageLoopAsync: NotifyDataAvailable remoteEndPoint: 127.0.0.1:53374 localEndPoint: 127.0.0.1:53373
TpTrace Verbose: 0 : 4732, 11, 2024/02/16, 12:36:59.984, 1544711251569, vstest.console.dll, TestRequestSender.CheckVersionWithTestHost: onMessageReceived received message: (ProtocolVersion) -> {"MessageType":"ProtocolVersion","Payload":7}
TpTrace Verbose: 0 : 4732, 11, 2024/02/16, 12:36:59.985, 1544711263222, vstest.console.dll, MulticastDelegateUtilities.SafeInvoke: LengthPrefixCommunicationChannel: MessageReceived: Invoking callback 1/1 for Microsoft.VisualStudio.TestPlatform.CommunicationUtilities.TestRequestSender+<>c__DisplayClass29_0., took 1 ms.
TpTrace Verbose: 0 : 4732, 11, 2024/02/16, 12:36:59.985, 1544711264799, vstest.console.dll, TcpClientExtensions.MessageLoopAsync: Polling on remoteEndPoint: 127.0.0.1:53374 localEndPoint: 127.0.0.1:53373 after 303 ms
TpTrace Verbose: 0 : 4732, 5, 2024/02/16, 12:36:59.985, 1544711265251, vstest.console.dll, TestPluginCache.GetExtensionPaths: Filtered extension paths: 
TpTrace Verbose: 0 : 4732, 5, 2024/02/16, 12:36:59.985, 1544711267660, vstest.console.dll, TestPluginCache.GetExtensionPaths: Added default extension paths: C:\Program Files\dotnet\sdk\8.0.200\Extensions\Microsoft.Diagnostics.NETCore.Client.dll
C:\Program Files\dotnet\sdk\8.0.200\Extensions\Microsoft.TestPlatform.Extensions.BlameDataCollector.dll
C:\Program Files\dotnet\sdk\8.0.200\Extensions\Microsoft.TestPlatform.Extensions.EventLogCollector.dll
C:\Program Files\dotnet\sdk\8.0.200\Extensions\Microsoft.TestPlatform.TestHostRuntimeProvider.dll
C:\Program Files\dotnet\sdk\8.0.200\Extensions\Microsoft.VisualStudio.TestPlatform.Extensions.Html.TestLogger.dll
C:\Program Files\dotnet\sdk\8.0.200\Extensions\Microsoft.VisualStudio.TestPlatform.Extensions.Trx.TestLogger.dll
TpTrace Verbose: 0 : 4732, 5, 2024/02/16, 12:36:59.985, 1544711268560, vstest.console.dll, TestPluginCache.GetExtensionPaths: Added unfilterableExtensionPaths: 
TpTrace Verbose: 0 : 4732, 5, 2024/02/16, 12:36:59.991, 1544711328303, vstest.console.dll, TestRequestSender.InitializeExecution: Sending initialize execution with message: {"Version":7,"MessageType":"TestExecution.Initialize","Payload":["C:\\Users\\Lenovo\\source\\repos\\Back-End Technologies Basics - 01.2024\\08. Integration Testing\\TownsApplication\\TownApplication.IntegrationTests\\bin\\Debug\\net6.0\\fine-code-coverage\\build-output\\xunit.runner.visualstudio.testadapter.dll"]}
TpTrace Verbose: 0 : 4732, 5, 2024/02/16, 12:36:59.992, 1544711331876, vstest.console.dll, ParallelProxyExecutionManager.StartTestRunOnConcurrentManager: Execution starting. Started clients: 1
TpTrace Verbose: 0 : 4732, 5, 2024/02/16, 12:36:59.992, 1544711336950, vstest.console.dll, TestRunRequest:SendTestRunMessage: Starting.
TpTrace Verbose: 0 : 4732, 5, 2024/02/16, 12:36:59.992, 1544711339791, vstest.console.dll, MulticastDelegateUtilities.SafeInvoke: TestRun.LogMessages: Invoking callback 1/1 for Microsoft.VisualStudio.TestPlatform.CommandLine.TestRunResultAggregator., took 0 ms.
TpTrace Information: 0 : 4732, 5, 2024/02/16, 12:36:59.992, 1544711340905, vstest.console.dll, TestRunRequest:SendTestRunMessage: Completed.
TpTrace Verbose: 0 : 4732, 4, 2024/02/16, 12:36:59.993, 1544711344677, vstest.console.dll, MulticastDelegateUtilities.SafeInvoke: InternalTestLoggerEvents.SendTestRunMessage: Invoking callback 1/1 for Microsoft.VisualStudio.TestPlatform.CommandLine.Internal.ConsoleLogger., took 0 ms.
TpTrace Warning: 0 : 4732, 5, 2024/02/16, 12:36:59.993, 1544711349152, vstest.console.dll, InferRunSettingsHelper.MakeRunsettingsCompatible: Removing the following settings: TargetPlatform from RunSettings file. To use those settings please move to latest version of Microsoft.NET.Test.Sdk
TpTrace Verbose: 0 : 4732, 11, 2024/02/16, 12:36:59.995, 1544711368901, vstest.console.dll, TcpClientExtensions.MessageLoopAsync: NotifyDataAvailable remoteEndPoint: 127.0.0.1:53374 localEndPoint: 127.0.0.1:53373
TpTrace Verbose: 0 : 4732, 11, 2024/02/16, 12:36:59.996, 1544711375238, vstest.console.dll, TestRequestSender.OnExecutionMessageReceived: Received message: {"Version":7,"MessageType":"TestSession.Message","Payload":{"MessageLevel":0,"Message":"Logging TestHost Diagnostics in file: C:\\Users\\Lenovo\\source\\repos\\Back-End Technologies Basics - 01.2024\\08. Integration Testing\\TownsApplication\\TownApplication.IntegrationTests\\bin\\Debug\\net6.0\\fine-code-coverage\\coverage-tool-output\\diagnostics.host.24-02-16_12-36-59_30966_5.log"}}
TpTrace Verbose: 0 : 4732, 11, 2024/02/16, 12:37:00.001, 1544711421458, vstest.console.dll, TestRunRequest:SendTestRunMessage: Starting.
TpTrace Verbose: 0 : 4732, 11, 2024/02/16, 12:37:00.001, 1544711423346, vstest.console.dll, MulticastDelegateUtilities.SafeInvoke: TestRun.LogMessages: Invoking callback 1/1 for Microsoft.VisualStudio.TestPlatform.CommandLine.TestRunResultAggregator., took 0 ms.
TpTrace Verbose: 0 : 4732, 4, 2024/02/16, 12:37:00.001, 1544711423951, vstest.console.dll, MulticastDelegateUtilities.SafeInvoke: InternalTestLoggerEvents.SendTestRunMessage: Invoking callback 1/1 for Microsoft.VisualStudio.TestPlatform.CommandLine.Internal.ConsoleLogger., took 0 ms.
TpTrace Information: 0 : 4732, 11, 2024/02/16, 12:37:00.001, 1544711424295, vstest.console.dll, TestRunRequest:SendTestRunMessage: Completed.
TpTrace Verbose: 0 : 4732, 11, 2024/02/16, 12:37:00.001, 1544711426859, vstest.console.dll, MulticastDelegateUtilities.SafeInvoke: LengthPrefixCommunicationChannel: MessageReceived: Invoking callback 1/1 for Microsoft.VisualStudio.TestPlatform.CommunicationUtilities.TestRequestSender+<>c__DisplayClass34_0., took 5 ms.
TpTrace Verbose: 0 : 4732, 11, 2024/02/16, 12:37:00.001, 1544711427850, vstest.console.dll, TcpClientExtensions.MessageLoopAsync: Polling on remoteEndPoint: 127.0.0.1:53374 localEndPoint: 127.0.0.1:53373 after 16 ms
TpTrace Verbose: 0 : 4732, 5, 2024/02/16, 12:37:00.005, 1544711466900, vstest.console.dll, TestRequestSender.StartTestRun: Sending test run with message: {"Version":7,"MessageType":"TestExecution.StartWithSources","Payload":{"AdapterSourceMap":{"_none_":["C:\\Users\\Lenovo\\source\\repos\\Back-End Technologies Basics - 01.2024\\08. Integration Testing\\TownsApplication\\TownApplication.IntegrationTests\\bin\\Debug\\net6.0\\fine-code-coverage\\build-output\\TownApplication.IntegrationTests.dll"]},"RunSettings":"<RunSettings>\r\n  <RunConfiguration>\r\n    <ResultsDirectory>C:\\Users\\Lenovo\\source\\repos\\Back-End Technologies Basics - 01.2024\\08. Integration Testing\\TownsApplication\\TownApplication.IntegrationTests\\bin\\Debug\\net6.0\\fine-code-coverage\\coverage-tool-output</ResultsDirectory>\r\n    <TargetFrameworkVersion>.NETCoreApp,Version=v6.0</TargetFrameworkVersion>\r\n    <DesignMode>False</DesignMode>\r\n    <CollectSourceInformation>False</CollectSourceInformation>\r\n  </RunConfiguration>\r\n  <LoggerRunSettings>\r\n    <Loggers>\r\n      <Logger friendlyName=\"blame\" enabled=\"True\" />\r\n      <Logger friendlyName=\"Console\" uri=\"logger://microsoft/TestPlatform/ConsoleLogger/v1\" assemblyQualifiedName=\"Microsoft.VisualStudio.TestPlatform.CommandLine.Internal.ConsoleLogger, vstest.console, Version=15.0.0.0, Culture=neutral, PublicKeyToken=b03f5f7f11d50a3a\" codeBase=\"C:\\Program Files\\dotnet\\sdk\\8.0.200\\vstest.console.dll\" enabled=\"True\" />\r\n    </Loggers>\r\n  </LoggerRunSettings>\r\n  <DataCollectionRunSettings>\r\n    <DataCollectors>\r\n      <DataCollector friendlyName=\"blame\" enabled=\"True\">\r\n        <Configuration>\r\n          <ResultsDirectory>C:\\Users\\Lenovo\\source\\repos\\Back-End Technologies Basics - 01.2024\\08. Integration Testing\\TownsApplication\\TownApplication.IntegrationTests\\bin\\Debug\\net6.0\\fine-code-coverage\\coverage-tool-output</ResultsDirectory>\r\n        </Configuration>\r\n      </DataCollector>\r\n    </DataCollectors>\r\n  </DataCollectionRunSettings>\r\n</RunSettings>","TestExecutionContext":{"FrequencyOfRunStatsChangeEvent":10,"RunStatsChangeEventTimeout":"00:00:01.5000000","InIsolation":false,"KeepAlive":false,"AreTestCaseLevelEventsRequired":false,"IsDebug":false,"TestCaseFilter":null,"FilterOptions":null},"Package":null}}
TpTrace Verbose: 0 : 4732, 5, 2024/02/16, 12:37:00.005, 1544711469942, vstest.console.dll, ParallelProxyExecutionManager.StartTestRunOnConcurrentManager: Execution started. Started clients: 1
TpTrace Verbose: 0 : 4732, 11, 2024/02/16, 12:37:00.382, 1544715233356, vstest.console.dll, TcpClientExtensions.MessageLoopAsync: NotifyDataAvailable remoteEndPoint: 127.0.0.1:53374 localEndPoint: 127.0.0.1:53373
TpTrace Verbose: 0 : 4732, 11, 2024/02/16, 12:37:00.382, 1544715236213, vstest.console.dll, TestRequestSender.OnExecutionMessageReceived: Received message: {"Version":7,"MessageType":"TestSession.Message","Payload":{"MessageLevel":0,"Message":"[xUnit.net 00:00:00.01] xUnit.net VSTest Adapter v2.5.6+bf9b858c26 (64-bit .NET 6.0.27)"}}
TpTrace Verbose: 0 : 4732, 11, 2024/02/16, 12:37:00.382, 1544715239879, vstest.console.dll, TestRunRequest:SendTestRunMessage: Starting.
TpTrace Verbose: 0 : 4732, 11, 2024/02/16, 12:37:00.383, 1544715241275, vstest.console.dll, MulticastDelegateUtilities.SafeInvoke: TestRun.LogMessages: Invoking callback 1/1 for Microsoft.VisualStudio.TestPlatform.CommandLine.TestRunResultAggregator., took 0 ms.
TpTrace Verbose: 0 : 4732, 4, 2024/02/16, 12:37:00.383, 1544715241962, vstest.console.dll, MulticastDelegateUtilities.SafeInvoke: InternalTestLoggerEvents.SendTestRunMessage: Invoking callback 1/1 for Microsoft.VisualStudio.TestPlatform.CommandLine.Internal.ConsoleLogger., took 0 ms.
TpTrace Information: 0 : 4732, 11, 2024/02/16, 12:37:00.383, 1544715242125, vstest.console.dll, TestRunRequest:SendTestRunMessage: Completed.
TpTrace Verbose: 0 : 4732, 11, 2024/02/16, 12:37:00.383, 1544715244534, vstest.console.dll, MulticastDelegateUtilities.SafeInvoke: LengthPrefixCommunicationChannel: MessageReceived: Invoking callback 1/1 for Microsoft.VisualStudio.TestPlatform.CommunicationUtilities.TestRequestSender+<>c__DisplayClass34_0., took 0 ms.
TpTrace Verbose: 0 : 4732, 11, 2024/02/16, 12:37:00.383, 1544715245348, vstest.console.dll, TcpClientExtensions.MessageLoopAsync: Polling on remoteEndPoint: 127.0.0.1:53374 localEndPoint: 127.0.0.1:53373 after 381 ms
TpTrace Verbose: 0 : 4732, 11, 2024/02/16, 12:37:00.590, 1544717317276, vstest.console.dll, TcpClientExtensions.MessageLoopAsync: NotifyDataAvailable remoteEndPoint: 127.0.0.1:53374 localEndPoint: 127.0.0.1:53373
TpTrace Verbose: 0 : 4732, 11, 2024/02/16, 12:37:00.590, 1544717319607, vstest.console.dll, TestRequestSender.OnExecutionMessageReceived: Received message: {"Version":7,"MessageType":"TestSession.Message","Payload":{"MessageLevel":0,"Message":"[xUnit.net 00:00:00.22]   Discovering: TownApplication.IntegrationTests"}}
TpTrace Verbose: 0 : 4732, 11, 2024/02/16, 12:37:00.591, 1544717322527, vstest.console.dll, TestRunRequest:SendTestRunMessage: Starting.
TpTrace Verbose: 0 : 4732, 11, 2024/02/16, 12:37:00.591, 1544717323947, vstest.console.dll, MulticastDelegateUtilities.SafeInvoke: TestRun.LogMessages: Invoking callback 1/1 for Microsoft.VisualStudio.TestPlatform.CommandLine.TestRunResultAggregator., took 0 ms.
TpTrace Verbose: 0 : 4732, 4, 2024/02/16, 12:37:00.591, 1544717324298, vstest.console.dll, MulticastDelegateUtilities.SafeInvoke: InternalTestLoggerEvents.SendTestRunMessage: Invoking callback 1/1 for Microsoft.VisualStudio.TestPlatform.CommandLine.Internal.ConsoleLogger., took 0 ms.
TpTrace Information: 0 : 4732, 11, 2024/02/16, 12:37:00.591, 1544717325817, vstest.console.dll, TestRunRequest:SendTestRunMessage: Completed.
TpTrace Verbose: 0 : 4732, 11, 2024/02/16, 12:37:00.591, 1544717326844, vstest.console.dll, MulticastDelegateUtilities.SafeInvoke: LengthPrefixCommunicationChannel: MessageReceived: Invoking callback 1/1 for Microsoft.VisualStudio.TestPlatform.CommunicationUtilities.TestRequestSender+<>c__DisplayClass34_0., took 0 ms.
TpTrace Verbose: 0 : 4732, 11, 2024/02/16, 12:37:00.591, 1544717327746, vstest.console.dll, TcpClientExtensions.MessageLoopAsync: Polling on remoteEndPoint: 127.0.0.1:53374 localEndPoint: 127.0.0.1:53373 after 208 ms
TpTrace Verbose: 0 : 4732, 11, 2024/02/16, 12:37:00.775, 1544719166061, vstest.console.dll, TcpClientExtensions.MessageLoopAsync: NotifyDataAvailable remoteEndPoint: 127.0.0.1:53374 localEndPoint: 127.0.0.1:53373
TpTrace Verbose: 0 : 4732, 11, 2024/02/16, 12:37:00.775, 1544719168818, vstest.console.dll, TestRequestSender.OnExecutionMessageReceived: Received message: {"Version":7,"MessageType":"TestSession.Message","Payload":{"MessageLevel":0,"Message":"[xUnit.net 00:00:00.40]   Discovered:  TownApplication.IntegrationTests"}}
TpTrace Verbose: 0 : 4732, 11, 2024/02/16, 12:37:00.775, 1544719171143, vstest.console.dll, TestRunRequest:SendTestRunMessage: Starting.
TpTrace Verbose: 0 : 4732, 11, 2024/02/16, 12:37:00.776, 1544719172374, vstest.console.dll, MulticastDelegateUtilities.SafeInvoke: TestRun.LogMessages: Invoking callback 1/1 for Microsoft.VisualStudio.TestPlatform.CommandLine.TestRunResultAggregator., took 0 ms.
TpTrace Verbose: 0 : 4732, 4, 2024/02/16, 12:37:00.776, 1544719172912, vstest.console.dll, MulticastDelegateUtilities.SafeInvoke: InternalTestLoggerEvents.SendTestRunMessage: Invoking callback 1/1 for Microsoft.VisualStudio.TestPlatform.CommandLine.Internal.ConsoleLogger., took 0 ms.
TpTrace Information: 0 : 4732, 11, 2024/02/16, 12:37:00.776, 1544719173115, vstest.console.dll, TestRunRequest:SendTestRunMessage: Completed.
TpTrace Verbose: 0 : 4732, 11, 2024/02/16, 12:37:00.776, 1544719175281, vstest.console.dll, MulticastDelegateUtilities.SafeInvoke: LengthPrefixCommunicationChannel: MessageReceived: Invoking callback 1/1 for Microsoft.VisualStudio.TestPlatform.CommunicationUtilities.TestRequestSender+<>c__DisplayClass34_0., took 0 ms.
TpTrace Verbose: 0 : 4732, 11, 2024/02/16, 12:37:00.776, 1544719176139, vstest.console.dll, TcpClientExtensions.MessageLoopAsync: Polling on remoteEndPoint: 127.0.0.1:53374 localEndPoint: 127.0.0.1:53373 after 184 ms
TpTrace Verbose: 0 : 4732, 11, 2024/02/16, 12:37:00.781, 1544719223862, vstest.console.dll, TcpClientExtensions.MessageLoopAsync: NotifyDataAvailable remoteEndPoint: 127.0.0.1:53374 localEndPoint: 127.0.0.1:53373
TpTrace Verbose: 0 : 4732, 11, 2024/02/16, 12:37:00.781, 1544719225776, vstest.console.dll, TestRequestSender.OnExecutionMessageReceived: Received message: {"Version":7,"MessageType":"TestSession.Message","Payload":{"MessageLevel":0,"Message":"[xUnit.net 00:00:00.41]   Starting:    TownApplication.IntegrationTests"}}
TpTrace Verbose: 0 : 4732, 11, 2024/02/16, 12:37:00.781, 1544719227681, vstest.console.dll, TestRunRequest:SendTestRunMessage: Starting.
TpTrace Verbose: 0 : 4732, 11, 2024/02/16, 12:37:00.781, 1544719228849, vstest.console.dll, MulticastDelegateUtilities.SafeInvoke: TestRun.LogMessages: Invoking callback 1/1 for Microsoft.VisualStudio.TestPlatform.CommandLine.TestRunResultAggregator., took 0 ms.
TpTrace Verbose: 0 : 4732, 4, 2024/02/16, 12:37:00.781, 1544719229337, vstest.console.dll, MulticastDelegateUtilities.SafeInvoke: InternalTestLoggerEvents.SendTestRunMessage: Invoking callback 1/1 for Microsoft.VisualStudio.TestPlatform.CommandLine.Internal.ConsoleLogger., took 0 ms.
TpTrace Information: 0 : 4732, 11, 2024/02/16, 12:37:00.781, 1544719229704, vstest.console.dll, TestRunRequest:SendTestRunMessage: Completed.
TpTrace Verbose: 0 : 4732, 11, 2024/02/16, 12:37:00.782, 1544719231592, vstest.console.dll, MulticastDelegateUtilities.SafeInvoke: LengthPrefixCommunicationChannel: MessageReceived: Invoking callback 1/1 for Microsoft.VisualStudio.TestPlatform.CommunicationUtilities.TestRequestSender+<>c__DisplayClass34_0., took 0 ms.
TpTrace Verbose: 0 : 4732, 11, 2024/02/16, 12:37:00.782, 1544719233838, vstest.console.dll, TcpClientExtensions.MessageLoopAsync: Polling on remoteEndPoint: 127.0.0.1:53374 localEndPoint: 127.0.0.1:53373 after 5 ms
TpTrace Verbose: 0 : 4732, 11, 2024/02/16, 12:37:01.756, 1544728980863, vstest.console.dll, TcpClientExtensions.MessageLoopAsync: NotifyDataAvailable remoteEndPoint: 127.0.0.1:53374 localEndPoint: 127.0.0.1:53373
TpTrace Verbose: 0 : 4732, 11, 2024/02/16, 12:37:01.757, 1544728984518, vstest.console.dll, TestRequestSender.OnExecutionMessageReceived: Received message: {"Version":7,"MessageType":"TestExecution.StatsChange","Payload":{"NewTestResults":[],"TestRunStatistics":{"ExecutedTests":0,"Stats":{}},"ActiveTests":[{"Id":"4a6c4424-ee92-5787-711c-832df891d5f9","FullyQualifiedName":"TownApplication.IntegrationTests.TCIntegrationTests.AddTown_InvalidName_ShouldThrowArgumentException","DisplayName":"TownApplication.IntegrationTests.TCIntegrationTests.AddTown_InvalidName_ShouldThrowArgumentException(invalidName: \"AB\")","ExecutorUri":"executor://xunit/VsTestRunner2/netcoreapp","Source":"C:\\Users\\Lenovo\\source\\repos\\Back-End Technologies Basics - 01.2024\\08. Integration Testing\\TownsApplication\\TownApplication.IntegrationTests\\bin\\Debug\\net6.0\\fine-code-coverage\\build-output\\TownApplication.IntegrationTests.dll","CodeFilePath":null,"LineNumber":0,"Properties":[]}]}}
TpTrace Verbose: 0 : 4732, 11, 2024/02/16, 12:37:01.779, 1544729205059, vstest.console.dll, TestRunRequest:SendTestRunStatsChange: Starting.
TpTrace Verbose: 0 : 4732, 11, 2024/02/16, 12:37:01.779, 1544729207189, vstest.console.dll, InProgress is TownApplication.IntegrationTests.TCIntegrationTests.AddTown_InvalidName_ShouldThrowArgumentException(invalidName: "AB")
TpTrace Verbose: 0 : 4732, 11, 2024/02/16, 12:37:01.779, 1544729208831, vstest.console.dll, MulticastDelegateUtilities.SafeInvoke: TestRun.RunStatsChanged: Invoking callbacks was skipped because there are no subscribers.
TpTrace Information: 0 : 4732, 11, 2024/02/16, 12:37:01.779, 1544729209535, vstest.console.dll, TestRunRequest:SendTestRunStatsChange: Completed.
TpTrace Verbose: 0 : 4732, 11, 2024/02/16, 12:37:01.779, 1544729210141, vstest.console.dll, MulticastDelegateUtilities.SafeInvoke: LengthPrefixCommunicationChannel: MessageReceived: Invoking callback 1/1 for Microsoft.VisualStudio.TestPlatform.CommunicationUtilities.TestRequestSender+<>c__DisplayClass34_0., took 22 ms.
TpTrace Verbose: 0 : 4732, 11, 2024/02/16, 12:37:01.779, 1544729210903, vstest.console.dll, TcpClientExtensions.MessageLoopAsync: Polling on remoteEndPoint: 127.0.0.1:53374 localEndPoint: 127.0.0.1:53373 after 997 ms
TpTrace Verbose: 0 : 4732, 11, 2024/02/16, 12:37:02.601, 1544737421323, vstest.console.dll, TcpClientExtensions.MessageLoopAsync: NotifyDataAvailable remoteEndPoint: 127.0.0.1:53374 localEndPoint: 127.0.0.1:53373
TpTrace Verbose: 0 : 4732, 11, 2024/02/16, 12:37:02.601, 1544737427498, vstest.console.dll, TestRequestSender.OnExecutionMessageReceived: Received message: {"Version":7,"MessageType":"TestExecution.StatsChange","Payload":{"NewTestResults":[{"TestCase":{"Id":"4a6c4424-ee92-5787-711c-832df891d5f9","FullyQualifiedName":"TownApplication.IntegrationTests.TCIntegrationTests.AddTown_InvalidName_ShouldThrowArgumentException","DisplayName":"TownApplication.IntegrationTests.TCIntegrationTests.AddTown_InvalidName_ShouldThrowArgumentException(invalidName: \"AB\")","ExecutorUri":"executor://xunit/VsTestRunner2/netcoreapp","Source":"C:\\Users\\Lenovo\\source\\repos\\Back-End Technologies Basics - 01.2024\\08. Integration Testing\\TownsApplication\\TownApplication.IntegrationTests\\bin\\Debug\\net6.0\\fine-code-coverage\\build-output\\TownApplication.IntegrationTests.dll","CodeFilePath":null,"LineNumber":0,"Properties":[]},"Attachments":[],"Outcome":1,"ErrorMessage":null,"ErrorStackTrace":null,"DisplayName":"TownApplication.IntegrationTests.TCIntegrationTests.AddTown_InvalidName_ShouldThrowArgumentException(invalidName: \"AB\")","Messages":[],"ComputerName":"DESKTOP-23QTAUK","Duration":"00:00:00.9474119","StartTime":"2024-02-16T10:37:01.8597356+00:00","EndTime":"2024-02-16T10:37:01.8597939+00:00","Properties":[]},{"TestCase":{"Id":"5d119cff-e12e-a8f3-110a-f60a438dc357","FullyQualifiedName":"TownApplication.IntegrationTests.TCIntegrationTests.AddTown_InvalidName_ShouldThrowArgumentException","DisplayName":"TownApplication.IntegrationTests.TCIntegrationTests.AddTown_InvalidName_ShouldThrowArgumentException(invalidName: null)","ExecutorUri":"executor://xunit/VsTestRunner2/netcoreapp","Source":"C:\\Users\\Lenovo\\source\\repos\\Back-End Technologies Basics - 01.2024\\08. Integration Testing\\TownsApplication\\TownApplication.IntegrationTests\\bin\\Debug\\net6.0\\fine-code-coverage\\build-output\\TownApplication.IntegrationTests.dll","CodeFilePath":null,"LineNumber":0,"Properties":[]},"Attachments":[],"Outcome":1,"ErrorMessage":null,"ErrorStackTrace":null,"DisplayName":"TownApplication.IntegrationTests.TCIntegrationTests.AddTown_InvalidName_ShouldThrowArgumentException(invalidName: null)","Messages":[],"ComputerName":"DESKTOP-23QTAUK","Duration":"00:00:00.0272719","StartTime":"2024-02-16T10:37:01.8981661+00:00","EndTime":"2024-02-16T10:37:01.8981663+00:00","Properties":[]},{"TestCase":{"Id":"bcdd634d-d5f7-72d4-e336-5b8c1e341941","FullyQualifiedName":"TownApplication.IntegrationTests.TCIntegrationTests.AddTown_InvalidName_ShouldThrowArgumentException","DisplayName":"TownApplication.IntegrationTests.TCIntegrationTests.AddTown_InvalidName_ShouldThrowArgumentException(invalidName: \"\")","ExecutorUri":"executor://xunit/VsTestRunner2/netcoreapp","Source":"C:\\Users\\Lenovo\\source\\repos\\Back-End Technologies Basics - 01.2024\\08. Integration Testing\\TownsApplication\\TownApplication.IntegrationTests\\bin\\Debug\\net6.0\\fine-code-coverage\\build-output\\TownApplication.IntegrationTests.dll","CodeFilePath":null,"LineNumber":0,"Properties":[]},"Attachments":[],"Outcome":1,"ErrorMessage":null,"ErrorStackTrace":null,"DisplayName":"TownApplication.IntegrationTests.TCIntegrationTests.AddTown_InvalidName_ShouldThrowArgumentException(invalidName: \"\")","Messages":[],"ComputerName":"DESKTOP-23QTAUK","Duration":"00:00:00.0310830","StartTime":"2024-02-16T10:37:01.9170028+00:00","EndTime":"2024-02-16T10:37:01.917003+00:00","Properties":[]},{"TestCase":{"Id":"f6d6a9bc-68a9-922e-7c01-a77f35324d83","FullyQualifiedName":"TownApplication.IntegrationTests.TCIntegrationTests.ListTowns_ShouldReturnTowns","DisplayName":"TownApplication.IntegrationTests.TCIntegrationTests.ListTowns_ShouldReturnTowns","ExecutorUri":"executor://xunit/VsTestRunner2/netcoreapp","Source":"C:\\Users\\Lenovo\\source\\repos\\Back-End Technologies Basics - 01.2024\\08. Integration Testing\\TownsApplication\\TownApplication.IntegrationTests\\bin\\Debug\\net6.0\\fine-code-coverage\\build-output\\TownApplication.IntegrationTests.dll","CodeFilePath":null,"LineNumber":0,"Properties":[]},"Attachments":[],"Outcome":1,"ErrorMessage":null,"ErrorStackTrace":null,"DisplayName":"TownApplication.IntegrationTests.TCIntegrationTests.ListTowns_ShouldReturnTowns","Messages":[],"ComputerName":"DESKTOP-23QTAUK","Duration":"00:00:00.6345638","StartTime":"2024-02-16T10:37:02.5522548+00:00","EndTime":"2024-02-16T10:37:02.552255+00:00","Properties":[]},{"TestCase":{"Id":"31a0afeb-67d2-5e5e-1b91-ccaa43d18227","FullyQualifiedName":"TownApplication.IntegrationTests.TCIntegrationTests.AddTown_ValidInput_ShouldAddTown","DisplayName":"TownApplication.IntegrationTests.TCIntegrationTests.AddTown_ValidInput_ShouldAddTown","ExecutorUri":"executor://xunit/VsTestRunner2/netcoreapp","Source":"C:\\Users\\Lenovo\\source\\repos\\Back-End Technologies Basics - 01.2024\\08. Integration Testing\\TownsApplication\\TownApplication.IntegrationTests\\bin\\Debug\\net6.0\\fine-code-coverage\\build-output\\TownApplication.IntegrationTests.dll","CodeFilePath":null,"LineNumber":0,"Properties":[]},"Attachments":[],"Outcome":1,"ErrorMessage":null,"ErrorStackTrace":null,"DisplayName":"TownApplication.IntegrationTests.TCIntegrationTests.AddTown_ValidInput_ShouldAddTown","Messages":[],"ComputerName":"DESKTOP-23QTAUK","Duration":"00:00:00.0017098","StartTime":"2024-02-16T10:37:02.5562255+00:00","EndTime":"2024-02-16T10:37:02.5562257+00:00","Properties":[]},{"TestCase":{"Id":"4dc7f270-117c-ee16-e800-de92761d814c","FullyQualifiedName":"TownApplication.IntegrationTests.TCIntegrationTests.UpdateTown_ShouldUpdatePopulation","DisplayName":"TownApplication.IntegrationTests.TCIntegrationTests.UpdateTown_ShouldUpdatePopulation","ExecutorUri":"executor://xunit/VsTestRunner2/netcoreapp","Source":"C:\\Users\\Lenovo\\source\\repos\\Back-End Technologies Basics - 01.2024\\08. Integration Testing\\TownsApplication\\TownApplication.IntegrationTests\\bin\\Debug\\net6.0\\fine-code-coverage\\build-output\\TownApplication.IntegrationTests.dll","CodeFilePath":null,"LineNumber":0,"Properties":[]},"Attachments":[],"Outcome":1,"ErrorMessage":null,"ErrorStackTrace":null,"DisplayName":"TownApplication.IntegrationTests.TCIntegrationTests.UpdateTown_ShouldUpdatePopulation","Messages":[],"ComputerName":"DESKTOP-23QTAUK","Duration":"00:00:00.0174002","StartTime":"2024-02-16T10:37:02.5715243+00:00","EndTime":"2024-02-16T10:37:02.5715245+00:00","Properties":[]},{"TestCase":{"Id":"c644db94-597e-d8d3-f957-e4a39ce38ad5","FullyQualifiedName":"TownApplication.IntegrationTests.TCIntegrationTests.AddTown_InvalidPopulation_ShouldThrowArgumentException","DisplayName":"TownApplication.IntegrationTests.TCIntegrationTests.AddTown_InvalidPopulation_ShouldThrowArgumentException(invalidPopulation: 0)","ExecutorUri":"executor://xunit/VsTestRunner2/netcoreapp","Source":"C:\\Users\\Lenovo\\source\\repos\\Back-End Technologies Basics - 01.2024\\08. Integration Testing\\TownsApplication\\TownApplication.IntegrationTests\\bin\\Debug\\net6.0\\fine-code-coverage\\build-output\\TownApplication.IntegrationTests.dll","CodeFilePath":null,"LineNumber":0,"Properties":[]},"Attachments":[],"Outcome":1,"ErrorMessage":null,"ErrorStackTrace":null,"DisplayName":"TownApplication.IntegrationTests.TCIntegrationTests.AddTown_InvalidPopulation_ShouldThrowArgumentException(invalidPopulation: 0)","Messages":[],"ComputerName":"DESKTOP-23QTAUK","Duration":"00:00:00.0011239","StartTime":"2024-02-16T10:37:02.5749466+00:00","EndTime":"2024-02-16T10:37:02.5749468+00:00","Properties":[]},{"TestCase":{"Id":"3bb0b12f-588a-157b-56c1-5ce44530dc2a","FullyQualifiedName":"TownApplication.IntegrationTests.TCIntegrationTests.AddTown_InvalidPopulation_ShouldThrowArgumentException","DisplayName":"TownApplication.IntegrationTests.TCIntegrationTests.AddTown_InvalidPopulation_ShouldThrowArgumentException(invalidPopulation: -1)","ExecutorUri":"executor://xunit/VsTestRunner2/netcoreapp","Source":"C:\\Users\\Lenovo\\source\\repos\\Back-End Technologies Basics - 01.2024\\08. Integration Testing\\TownsApplication\\TownApplication.IntegrationTests\\bin\\Debug\\net6.0\\fine-code-coverage\\build-output\\TownApplication.IntegrationTests.dll","CodeFilePath":null,"LineNumber":0,"Properties":[]},"Attachments":[],"Outcome":1,"ErrorMessage":null,"ErrorStackTrace":null,"DisplayName":"TownApplication.IntegrationTests.TCIntegrationTests.AddTown_InvalidPopulation_ShouldThrowArgumentException(invalidPopulation: -1)","Messages":[],"ComputerName":"DESKTOP-23QTAUK","Duration":"00:00:00.0003606","StartTime":"2024-02-16T10:37:02.5782193+00:00","EndTime":"2024-02-16T10:37:02.5782194+00:00","Properties":[]},{"TestCase":{"Id":"9be87729-90fa-8094-083d-a9732b3a8c30","FullyQualifiedName":"TownApplication.IntegrationTests.TCIntegrationTests.AddTown_DuplicateTownName_DoesNotAddDuplicateTown","DisplayName":"TownApplication.IntegrationTests.TCIntegrationTests.AddTown_DuplicateTownName_DoesNotAddDuplicateTown","ExecutorUri":"executor://xunit/VsTestRunner2/netcoreapp","Source":"C:\\Users\\Lenovo\\source\\repos\\Back-End Technologies Basics - 01.2024\\08. Integration Testing\\TownsApplication\\TownApplication.IntegrationTests\\bin\\Debug\\net6.0\\fine-code-coverage\\build-output\\TownApplication.IntegrationTests.dll","CodeFilePath":null,"LineNumber":0,"Properties":[]},"Attachments":[],"Outcome":1,"ErrorMessage":null,"ErrorStackTrace":null,"DisplayName":"TownApplication.IntegrationTests.TCIntegrationTests.AddTown_DuplicateTownName_DoesNotAddDuplicateTown","Messages":[],"ComputerName":"DESKTOP-23QTAUK","Duration":"00:00:00.0059694","StartTime":"2024-02-16T10:37:02.5814933+00:00","EndTime":"2024-02-16T10:37:02.5814934+00:00","Properties":[]}],"TestRunStatistics":{"ExecutedTests":9,"Stats":{"Passed":9}},"ActiveTests":[{"Id":"096ae127-dbfd-7191-ffe6-54e14761a27b","FullyQualifiedName":"TownApplication.IntegrationTests.TCIntegrationTests.DeleteTown_ShouldDeleteTown","DisplayName":"TownApplication.IntegrationTests.TCIntegrationTests.DeleteTown_ShouldDeleteTown","ExecutorUri":"executor://xunit/VsTestRunner2/netcoreapp","Source":"C:\\Users\\Lenovo\\source\\repos\\Back-End Technologies Basics - 01.2024\\08. Integration Testing\\TownsApplication\\TownApplication.IntegrationTests\\bin\\Debug\\net6.0\\fine-code-coverage\\build-output\\TownApplication.IntegrationTests.dll","CodeFilePath":null,"LineNumber":0,"Properties":[]}]}}
TpTrace Verbose: 0 : 4732, 11, 2024/02/16, 12:37:02.616, 1544737578337, vstest.console.dll, TestRunRequest:SendTestRunStatsChange: Starting.
TpTrace Verbose: 0 : 4732, 11, 2024/02/16, 12:37:02.616, 1544737579547, vstest.console.dll, InProgress is TownApplication.IntegrationTests.TCIntegrationTests.DeleteTown_ShouldDeleteTown
TpTrace Verbose: 0 : 4732, 11, 2024/02/16, 12:37:02.617, 1544737582517, vstest.console.dll, MulticastDelegateUtilities.SafeInvoke: TestRun.RunStatsChanged: Invoking callbacks was skipped because there are no subscribers.
TpTrace Information: 0 : 4732, 11, 2024/02/16, 12:37:02.617, 1544737583289, vstest.console.dll, TestRunRequest:SendTestRunStatsChange: Completed.
TpTrace Verbose: 0 : 4732, 11, 2024/02/16, 12:37:02.617, 1544737583883, vstest.console.dll, MulticastDelegateUtilities.SafeInvoke: LengthPrefixCommunicationChannel: MessageReceived: Invoking callback 1/1 for Microsoft.VisualStudio.TestPlatform.CommunicationUtilities.TestRequestSender+<>c__DisplayClass34_0., took 15 ms.
TpTrace Verbose: 0 : 4732, 11, 2024/02/16, 12:37:02.617, 1544737584486, vstest.console.dll, TcpClientExtensions.MessageLoopAsync: Polling on remoteEndPoint: 127.0.0.1:53374 localEndPoint: 127.0.0.1:53373 after 837 ms
TpTrace Verbose: 0 : 4732, 11, 2024/02/16, 12:37:02.620, 1544737613620, vstest.console.dll, TcpClientExtensions.MessageLoopAsync: NotifyDataAvailable remoteEndPoint: 127.0.0.1:53374 localEndPoint: 127.0.0.1:53373
TpTrace Verbose: 0 : 4732, 11, 2024/02/16, 12:37:02.620, 1544737615448, vstest.console.dll, TestRequestSender.OnExecutionMessageReceived: Received message: {"Version":7,"MessageType":"TestSession.Message","Payload":{"MessageLevel":0,"Message":"[xUnit.net 00:00:02.25]   Finished:    TownApplication.IntegrationTests"}}
TpTrace Verbose: 0 : 4732, 11, 2024/02/16, 12:37:02.620, 1544737617220, vstest.console.dll, TestRunRequest:SendTestRunMessage: Starting.
TpTrace Verbose: 0 : 4732, 11, 2024/02/16, 12:37:02.620, 1544737618369, vstest.console.dll, MulticastDelegateUtilities.SafeInvoke: TestRun.LogMessages: Invoking callback 1/1 for Microsoft.VisualStudio.TestPlatform.CommandLine.TestRunResultAggregator., took 0 ms.
TpTrace Information: 0 : 4732, 11, 2024/02/16, 12:37:02.620, 1544737619033, vstest.console.dll, TestRunRequest:SendTestRunMessage: Completed.
TpTrace Verbose: 0 : 4732, 11, 2024/02/16, 12:37:02.620, 1544737619593, vstest.console.dll, MulticastDelegateUtilities.SafeInvoke: LengthPrefixCommunicationChannel: MessageReceived: Invoking callback 1/1 for Microsoft.VisualStudio.TestPlatform.CommunicationUtilities.TestRequestSender+<>c__DisplayClass34_0., took 0 ms.
TpTrace Verbose: 0 : 4732, 11, 2024/02/16, 12:37:02.620, 1544737620178, vstest.console.dll, TcpClientExtensions.MessageLoopAsync: Polling on remoteEndPoint: 127.0.0.1:53374 localEndPoint: 127.0.0.1:53373 after 3 ms
TpTrace Verbose: 0 : 4732, 4, 2024/02/16, 12:37:02.623, 1544737643725, vstest.console.dll, MulticastDelegateUtilities.SafeInvoke: InternalTestLoggerEvents.SendTestResult: Invoking callback 1/1 for Microsoft.VisualStudio.TestPlatform.CommandLine.Internal.ConsoleLogger., took 6 ms.
TpTrace Verbose: 0 : 4732, 4, 2024/02/16, 12:37:02.623, 1544737649064, vstest.console.dll, MulticastDelegateUtilities.SafeInvoke: InternalTestLoggerEvents.SendTestResult: Invoking callback 1/1 for Microsoft.VisualStudio.TestPlatform.CommandLine.Internal.ConsoleLogger., took 0 ms.
TpTrace Verbose: 0 : 4732, 4, 2024/02/16, 12:37:02.623, 1544737650407, vstest.console.dll, MulticastDelegateUtilities.SafeInvoke: InternalTestLoggerEvents.SendTestResult: Invoking callback 1/1 for Microsoft.VisualStudio.TestPlatform.CommandLine.Internal.ConsoleLogger., took 0 ms.
TpTrace Verbose: 0 : 4732, 4, 2024/02/16, 12:37:02.624, 1544737651500, vstest.console.dll, MulticastDelegateUtilities.SafeInvoke: InternalTestLoggerEvents.SendTestResult: Invoking callback 1/1 for Microsoft.VisualStudio.TestPlatform.CommandLine.Internal.ConsoleLogger., took 0 ms.
TpTrace Verbose: 0 : 4732, 4, 2024/02/16, 12:37:02.624, 1544737652895, vstest.console.dll, MulticastDelegateUtilities.SafeInvoke: InternalTestLoggerEvents.SendTestResult: Invoking callback 1/1 for Microsoft.VisualStudio.TestPlatform.CommandLine.Internal.ConsoleLogger., took 0 ms.
TpTrace Verbose: 0 : 4732, 4, 2024/02/16, 12:37:02.624, 1544737653939, vstest.console.dll, MulticastDelegateUtilities.SafeInvoke: InternalTestLoggerEvents.SendTestResult: Invoking callback 1/1 for Microsoft.VisualStudio.TestPlatform.CommandLine.Internal.ConsoleLogger., took 0 ms.
TpTrace Verbose: 0 : 4732, 4, 2024/02/16, 12:37:02.624, 1544737654829, vstest.console.dll, MulticastDelegateUtilities.SafeInvoke: InternalTestLoggerEvents.SendTestResult: Invoking callback 1/1 for Microsoft.VisualStudio.TestPlatform.CommandLine.Internal.ConsoleLogger., took 0 ms.
TpTrace Verbose: 0 : 4732, 4, 2024/02/16, 12:37:02.624, 1544737655883, vstest.console.dll, MulticastDelegateUtilities.SafeInvoke: InternalTestLoggerEvents.SendTestResult: Invoking callback 1/1 for Microsoft.VisualStudio.TestPlatform.CommandLine.Internal.ConsoleLogger., took 0 ms.
TpTrace Verbose: 0 : 4732, 4, 2024/02/16, 12:37:02.624, 1544737656896, vstest.console.dll, MulticastDelegateUtilities.SafeInvoke: InternalTestLoggerEvents.SendTestResult: Invoking callback 1/1 for Microsoft.VisualStudio.TestPlatform.CommandLine.Internal.ConsoleLogger., took 0 ms.
TpTrace Verbose: 0 : 4732, 4, 2024/02/16, 12:37:02.624, 1544737657667, vstest.console.dll, MulticastDelegateUtilities.SafeInvoke: InternalTestLoggerEvents.SendTestRunMessage: Invoking callback 1/1 for Microsoft.VisualStudio.TestPlatform.CommandLine.Internal.ConsoleLogger., took 0 ms.
TpTrace Verbose: 0 : 4732, 11, 2024/02/16, 12:37:02.658, 1544737993875, vstest.console.dll, TcpClientExtensions.MessageLoopAsync: NotifyDataAvailable remoteEndPoint: 127.0.0.1:53374 localEndPoint: 127.0.0.1:53373
TpTrace Verbose: 0 : 4732, 11, 2024/02/16, 12:37:02.658, 1544737996596, vstest.console.dll, TestRequestSender.OnExecutionMessageReceived: Received message: {"Version":7,"MessageType":"TestExecution.Completed","Payload":{"TestRunCompleteArgs":{"TestRunStatistics":{"ExecutedTests":10,"Stats":{"Passed":10}},"IsCanceled":false,"IsAborted":false,"Error":null,"AttachmentSets":[],"InvokedDataCollectors":[],"ElapsedTimeInRunningTests":"00:00:02.2767014","Metrics":{},"DiscoveredExtensions":{"TestDiscoverers":["Xunit.Runner.VisualStudio.VsTestRunner, xunit.runner.visualstudio.testadapter, Version=2.5.6.0, Culture=neutral, PublicKeyToken=null"],"TestExecutors":["executor://xunit/VsTestRunner2/netcoreapp"],"TestExecutors2":[],"TestSettingsProviders":[]}},"LastRunTests":{"NewTestResults":[{"TestCase":{"Id":"096ae127-dbfd-7191-ffe6-54e14761a27b","FullyQualifiedName":"TownApplication.IntegrationTests.TCIntegrationTests.DeleteTown_ShouldDeleteTown","DisplayName":"TownApplication.IntegrationTests.TCIntegrationTests.DeleteTown_ShouldDeleteTown","ExecutorUri":"executor://xunit/VsTestRunner2/netcoreapp","Source":"C:\\Users\\Lenovo\\source\\repos\\Back-End Technologies Basics - 01.2024\\08. Integration Testing\\TownsApplication\\TownApplication.IntegrationTests\\bin\\Debug\\net6.0\\fine-code-coverage\\build-output\\TownApplication.IntegrationTests.dll","CodeFilePath":null,"LineNumber":0,"Properties":[]},"Attachments":[],"Outcome":1,"ErrorMessage":null,"ErrorStackTrace":null,"DisplayName":"TownApplication.IntegrationTests.TCIntegrationTests.DeleteTown_ShouldDeleteTown","Messages":[],"ComputerName":"DESKTOP-23QTAUK","Duration":"00:00:00.0233039","StartTime":"2024-02-16T10:37:02.6026795+00:00","EndTime":"2024-02-16T10:37:02.6026796+00:00","Properties":[]}],"TestRunStatistics":{"ExecutedTests":10,"Stats":{"Passed":10}},"ActiveTests":[]},"RunAttachments":[],"ExecutorUris":["executor://xunit/VsTestRunner2/netcoreapp"]}}
TpTrace Verbose: 0 : 4732, 11, 2024/02/16, 12:37:02.658, 1544737998365, vstest.console.dll, TestRequestSender.EndSession: Sending end session.
TpTrace Verbose: 0 : 4732, 11, 2024/02/16, 12:37:02.658, 1544738001024, vstest.console.dll, ProxyOperationManager.Close: waiting for test host to exit for 100 ms
TpTrace Verbose: 0 : 4732, 7, 2024/02/16, 12:37:02.696, 1544738379860, vstest.console.dll, TestHostManagerCallbacks.ctor: Experimental forwarding output is disabled.
TpTrace Warning: 0 : 4732, 7, 2024/02/16, 12:37:02.697, 1544738381450, vstest.console.dll, TestHostManagerCallbacks.ErrorReceivedCallback Test host standard error line: 
TpTrace Verbose: 0 : 4732, 7, 2024/02/16, 12:37:02.713, 1544738545097, vstest.console.dll, TestHostProvider.ExitCallBack: Host exited starting callback.
TpTrace Information: 0 : 4732, 7, 2024/02/16, 12:37:02.713, 1544738547321, vstest.console.dll, TestHostManagerCallbacks.ExitCallBack: Testhost processId: 13908 exited with exitcode: 0 error: ''
TpTrace Verbose: 0 : 4732, 7, 2024/02/16, 12:37:02.713, 1544738548146, vstest.console.dll, DotnetTestHostManager.OnHostExited: invoking OnHostExited callback
TpTrace Verbose: 0 : 4732, 7, 2024/02/16, 12:37:02.713, 1544738549032, vstest.console.dll, CrossPlatEngine.TestHostManagerHostExited: calling on client process exit callback.
TpTrace Information: 0 : 4732, 7, 2024/02/16, 12:37:02.713, 1544738550029, vstest.console.dll, TestRequestSender.OnClientProcessExit: Test host process exited. Standard error: 
TpTrace Information: 0 : 4732, 11, 2024/02/16, 12:37:02.713, 1544738550588, vstest.console.dll, SocketServer.Stop: Stop server endPoint: 127.0.0.1:53373
TpTrace Information: 0 : 4732, 11, 2024/02/16, 12:37:02.714, 1544738551734, vstest.console.dll, SocketServer.Stop: Cancellation requested. Stopping message loop.
TpTrace Information: 0 : 4732, 7, 2024/02/16, 12:37:02.714, 1544738551254, vstest.console.dll, SocketServer.Stop: Stop server endPoint: 127.0.0.1:53373
TpTrace Information: 0 : 4732, 7, 2024/02/16, 12:37:02.714, 1544738553241, vstest.console.dll, SocketServer.Stop: Cancellation requested. Stopping message loop.
TpTrace Information: 0 : 4732, 11, 2024/02/16, 12:37:02.714, 1544738553768, vstest.console.dll, Closing the connection
TpTrace Verbose: 0 : 4732, 7, 2024/02/16, 12:37:02.714, 1544738554073, vstest.console.dll, MulticastDelegateUtilities.SafeInvoke: HostProviderEvents.OnHostExited: Invoking callback 1/1 for Microsoft.VisualStudio.TestPlatform.CrossPlatEngine.Client.ProxyOperationManager., took 0 ms.
TpTrace Verbose: 0 : 4732, 11, 2024/02/16, 12:37:02.714, 1544738559138, vstest.console.dll, ProxyDataCollectionManager.InvokeDataCollectionServiceAction: Starting.
TpTrace Information: 0 : 4732, 11, 2024/02/16, 12:37:02.714, 1544738560073, vstest.console.dll, ProxyDataCollectionManager.AfterTestRunEnd: Get attachment set and invoked data collectors processId: 3604 port: 53369
TpTrace Verbose: 0 : 4732, 11, 2024/02/16, 12:37:02.714, 1544738560922, vstest.console.dll, DataCollectionRequestSender.SendAfterTestRunStartAndGetResult: Send AfterTestRunEnd message with isCancelled: False
TpTrace Verbose: 0 : 4732, 11, 2024/02/16, 12:37:02.725, 1544738665504, vstest.console.dll, DataCollectionRequestSender.SendAfterTestRunStartAndGetResult: Received message: (DataCollection.AfterTestRunEndResult) -> {"MessageType":"DataCollection.AfterTestRunEndResult","Payload":{"AttachmentSets":[],"InvokedDataCollectors":[{"Uri":"datacollector://Microsoft/TestPlatform/Extensions/Blame/v1","FriendlyName":"Blame","AssemblyQualifiedName":"Microsoft.TestPlatform.Extensions.BlameDataCollector.BlameCollector, Microsoft.TestPlatform.Extensions.BlameDataCollector, Version=15.0.0.0, Culture=neutral, PublicKeyToken=b03f5f7f11d50a3a","FilePath":"C:\\Program Files\\dotnet\\sdk\\8.0.200\\Extensions\\Microsoft.TestPlatform.Extensions.BlameDataCollector.dll","HasAttachmentProcessor":false}],"Metrics":{}}}
TpTrace Warning: 0 : 4732, 10, 2024/02/16, 12:37:02.733, 1544738743395, vstest.console.dll, DataCollectionLauncher.ErrorReceivedCallback datacollector standard error line: 
TpTrace Information: 0 : 4732, 11, 2024/02/16, 12:37:02.733, 1544738750862, vstest.console.dll, ProxyDataCollectionManager.InvokeDataCollectionServiceAction: Completed.
TpTrace Information: 0 : 4732, 10, 2024/02/16, 12:37:02.752, 1544738936405, vstest.console.dll, DataCollectionLauncher.ExitCallBack: Data collector exited with exitcode: 0 error: ''
TpTrace Verbose: 0 : 4732, 11, 2024/02/16, 12:37:02.786, 1544739281011, vstest.console.dll, TestRunRequest:SendTestRunStatsChange: Starting.
TpTrace Verbose: 0 : 4732, 11, 2024/02/16, 12:37:02.787, 1544739282605, vstest.console.dll, MulticastDelegateUtilities.SafeInvoke: TestRun.RunStatsChanged: Invoking callbacks was skipped because there are no subscribers.
TpTrace Information: 0 : 4732, 11, 2024/02/16, 12:37:02.787, 1544739283341, vstest.console.dll, TestRunRequest:SendTestRunStatsChange: Completed.
TpTrace Verbose: 0 : 4732, 4, 2024/02/16, 12:37:02.787, 1544739283556, vstest.console.dll, MulticastDelegateUtilities.SafeInvoke: InternalTestLoggerEvents.SendTestResult: Invoking callback 1/1 for Microsoft.VisualStudio.TestPlatform.CommandLine.Internal.ConsoleLogger., took 0 ms.
TpTrace Verbose: 0 : 4732, 11, 2024/02/16, 12:37:02.787, 1544739288341, vstest.console.dll, ParallelProxyExecutionManager: HandlePartialRunComplete: Total workloads = 1, Total started clients = 1 Total completed clients = 1, Run complete = True, Run canceled: False.
TpTrace Verbose: 0 : 4732, 11, 2024/02/16, 12:37:02.787, 1544739289187, vstest.console.dll, ParallelProxyExecutionManager: HandlePartialRunComplete: All runs completed stopping all managers.
TpTrace Verbose: 0 : 4732, 11, 2024/02/16, 12:37:02.787, 1544739289851, vstest.console.dll, ParallelOperationManager.StopAllManagers: Stopping all managers.
TpTrace Verbose: 0 : 4732, 11, 2024/02/16, 12:37:02.787, 1544739290449, vstest.console.dll, ParallelOperationManager.ClearSlots: Clearing all slots. Slots should accept more work: False
TpTrace Verbose: 0 : 4732, 11, 2024/02/16, 12:37:02.788, 1544739291275, vstest.console.dll, ParallelOperationManager.SetOccupiedSlotCount: Setting slot counts AvailableSlotCount = 3, OccupiedSlotCount = 0.
TpTrace Verbose: 0 : 4732, 11, 2024/02/16, 12:37:02.788, 1544739292481, vstest.console.dll, Occupied slots:

TpTrace Verbose: 0 : 4732, 4, 2024/02/16, 12:37:02.802, 1544739435517, vstest.console.dll, MulticastDelegateUtilities.SafeInvoke: InternalTestLoggerEvents.SendTestRunComplete: Invoking callback 1/2 for Microsoft.TestPlatform.Extensions.BlameDataCollector.BlameLogger., took 0 ms.
TpTrace Verbose: 0 : 4732, 4, 2024/02/16, 12:37:02.812, 1544739537691, vstest.console.dll, MulticastDelegateUtilities.SafeInvoke: InternalTestLoggerEvents.SendTestRunComplete: Invoking callback 2/2 for Microsoft.VisualStudio.TestPlatform.CommandLine.Internal.ConsoleLogger., took 10 ms.
TpTrace Verbose: 0 : 4732, 11, 2024/02/16, 12:37:02.813, 1544739541648, vstest.console.dll, TestRunRequest:TestRunComplete: Starting. IsAborted:False IsCanceled:False.
TpTrace Verbose: 0 : 4732, 11, 2024/02/16, 12:37:02.813, 1544739544467, vstest.console.dll, ParallelOperationManager.DoActionOnAllManagers: Calling an action on all managers.
TpTrace Verbose: 0 : 4732, 11, 2024/02/16, 12:37:02.814, 1544739559970, vstest.console.dll, TestLoggerManager.HandleTestRunComplete: Ignoring as the object is disposed.
TpTrace Verbose: 0 : 4732, 11, 2024/02/16, 12:37:02.815, 1544739563178, vstest.console.dll, MulticastDelegateUtilities.SafeInvoke: TestRun.TestRunComplete: Invoking callback 1/2 for Microsoft.VisualStudio.TestPlatform.CommandLine.TestRunResultAggregator., took 0 ms.
TpTrace Verbose: 0 : 4732, 11, 2024/02/16, 12:37:02.815, 1544739565193, vstest.console.dll, MulticastDelegateUtilities.SafeInvoke: TestRun.TestRunComplete: Invoking callback 2/2 for Microsoft.VisualStudio.TestPlatform.CommandLine.Processors.RunTestsArgumentExecutor+TestRunRequestEventsRegistrar., took 0 ms.
TpTrace Information: 0 : 4732, 11, 2024/02/16, 12:37:02.815, 1544739566929, vstest.console.dll, TestRunRequest:TestRunComplete: Completed.
TpTrace Verbose: 0 : 4732, 1, 2024/02/16, 12:37:02.815, 1544739567222, vstest.console.dll, TestRunRequest.Dispose: Starting.
TpTrace Verbose: 0 : 4732, 11, 2024/02/16, 12:37:02.815, 1544739567873, vstest.console.dll, TestRequestSender.SetOperationComplete: Setting operation complete.
TpTrace Information: 0 : 4732, 1, 2024/02/16, 12:37:02.815, 1544739569161, vstest.console.dll, TestRunRequest.Dispose: Completed.
TpTrace Information: 0 : 4732, 11, 2024/02/16, 12:37:02.815, 1544739569917, vstest.console.dll, SocketServer.Stop: Stop server endPoint: 127.0.0.1:53373
TpTrace Information: 0 : 4732, 1, 2024/02/16, 12:37:02.815, 1544739571190, vstest.console.dll, TestRequestManager.RunTests: run tests completed.
TpTrace Information: 0 : 4732, 11, 2024/02/16, 12:37:02.816, 1544739571956, vstest.console.dll, SocketServer.Stop: Cancellation requested. Stopping message loop.
TpTrace Verbose: 0 : 4732, 11, 2024/02/16, 12:37:02.816, 1544739573848, vstest.console.dll, MulticastDelegateUtilities.SafeInvoke: LengthPrefixCommunicationChannel: MessageReceived: Invoking callback 1/1 for Microsoft.VisualStudio.TestPlatform.CommunicationUtilities.TestRequestSender+<>c__DisplayClass34_0., took 157 ms.
TpTrace Information: 0 : 4732, 1, 2024/02/16, 12:37:02.816, 1544739573875, vstest.console.dll, RunTestsArgumentProcessor:Execute: Test run is completed.
TpTrace Information: 0 : 4732, 11, 2024/02/16, 12:37:02.816, 1544739574730, vstest.console.dll, SocketServer.PrivateStop: Stopping server endPoint: 127.0.0.1:53373 error: 
TpTrace Verbose: 0 : 4732, 1, 2024/02/16, 12:37:02.816, 1544739578102, vstest.console.dll, Executor.Execute: Exiting with exit code of 0
TpTrace Verbose: 0 : 4732, 11, 2024/02/16, 12:37:02.817, 1544739582624, vstest.console.dll, LengthPrefixCommunicationChannel.Dispose: Dispose reader and writer.
TpTrace Information: 0 : 4732, 11, 2024/02/16, 12:37:02.817, 1544739583892, vstest.console.dll, SocketServer.Stop: Raise disconnected event endPoint: 127.0.0.1:53373 error: 
