TpTrace Verbose: 0 : 18376, 1, 2024/02/14, 16:55:19.237, 1111136142849, vstest.console.dll, Version: 17.8.0-release-23578-02 Current process architecture: X64
TpTrace Verbose: 0 : 18376, 1, 2024/02/14, 16:55:19.243, 1111136200584, vstest.console.dll, Runtime location: C:\Program Files\dotnet\shared\Microsoft.NETCore.App\8.0.1
TpTrace Verbose: 0 : 18376, 1, 2024/02/14, 16:55:19.248, 1111136244412, vstest.console.dll, ArtifactProcessingPostProcessModeProcessorExecutor.Initialize: ArtifactProcessingMode.Collect
TpTrace Verbose: 0 : 18376, 1, 2024/02/14, 16:55:19.248, 1111136246796, vstest.console.dll, TestSessionCorrelationIdProcessorModeProcessorExecutor.Initialize: TestSessionCorrelationId '18196_25d1901c-174e-4cf8-a6a2-934b7ea74d9e'
TpTrace Information: 0 : 18376, 1, 2024/02/14, 16:55:19.261, 1111136382690, vstest.console.dll, FilePatternParser: The given file C:\Users\Lenovo\source\repos\Back-End Technologies Basics - 01.2024\10. Exercises Integration Testing - part 2\MoviesLibraryAPI.Tests\bin\Debug\net6.0\fine-code-coverage\build-output\MoviesLibraryAPI.IntegrationTests.NUnit.dll is a full path.
TpTrace Verbose: 0 : 18376, 1, 2024/02/14, 16:55:19.271, 1111136483264, vstest.console.dll, TestPluginCache.DiscoverTestExtensions: finding test extensions in assemblies ends with: RuntimeProvider.dll TPluginInfo: Microsoft.VisualStudio.TestPlatform.Common.ExtensionFramework.Utilities.TestRuntimePluginInformation TExtension: Microsoft.VisualStudio.TestPlatform.ObjectModel.Host.ITestRuntimeProvider
TpTrace Verbose: 0 : 18376, 1, 2024/02/14, 16:55:19.272, 1111136489150, vstest.console.dll, TestPluginCache.GetExtensionPaths: Filtered extension paths: 
TpTrace Verbose: 0 : 18376, 1, 2024/02/14, 16:55:19.272, 1111136491100, vstest.console.dll, TestPluginCache.GetExtensionPaths: Added default extension paths: C:\Program Files\dotnet\sdk\8.0.101\Extensions\Microsoft.Diagnostics.NETCore.Client.dll
C:\Program Files\dotnet\sdk\8.0.101\Extensions\Microsoft.TestPlatform.Extensions.BlameDataCollector.dll
C:\Program Files\dotnet\sdk\8.0.101\Extensions\Microsoft.TestPlatform.Extensions.EventLogCollector.dll
C:\Program Files\dotnet\sdk\8.0.101\Extensions\Microsoft.TestPlatform.TestHostRuntimeProvider.dll
C:\Program Files\dotnet\sdk\8.0.101\Extensions\Microsoft.VisualStudio.TestPlatform.Extensions.Html.TestLogger.dll
C:\Program Files\dotnet\sdk\8.0.101\Extensions\Microsoft.VisualStudio.TestPlatform.Extensions.Trx.TestLogger.dll
TpTrace Verbose: 0 : 18376, 1, 2024/02/14, 16:55:19.272, 1111136492061, vstest.console.dll, TestPluginCache.GetExtensionPaths: Added unfilterableExtensionPaths: 
TpTrace Information: 0 : 18376, 1, 2024/02/14, 16:55:19.274, 1111136503993, vstest.console.dll, AssemblyResolver.ctor: Creating AssemblyResolver with searchDirectories C:\Program Files\dotnet\sdk\8.0.101\Extensions,C:\Program Files\dotnet\sdk\8.0.101
TpTrace Verbose: 0 : 18376, 1, 2024/02/14, 16:55:19.277, 1111136536178, vstest.console.dll, TestPluginCache.DiscoverTestExtensions: Discovering the extensions using extension path.
TpTrace Verbose: 0 : 18376, 1, 2024/02/14, 16:55:19.277, 1111136538574, vstest.console.dll, TestPluginCache.GetExtensionPaths: Filtered extension paths: 
TpTrace Verbose: 0 : 18376, 1, 2024/02/14, 16:55:19.277, 1111136539728, vstest.console.dll, TestPluginCache.GetExtensionPaths: Added default extension paths: C:\Program Files\dotnet\sdk\8.0.101\Extensions\Microsoft.Diagnostics.NETCore.Client.dll
C:\Program Files\dotnet\sdk\8.0.101\Extensions\Microsoft.TestPlatform.Extensions.BlameDataCollector.dll
C:\Program Files\dotnet\sdk\8.0.101\Extensions\Microsoft.TestPlatform.Extensions.EventLogCollector.dll
C:\Program Files\dotnet\sdk\8.0.101\Extensions\Microsoft.TestPlatform.TestHostRuntimeProvider.dll
C:\Program Files\dotnet\sdk\8.0.101\Extensions\Microsoft.VisualStudio.TestPlatform.Extensions.Html.TestLogger.dll
C:\Program Files\dotnet\sdk\8.0.101\Extensions\Microsoft.VisualStudio.TestPlatform.Extensions.Trx.TestLogger.dll
TpTrace Verbose: 0 : 18376, 1, 2024/02/14, 16:55:19.277, 1111136540552, vstest.console.dll, TestPluginCache.GetExtensionPaths: Added unfilterableExtensionPaths: 
TpTrace Verbose: 0 : 18376, 1, 2024/02/14, 16:55:19.277, 1111136542826, vstest.console.dll, TestPluginCache.DiscoverTestExtensions: Discovering the extensions using allExtensionPaths: C:\Program Files\dotnet\sdk\8.0.101\Extensions\Microsoft.Diagnostics.NETCore.Client.dll
C:\Program Files\dotnet\sdk\8.0.101\Extensions\Microsoft.TestPlatform.Extensions.BlameDataCollector.dll
C:\Program Files\dotnet\sdk\8.0.101\Extensions\Microsoft.TestPlatform.Extensions.EventLogCollector.dll
C:\Program Files\dotnet\sdk\8.0.101\Extensions\Microsoft.TestPlatform.TestHostRuntimeProvider.dll
C:\Program Files\dotnet\sdk\8.0.101\Extensions\Microsoft.VisualStudio.TestPlatform.Extensions.Html.TestLogger.dll
C:\Program Files\dotnet\sdk\8.0.101\Extensions\Microsoft.VisualStudio.TestPlatform.Extensions.Trx.TestLogger.dll
TpTrace Information: 0 : 18376, 1, 2024/02/14, 16:55:19.278, 1111136545060, vstest.console.dll, AssemblyResolver.AddSearchDirectories: Adding more searchDirectories C:\Program Files\dotnet\sdk\8.0.101\Extensions,C:\Program Files\dotnet\sdk\8.0.101
TpTrace Information: 0 : 18376, 1, 2024/02/14, 16:55:19.278, 1111136546540, vstest.console.dll, AssemblyResolver.AddSearchDirectories: Adding more searchDirectories C:\Program Files\dotnet\sdk\8.0.101\Extensions,C:\Program Files\dotnet\sdk\8.0.101
TpTrace Information: 0 : 18376, 1, 2024/02/14, 16:55:19.278, 1111136547618, vstest.console.dll, AssemblyResolver.AddSearchDirectories: Adding more searchDirectories C:\Program Files\dotnet\sdk\8.0.101\Extensions,C:\Program Files\dotnet\sdk\8.0.101
TpTrace Information: 0 : 18376, 1, 2024/02/14, 16:55:19.278, 1111136548509, vstest.console.dll, AssemblyResolver.AddSearchDirectories: Adding more searchDirectories C:\Program Files\dotnet\sdk\8.0.101\Extensions,C:\Program Files\dotnet\sdk\8.0.101
TpTrace Information: 0 : 18376, 1, 2024/02/14, 16:55:19.278, 1111136549334, vstest.console.dll, AssemblyResolver.AddSearchDirectories: Adding more searchDirectories C:\Program Files\dotnet\sdk\8.0.101\Extensions,C:\Program Files\dotnet\sdk\8.0.101
TpTrace Information: 0 : 18376, 1, 2024/02/14, 16:55:19.278, 1111136550137, vstest.console.dll, AssemblyResolver.AddSearchDirectories: Adding more searchDirectories C:\Program Files\dotnet\sdk\8.0.101\Extensions,C:\Program Files\dotnet\sdk\8.0.101
TpTrace Information: 0 : 18376, 1, 2024/02/14, 16:55:19.279, 1111136560465, vstest.console.dll, AssemblyResolver.OnResolve: Microsoft.Diagnostics.NETCore.Client: Resolving assembly.
TpTrace Information: 0 : 18376, 1, 2024/02/14, 16:55:19.279, 1111136562182, vstest.console.dll, AssemblyResolver.OnResolve: Microsoft.Diagnostics.NETCore.Client: Searching in: 'C:\Program Files\dotnet\sdk\8.0.101\Extensions'.
TpTrace Information: 0 : 18376, 1, 2024/02/14, 16:55:19.294, 1111136710360, vstest.console.dll, AssemblyResolver.OnResolve: Microsoft.Diagnostics.NETCore.Client: Loading assembly 'C:\Program Files\dotnet\sdk\8.0.101\Extensions\Microsoft.Diagnostics.NETCore.Client.dll'.
TpTrace Information: 0 : 18376, 1, 2024/02/14, 16:55:19.296, 1111136725869, vstest.console.dll, AssemblyResolver.OnResolve: Resolved assembly: Microsoft.Diagnostics.NETCore.Client, from path: C:\Program Files\dotnet\sdk\8.0.101\Extensions\Microsoft.Diagnostics.NETCore.Client.dll
TpTrace Verbose: 0 : 18376, 1, 2024/02/14, 16:55:19.305, 1111136814113, vstest.console.dll, MetadataReaderExtensionsHelper: Discovering extensions inside assembly 'Microsoft.Diagnostics.NETCore.Client, Version=0.2.8.21101, Culture=neutral, PublicKeyToken=31bf3856ad364e35' file path 'C:\Program Files\dotnet\sdk\8.0.101\Extensions\Microsoft.Diagnostics.NETCore.Client.dll'
TpTrace Information: 0 : 18376, 1, 2024/02/14, 16:55:19.314, 1111136907411, vstest.console.dll, AssemblyResolver.OnResolve: Microsoft.Bcl.AsyncInterfaces: Resolving assembly.
TpTrace Information: 0 : 18376, 1, 2024/02/14, 16:55:19.314, 1111136908890, vstest.console.dll, AssemblyResolver.OnResolve: Microsoft.Bcl.AsyncInterfaces: Searching in: 'C:\Program Files\dotnet\sdk\8.0.101\Extensions'.
TpTrace Information: 0 : 18376, 1, 2024/02/14, 16:55:19.314, 1111136912477, vstest.console.dll, AssemblyResolver.OnResolve: Microsoft.Bcl.AsyncInterfaces: Assembly path does not exist: 'C:\Program Files\dotnet\sdk\8.0.101\Extensions\Microsoft.Bcl.AsyncInterfaces.dll', returning.
TpTrace Information: 0 : 18376, 1, 2024/02/14, 16:55:19.315, 1111136915156, vstest.console.dll, AssemblyResolver.OnResolve: Microsoft.Bcl.AsyncInterfaces: Assembly path does not exist: 'C:\Program Files\dotnet\sdk\8.0.101\Extensions\Microsoft.Bcl.AsyncInterfaces.exe', returning.
TpTrace Information: 0 : 18376, 1, 2024/02/14, 16:55:19.315, 1111136916393, vstest.console.dll, AssemblyResolver.OnResolve: Microsoft.Bcl.AsyncInterfaces: Searching in: 'C:\Program Files\dotnet\sdk\8.0.101'.
TpTrace Information: 0 : 18376, 1, 2024/02/14, 16:55:19.315, 1111136918883, vstest.console.dll, AssemblyResolver.OnResolve: Microsoft.Bcl.AsyncInterfaces: Assembly path does not exist: 'C:\Program Files\dotnet\sdk\8.0.101\Microsoft.Bcl.AsyncInterfaces.dll', returning.
TpTrace Information: 0 : 18376, 1, 2024/02/14, 16:55:19.315, 1111136921431, vstest.console.dll, AssemblyResolver.OnResolve: Microsoft.Bcl.AsyncInterfaces: Assembly path does not exist: 'C:\Program Files\dotnet\sdk\8.0.101\Microsoft.Bcl.AsyncInterfaces.exe', returning.
TpTrace Information: 0 : 18376, 1, 2024/02/14, 16:55:19.315, 1111136922366, vstest.console.dll, AssemblyResolver.OnResolve: Microsoft.Bcl.AsyncInterfaces: Failed to load assembly.
TpTrace Verbose: 0 : 18376, 1, 2024/02/14, 16:55:19.315, 1111136923236, vstest.console.dll, CurrentDomainAssemblyResolve: Resolving assembly 'Microsoft.Bcl.AsyncInterfaces'.
TpTrace Information: 0 : 18376, 1, 2024/02/14, 16:55:19.316, 1111136924705, vstest.console.dll, AssemblyResolver.OnResolve: Microsoft.Bcl.AsyncInterfaces: Resolving assembly.
TpTrace Information: 0 : 18376, 1, 2024/02/14, 16:55:19.316, 1111136925702, vstest.console.dll, AssemblyResolver.OnResolve: Microsoft.Bcl.AsyncInterfaces: Resolved from cache.
TpTrace Verbose: 0 : 18376, 1, 2024/02/14, 16:55:19.316, 1111136926706, vstest.console.dll, CurrentDomainAssemblyResolve: Resolving assembly 'Microsoft.Bcl.AsyncInterfaces'.
TpTrace Verbose: 0 : 18376, 1, 2024/02/14, 16:55:19.316, 1111136927583, vstest.console.dll, CurrentDomainAssemblyResolve: Failed to resolve assembly 'Microsoft.Bcl.AsyncInterfaces'.
TpTrace Verbose: 0 : 18376, 1, 2024/02/14, 16:55:19.319, 1111136956584, vstest.console.dll, CurrentDomainAssemblyResolve: Failed to resolve assembly 'Microsoft.Bcl.AsyncInterfaces'.
TpTrace Warning: 0 : 18376, 1, 2024/02/14, 16:55:19.341, 1111137181272, vstest.console.dll, TestPluginDiscoverer: Failed to get types from assembly 'Microsoft.Diagnostics.NETCore.Client, Version=0.2.8.21101, Culture=neutral, PublicKeyToken=31bf3856ad364e35'. Error: System.Reflection.ReflectionTypeLoadException: Unable to load one or more of the requested types.
Could not load file or assembly 'Microsoft.Bcl.AsyncInterfaces, Version=1.0.0.0, Culture=neutral, PublicKeyToken=cc7b13ffcd2ddd51'. The system cannot find the file specified.
   at System.Reflection.RuntimeModule.GetTypes(RuntimeModule module)
   at System.Reflection.RuntimeModule.GetTypes()
   at Microsoft.VisualStudio.TestPlatform.Common.ExtensionFramework.TestPluginDiscoverer.GetTestExtensionsFromAssembly[TPluginInfo,TExtension](Assembly assembly, Dictionary`2 pluginInfos, String filePath) in /_/src/Microsoft.TestPlatform.Common/ExtensionFramework/TestPluginDiscoverer.cs:line 158
System.IO.FileNotFoundException: Could not load file or assembly 'Microsoft.Bcl.AsyncInterfaces, Version=1.0.0.0, Culture=neutral, PublicKeyToken=cc7b13ffcd2ddd51'. The system cannot find the file specified.
File name: 'Microsoft.Bcl.AsyncInterfaces, Version=1.0.0.0, Culture=neutral, PublicKeyToken=cc7b13ffcd2ddd51'
 ---> System.IO.FileNotFoundException: Could not load file or assembly 'Microsoft.Bcl.AsyncInterfaces, Culture=neutral, PublicKeyToken=null'. The system cannot find the file specified.
File name: 'Microsoft.Bcl.AsyncInterfaces, Culture=neutral, PublicKeyToken=null'
   at System.Reflection.RuntimeAssembly.InternalLoad(AssemblyName assemblyName, StackCrawlMark& stackMark, AssemblyLoadContext assemblyLoadContext, RuntimeAssembly requestingAssembly, Boolean throwOnFileNotFound)
   at System.Reflection.Assembly.Load(AssemblyName assemblyRef)
   at Microsoft.VisualStudio.TestPlatform.Common.ExtensionFramework.TestPluginCache.CurrentDomainAssemblyResolve(Object sender, AssemblyResolveEventArgs args) in /_/src/Microsoft.TestPlatform.Common/ExtensionFramework/TestPluginCache.cs:line 513
   at System.Runtime.Loader.AssemblyLoadContext.GetFirstResolvedAssemblyFromResolvingEvent(AssemblyName assemblyName)
   at System.Runtime.Loader.AssemblyLoadContext.ResolveUsingEvent(AssemblyName assemblyName)
   at System.Runtime.Loader.AssemblyLoadContext.ResolveUsingResolvingEvent(IntPtr gchManagedAssemblyLoadContext, AssemblyName assemblyName)
TpTrace Warning: 0 : 18376, 1, 2024/02/14, 16:55:19.342, 1111137188905, vstest.console.dll, LoaderExceptions: System.IO.FileNotFoundException: Could not load file or assembly 'Microsoft.Bcl.AsyncInterfaces, Version=1.0.0.0, Culture=neutral, PublicKeyToken=cc7b13ffcd2ddd51'. The system cannot find the file specified.
File name: 'Microsoft.Bcl.AsyncInterfaces, Version=1.0.0.0, Culture=neutral, PublicKeyToken=cc7b13ffcd2ddd51'
 ---> System.IO.FileNotFoundException: Could not load file or assembly 'Microsoft.Bcl.AsyncInterfaces, Culture=neutral, PublicKeyToken=null'. The system cannot find the file specified.
File name: 'Microsoft.Bcl.AsyncInterfaces, Culture=neutral, PublicKeyToken=null'
   at System.Reflection.RuntimeAssembly.InternalLoad(AssemblyName assemblyName, StackCrawlMark& stackMark, AssemblyLoadContext assemblyLoadContext, RuntimeAssembly requestingAssembly, Boolean throwOnFileNotFound)
   at System.Reflection.Assembly.Load(AssemblyName assemblyRef)
   at Microsoft.VisualStudio.TestPlatform.Common.ExtensionFramework.TestPluginCache.CurrentDomainAssemblyResolve(Object sender, AssemblyResolveEventArgs args) in /_/src/Microsoft.TestPlatform.Common/ExtensionFramework/TestPluginCache.cs:line 513
   at System.Runtime.Loader.AssemblyLoadContext.GetFirstResolvedAssemblyFromResolvingEvent(AssemblyName assemblyName)
   at System.Runtime.Loader.AssemblyLoadContext.ResolveUsingEvent(AssemblyName assemblyName)
   at System.Runtime.Loader.AssemblyLoadContext.ResolveUsingResolvingEvent(IntPtr gchManagedAssemblyLoadContext, AssemblyName assemblyName)
TpTrace Information: 0 : 18376, 1, 2024/02/14, 16:55:19.342, 1111137192098, vstest.console.dll, AssemblyResolver.OnResolve: Microsoft.TestPlatform.Extensions.BlameDataCollector: Resolving assembly.
TpTrace Information: 0 : 18376, 1, 2024/02/14, 16:55:19.342, 1111137193172, vstest.console.dll, AssemblyResolver.OnResolve: Microsoft.TestPlatform.Extensions.BlameDataCollector: Searching in: 'C:\Program Files\dotnet\sdk\8.0.101\Extensions'.
TpTrace Information: 0 : 18376, 1, 2024/02/14, 16:55:19.344, 1111137205846, vstest.console.dll, AssemblyResolver.OnResolve: Microsoft.TestPlatform.Extensions.BlameDataCollector: Loading assembly 'C:\Program Files\dotnet\sdk\8.0.101\Extensions\Microsoft.TestPlatform.Extensions.BlameDataCollector.dll'.
TpTrace Information: 0 : 18376, 1, 2024/02/14, 16:55:19.345, 1111137219647, vstest.console.dll, AssemblyResolver.OnResolve: Resolved assembly: Microsoft.TestPlatform.Extensions.BlameDataCollector, from path: C:\Program Files\dotnet\sdk\8.0.101\Extensions\Microsoft.TestPlatform.Extensions.BlameDataCollector.dll
TpTrace Verbose: 0 : 18376, 1, 2024/02/14, 16:55:19.345, 1111137221548, vstest.console.dll, MetadataReaderExtensionsHelper: Discovering extensions inside assembly 'Microsoft.TestPlatform.Extensions.BlameDataCollector, Version=15.0.0.0, Culture=neutral, PublicKeyToken=b03f5f7f11d50a3a' file path 'C:\Program Files\dotnet\sdk\8.0.101\Extensions\Microsoft.TestPlatform.Extensions.BlameDataCollector.dll'
TpTrace Information: 0 : 18376, 1, 2024/02/14, 16:55:19.348, 1111137251605, vstest.console.dll, AssemblyResolver.OnResolve: Microsoft.TestPlatform.Extensions.EventLogCollector: Resolving assembly.
TpTrace Information: 0 : 18376, 1, 2024/02/14, 16:55:19.349, 1111137254171, vstest.console.dll, AssemblyResolver.OnResolve: Microsoft.TestPlatform.Extensions.EventLogCollector: Searching in: 'C:\Program Files\dotnet\sdk\8.0.101\Extensions'.
TpTrace Information: 0 : 18376, 1, 2024/02/14, 16:55:19.350, 1111137264491, vstest.console.dll, AssemblyResolver.OnResolve: Microsoft.TestPlatform.Extensions.EventLogCollector: Loading assembly 'C:\Program Files\dotnet\sdk\8.0.101\Extensions\Microsoft.TestPlatform.Extensions.EventLogCollector.dll'.
TpTrace Information: 0 : 18376, 1, 2024/02/14, 16:55:19.351, 1111137276681, vstest.console.dll, AssemblyResolver.OnResolve: Resolved assembly: Microsoft.TestPlatform.Extensions.EventLogCollector, from path: C:\Program Files\dotnet\sdk\8.0.101\Extensions\Microsoft.TestPlatform.Extensions.EventLogCollector.dll
TpTrace Verbose: 0 : 18376, 1, 2024/02/14, 16:55:19.351, 1111137278497, vstest.console.dll, MetadataReaderExtensionsHelper: Discovering extensions inside assembly 'Microsoft.TestPlatform.Extensions.EventLogCollector, Version=15.0.0.0, Culture=neutral, PublicKeyToken=b03f5f7f11d50a3a' file path 'C:\Program Files\dotnet\sdk\8.0.101\Extensions\Microsoft.TestPlatform.Extensions.EventLogCollector.dll'
TpTrace Information: 0 : 18376, 1, 2024/02/14, 16:55:19.357, 1111137338501, vstest.console.dll, AssemblyResolver.OnResolve: Microsoft.TestPlatform.TestHostRuntimeProvider: Resolving assembly.
TpTrace Information: 0 : 18376, 1, 2024/02/14, 16:55:19.357, 1111137339884, vstest.console.dll, AssemblyResolver.OnResolve: Microsoft.TestPlatform.TestHostRuntimeProvider: Searching in: 'C:\Program Files\dotnet\sdk\8.0.101\Extensions'.
TpTrace Information: 0 : 18376, 1, 2024/02/14, 16:55:19.358, 1111137352447, vstest.console.dll, AssemblyResolver.OnResolve: Microsoft.TestPlatform.TestHostRuntimeProvider: Loading assembly 'C:\Program Files\dotnet\sdk\8.0.101\Extensions\Microsoft.TestPlatform.TestHostRuntimeProvider.dll'.
TpTrace Information: 0 : 18376, 1, 2024/02/14, 16:55:19.361, 1111137382510, vstest.console.dll, AssemblyResolver.OnResolve: Resolved assembly: Microsoft.TestPlatform.TestHostRuntimeProvider, from path: C:\Program Files\dotnet\sdk\8.0.101\Extensions\Microsoft.TestPlatform.TestHostRuntimeProvider.dll
TpTrace Verbose: 0 : 18376, 1, 2024/02/14, 16:55:19.362, 1111137384080, vstest.console.dll, MetadataReaderExtensionsHelper: Discovering extensions inside assembly 'Microsoft.TestPlatform.TestHostRuntimeProvider, Version=15.0.0.0, Culture=neutral, PublicKeyToken=b03f5f7f11d50a3a' file path 'C:\Program Files\dotnet\sdk\8.0.101\Extensions\Microsoft.TestPlatform.TestHostRuntimeProvider.dll'
TpTrace Information: 0 : 18376, 1, 2024/02/14, 16:55:19.365, 1111137420305, vstest.console.dll, GetTestExtensionFromType: Register extension with identifier data 'HostProvider://DefaultTestHost' and type 'Microsoft.VisualStudio.TestPlatform.CrossPlatEngine.Hosting.DefaultTestHostManager, Microsoft.TestPlatform.TestHostRuntimeProvider, Version=15.0.0.0, Culture=neutral, PublicKeyToken=b03f5f7f11d50a3a' inside file 'C:\Program Files\dotnet\sdk\8.0.101\Extensions\Microsoft.TestPlatform.TestHostRuntimeProvider.dll'
TpTrace Information: 0 : 18376, 1, 2024/02/14, 16:55:19.366, 1111137425256, vstest.console.dll, GetTestExtensionFromType: Register extension with identifier data 'HostProvider://DotnetTestHost' and type 'Microsoft.VisualStudio.TestPlatform.CrossPlatEngine.Hosting.DotnetTestHostManager, Microsoft.TestPlatform.TestHostRuntimeProvider, Version=15.0.0.0, Culture=neutral, PublicKeyToken=b03f5f7f11d50a3a' inside file 'C:\Program Files\dotnet\sdk\8.0.101\Extensions\Microsoft.TestPlatform.TestHostRuntimeProvider.dll'
TpTrace Information: 0 : 18376, 1, 2024/02/14, 16:55:19.366, 1111137427051, vstest.console.dll, AssemblyResolver.OnResolve: Microsoft.VisualStudio.TestPlatform.Extensions.Html.TestLogger: Resolving assembly.
TpTrace Information: 0 : 18376, 1, 2024/02/14, 16:55:19.366, 1111137427989, vstest.console.dll, AssemblyResolver.OnResolve: Microsoft.VisualStudio.TestPlatform.Extensions.Html.TestLogger: Searching in: 'C:\Program Files\dotnet\sdk\8.0.101\Extensions'.
TpTrace Information: 0 : 18376, 1, 2024/02/14, 16:55:19.367, 1111137438371, vstest.console.dll, AssemblyResolver.OnResolve: Microsoft.VisualStudio.TestPlatform.Extensions.Html.TestLogger: Loading assembly 'C:\Program Files\dotnet\sdk\8.0.101\Extensions\Microsoft.VisualStudio.TestPlatform.Extensions.Html.TestLogger.dll'.
TpTrace Information: 0 : 18376, 1, 2024/02/14, 16:55:19.368, 1111137450211, vstest.console.dll, AssemblyResolver.OnResolve: Resolved assembly: Microsoft.VisualStudio.TestPlatform.Extensions.Html.TestLogger, from path: C:\Program Files\dotnet\sdk\8.0.101\Extensions\Microsoft.VisualStudio.TestPlatform.Extensions.Html.TestLogger.dll
TpTrace Verbose: 0 : 18376, 1, 2024/02/14, 16:55:19.368, 1111137451813, vstest.console.dll, MetadataReaderExtensionsHelper: Discovering extensions inside assembly 'Microsoft.VisualStudio.TestPlatform.Extensions.Html.TestLogger, Version=15.0.0.0, Culture=neutral, PublicKeyToken=b03f5f7f11d50a3a' file path 'C:\Program Files\dotnet\sdk\8.0.101\Extensions\Microsoft.VisualStudio.TestPlatform.Extensions.Html.TestLogger.dll'
TpTrace Information: 0 : 18376, 1, 2024/02/14, 16:55:19.370, 1111137470987, vstest.console.dll, AssemblyResolver.OnResolve: Microsoft.VisualStudio.TestPlatform.Extensions.Trx.TestLogger: Resolving assembly.
TpTrace Information: 0 : 18376, 1, 2024/02/14, 16:55:19.370, 1111137472192, vstest.console.dll, AssemblyResolver.OnResolve: Microsoft.VisualStudio.TestPlatform.Extensions.Trx.TestLogger: Searching in: 'C:\Program Files\dotnet\sdk\8.0.101\Extensions'.
TpTrace Information: 0 : 18376, 1, 2024/02/14, 16:55:19.371, 1111137482604, vstest.console.dll, AssemblyResolver.OnResolve: Microsoft.VisualStudio.TestPlatform.Extensions.Trx.TestLogger: Loading assembly 'C:\Program Files\dotnet\sdk\8.0.101\Extensions\Microsoft.VisualStudio.TestPlatform.Extensions.Trx.TestLogger.dll'.
TpTrace Information: 0 : 18376, 1, 2024/02/14, 16:55:19.373, 1111137496707, vstest.console.dll, AssemblyResolver.OnResolve: Resolved assembly: Microsoft.VisualStudio.TestPlatform.Extensions.Trx.TestLogger, from path: C:\Program Files\dotnet\sdk\8.0.101\Extensions\Microsoft.VisualStudio.TestPlatform.Extensions.Trx.TestLogger.dll
TpTrace Verbose: 0 : 18376, 1, 2024/02/14, 16:55:19.373, 1111137498280, vstest.console.dll, MetadataReaderExtensionsHelper: Discovering extensions inside assembly 'Microsoft.VisualStudio.TestPlatform.Extensions.Trx.TestLogger, Version=15.0.0.0, Culture=neutral, PublicKeyToken=b03f5f7f11d50a3a' file path 'C:\Program Files\dotnet\sdk\8.0.101\Extensions\Microsoft.VisualStudio.TestPlatform.Extensions.Trx.TestLogger.dll'
TpTrace Verbose: 0 : 18376, 1, 2024/02/14, 16:55:19.376, 1111137528175, vstest.console.dll, TestPluginCache: Discovered the extensions using extension path ''.
TpTrace Verbose: 0 : 18376, 1, 2024/02/14, 16:55:19.376, 1111137529553, vstest.console.dll, TestPluginCache: Discoverers are ''.
TpTrace Verbose: 0 : 18376, 1, 2024/02/14, 16:55:19.376, 1111137530336, vstest.console.dll, TestPluginCache: Executors are ''.
TpTrace Verbose: 0 : 18376, 1, 2024/02/14, 16:55:19.376, 1111137531013, vstest.console.dll, TestPluginCache: Executors2 are ''.
TpTrace Verbose: 0 : 18376, 1, 2024/02/14, 16:55:19.376, 1111137531669, vstest.console.dll, TestPluginCache: Setting providers are ''.
TpTrace Verbose: 0 : 18376, 1, 2024/02/14, 16:55:19.376, 1111137532318, vstest.console.dll, TestPluginCache: Loggers are ''.
TpTrace Verbose: 0 : 18376, 1, 2024/02/14, 16:55:19.377, 1111137533865, vstest.console.dll, TestPluginCache: TestHosts are 'HostProvider://DefaultTestHost,HostProvider://DotnetTestHost'.
TpTrace Verbose: 0 : 18376, 1, 2024/02/14, 16:55:19.377, 1111137534900, vstest.console.dll, TestPluginCache: DataCollectors are ''.
TpTrace Information: 0 : 18376, 1, 2024/02/14, 16:55:19.407, 1111137839707, vstest.console.dll, RunTestsArgumentProcessor:Execute: Test run is starting.
TpTrace Verbose: 0 : 18376, 1, 2024/02/14, 16:55:19.407, 1111137841279, vstest.console.dll, RunTestsArgumentProcessor:Execute: Queuing Test run.
TpTrace Information: 0 : 18376, 1, 2024/02/14, 16:55:19.408, 1111137845617, vstest.console.dll, TestRequestManager.RunTests: run tests started.
TpTrace Information: 0 : 18376, 1, 2024/02/14, 16:55:19.410, 1111137868375, vstest.console.dll, AssemblyMetadataProvider.GetFrameworkName: Determined framework:'.NETCoreApp,Version=v6.0' for source: 'C:\Users\Lenovo\source\repos\Back-End Technologies Basics - 01.2024\10. Exercises Integration Testing - part 2\MoviesLibraryAPI.Tests\bin\Debug\net6.0\fine-code-coverage\build-output\MoviesLibraryAPI.IntegrationTests.NUnit.dll'
TpTrace Information: 0 : 18376, 1, 2024/02/14, 16:55:19.410, 1111137871250, vstest.console.dll, Determined framework for all sources: .NETCoreApp,Version=v6.0
TpTrace Verbose: 0 : 18376, 1, 2024/02/14, 16:55:19.411, 1111137878358, vstest.console.dll, TestRequestManager.UpdateRunSettingsIfRequired: Default architecture: X64 IsDefaultTargetArchitecture: True, Current process architecture: X64 OperatingSystem: Windows.
TpTrace Information: 0 : 18376, 1, 2024/02/14, 16:55:19.414, 1111137910780, vstest.console.dll, AssemblyMetadataProvider.GetArchitecture: Determined architecture:AnyCPU info for assembly: C:\Users\Lenovo\source\repos\Back-End Technologies Basics - 01.2024\10. Exercises Integration Testing - part 2\MoviesLibraryAPI.Tests\bin\Debug\net6.0\fine-code-coverage\build-output\MoviesLibraryAPI.IntegrationTests.NUnit.dll
TpTrace Information: 0 : 18376, 1, 2024/02/14, 16:55:19.414, 1111137911980, vstest.console.dll, Determined platform for source 'C:\Users\Lenovo\source\repos\Back-End Technologies Basics - 01.2024\10. Exercises Integration Testing - part 2\MoviesLibraryAPI.Tests\bin\Debug\net6.0\fine-code-coverage\build-output\MoviesLibraryAPI.IntegrationTests.NUnit.dll' was AnyCPU and it will use the default plaform X64.
TpTrace Information: 0 : 18376, 1, 2024/02/14, 16:55:19.414, 1111137912752, vstest.console.dll, None of the sources provided any runnable platform, using the default platform: X64
TpTrace Information: 0 : 18376, 1, 2024/02/14, 16:55:19.415, 1111137914547, vstest.console.dll, Platform was updated to 'X64'.
TpTrace Information: 0 : 18376, 1, 2024/02/14, 16:55:19.422, 1111137984682, vstest.console.dll, InferRunSettingsHelper.IsTestSettingsEnabled: Unable to navigate to RunSettings/MSTest. Current node: RunSettings
TpTrace Information: 0 : 18376, 1, 2024/02/14, 16:55:19.443, 1111138202895, vstest.console.dll, AssemblyResolver.OnResolve: Microsoft.VisualStudio.TestPlatform.Fakes: Resolving assembly.
TpTrace Information: 0 : 18376, 1, 2024/02/14, 16:55:19.444, 1111138204617, vstest.console.dll, AssemblyResolver.OnResolve: Microsoft.VisualStudio.TestPlatform.Fakes: Searching in: 'C:\Program Files\dotnet\sdk\8.0.101\Extensions'.
TpTrace Information: 0 : 18376, 1, 2024/02/14, 16:55:19.445, 1111138217756, vstest.console.dll, AssemblyResolver.OnResolve: Microsoft.VisualStudio.TestPlatform.Fakes: Assembly path does not exist: 'C:\Program Files\dotnet\sdk\8.0.101\Extensions\Microsoft.VisualStudio.TestPlatform.Fakes.dll', returning.
TpTrace Information: 0 : 18376, 1, 2024/02/14, 16:55:19.445, 1111138220783, vstest.console.dll, AssemblyResolver.OnResolve: Microsoft.VisualStudio.TestPlatform.Fakes: Assembly path does not exist: 'C:\Program Files\dotnet\sdk\8.0.101\Extensions\Microsoft.VisualStudio.TestPlatform.Fakes.exe', returning.
TpTrace Information: 0 : 18376, 1, 2024/02/14, 16:55:19.445, 1111138221812, vstest.console.dll, AssemblyResolver.OnResolve: Microsoft.VisualStudio.TestPlatform.Fakes: Searching in: 'C:\Program Files\dotnet\sdk\8.0.101'.
TpTrace Information: 0 : 18376, 1, 2024/02/14, 16:55:19.446, 1111138224302, vstest.console.dll, AssemblyResolver.OnResolve: Microsoft.VisualStudio.TestPlatform.Fakes: Assembly path does not exist: 'C:\Program Files\dotnet\sdk\8.0.101\Microsoft.VisualStudio.TestPlatform.Fakes.dll', returning.
TpTrace Information: 0 : 18376, 1, 2024/02/14, 16:55:19.446, 1111138227029, vstest.console.dll, AssemblyResolver.OnResolve: Microsoft.VisualStudio.TestPlatform.Fakes: Assembly path does not exist: 'C:\Program Files\dotnet\sdk\8.0.101\Microsoft.VisualStudio.TestPlatform.Fakes.exe', returning.
TpTrace Information: 0 : 18376, 1, 2024/02/14, 16:55:19.447, 1111138251254, vstest.console.dll, AssemblyResolver.OnResolve: Microsoft.VisualStudio.TestPlatform.Fakes: Failed to load assembly.
TpTrace Information: 0 : 18376, 1, 2024/02/14, 16:55:19.449, 1111138256976, vstest.console.dll, Failed to load assembly Microsoft.VisualStudio.TestPlatform.Fakes, Version=17.0.0.0, Culture=neutral. Reason:System.IO.FileNotFoundException: Could not load file or assembly 'Microsoft.VisualStudio.TestPlatform.Fakes, Version=17.0.0.0, Culture=neutral, PublicKeyToken=null'. The system cannot find the file specified.
File name: 'Microsoft.VisualStudio.TestPlatform.Fakes, Version=17.0.0.0, Culture=neutral, PublicKeyToken=null'
   at System.Reflection.RuntimeAssembly.InternalLoad(AssemblyName assemblyName, StackCrawlMark& stackMark, AssemblyLoadContext assemblyLoadContext, RuntimeAssembly requestingAssembly, Boolean throwOnFileNotFound)
   at System.Reflection.Assembly.Load(AssemblyName assemblyRef)
   at Microsoft.VisualStudio.TestPlatform.Common.Utilities.FakesUtilities.LoadTestPlatformAssembly() in /_/src/Microsoft.TestPlatform.Common/Utilities/FakesUtilities.cs:line 272
TpTrace Verbose: 0 : 18376, 1, 2024/02/14, 16:55:19.498, 1111138752124, vstest.console.dll, TestPluginCache.DiscoverTestExtensions: finding test extensions in assemblies ends with: TestLogger.dll TPluginInfo: Microsoft.VisualStudio.TestPlatform.Common.ExtensionFramework.Utilities.TestLoggerPluginInformation TExtension: Microsoft.VisualStudio.TestPlatform.ObjectModel.Client.ITestLogger
TpTrace Verbose: 0 : 18376, 1, 2024/02/14, 16:55:19.499, 1111138754245, vstest.console.dll, TestPluginCache.GetExtensionPaths: Filtered extension paths: 
TpTrace Verbose: 0 : 18376, 1, 2024/02/14, 16:55:19.499, 1111138755197, vstest.console.dll, TestPluginCache.GetExtensionPaths: Added default extension paths: C:\Program Files\dotnet\sdk\8.0.101\Extensions\Microsoft.Diagnostics.NETCore.Client.dll
C:\Program Files\dotnet\sdk\8.0.101\Extensions\Microsoft.TestPlatform.Extensions.BlameDataCollector.dll
C:\Program Files\dotnet\sdk\8.0.101\Extensions\Microsoft.TestPlatform.Extensions.EventLogCollector.dll
C:\Program Files\dotnet\sdk\8.0.101\Extensions\Microsoft.TestPlatform.TestHostRuntimeProvider.dll
C:\Program Files\dotnet\sdk\8.0.101\Extensions\Microsoft.VisualStudio.TestPlatform.Extensions.Html.TestLogger.dll
C:\Program Files\dotnet\sdk\8.0.101\Extensions\Microsoft.VisualStudio.TestPlatform.Extensions.Trx.TestLogger.dll
TpTrace Verbose: 0 : 18376, 1, 2024/02/14, 16:55:19.499, 1111138756213, vstest.console.dll, TestPluginCache.GetExtensionPaths: Added unfilterableExtensionPaths: 
TpTrace Information: 0 : 18376, 1, 2024/02/14, 16:55:19.499, 1111138759490, vstest.console.dll, AssemblyResolver.AddSearchDirectories: Adding more searchDirectories C:\Program Files\dotnet\sdk\8.0.101\Extensions,C:\Program Files\dotnet\sdk\8.0.101
TpTrace Verbose: 0 : 18376, 1, 2024/02/14, 16:55:19.499, 1111138760651, vstest.console.dll, TestPluginCache.DiscoverTestExtensions: Discovering the extensions using extension path.
TpTrace Verbose: 0 : 18376, 1, 2024/02/14, 16:55:19.499, 1111138761559, vstest.console.dll, TestPluginCache.GetExtensionPaths: Filtered extension paths: 
TpTrace Verbose: 0 : 18376, 1, 2024/02/14, 16:55:19.499, 1111138762475, vstest.console.dll, TestPluginCache.GetExtensionPaths: Added default extension paths: C:\Program Files\dotnet\sdk\8.0.101\Extensions\Microsoft.Diagnostics.NETCore.Client.dll
C:\Program Files\dotnet\sdk\8.0.101\Extensions\Microsoft.TestPlatform.Extensions.BlameDataCollector.dll
C:\Program Files\dotnet\sdk\8.0.101\Extensions\Microsoft.TestPlatform.Extensions.EventLogCollector.dll
C:\Program Files\dotnet\sdk\8.0.101\Extensions\Microsoft.TestPlatform.TestHostRuntimeProvider.dll
C:\Program Files\dotnet\sdk\8.0.101\Extensions\Microsoft.VisualStudio.TestPlatform.Extensions.Html.TestLogger.dll
C:\Program Files\dotnet\sdk\8.0.101\Extensions\Microsoft.VisualStudio.TestPlatform.Extensions.Trx.TestLogger.dll
TpTrace Verbose: 0 : 18376, 1, 2024/02/14, 16:55:19.500, 1111138764306, vstest.console.dll, TestPluginCache.GetExtensionPaths: Added unfilterableExtensionPaths: 
TpTrace Verbose: 0 : 18376, 1, 2024/02/14, 16:55:19.500, 1111138765474, vstest.console.dll, TestPluginCache.DiscoverTestExtensions: Discovering the extensions using allExtensionPaths: C:\Program Files\dotnet\sdk\8.0.101\Extensions\Microsoft.Diagnostics.NETCore.Client.dll
C:\Program Files\dotnet\sdk\8.0.101\Extensions\Microsoft.TestPlatform.Extensions.BlameDataCollector.dll
C:\Program Files\dotnet\sdk\8.0.101\Extensions\Microsoft.TestPlatform.Extensions.EventLogCollector.dll
C:\Program Files\dotnet\sdk\8.0.101\Extensions\Microsoft.TestPlatform.TestHostRuntimeProvider.dll
C:\Program Files\dotnet\sdk\8.0.101\Extensions\Microsoft.VisualStudio.TestPlatform.Extensions.Html.TestLogger.dll
C:\Program Files\dotnet\sdk\8.0.101\Extensions\Microsoft.VisualStudio.TestPlatform.Extensions.Trx.TestLogger.dll
TpTrace Information: 0 : 18376, 1, 2024/02/14, 16:55:19.500, 1111138766845, vstest.console.dll, AssemblyResolver.AddSearchDirectories: Adding more searchDirectories C:\Program Files\dotnet\sdk\8.0.101\Extensions,C:\Program Files\dotnet\sdk\8.0.101
TpTrace Information: 0 : 18376, 1, 2024/02/14, 16:55:19.500, 1111138767796, vstest.console.dll, AssemblyResolver.AddSearchDirectories: Adding more searchDirectories C:\Program Files\dotnet\sdk\8.0.101\Extensions,C:\Program Files\dotnet\sdk\8.0.101
TpTrace Information: 0 : 18376, 1, 2024/02/14, 16:55:19.500, 1111138768637, vstest.console.dll, AssemblyResolver.AddSearchDirectories: Adding more searchDirectories C:\Program Files\dotnet\sdk\8.0.101\Extensions,C:\Program Files\dotnet\sdk\8.0.101
TpTrace Information: 0 : 18376, 1, 2024/02/14, 16:55:19.500, 1111138769449, vstest.console.dll, AssemblyResolver.AddSearchDirectories: Adding more searchDirectories C:\Program Files\dotnet\sdk\8.0.101\Extensions,C:\Program Files\dotnet\sdk\8.0.101
TpTrace Information: 0 : 18376, 1, 2024/02/14, 16:55:19.500, 1111138770385, vstest.console.dll, AssemblyResolver.AddSearchDirectories: Adding more searchDirectories C:\Program Files\dotnet\sdk\8.0.101\Extensions,C:\Program Files\dotnet\sdk\8.0.101
TpTrace Information: 0 : 18376, 1, 2024/02/14, 16:55:19.500, 1111138771229, vstest.console.dll, AssemblyResolver.AddSearchDirectories: Adding more searchDirectories C:\Program Files\dotnet\sdk\8.0.101\Extensions,C:\Program Files\dotnet\sdk\8.0.101
TpTrace Verbose: 0 : 18376, 1, 2024/02/14, 16:55:19.500, 1111138773460, vstest.console.dll, MetadataReaderExtensionsHelper: Discovering extensions inside assembly 'Microsoft.Diagnostics.NETCore.Client, Version=0.2.8.21101, Culture=neutral, PublicKeyToken=31bf3856ad364e35' file path 'C:\Program Files\dotnet\sdk\8.0.101\Extensions\Microsoft.Diagnostics.NETCore.Client.dll'
TpTrace Information: 0 : 18376, 1, 2024/02/14, 16:55:19.502, 1111138791299, vstest.console.dll, AssemblyResolver.OnResolve: Microsoft.Bcl.AsyncInterfaces: Resolving assembly.
TpTrace Information: 0 : 18376, 1, 2024/02/14, 16:55:19.502, 1111138792605, vstest.console.dll, AssemblyResolver.OnResolve: Microsoft.Bcl.AsyncInterfaces: Resolved from cache.
TpTrace Verbose: 0 : 18376, 1, 2024/02/14, 16:55:19.502, 1111138793510, vstest.console.dll, CurrentDomainAssemblyResolve: Resolving assembly 'Microsoft.Bcl.AsyncInterfaces'.
TpTrace Information: 0 : 18376, 1, 2024/02/14, 16:55:19.503, 1111138794630, vstest.console.dll, AssemblyResolver.OnResolve: Microsoft.Bcl.AsyncInterfaces: Resolving assembly.
TpTrace Information: 0 : 18376, 1, 2024/02/14, 16:55:19.503, 1111138795429, vstest.console.dll, AssemblyResolver.OnResolve: Microsoft.Bcl.AsyncInterfaces: Resolved from cache.
TpTrace Verbose: 0 : 18376, 1, 2024/02/14, 16:55:19.503, 1111138796342, vstest.console.dll, CurrentDomainAssemblyResolve: Resolving assembly 'Microsoft.Bcl.AsyncInterfaces'.
TpTrace Verbose: 0 : 18376, 1, 2024/02/14, 16:55:19.503, 1111138797053, vstest.console.dll, CurrentDomainAssemblyResolve: Failed to resolve assembly 'Microsoft.Bcl.AsyncInterfaces'.
TpTrace Verbose: 0 : 18376, 1, 2024/02/14, 16:55:19.503, 1111138801157, vstest.console.dll, CurrentDomainAssemblyResolve: Failed to resolve assembly 'Microsoft.Bcl.AsyncInterfaces'.
TpTrace Warning: 0 : 18376, 1, 2024/02/14, 16:55:19.504, 1111138807990, vstest.console.dll, TestPluginDiscoverer: Failed to get types from assembly 'Microsoft.Diagnostics.NETCore.Client, Version=0.2.8.21101, Culture=neutral, PublicKeyToken=31bf3856ad364e35'. Error: System.Reflection.ReflectionTypeLoadException: Unable to load one or more of the requested types.
Could not load file or assembly 'Microsoft.Bcl.AsyncInterfaces, Version=1.0.0.0, Culture=neutral, PublicKeyToken=cc7b13ffcd2ddd51'. The system cannot find the file specified.
   at System.Reflection.RuntimeModule.GetTypes(RuntimeModule module)
   at System.Reflection.RuntimeModule.GetTypes()
   at Microsoft.VisualStudio.TestPlatform.Common.ExtensionFramework.TestPluginDiscoverer.GetTestExtensionsFromAssembly[TPluginInfo,TExtension](Assembly assembly, Dictionary`2 pluginInfos, String filePath) in /_/src/Microsoft.TestPlatform.Common/ExtensionFramework/TestPluginDiscoverer.cs:line 158
System.IO.FileNotFoundException: Could not load file or assembly 'Microsoft.Bcl.AsyncInterfaces, Version=1.0.0.0, Culture=neutral, PublicKeyToken=cc7b13ffcd2ddd51'. The system cannot find the file specified.
File name: 'Microsoft.Bcl.AsyncInterfaces, Version=1.0.0.0, Culture=neutral, PublicKeyToken=cc7b13ffcd2ddd51'
 ---> System.IO.FileNotFoundException: Could not load file or assembly 'Microsoft.Bcl.AsyncInterfaces, Culture=neutral, PublicKeyToken=null'. The system cannot find the file specified.
File name: 'Microsoft.Bcl.AsyncInterfaces, Culture=neutral, PublicKeyToken=null'
   at System.Reflection.RuntimeAssembly.InternalLoad(AssemblyName assemblyName, StackCrawlMark& stackMark, AssemblyLoadContext assemblyLoadContext, RuntimeAssembly requestingAssembly, Boolean throwOnFileNotFound)
   at System.Reflection.Assembly.Load(AssemblyName assemblyRef)
   at Microsoft.VisualStudio.TestPlatform.Common.ExtensionFramework.TestPluginCache.CurrentDomainAssemblyResolve(Object sender, AssemblyResolveEventArgs args) in /_/src/Microsoft.TestPlatform.Common/ExtensionFramework/TestPluginCache.cs:line 513
   at System.Runtime.Loader.AssemblyLoadContext.GetFirstResolvedAssemblyFromResolvingEvent(AssemblyName assemblyName)
   at System.Runtime.Loader.AssemblyLoadContext.ResolveUsingEvent(AssemblyName assemblyName)
   at System.Runtime.Loader.AssemblyLoadContext.ResolveUsingResolvingEvent(IntPtr gchManagedAssemblyLoadContext, AssemblyName assemblyName)
TpTrace Warning: 0 : 18376, 1, 2024/02/14, 16:55:19.504, 1111138811652, vstest.console.dll, LoaderExceptions: System.IO.FileNotFoundException: Could not load file or assembly 'Microsoft.Bcl.AsyncInterfaces, Version=1.0.0.0, Culture=neutral, PublicKeyToken=cc7b13ffcd2ddd51'. The system cannot find the file specified.
File name: 'Microsoft.Bcl.AsyncInterfaces, Version=1.0.0.0, Culture=neutral, PublicKeyToken=cc7b13ffcd2ddd51'
 ---> System.IO.FileNotFoundException: Could not load file or assembly 'Microsoft.Bcl.AsyncInterfaces, Culture=neutral, PublicKeyToken=null'. The system cannot find the file specified.
File name: 'Microsoft.Bcl.AsyncInterfaces, Culture=neutral, PublicKeyToken=null'
   at System.Reflection.RuntimeAssembly.InternalLoad(AssemblyName assemblyName, StackCrawlMark& stackMark, AssemblyLoadContext assemblyLoadContext, RuntimeAssembly requestingAssembly, Boolean throwOnFileNotFound)
   at System.Reflection.Assembly.Load(AssemblyName assemblyRef)
   at Microsoft.VisualStudio.TestPlatform.Common.ExtensionFramework.TestPluginCache.CurrentDomainAssemblyResolve(Object sender, AssemblyResolveEventArgs args) in /_/src/Microsoft.TestPlatform.Common/ExtensionFramework/TestPluginCache.cs:line 513
   at System.Runtime.Loader.AssemblyLoadContext.GetFirstResolvedAssemblyFromResolvingEvent(AssemblyName assemblyName)
   at System.Runtime.Loader.AssemblyLoadContext.ResolveUsingEvent(AssemblyName assemblyName)
   at System.Runtime.Loader.AssemblyLoadContext.ResolveUsingResolvingEvent(IntPtr gchManagedAssemblyLoadContext, AssemblyName assemblyName)
TpTrace Verbose: 0 : 18376, 1, 2024/02/14, 16:55:19.505, 1111138814474, vstest.console.dll, MetadataReaderExtensionsHelper: Discovering extensions inside assembly 'Microsoft.TestPlatform.Extensions.BlameDataCollector, Version=15.0.0.0, Culture=neutral, PublicKeyToken=b03f5f7f11d50a3a' file path 'C:\Program Files\dotnet\sdk\8.0.101\Extensions\Microsoft.TestPlatform.Extensions.BlameDataCollector.dll'
TpTrace Information: 0 : 18376, 1, 2024/02/14, 16:55:19.506, 1111138826419, vstest.console.dll, GetTestExtensionFromType: Register extension with identifier data 'logger://Microsoft/TestPlatform/Extensions/Blame/v1' and type 'Microsoft.TestPlatform.Extensions.BlameDataCollector.BlameLogger, Microsoft.TestPlatform.Extensions.BlameDataCollector, Version=15.0.0.0, Culture=neutral, PublicKeyToken=b03f5f7f11d50a3a' inside file 'C:\Program Files\dotnet\sdk\8.0.101\Extensions\Microsoft.TestPlatform.Extensions.BlameDataCollector.dll'
TpTrace Verbose: 0 : 18376, 1, 2024/02/14, 16:55:19.506, 1111138827888, vstest.console.dll, MetadataReaderExtensionsHelper: Discovering extensions inside assembly 'Microsoft.TestPlatform.Extensions.EventLogCollector, Version=15.0.0.0, Culture=neutral, PublicKeyToken=b03f5f7f11d50a3a' file path 'C:\Program Files\dotnet\sdk\8.0.101\Extensions\Microsoft.TestPlatform.Extensions.EventLogCollector.dll'
TpTrace Verbose: 0 : 18376, 1, 2024/02/14, 16:55:19.507, 1111138837145, vstest.console.dll, MetadataReaderExtensionsHelper: Discovering extensions inside assembly 'Microsoft.TestPlatform.TestHostRuntimeProvider, Version=15.0.0.0, Culture=neutral, PublicKeyToken=b03f5f7f11d50a3a' file path 'C:\Program Files\dotnet\sdk\8.0.101\Extensions\Microsoft.TestPlatform.TestHostRuntimeProvider.dll'
TpTrace Verbose: 0 : 18376, 1, 2024/02/14, 16:55:19.508, 1111138846937, vstest.console.dll, MetadataReaderExtensionsHelper: Discovering extensions inside assembly 'Microsoft.VisualStudio.TestPlatform.Extensions.Html.TestLogger, Version=15.0.0.0, Culture=neutral, PublicKeyToken=b03f5f7f11d50a3a' file path 'C:\Program Files\dotnet\sdk\8.0.101\Extensions\Microsoft.VisualStudio.TestPlatform.Extensions.Html.TestLogger.dll'
TpTrace Information: 0 : 18376, 1, 2024/02/14, 16:55:19.509, 1111138860180, vstest.console.dll, GetTestExtensionFromType: Register extension with identifier data 'logger://Microsoft/TestPlatform/HtmlLogger/v1' and type 'Microsoft.VisualStudio.TestPlatform.Extensions.HtmlLogger.HtmlLogger, Microsoft.VisualStudio.TestPlatform.Extensions.Html.TestLogger, Version=15.0.0.0, Culture=neutral, PublicKeyToken=b03f5f7f11d50a3a' inside file 'C:\Program Files\dotnet\sdk\8.0.101\Extensions\Microsoft.VisualStudio.TestPlatform.Extensions.Html.TestLogger.dll'
TpTrace Verbose: 0 : 18376, 1, 2024/02/14, 16:55:19.509, 1111138861638, vstest.console.dll, MetadataReaderExtensionsHelper: Discovering extensions inside assembly 'Microsoft.VisualStudio.TestPlatform.Extensions.Trx.TestLogger, Version=15.0.0.0, Culture=neutral, PublicKeyToken=b03f5f7f11d50a3a' file path 'C:\Program Files\dotnet\sdk\8.0.101\Extensions\Microsoft.VisualStudio.TestPlatform.Extensions.Trx.TestLogger.dll'
TpTrace Information: 0 : 18376, 1, 2024/02/14, 16:55:19.510, 1111138873656, vstest.console.dll, GetTestExtensionFromType: Register extension with identifier data 'logger://Microsoft/TestPlatform/TrxLogger/v1' and type 'Microsoft.VisualStudio.TestPlatform.Extensions.TrxLogger.TrxLogger, Microsoft.VisualStudio.TestPlatform.Extensions.Trx.TestLogger, Version=15.0.0.0, Culture=neutral, PublicKeyToken=b03f5f7f11d50a3a' inside file 'C:\Program Files\dotnet\sdk\8.0.101\Extensions\Microsoft.VisualStudio.TestPlatform.Extensions.Trx.TestLogger.dll'
TpTrace Verbose: 0 : 18376, 1, 2024/02/14, 16:55:19.511, 1111138875186, vstest.console.dll, TestPluginCache: Discovered the extensions using extension path ''.
TpTrace Verbose: 0 : 18376, 1, 2024/02/14, 16:55:19.511, 1111138876335, vstest.console.dll, TestPluginCache: Discoverers are ''.
TpTrace Verbose: 0 : 18376, 1, 2024/02/14, 16:55:19.511, 1111138878390, vstest.console.dll, TestPluginCache: Executors are ''.
TpTrace Verbose: 0 : 18376, 1, 2024/02/14, 16:55:19.511, 1111138879277, vstest.console.dll, TestPluginCache: Executors2 are ''.
TpTrace Verbose: 0 : 18376, 1, 2024/02/14, 16:55:19.511, 1111138879969, vstest.console.dll, TestPluginCache: Setting providers are ''.
TpTrace Verbose: 0 : 18376, 1, 2024/02/14, 16:55:19.511, 1111138881347, vstest.console.dll, TestPluginCache: Loggers are 'logger://Microsoft/TestPlatform/Extensions/Blame/v1,logger://Microsoft/TestPlatform/HtmlLogger/v1,logger://Microsoft/TestPlatform/TrxLogger/v1'.
TpTrace Verbose: 0 : 18376, 1, 2024/02/14, 16:55:19.511, 1111138882289, vstest.console.dll, TestPluginCache: TestHosts are 'HostProvider://DefaultTestHost,HostProvider://DotnetTestHost'.
TpTrace Verbose: 0 : 18376, 1, 2024/02/14, 16:55:19.511, 1111138883086, vstest.console.dll, TestPluginCache: DataCollectors are ''.
TpTrace Information: 0 : 18376, 1, 2024/02/14, 16:55:19.513, 1111138898269, vstest.console.dll, TestPluginManager.CreateTestExtension: Attempting to load test extension: Microsoft.TestPlatform.Extensions.BlameDataCollector.BlameLogger
TpTrace Verbose: 0 : 18376, 1, 2024/02/14, 16:55:19.529, 1111139059488, vstest.console.dll, TestEngine: Initializing Parallel Execution as MaxCpuCount is set to: 1
TpTrace Information: 0 : 18376, 1, 2024/02/14, 16:55:19.532, 1111139085920, vstest.console.dll, TestPluginManager.CreateTestExtension: Attempting to load test extension: Microsoft.VisualStudio.TestPlatform.CrossPlatEngine.Hosting.DefaultTestHostManager
TpTrace Information: 0 : 18376, 1, 2024/02/14, 16:55:19.534, 1111139107746, vstest.console.dll, TestPluginManager.CreateTestExtension: Attempting to load test extension: Microsoft.VisualStudio.TestPlatform.CrossPlatEngine.Hosting.DotnetTestHostManager
TpTrace Information: 0 : 18376, 1, 2024/02/14, 16:55:19.535, 1111139118486, vstest.console.dll, InferRunSettingsHelper.IsTestSettingsEnabled: Unable to navigate to RunSettings/MSTest. Current node: RunSettings
TpTrace Verbose: 0 : 18376, 1, 2024/02/14, 16:55:19.536, 1111139129834, vstest.console.dll, ParallelOperationManager.ClearSlots: Clearing all slots. Slots should accept more work: True
TpTrace Verbose: 0 : 18376, 1, 2024/02/14, 16:55:19.537, 1111139142701, vstest.console.dll, ParallelOperationManager.SetOccupiedSlotCount: Setting slot counts AvailableSlotCount = 1, OccupiedSlotCount = 0.
TpTrace Verbose: 0 : 18376, 1, 2024/02/14, 16:55:19.538, 1111139149594, vstest.console.dll, Occupied slots:

TpTrace Verbose: 0 : 18376, 1, 2024/02/14, 16:55:19.545, 1111139217578, vstest.console.dll, TestEngine.GetExecutionManager: Chosen execution manager 'Microsoft.VisualStudio.TestPlatform.CrossPlatEngine.Client.Parallel.ParallelProxyExecutionManager, Microsoft.TestPlatform.CrossPlatEngine, Version=15.0.0.0, Culture=neutral, PublicKeyToken=b03f5f7f11d50a3a' ParallelLevel '1'.
TpTrace Verbose: 0 : 18376, 1, 2024/02/14, 16:55:19.545, 1111139219873, vstest.console.dll, TestRunRequest.ExecuteAsync: Creating test run request.
TpTrace Verbose: 0 : 18376, 1, 2024/02/14, 16:55:19.546, 1111139224232, vstest.console.dll, TestRunRequest.ExecuteAsync: Starting.
TpTrace Information: 0 : 18376, 1, 2024/02/14, 16:55:19.548, 1111139247601, vstest.console.dll, TestRunRequest.ExecuteAsync: Starting run with settings:TestRunCriteria:
   KeepAlive=False,FrequencyOfRunStatsChangeEvent=10,RunStatsChangeEventTimeout=00:00:01.5000000,TestCaseFilter=,TestExecutorLauncher=
   Settingsxml=<RunSettings>
  <RunConfiguration>
    <ResultsDirectory>C:\Users\Lenovo\source\repos\Back-End Technologies Basics - 01.2024\10. Exercises Integration Testing - part 2\MoviesLibraryAPI.Tests\bin\Debug\net6.0\fine-code-coverage\coverage-tool-output</ResultsDirectory>
    <TargetPlatform>X64</TargetPlatform>
    <TargetFrameworkVersion>.NETCoreApp,Version=v6.0</TargetFrameworkVersion>
    <DesignMode>False</DesignMode>
    <CollectSourceInformation>False</CollectSourceInformation>
  </RunConfiguration>
  <LoggerRunSettings>
    <Loggers>
      <Logger friendlyName="blame" enabled="True" />
      <Logger friendlyName="Console" uri="logger://microsoft/TestPlatform/ConsoleLogger/v1" assemblyQualifiedName="Microsoft.VisualStudio.TestPlatform.CommandLine.Internal.ConsoleLogger, vstest.console, Version=15.0.0.0, Culture=neutral, PublicKeyToken=b03f5f7f11d50a3a" codeBase="C:\Program Files\dotnet\sdk\8.0.101\vstest.console.dll" enabled="True" />
    </Loggers>
  </LoggerRunSettings>
  <DataCollectionRunSettings>
    <DataCollectors>
      <DataCollector friendlyName="blame" enabled="True">
        <Configuration>
          <ResultsDirectory>C:\Users\Lenovo\source\repos\Back-End Technologies Basics - 01.2024\10. Exercises Integration Testing - part 2\MoviesLibraryAPI.Tests\bin\Debug\net6.0\fine-code-coverage\coverage-tool-output</ResultsDirectory>
        </Configuration>
      </DataCollector>
    </DataCollectors>
  </DataCollectionRunSettings>
</RunSettings>

TpTrace Verbose: 0 : 18376, 1, 2024/02/14, 16:55:19.548, 1111139249108, vstest.console.dll, TestRunRequest.ExecuteAsync: Wait for the first run request is over.
TpTrace Verbose: 0 : 18376, 1, 2024/02/14, 16:55:19.549, 1111139255444, vstest.console.dll, MulticastDelegateUtilities.SafeInvoke: TestRun.TestRunStart: Invoking callbacks was skipped because there are no subscribers.
TpTrace Verbose: 0 : 18376, 5, 2024/02/14, 16:55:19.549, 1111139258482, vstest.console.dll, MulticastDelegateUtilities.SafeInvoke: InternalTestLoggerEvents.SendTestRunStart: Invoking callback 1/1 for Microsoft.VisualStudio.TestPlatform.CommandLine.Internal.ConsoleLogger., took 0 ms.
TpTrace Verbose: 0 : 18376, 1, 2024/02/14, 16:55:19.551, 1111139277730, vstest.console.dll, ParallelProxyExecutionManager: Start execution. Total sources: 1
TpTrace Verbose: 0 : 18376, 1, 2024/02/14, 16:55:19.552, 1111139284683, vstest.console.dll, ParallelOperationManager.StartWork: Starting adding 1 workloads.
TpTrace Verbose: 0 : 18376, 1, 2024/02/14, 16:55:19.552, 1111139286417, vstest.console.dll, ParallelOperationManager.ClearSlots: Clearing all slots. Slots should accept more work: True
TpTrace Verbose: 0 : 18376, 1, 2024/02/14, 16:55:19.552, 1111139288055, vstest.console.dll, ParallelOperationManager.SetOccupiedSlotCount: Setting slot counts AvailableSlotCount = 1, OccupiedSlotCount = 0.
TpTrace Verbose: 0 : 18376, 1, 2024/02/14, 16:55:19.552, 1111139289045, vstest.console.dll, Occupied slots:

TpTrace Verbose: 0 : 18376, 1, 2024/02/14, 16:55:19.555, 1111139315532, vstest.console.dll, TestRequestSender is acting as server.
TpTrace Verbose: 0 : 18376, 1, 2024/02/14, 16:55:19.557, 1111139336321, vstest.console.dll, ParallelOperationManager.RunWorkInParallel: Adding 1 workload to slot, remaining workloads 0.
TpTrace Verbose: 0 : 18376, 1, 2024/02/14, 16:55:19.557, 1111139337635, vstest.console.dll, ParallelOperationManager.SetOccupiedSlotCount: Setting slot counts AvailableSlotCount = 0, OccupiedSlotCount = 1.
TpTrace Verbose: 0 : 18376, 1, 2024/02/14, 16:55:19.557, 1111139340121, vstest.console.dll, Occupied slots:
0: C:\Users\Lenovo\source\repos\Back-End Technologies Basics - 01.2024\10. Exercises Integration Testing - part 2\MoviesLibraryAPI.Tests\bin\Debug\net6.0\fine-code-coverage\build-output\MoviesLibraryAPI.IntegrationTests.NUnit.dll
TpTrace Verbose: 0 : 18376, 1, 2024/02/14, 16:55:19.559, 1111139361193, vstest.console.dll, ParallelOperationManager.RunWorkInParallel: Started host in slot number 0 for work (source): C:\Users\Lenovo\source\repos\Back-End Technologies Basics - 01.2024\10. Exercises Integration Testing - part 2\MoviesLibraryAPI.Tests\bin\Debug\net6.0\fine-code-coverage\build-output\MoviesLibraryAPI.IntegrationTests.NUnit.dll.
TpTrace Verbose: 0 : 18376, 1, 2024/02/14, 16:55:19.561, 1111139374408, vstest.console.dll, ParallelOperationManager.RunWorkInParallel: We started 1 work items, which is the max parallel level. Won't start more work.
TpTrace Verbose: 0 : 18376, 1, 2024/02/14, 16:55:19.561, 1111139375802, vstest.console.dll, ParallelOperationManager.RunWorkInParallel: We started 1 work items in here, returning True.
TpTrace Information: 0 : 18376, 1, 2024/02/14, 16:55:19.561, 1111139376838, vstest.console.dll, TestRunRequest.ExecuteAsync: Started.
TpTrace Verbose: 0 : 18376, 6, 2024/02/14, 16:55:19.561, 1111139377512, vstest.console.dll, ParallelProxyExecutionManager.StartTestRunOnConcurrentManager: Initializing uninitialized client. Started clients: 0
TpTrace Verbose: 0 : 18376, 6, 2024/02/14, 16:55:19.561, 1111139380408, vstest.console.dll, DataCollectionRequestSender.InitializeCommunication : Initialize communication. 
TpTrace Verbose: 0 : 18376, 1, 2024/02/14, 16:55:19.562, 1111139388206, vstest.console.dll, TestRunRequest.WaitForCompletion: Waiting with timeout -1.
TpTrace Information: 0 : 18376, 6, 2024/02/14, 16:55:19.578, 1111139546146, vstest.console.dll, Listening on Endpoint : 127.0.0.1:49901
TpTrace Verbose: 0 : 18376, 6, 2024/02/14, 16:55:19.592, 1111139691102, vstest.console.dll, DotnetDataCollectionLauncher: Adding  --runtimeconfig "C:\Program Files\dotnet\sdk\8.0.101\datacollector.runtimeconfig.json" in args
TpTrace Verbose: 0 : 18376, 6, 2024/02/14, 16:55:19.593, 1111139694432, vstest.console.dll, DotnetDataCollectionLauncher: Adding  --depsfile "C:\Program Files\dotnet\sdk\8.0.101\datacollector.deps.json" in args
TpTrace Verbose: 0 : 18376, 6, 2024/02/14, 16:55:19.593, 1111139699084, vstest.console.dll, DotnetDataCollectionLauncher: Full path of dotnet.exe is C:\Program Files\dotnet\dotnet.exe
TpTrace Information: 0 : 18376, 6, 2024/02/14, 16:55:19.606, 1111139827701, vstest.console.dll, ProxyDataCollectionManager.Initialize: Launched datacollector processId: 18812 port: 49901
TpTrace Information: 0 : 18376, 6, 2024/02/14, 16:55:19.606, 1111139829847, vstest.console.dll, ProxyDataCollectionManager.Initialize: waiting for connection with timeout: 90 seconds
TpTrace Verbose: 0 : 18376, 6, 2024/02/14, 16:55:19.606, 1111139830985, vstest.console.dll, DataCollectionRequestSender.WaitForRequestHandlerConnection : Waiting for connection with timeout: 90000
TpTrace Information: 0 : 18376, 8, 2024/02/14, 16:55:19.953, 1111143301001, vstest.console.dll, Using the buffer size of 16384 bytes
TpTrace Verbose: 0 : 18376, 6, 2024/02/14, 16:55:19.953, 1111143301118, vstest.console.dll, SocketCommunicationManager.WaitForClientConnection took: 346 ms, with 90000 ms timeout, and finished with True.
TpTrace Verbose: 0 : 18376, 6, 2024/02/14, 16:55:19.954, 1111143305244, vstest.console.dll, ProxyDataCollectionManager.InvokeDataCollectionServiceAction: Starting.
TpTrace Information: 0 : 18376, 6, 2024/02/14, 16:55:19.954, 1111143307029, vstest.console.dll, ProxyDataCollectionManager.BeforeTestRunStart: Get environment variable and port for datacollector processId: 18812 port: 49901
TpTrace Information: 0 : 18376, 8, 2024/02/14, 16:55:19.953, 1111143303146, vstest.console.dll, Accepted Client request and set the flag
TpTrace Verbose: 0 : 18376, 6, 2024/02/14, 16:55:19.954, 1111143310653, vstest.console.dll, DataCollectionRequestSender.SendBeforeTestRunStartAndGetResult: Send BeforeTestRunStart message with settingsXml <RunSettings><RunConfiguration><ResultsDirectory>C:\Users\Lenovo\source\repos\Back-End Technologies Basics - 01.2024\10. Exercises Integration Testing - part 2\MoviesLibraryAPI.Tests\bin\Debug\net6.0\fine-code-coverage\coverage-tool-output</ResultsDirectory><TargetPlatform>X64</TargetPlatform><TargetFrameworkVersion>.NETCoreApp,Version=v6.0</TargetFrameworkVersion><DesignMode>False</DesignMode><CollectSourceInformation>False</CollectSourceInformation><TestAdaptersPaths>C:\Program Files\dotnet\sdk\8.0.101\Extensions</TestAdaptersPaths></RunConfiguration><LoggerRunSettings><Loggers><Logger friendlyName="blame" enabled="True" /><Logger friendlyName="Console" uri="logger://microsoft/TestPlatform/ConsoleLogger/v1" assemblyQualifiedName="Microsoft.VisualStudio.TestPlatform.CommandLine.Internal.ConsoleLogger, vstest.console, Version=15.0.0.0, Culture=neutral, PublicKeyToken=b03f5f7f11d50a3a" codeBase="C:\Program Files\dotnet\sdk\8.0.101\vstest.console.dll" enabled="True" /></Loggers></LoggerRunSettings><DataCollectionRunSettings><DataCollectors><DataCollector friendlyName="blame" enabled="True"><Configuration><ResultsDirectory>C:\Users\Lenovo\source\repos\Back-End Technologies Basics - 01.2024\10. Exercises Integration Testing - part 2\MoviesLibraryAPI.Tests\bin\Debug\net6.0\fine-code-coverage\coverage-tool-output</ResultsDirectory></Configuration></DataCollector></DataCollectors></DataCollectionRunSettings></RunSettings> and sources System.Collections.Generic.List`1[System.String]: 
TpTrace Verbose: 0 : 18376, 6, 2024/02/14, 16:55:20.114, 1111144908970, vstest.console.dll, DataCollectionRequestSender.SendBeforeTestRunStartAndGetResult: Received message: (DataCollection.SendMessage) -> {"MessageType":"DataCollection.SendMessage","Payload":{"FriendlyName":null,"Uri":null,"TestCaseId":"00000000-0000-0000-0000-000000000000","Message":"Logging DataCollector Diagnostics in file: C:\\Users\\Lenovo\\source\\repos\\Back-End Technologies Basics - 01.2024\\10. Exercises Integration Testing - part 2\\MoviesLibraryAPI.Tests\\bin\\Debug\\net6.0\\fine-code-coverage\\coverage-tool-output\\diagnostics.datacollector.24-02-14_16-55-19_59224_6.log","Level":0}}
TpTrace Verbose: 0 : 18376, 6, 2024/02/14, 16:55:20.288, 1111146653366, vstest.console.dll, DataCollectionRequestSender.SendBeforeTestRunStartAndGetResult: Received message: (DataCollection.BeforeTestRunStartResult) -> {"MessageType":"DataCollection.BeforeTestRunStartResult","Payload":{"EnvironmentVariables":{},"DataCollectionEventsPort":49903}}
TpTrace Information: 0 : 18376, 6, 2024/02/14, 16:55:20.297, 1111146736839, vstest.console.dll, ProxyDataCollectionManager.BeforeTestRunStart: SendBeforeTestRunStartAndGetResult successful, env variable from datacollector:   and testhost port: 49903
TpTrace Information: 0 : 18376, 6, 2024/02/14, 16:55:20.297, 1111146738428, vstest.console.dll, ProxyDataCollectionManager.InvokeDataCollectionServiceAction: Completed.
TpTrace Verbose: 0 : 18376, 6, 2024/02/14, 16:55:20.297, 1111146739522, vstest.console.dll, ParallelProxyExecutionManager.StartTestRunOnConcurrentManager: Initializing test run. Started clients: 0
TpTrace Verbose: 0 : 18376, 6, 2024/02/14, 16:55:20.297, 1111146741465, vstest.console.dll, ProxyExecutionManager: Test host is always Lazy initialize.
TpTrace Verbose: 0 : 18376, 6, 2024/02/14, 16:55:20.298, 1111146745154, vstest.console.dll, TestRequestSender.InitializeCommunication: initialize communication. 
TpTrace Information: 0 : 18376, 6, 2024/02/14, 16:55:20.299, 1111146754214, vstest.console.dll, SocketServer.Start: Listening on endpoint : 127.0.0.1:49904
TpTrace Verbose: 0 : 18376, 6, 2024/02/14, 16:55:20.300, 1111146767578, vstest.console.dll, DotnetTestHostmanager.GetTestHostProcessStartInfo: Platform environment 'X64' target architecture 'X64' framework '.NETCoreApp,Version=v6.0' OS 'Windows'
TpTrace Verbose: 0 : 18376, 6, 2024/02/14, 16:55:20.300, 1111146772883, vstest.console.dll, DotnetTestHostmanager: Adding  --runtimeconfig "C:\Users\Lenovo\source\repos\Back-End Technologies Basics - 01.2024\10. Exercises Integration Testing - part 2\MoviesLibraryAPI.Tests\bin\Debug\net6.0\fine-code-coverage\build-output\MoviesLibraryAPI.IntegrationTests.NUnit.runtimeconfig.json" in args
TpTrace Verbose: 0 : 18376, 6, 2024/02/14, 16:55:20.301, 1111146776451, vstest.console.dll, DotnetTestHostmanager: Adding  --depsfile "C:\Users\Lenovo\source\repos\Back-End Technologies Basics - 01.2024\10. Exercises Integration Testing - part 2\MoviesLibraryAPI.Tests\bin\Debug\net6.0\fine-code-coverage\build-output\MoviesLibraryAPI.IntegrationTests.NUnit.deps.json" in args
TpTrace Verbose: 0 : 18376, 6, 2024/02/14, 16:55:20.301, 1111146779957, vstest.console.dll, DotnetTestHostmanager.IsWinOnArm: Current PROCESSOR_ARCHITECTURE from environment variable 'AMD64'
TpTrace Verbose: 0 : 18376, 6, 2024/02/14, 16:55:20.301, 1111146781459, vstest.console.dll, DotnetTestHostmanager.IsWinOnArm: Is Windows on ARM 'False'
TpTrace Verbose: 0 : 18376, 6, 2024/02/14, 16:55:20.302, 1111146784602, vstest.console.dll, DotnetTestHostManager: testhost.exe found at path: C:\Users\Lenovo\source\repos\Back-End Technologies Basics - 01.2024\10. Exercises Integration Testing - part 2\MoviesLibraryAPI.Tests\bin\Debug\net6.0\fine-code-coverage\build-output\testhost.exe
TpTrace Verbose: 0 : 18376, 6, 2024/02/14, 16:55:20.302, 1111146786242, vstest.console.dll, DotnetTestHostmanager: Full path of host exe is C:\Users\Lenovo\source\repos\Back-End Technologies Basics - 01.2024\10. Exercises Integration Testing - part 2\MoviesLibraryAPI.Tests\bin\Debug\net6.0\fine-code-coverage\build-output\testhost.exe
TpTrace Verbose: 0 : 18376, 6, 2024/02/14, 16:55:20.302, 1111146789010, vstest.console.dll, DotnetTestHostmanager.LaunchTestHostAsync: Found 'VSTEST_WINAPPHOST_DOTNET_ROOT' in env variables, value 'C:\Program Files\dotnet', forwarding to 'DOTNET_ROOT'
TpTrace Verbose: 0 : 18376, 6, 2024/02/14, 16:55:20.302, 1111146791868, vstest.console.dll, DotnetTestHostManager: Starting process 'C:\Users\Lenovo\source\repos\Back-End Technologies Basics - 01.2024\10. Exercises Integration Testing - part 2\MoviesLibraryAPI.Tests\bin\Debug\net6.0\fine-code-coverage\build-output\testhost.exe' with command line ' --runtimeconfig "C:\Users\Lenovo\source\repos\Back-End Technologies Basics - 01.2024\10. Exercises Integration Testing - part 2\MoviesLibraryAPI.Tests\bin\Debug\net6.0\fine-code-coverage\build-output\MoviesLibraryAPI.IntegrationTests.NUnit.runtimeconfig.json" --depsfile "C:\Users\Lenovo\source\repos\Back-End Technologies Basics - 01.2024\10. Exercises Integration Testing - part 2\MoviesLibraryAPI.Tests\bin\Debug\net6.0\fine-code-coverage\build-output\MoviesLibraryAPI.IntegrationTests.NUnit.deps.json" --port 49904 --endpoint 127.0.0.1:049904 --role client --parentprocessid 18376 --diag "C:\Users\Lenovo\source\repos\Back-End Technologies Basics - 01.2024\10. Exercises Integration Testing - part 2\MoviesLibraryAPI.Tests\bin\Debug\net6.0\fine-code-coverage\coverage-tool-output\diagnostics.host.24-02-14_16-55-20_29975_6.log" --tracelevel 4 --datacollectionport 49903 --telemetryoptedin false'
TpTrace Verbose: 0 : 18376, 6, 2024/02/14, 16:55:20.314, 1111146913096, vstest.console.dll, MulticastDelegateUtilities.SafeInvoke: HostProviderEvents.OnHostLaunched: Invoking callback 1/2 for Microsoft.VisualStudio.TestPlatform.CrossPlatEngine.Client.ProxyExecutionManagerWithDataCollection., took 1 ms.
TpTrace Verbose: 0 : 18376, 6, 2024/02/14, 16:55:20.315, 1111146918238, vstest.console.dll, Test Runtime launched
TpTrace Verbose: 0 : 18376, 6, 2024/02/14, 16:55:20.315, 1111146919730, vstest.console.dll, MulticastDelegateUtilities.SafeInvoke: HostProviderEvents.OnHostLaunched: Invoking callback 2/2 for Microsoft.VisualStudio.TestPlatform.CrossPlatEngine.Client.ProxyOperationManager., took 0 ms.
TpTrace Verbose: 0 : 18376, 6, 2024/02/14, 16:55:20.315, 1111146922048, vstest.console.dll, TestRequestSender.WaitForRequestHandlerConnection: waiting for connection with timeout: 90000.
TpTrace Verbose: 0 : 18376, 6, 2024/02/14, 16:55:20.679, 1111150557188, vstest.console.dll, TestRequestSender.WaitForRequestHandlerConnection: waiting took 363 ms, with timeout 90000 ms, and result 0, which is success.
TpTrace Verbose: 0 : 18376, 12, 2024/02/14, 16:55:20.679, 1111150557245, vstest.console.dll, MulticastDelegateUtilities.SafeInvoke: SocketServer: ClientConnected: Invoking callback 1/1 for Microsoft.VisualStudio.TestPlatform.CommunicationUtilities.TestRequestSender., took 0 ms.
TpTrace Verbose: 0 : 18376, 12, 2024/02/14, 16:55:20.679, 1111150560897, vstest.console.dll, SocketServer.OnClientConnected: Client connected for endPoint: 127.0.0.1:49904, starting MessageLoopAsync:
TpTrace Verbose: 0 : 18376, 12, 2024/02/14, 16:55:20.680, 1111150570994, vstest.console.dll, TcpClientExtensions.MessageLoopAsync: Polling on remoteEndPoint: 127.0.0.1:49905 localEndPoint: 127.0.0.1:49904
TpTrace Verbose: 0 : 18376, 6, 2024/02/14, 16:55:20.681, 1111150575239, vstest.console.dll, TestRequestSender.CheckVersionWithTestHost: Sending check version message: {"MessageType":"ProtocolVersion","Payload":7}
TpTrace Verbose: 0 : 18376, 12, 2024/02/14, 16:55:21.093, 1111154700881, vstest.console.dll, TcpClientExtensions.MessageLoopAsync: NotifyDataAvailable remoteEndPoint: 127.0.0.1:49905 localEndPoint: 127.0.0.1:49904
TpTrace Verbose: 0 : 18376, 12, 2024/02/14, 16:55:21.094, 1111154705748, vstest.console.dll, TestRequestSender.CheckVersionWithTestHost: onMessageReceived received message: (ProtocolVersion) -> {"MessageType":"ProtocolVersion","Payload":7}
TpTrace Verbose: 0 : 18376, 12, 2024/02/14, 16:55:21.095, 1111154717195, vstest.console.dll, MulticastDelegateUtilities.SafeInvoke: LengthPrefixCommunicationChannel: MessageReceived: Invoking callback 1/1 for Microsoft.VisualStudio.TestPlatform.CommunicationUtilities.TestRequestSender+<>c__DisplayClass29_0., took 1 ms.
TpTrace Verbose: 0 : 18376, 6, 2024/02/14, 16:55:21.095, 1111154718589, vstest.console.dll, TestPluginCache.GetExtensionPaths: Filtered extension paths: 
TpTrace Verbose: 0 : 18376, 12, 2024/02/14, 16:55:21.095, 1111154718849, vstest.console.dll, TcpClientExtensions.MessageLoopAsync: Polling on remoteEndPoint: 127.0.0.1:49905 localEndPoint: 127.0.0.1:49904
TpTrace Verbose: 0 : 18376, 6, 2024/02/14, 16:55:21.095, 1111154720267, vstest.console.dll, TestPluginCache.GetExtensionPaths: Added default extension paths: C:\Program Files\dotnet\sdk\8.0.101\Extensions\Microsoft.Diagnostics.NETCore.Client.dll
C:\Program Files\dotnet\sdk\8.0.101\Extensions\Microsoft.TestPlatform.Extensions.BlameDataCollector.dll
C:\Program Files\dotnet\sdk\8.0.101\Extensions\Microsoft.TestPlatform.Extensions.EventLogCollector.dll
C:\Program Files\dotnet\sdk\8.0.101\Extensions\Microsoft.TestPlatform.TestHostRuntimeProvider.dll
C:\Program Files\dotnet\sdk\8.0.101\Extensions\Microsoft.VisualStudio.TestPlatform.Extensions.Html.TestLogger.dll
C:\Program Files\dotnet\sdk\8.0.101\Extensions\Microsoft.VisualStudio.TestPlatform.Extensions.Trx.TestLogger.dll
TpTrace Verbose: 0 : 18376, 6, 2024/02/14, 16:55:21.095, 1111154722560, vstest.console.dll, TestPluginCache.GetExtensionPaths: Added unfilterableExtensionPaths: 
TpTrace Verbose: 0 : 18376, 6, 2024/02/14, 16:55:21.103, 1111154794196, vstest.console.dll, TestRequestSender.InitializeExecution: Sending initialize execution with message: {"Version":7,"MessageType":"TestExecution.Initialize","Payload":["C:\\Users\\Lenovo\\source\\repos\\Back-End Technologies Basics - 01.2024\\10. Exercises Integration Testing - part 2\\MoviesLibraryAPI.Tests\\bin\\Debug\\net6.0\\fine-code-coverage\\build-output\\NUnit3.TestAdapter.dll"]}
TpTrace Verbose: 0 : 18376, 6, 2024/02/14, 16:55:21.103, 1111154797507, vstest.console.dll, ParallelProxyExecutionManager.StartTestRunOnConcurrentManager: Execution starting. Started clients: 1
TpTrace Verbose: 0 : 18376, 6, 2024/02/14, 16:55:21.103, 1111154802796, vstest.console.dll, TestRunRequest:SendTestRunMessage: Starting.
TpTrace Verbose: 0 : 18376, 6, 2024/02/14, 16:55:21.104, 1111154805956, vstest.console.dll, MulticastDelegateUtilities.SafeInvoke: TestRun.LogMessages: Invoking callback 1/1 for Microsoft.VisualStudio.TestPlatform.CommandLine.TestRunResultAggregator., took 0 ms.
TpTrace Information: 0 : 18376, 6, 2024/02/14, 16:55:21.104, 1111154807018, vstest.console.dll, TestRunRequest:SendTestRunMessage: Completed.
TpTrace Verbose: 0 : 18376, 5, 2024/02/14, 16:55:21.104, 1111154809258, vstest.console.dll, MulticastDelegateUtilities.SafeInvoke: InternalTestLoggerEvents.SendTestRunMessage: Invoking callback 1/1 for Microsoft.VisualStudio.TestPlatform.CommandLine.Internal.ConsoleLogger., took 0 ms.
TpTrace Warning: 0 : 18376, 6, 2024/02/14, 16:55:21.105, 1111154816666, vstest.console.dll, InferRunSettingsHelper.MakeRunsettingsCompatible: Removing the following settings: TargetPlatform from RunSettings file. To use those settings please move to latest version of Microsoft.NET.Test.Sdk
TpTrace Verbose: 0 : 18376, 12, 2024/02/14, 16:55:21.105, 1111154821431, vstest.console.dll, TcpClientExtensions.MessageLoopAsync: NotifyDataAvailable remoteEndPoint: 127.0.0.1:49905 localEndPoint: 127.0.0.1:49904
TpTrace Verbose: 0 : 18376, 12, 2024/02/14, 16:55:21.106, 1111154823716, vstest.console.dll, LengthPrefixCommunicationChannel.NotifyDataAvailable: New data are waiting to be received, but there is no subscriber to be notified. Not reading them from the stream.
TpTrace Verbose: 0 : 18376, 12, 2024/02/14, 16:55:21.106, 1111154824865, vstest.console.dll, TcpClientExtensions.MessageLoopAsync: Polling on remoteEndPoint: 127.0.0.1:49905 localEndPoint: 127.0.0.1:49904
TpTrace Verbose: 0 : 18376, 12, 2024/02/14, 16:55:21.106, 1111154825957, vstest.console.dll, TcpClientExtensions.MessageLoopAsync: NotifyDataAvailable remoteEndPoint: 127.0.0.1:49905 localEndPoint: 127.0.0.1:49904
TpTrace Verbose: 0 : 18376, 12, 2024/02/14, 16:55:21.106, 1111154831552, vstest.console.dll, TestRequestSender.OnExecutionMessageReceived: Received message: {"Version":7,"MessageType":"TestSession.Message","Payload":{"MessageLevel":0,"Message":"Logging TestHost Diagnostics in file: C:\\Users\\Lenovo\\source\\repos\\Back-End Technologies Basics - 01.2024\\10. Exercises Integration Testing - part 2\\MoviesLibraryAPI.Tests\\bin\\Debug\\net6.0\\fine-code-coverage\\coverage-tool-output\\diagnostics.host.24-02-14_16-55-20_29975_6.log"}}
TpTrace Verbose: 0 : 18376, 12, 2024/02/14, 16:55:21.111, 1111154879779, vstest.console.dll, TestRunRequest:SendTestRunMessage: Starting.
TpTrace Verbose: 0 : 18376, 12, 2024/02/14, 16:55:21.111, 1111154881783, vstest.console.dll, MulticastDelegateUtilities.SafeInvoke: TestRun.LogMessages: Invoking callback 1/1 for Microsoft.VisualStudio.TestPlatform.CommandLine.TestRunResultAggregator., took 0 ms.
TpTrace Verbose: 0 : 18376, 5, 2024/02/14, 16:55:21.111, 1111154882150, vstest.console.dll, MulticastDelegateUtilities.SafeInvoke: InternalTestLoggerEvents.SendTestRunMessage: Invoking callback 1/1 for Microsoft.VisualStudio.TestPlatform.CommandLine.Internal.ConsoleLogger., took 0 ms.
TpTrace Information: 0 : 18376, 12, 2024/02/14, 16:55:21.111, 1111154883041, vstest.console.dll, TestRunRequest:SendTestRunMessage: Completed.
TpTrace Verbose: 0 : 18376, 12, 2024/02/14, 16:55:21.112, 1111154885688, vstest.console.dll, MulticastDelegateUtilities.SafeInvoke: LengthPrefixCommunicationChannel: MessageReceived: Invoking callback 1/1 for Microsoft.VisualStudio.TestPlatform.CommunicationUtilities.TestRequestSender+<>c__DisplayClass34_0., took 5 ms.
TpTrace Verbose: 0 : 18376, 12, 2024/02/14, 16:55:21.112, 1111154886787, vstest.console.dll, TcpClientExtensions.MessageLoopAsync: Polling on remoteEndPoint: 127.0.0.1:49905 localEndPoint: 127.0.0.1:49904
TpTrace Verbose: 0 : 18376, 6, 2024/02/14, 16:55:21.118, 1111154948189, vstest.console.dll, TestRequestSender.StartTestRun: Sending test run with message: {"Version":7,"MessageType":"TestExecution.StartWithSources","Payload":{"AdapterSourceMap":{"_none_":["C:\\Users\\Lenovo\\source\\repos\\Back-End Technologies Basics - 01.2024\\10. Exercises Integration Testing - part 2\\MoviesLibraryAPI.Tests\\bin\\Debug\\net6.0\\fine-code-coverage\\build-output\\MoviesLibraryAPI.IntegrationTests.NUnit.dll"]},"RunSettings":"<RunSettings>\r\n  <RunConfiguration>\r\n    <ResultsDirectory>C:\\Users\\Lenovo\\source\\repos\\Back-End Technologies Basics - 01.2024\\10. Exercises Integration Testing - part 2\\MoviesLibraryAPI.Tests\\bin\\Debug\\net6.0\\fine-code-coverage\\coverage-tool-output</ResultsDirectory>\r\n    <TargetFrameworkVersion>.NETCoreApp,Version=v6.0</TargetFrameworkVersion>\r\n    <DesignMode>False</DesignMode>\r\n    <CollectSourceInformation>False</CollectSourceInformation>\r\n  </RunConfiguration>\r\n  <LoggerRunSettings>\r\n    <Loggers>\r\n      <Logger friendlyName=\"blame\" enabled=\"True\" />\r\n      <Logger friendlyName=\"Console\" uri=\"logger://microsoft/TestPlatform/ConsoleLogger/v1\" assemblyQualifiedName=\"Microsoft.VisualStudio.TestPlatform.CommandLine.Internal.ConsoleLogger, vstest.console, Version=15.0.0.0, Culture=neutral, PublicKeyToken=b03f5f7f11d50a3a\" codeBase=\"C:\\Program Files\\dotnet\\sdk\\8.0.101\\vstest.console.dll\" enabled=\"True\" />\r\n    </Loggers>\r\n  </LoggerRunSettings>\r\n  <DataCollectionRunSettings>\r\n    <DataCollectors>\r\n      <DataCollector friendlyName=\"blame\" enabled=\"True\">\r\n        <Configuration>\r\n          <ResultsDirectory>C:\\Users\\Lenovo\\source\\repos\\Back-End Technologies Basics - 01.2024\\10. Exercises Integration Testing - part 2\\MoviesLibraryAPI.Tests\\bin\\Debug\\net6.0\\fine-code-coverage\\coverage-tool-output</ResultsDirectory>\r\n        </Configuration>\r\n      </DataCollector>\r\n    </DataCollectors>\r\n  </DataCollectionRunSettings>\r\n</RunSettings>","TestExecutionContext":{"FrequencyOfRunStatsChangeEvent":10,"RunStatsChangeEventTimeout":"00:00:01.5000000","InIsolation":false,"KeepAlive":false,"AreTestCaseLevelEventsRequired":false,"IsDebug":false,"TestCaseFilter":null,"FilterOptions":null},"Package":null}}
TpTrace Verbose: 0 : 18376, 6, 2024/02/14, 16:55:21.118, 1111154950895, vstest.console.dll, ParallelProxyExecutionManager.StartTestRunOnConcurrentManager: Execution started. Started clients: 1
TpTrace Verbose: 0 : 18376, 12, 2024/02/14, 16:55:21.519, 1111158960779, vstest.console.dll, TcpClientExtensions.MessageLoopAsync: NotifyDataAvailable remoteEndPoint: 127.0.0.1:49905 localEndPoint: 127.0.0.1:49904
TpTrace Verbose: 0 : 18376, 12, 2024/02/14, 16:55:21.519, 1111158963610, vstest.console.dll, TestRequestSender.OnExecutionMessageReceived: Received message: {"Version":7,"MessageType":"TestSession.Message","Payload":{"MessageLevel":0,"Message":"NUnit Adapter 4.5.0.0: Test execution started"}}
TpTrace Verbose: 0 : 18376, 12, 2024/02/14, 16:55:21.520, 1111158967520, vstest.console.dll, TestRunRequest:SendTestRunMessage: Starting.
TpTrace Verbose: 0 : 18376, 12, 2024/02/14, 16:55:21.520, 1111158969895, vstest.console.dll, MulticastDelegateUtilities.SafeInvoke: TestRun.LogMessages: Invoking callback 1/1 for Microsoft.VisualStudio.TestPlatform.CommandLine.TestRunResultAggregator., took 0 ms.
TpTrace Verbose: 0 : 18376, 5, 2024/02/14, 16:55:21.520, 1111158970096, vstest.console.dll, MulticastDelegateUtilities.SafeInvoke: InternalTestLoggerEvents.SendTestRunMessage: Invoking callback 1/1 for Microsoft.VisualStudio.TestPlatform.CommandLine.Internal.ConsoleLogger., took 0 ms.
TpTrace Information: 0 : 18376, 12, 2024/02/14, 16:55:21.520, 1111158971021, vstest.console.dll, TestRunRequest:SendTestRunMessage: Completed.
TpTrace Verbose: 0 : 18376, 12, 2024/02/14, 16:55:21.520, 1111158973701, vstest.console.dll, MulticastDelegateUtilities.SafeInvoke: LengthPrefixCommunicationChannel: MessageReceived: Invoking callback 1/1 for Microsoft.VisualStudio.TestPlatform.CommunicationUtilities.TestRequestSender+<>c__DisplayClass34_0., took 1 ms.
TpTrace Verbose: 0 : 18376, 12, 2024/02/14, 16:55:21.521, 1111158974680, vstest.console.dll, TcpClientExtensions.MessageLoopAsync: Polling on remoteEndPoint: 127.0.0.1:49905 localEndPoint: 127.0.0.1:49904
TpTrace Verbose: 0 : 18376, 12, 2024/02/14, 16:55:21.585, 1111159623717, vstest.console.dll, TcpClientExtensions.MessageLoopAsync: NotifyDataAvailable remoteEndPoint: 127.0.0.1:49905 localEndPoint: 127.0.0.1:49904
TpTrace Verbose: 0 : 18376, 12, 2024/02/14, 16:55:21.586, 1111159626375, vstest.console.dll, TestRequestSender.OnExecutionMessageReceived: Received message: {"Version":7,"MessageType":"TestSession.Message","Payload":{"MessageLevel":0,"Message":"Running all tests in C:\\Users\\Lenovo\\source\\repos\\Back-End Technologies Basics - 01.2024\\10. Exercises Integration Testing - part 2\\MoviesLibraryAPI.Tests\\bin\\Debug\\net6.0\\fine-code-coverage\\build-output\\MoviesLibraryAPI.IntegrationTests.NUnit.dll"}}
TpTrace Verbose: 0 : 18376, 12, 2024/02/14, 16:55:21.586, 1111159628917, vstest.console.dll, TestRunRequest:SendTestRunMessage: Starting.
TpTrace Verbose: 0 : 18376, 12, 2024/02/14, 16:55:21.586, 1111159630499, vstest.console.dll, MulticastDelegateUtilities.SafeInvoke: TestRun.LogMessages: Invoking callback 1/1 for Microsoft.VisualStudio.TestPlatform.CommandLine.TestRunResultAggregator., took 0 ms.
TpTrace Verbose: 0 : 18376, 5, 2024/02/14, 16:55:21.586, 1111159630997, vstest.console.dll, MulticastDelegateUtilities.SafeInvoke: InternalTestLoggerEvents.SendTestRunMessage: Invoking callback 1/1 for Microsoft.VisualStudio.TestPlatform.CommandLine.Internal.ConsoleLogger., took 0 ms.
TpTrace Information: 0 : 18376, 12, 2024/02/14, 16:55:21.586, 1111159632916, vstest.console.dll, TestRunRequest:SendTestRunMessage: Completed.
TpTrace Verbose: 0 : 18376, 12, 2024/02/14, 16:55:21.587, 1111159634126, vstest.console.dll, MulticastDelegateUtilities.SafeInvoke: LengthPrefixCommunicationChannel: MessageReceived: Invoking callback 1/1 for Microsoft.VisualStudio.TestPlatform.CommunicationUtilities.TestRequestSender+<>c__DisplayClass34_0., took 0 ms.
TpTrace Verbose: 0 : 18376, 12, 2024/02/14, 16:55:21.587, 1111159635136, vstest.console.dll, TcpClientExtensions.MessageLoopAsync: Polling on remoteEndPoint: 127.0.0.1:49905 localEndPoint: 127.0.0.1:49904
TpTrace Verbose: 0 : 18376, 12, 2024/02/14, 16:55:21.933, 1111163097492, vstest.console.dll, TcpClientExtensions.MessageLoopAsync: NotifyDataAvailable remoteEndPoint: 127.0.0.1:49905 localEndPoint: 127.0.0.1:49904
TpTrace Verbose: 0 : 18376, 12, 2024/02/14, 16:55:21.933, 1111163100175, vstest.console.dll, TestRequestSender.OnExecutionMessageReceived: Received message: {"Version":7,"MessageType":"TestSession.Message","Payload":{"MessageLevel":0,"Message":"   NUnit3TestExecutor discovered 14 of 14 NUnit test cases using Current Discovery mode, Non-Explicit run"}}
TpTrace Verbose: 0 : 18376, 12, 2024/02/14, 16:55:21.933, 1111163102257, vstest.console.dll, TestRunRequest:SendTestRunMessage: Starting.
TpTrace Verbose: 0 : 18376, 12, 2024/02/14, 16:55:21.934, 1111163103710, vstest.console.dll, MulticastDelegateUtilities.SafeInvoke: TestRun.LogMessages: Invoking callback 1/1 for Microsoft.VisualStudio.TestPlatform.CommandLine.TestRunResultAggregator., took 0 ms.
TpTrace Verbose: 0 : 18376, 5, 2024/02/14, 16:55:21.934, 1111163104145, vstest.console.dll, MulticastDelegateUtilities.SafeInvoke: InternalTestLoggerEvents.SendTestRunMessage: Invoking callback 1/1 for Microsoft.VisualStudio.TestPlatform.CommandLine.Internal.ConsoleLogger., took 0 ms.
TpTrace Information: 0 : 18376, 12, 2024/02/14, 16:55:21.934, 1111163104623, vstest.console.dll, TestRunRequest:SendTestRunMessage: Completed.
TpTrace Verbose: 0 : 18376, 12, 2024/02/14, 16:55:21.934, 1111163107320, vstest.console.dll, MulticastDelegateUtilities.SafeInvoke: LengthPrefixCommunicationChannel: MessageReceived: Invoking callback 1/1 for Microsoft.VisualStudio.TestPlatform.CommunicationUtilities.TestRequestSender+<>c__DisplayClass34_0., took 0 ms.
TpTrace Verbose: 0 : 18376, 12, 2024/02/14, 16:55:21.934, 1111163108254, vstest.console.dll, TcpClientExtensions.MessageLoopAsync: Polling on remoteEndPoint: 127.0.0.1:49905 localEndPoint: 127.0.0.1:49904
TpTrace Verbose: 0 : 18376, 12, 2024/02/14, 16:55:22.846, 1111172227308, vstest.console.dll, TcpClientExtensions.MessageLoopAsync: NotifyDataAvailable remoteEndPoint: 127.0.0.1:49905 localEndPoint: 127.0.0.1:49904
TpTrace Verbose: 0 : 18376, 12, 2024/02/14, 16:55:22.846, 1111172229951, vstest.console.dll, TestRequestSender.OnExecutionMessageReceived: Received message: {"Version":7,"MessageType":"TestSession.Message","Payload":{"MessageLevel":1,"Message":"Validation Error: The Title field is required.\r\n"}}
TpTrace Verbose: 0 : 18376, 12, 2024/02/14, 16:55:22.846, 1111172232788, vstest.console.dll, TestRunRequest:SendTestRunMessage: Starting.
TpTrace Verbose: 0 : 18376, 12, 2024/02/14, 16:55:22.847, 1111172234229, vstest.console.dll, MulticastDelegateUtilities.SafeInvoke: TestRun.LogMessages: Invoking callback 1/1 for Microsoft.VisualStudio.TestPlatform.CommandLine.TestRunResultAggregator., took 0 ms.
TpTrace Information: 0 : 18376, 12, 2024/02/14, 16:55:22.847, 1111172235006, vstest.console.dll, TestRunRequest:SendTestRunMessage: Completed.
TpTrace Verbose: 0 : 18376, 12, 2024/02/14, 16:55:22.847, 1111172235785, vstest.console.dll, MulticastDelegateUtilities.SafeInvoke: LengthPrefixCommunicationChannel: MessageReceived: Invoking callback 1/1 for Microsoft.VisualStudio.TestPlatform.CommunicationUtilities.TestRequestSender+<>c__DisplayClass34_0., took 0 ms.
TpTrace Verbose: 0 : 18376, 12, 2024/02/14, 16:55:22.847, 1111172236930, vstest.console.dll, TcpClientExtensions.MessageLoopAsync: Polling on remoteEndPoint: 127.0.0.1:49905 localEndPoint: 127.0.0.1:49904
TpTrace Verbose: 0 : 18376, 5, 2024/02/14, 16:55:22.847, 1111172236984, vstest.console.dll, MulticastDelegateUtilities.SafeInvoke: InternalTestLoggerEvents.SendTestRunMessage: Invoking callback 1/1 for Microsoft.VisualStudio.TestPlatform.CommandLine.Internal.ConsoleLogger., took 0 ms.
TpTrace Verbose: 0 : 18376, 12, 2024/02/14, 16:55:22.860, 1111172373647, vstest.console.dll, TcpClientExtensions.MessageLoopAsync: NotifyDataAvailable remoteEndPoint: 127.0.0.1:49905 localEndPoint: 127.0.0.1:49904
TpTrace Verbose: 0 : 18376, 12, 2024/02/14, 16:55:22.861, 1111172376239, vstest.console.dll, TestRequestSender.OnExecutionMessageReceived: Received message: {"Version":7,"MessageType":"TestExecution.StatsChange","Payload":{"NewTestResults":[],"TestRunStatistics":{"ExecutedTests":0,"Stats":{}},"ActiveTests":[{"Id":"a8963899-2252-cf48-21e8-3000ef613d75","FullyQualifiedName":"MoviesLibraryAPI.Tests.NUnitIntegrationTests.AddMovieAsync_WhenInvalidMovieProvided_ShouldThrowValidationException","DisplayName":"AddMovieAsync_WhenInvalidMovieProvided_ShouldThrowValidationException","ExecutorUri":"executor://NUnit3TestExecutor","Source":"C:\\Users\\Lenovo\\source\\repos\\Back-End Technologies Basics - 01.2024\\10. Exercises Integration Testing - part 2\\MoviesLibraryAPI.Tests\\bin\\Debug\\net6.0\\fine-code-coverage\\build-output\\MoviesLibraryAPI.IntegrationTests.NUnit.dll","CodeFilePath":null,"LineNumber":0,"Properties":[{"Key":{"Id":"NUnit.Seed","Label":"Seed","Category":"","Description":"","Attributes":0,"ValueType":"System.String"},"Value":"101362966"}]}]}}
TpTrace Verbose: 0 : 18376, 12, 2024/02/14, 16:55:22.891, 1111172682512, vstest.console.dll, TestRunRequest:SendTestRunStatsChange: Starting.
TpTrace Verbose: 0 : 18376, 12, 2024/02/14, 16:55:22.892, 1111172684717, vstest.console.dll, InProgress is AddMovieAsync_WhenInvalidMovieProvided_ShouldThrowValidationException
TpTrace Verbose: 0 : 18376, 12, 2024/02/14, 16:55:22.892, 1111172686666, vstest.console.dll, MulticastDelegateUtilities.SafeInvoke: TestRun.RunStatsChanged: Invoking callbacks was skipped because there are no subscribers.
TpTrace Information: 0 : 18376, 12, 2024/02/14, 16:55:22.892, 1111172687532, vstest.console.dll, TestRunRequest:SendTestRunStatsChange: Completed.
TpTrace Verbose: 0 : 18376, 12, 2024/02/14, 16:55:22.892, 1111172688285, vstest.console.dll, MulticastDelegateUtilities.SafeInvoke: LengthPrefixCommunicationChannel: MessageReceived: Invoking callback 1/1 for Microsoft.VisualStudio.TestPlatform.CommunicationUtilities.TestRequestSender+<>c__DisplayClass34_0., took 31 ms.
TpTrace Verbose: 0 : 18376, 12, 2024/02/14, 16:55:22.892, 1111172689236, vstest.console.dll, TcpClientExtensions.MessageLoopAsync: Polling on remoteEndPoint: 127.0.0.1:49905 localEndPoint: 127.0.0.1:49904
TpTrace Verbose: 0 : 18376, 12, 2024/02/14, 16:55:23.474, 1111178504539, vstest.console.dll, TcpClientExtensions.MessageLoopAsync: NotifyDataAvailable remoteEndPoint: 127.0.0.1:49905 localEndPoint: 127.0.0.1:49904
TpTrace Verbose: 0 : 18376, 12, 2024/02/14, 16:55:23.474, 1111178513222, vstest.console.dll, TestRequestSender.OnExecutionMessageReceived: Received message: {"Version":7,"MessageType":"TestExecution.StatsChange","Payload":{"NewTestResults":[{"TestCase":{"Id":"a8963899-2252-cf48-21e8-3000ef613d75","FullyQualifiedName":"MoviesLibraryAPI.Tests.NUnitIntegrationTests.AddMovieAsync_WhenInvalidMovieProvided_ShouldThrowValidationException","DisplayName":"AddMovieAsync_WhenInvalidMovieProvided_ShouldThrowValidationException","ExecutorUri":"executor://NUnit3TestExecutor","Source":"C:\\Users\\Lenovo\\source\\repos\\Back-End Technologies Basics - 01.2024\\10. Exercises Integration Testing - part 2\\MoviesLibraryAPI.Tests\\bin\\Debug\\net6.0\\fine-code-coverage\\build-output\\MoviesLibraryAPI.IntegrationTests.NUnit.dll","CodeFilePath":null,"LineNumber":0,"Properties":[{"Key":{"Id":"NUnit.Seed","Label":"Seed","Category":"","Description":"","Attributes":0,"ValueType":"System.String"},"Value":"101362966"}]},"Attachments":[],"Outcome":1,"ErrorMessage":null,"ErrorStackTrace":null,"DisplayName":"AddMovieAsync_WhenInvalidMovieProvided_ShouldThrowValidationException","Messages":[{"Category":"StdOutMsgs","Text":"Validation Error: The Title field is required.\r\n"}],"ComputerName":"DESKTOP-23QTAUK","Duration":"00:00:00.7208140","StartTime":"2024-02-14T14:55:22.0963202+00:00","EndTime":"2024-02-14T14:55:22.8169601+00:00","Properties":[{"Key":{"Id":"NUnit.Seed","Label":"Seed","Category":"","Description":"","Attributes":0,"ValueType":"System.String"},"Value":"101362966"}]},{"TestCase":{"Id":"f08be1cf-16d5-4ed7-3394-20e770455be6","FullyQualifiedName":"MoviesLibraryAPI.Tests.NUnitIntegrationTests.AddMovieAsync_WhenValidMovieProvided_ShouldAddToDatabase","DisplayName":"AddMovieAsync_WhenValidMovieProvided_ShouldAddToDatabase","ExecutorUri":"executor://NUnit3TestExecutor","Source":"C:\\Users\\Lenovo\\source\\repos\\Back-End Technologies Basics - 01.2024\\10. Exercises Integration Testing - part 2\\MoviesLibraryAPI.Tests\\bin\\Debug\\net6.0\\fine-code-coverage\\build-output\\MoviesLibraryAPI.IntegrationTests.NUnit.dll","CodeFilePath":null,"LineNumber":0,"Properties":[{"Key":{"Id":"NUnit.Seed","Label":"Seed","Category":"","Description":"","Attributes":0,"ValueType":"System.String"},"Value":"1049251708"}]},"Attachments":[],"Outcome":1,"ErrorMessage":null,"ErrorStackTrace":null,"DisplayName":"AddMovieAsync_WhenValidMovieProvided_ShouldAddToDatabase","Messages":[],"ComputerName":"DESKTOP-23QTAUK","Duration":"00:00:00.3589830","StartTime":"2024-02-14T14:55:22.8198726+00:00","EndTime":"2024-02-14T14:55:23.1788554+00:00","Properties":[{"Key":{"Id":"NUnit.Seed","Label":"Seed","Category":"","Description":"","Attributes":0,"ValueType":"System.String"},"Value":"1049251708"}]},{"TestCase":{"Id":"d1a8888d-1a50-bb2c-d1d1-1436c840334e","FullyQualifiedName":"MoviesLibraryAPI.Tests.NUnitIntegrationTests.DeleteAsync_WhenTitleDoesNotExist_ShouldThrowInvalidOperationException","DisplayName":"DeleteAsync_WhenTitleDoesNotExist_ShouldThrowInvalidOperationException","ExecutorUri":"executor://NUnit3TestExecutor","Source":"C:\\Users\\Lenovo\\source\\repos\\Back-End Technologies Basics - 01.2024\\10. Exercises Integration Testing - part 2\\MoviesLibraryAPI.Tests\\bin\\Debug\\net6.0\\fine-code-coverage\\build-output\\MoviesLibraryAPI.IntegrationTests.NUnit.dll","CodeFilePath":null,"LineNumber":0,"Properties":[{"Key":{"Id":"NUnit.Seed","Label":"Seed","Category":"","Description":"","Attributes":0,"ValueType":"System.String"},"Value":"896547601"}]},"Attachments":[],"Outcome":1,"ErrorMessage":null,"ErrorStackTrace":null,"DisplayName":"DeleteAsync_WhenTitleDoesNotExist_ShouldThrowInvalidOperationException","Messages":[],"ComputerName":"DESKTOP-23QTAUK","Duration":"00:00:00.0580160","StartTime":"2024-02-14T14:55:23.1791359+00:00","EndTime":"2024-02-14T14:55:23.2371519+00:00","Properties":[{"Key":{"Id":"NUnit.Seed","Label":"Seed","Category":"","Description":"","Attributes":0,"ValueType":"System.String"},"Value":"896547601"}]},{"TestCase":{"Id":"ac98581f-7cfb-ed76-e46b-01db6f9a9a1c","FullyQualifiedName":"MoviesLibraryAPI.Tests.NUnitIntegrationTests.DeleteAsync_WhenTitleIsEmpty_ShouldThrowArgumentException","DisplayName":"DeleteAsync_WhenTitleIsEmpty_ShouldThrowArgumentException","ExecutorUri":"executor://NUnit3TestExecutor","Source":"C:\\Users\\Lenovo\\source\\repos\\Back-End Technologies Basics - 01.2024\\10. Exercises Integration Testing - part 2\\MoviesLibraryAPI.Tests\\bin\\Debug\\net6.0\\fine-code-coverage\\build-output\\MoviesLibraryAPI.IntegrationTests.NUnit.dll","CodeFilePath":null,"LineNumber":0,"Properties":[{"Key":{"Id":"NUnit.Seed","Label":"Seed","Category":"","Description":"","Attributes":0,"ValueType":"System.String"},"Value":"36232844"}]},"Attachments":[],"Outcome":1,"ErrorMessage":null,"ErrorStackTrace":null,"DisplayName":"DeleteAsync_WhenTitleIsEmpty_ShouldThrowArgumentException","Messages":[],"ComputerName":"DESKTOP-23QTAUK","Duration":"00:00:00.0300000","StartTime":"2024-02-14T14:55:23.2371927+00:00","EndTime":"2024-02-14T14:55:23.2671921+00:00","Properties":[{"Key":{"Id":"NUnit.Seed","Label":"Seed","Category":"","Description":"","Attributes":0,"ValueType":"System.String"},"Value":"36232844"}]},{"TestCase":{"Id":"5f5374d1-a8de-ae53-0fcc-cfd7982963e2","FullyQualifiedName":"MoviesLibraryAPI.Tests.NUnitIntegrationTests.DeleteAsync_WhenTitleIsNull_ShouldThrowArgumentException","DisplayName":"DeleteAsync_WhenTitleIsNull_ShouldThrowArgumentException","ExecutorUri":"executor://NUnit3TestExecutor","Source":"C:\\Users\\Lenovo\\source\\repos\\Back-End Technologies Basics - 01.2024\\10. Exercises Integration Testing - part 2\\MoviesLibraryAPI.Tests\\bin\\Debug\\net6.0\\fine-code-coverage\\build-output\\MoviesLibraryAPI.IntegrationTests.NUnit.dll","CodeFilePath":null,"LineNumber":0,"Properties":[{"Key":{"Id":"NUnit.Seed","Label":"Seed","Category":"","Description":"","Attributes":0,"ValueType":"System.String"},"Value":"430560848"}]},"Attachments":[],"Outcome":1,"ErrorMessage":null,"ErrorStackTrace":null,"DisplayName":"DeleteAsync_WhenTitleIsNull_ShouldThrowArgumentException","Messages":[],"ComputerName":"DESKTOP-23QTAUK","Duration":"00:00:00.0275300","StartTime":"2024-02-14T14:55:23.2672357+00:00","EndTime":"2024-02-14T14:55:23.2947649+00:00","Properties":[{"Key":{"Id":"NUnit.Seed","Label":"Seed","Category":"","Description":"","Attributes":0,"ValueType":"System.String"},"Value":"430560848"}]},{"TestCase":{"Id":"d1dece99-4c82-929f-6e90-6e7e42428f51","FullyQualifiedName":"MoviesLibraryAPI.Tests.NUnitIntegrationTests.DeleteAsync_WhenValidTitleProvided_ShouldDeleteMovie","DisplayName":"DeleteAsync_WhenValidTitleProvided_ShouldDeleteMovie","ExecutorUri":"executor://NUnit3TestExecutor","Source":"C:\\Users\\Lenovo\\source\\repos\\Back-End Technologies Basics - 01.2024\\10. Exercises Integration Testing - part 2\\MoviesLibraryAPI.Tests\\bin\\Debug\\net6.0\\fine-code-coverage\\build-output\\MoviesLibraryAPI.IntegrationTests.NUnit.dll","CodeFilePath":null,"LineNumber":0,"Properties":[{"Key":{"Id":"NUnit.Seed","Label":"Seed","Category":"","Description":"","Attributes":0,"ValueType":"System.String"},"Value":"68382441"}]},"Attachments":[],"Outcome":1,"ErrorMessage":null,"ErrorStackTrace":null,"DisplayName":"DeleteAsync_WhenValidTitleProvided_ShouldDeleteMovie","Messages":[],"ComputerName":"DESKTOP-23QTAUK","Duration":"00:00:00.0519180","StartTime":"2024-02-14T14:55:23.2948047+00:00","EndTime":"2024-02-14T14:55:23.3467222+00:00","Properties":[{"Key":{"Id":"NUnit.Seed","Label":"Seed","Category":"","Description":"","Attributes":0,"ValueType":"System.String"},"Value":"68382441"}]},{"TestCase":{"Id":"0ef5f792-7a12-9ba1-4825-2c8c30e24df6","FullyQualifiedName":"MoviesLibraryAPI.Tests.NUnitIntegrationTests.GetAllAsync_WhenMoviesExist_ShouldReturnAllMovies","DisplayName":"GetAllAsync_WhenMoviesExist_ShouldReturnAllMovies","ExecutorUri":"executor://NUnit3TestExecutor","Source":"C:\\Users\\Lenovo\\source\\repos\\Back-End Technologies Basics - 01.2024\\10. Exercises Integration Testing - part 2\\MoviesLibraryAPI.Tests\\bin\\Debug\\net6.0\\fine-code-coverage\\build-output\\MoviesLibraryAPI.IntegrationTests.NUnit.dll","CodeFilePath":null,"LineNumber":0,"Properties":[{"Key":{"Id":"NUnit.Seed","Label":"Seed","Category":"","Description":"","Attributes":0,"ValueType":"System.String"},"Value":"287286332"}]},"Attachments":[],"Outcome":1,"ErrorMessage":null,"ErrorStackTrace":null,"DisplayName":"GetAllAsync_WhenMoviesExist_ShouldReturnAllMovies","Messages":[],"ComputerName":"DESKTOP-23QTAUK","Duration":"00:00:00.0504330","StartTime":"2024-02-14T14:55:23.346764+00:00","EndTime":"2024-02-14T14:55:23.3971965+00:00","Properties":[{"Key":{"Id":"NUnit.Seed","Label":"Seed","Category":"","Description":"","Attributes":0,"ValueType":"System.String"},"Value":"287286332"}]},{"TestCase":{"Id":"94783913-b938-9846-851d-d2540f736d2b","FullyQualifiedName":"MoviesLibraryAPI.Tests.NUnitIntegrationTests.GetAllAsync_WhenNoMoviesExist_ShouldReturnEmptyList","DisplayName":"GetAllAsync_WhenNoMoviesExist_ShouldReturnEmptyList","ExecutorUri":"executor://NUnit3TestExecutor","Source":"C:\\Users\\Lenovo\\source\\repos\\Back-End Technologies Basics - 01.2024\\10. Exercises Integration Testing - part 2\\MoviesLibraryAPI.Tests\\bin\\Debug\\net6.0\\fine-code-coverage\\build-output\\MoviesLibraryAPI.IntegrationTests.NUnit.dll","CodeFilePath":null,"LineNumber":0,"Properties":[{"Key":{"Id":"NUnit.Seed","Label":"Seed","Category":"","Description":"","Attributes":0,"ValueType":"System.String"},"Value":"686058569"}]},"Attachments":[],"Outcome":1,"ErrorMessage":null,"ErrorStackTrace":null,"DisplayName":"GetAllAsync_WhenNoMoviesExist_ShouldReturnEmptyList","Messages":[],"ComputerName":"DESKTOP-23QTAUK","Duration":"00:00:00.0046390","StartTime":"2024-02-14T14:55:23.3972427+00:00","EndTime":"2024-02-14T14:55:23.4018812+00:00","Properties":[{"Key":{"Id":"NUnit.Seed","Label":"Seed","Category":"","Description":"","Attributes":0,"ValueType":"System.String"},"Value":"686058569"}]},{"TestCase":{"Id":"24d1ddf6-0e8a-71d3-c0e6-d55e05908d8b","FullyQualifiedName":"MoviesLibraryAPI.Tests.NUnitIntegrationTests.GetByTitle_WhenTitleDoesNotExist_ShouldReturnNull","DisplayName":"GetByTitle_WhenTitleDoesNotExist_ShouldReturnNull","ExecutorUri":"executor://NUnit3TestExecutor","Source":"C:\\Users\\Lenovo\\source\\repos\\Back-End Technologies Basics - 01.2024\\10. Exercises Integration Testing - part 2\\MoviesLibraryAPI.Tests\\bin\\Debug\\net6.0\\fine-code-coverage\\build-output\\MoviesLibraryAPI.IntegrationTests.NUnit.dll","CodeFilePath":null,"LineNumber":0,"Properties":[{"Key":{"Id":"NUnit.Seed","Label":"Seed","Category":"","Description":"","Attributes":0,"ValueType":"System.String"},"Value":"2082635201"}]},"Attachments":[],"Outcome":1,"ErrorMessage":null,"ErrorStackTrace":null,"DisplayName":"GetByTitle_WhenTitleDoesNotExist_ShouldReturnNull","Messages":[],"ComputerName":"DESKTOP-23QTAUK","Duration":"00:00:00.0527340","StartTime":"2024-02-14T14:55:23.4019083+00:00","EndTime":"2024-02-14T14:55:23.4546421+00:00","Properties":[{"Key":{"Id":"NUnit.Seed","Label":"Seed","Category":"","Description":"","Attributes":0,"ValueType":"System.String"},"Value":"2082635201"}]}],"TestRunStatistics":{"ExecutedTests":9,"Stats":{"Passed":9}},"ActiveTests":[{"Id":"fefbcd6a-1c70-b3e9-fe79-d9847974ac00","FullyQualifiedName":"MoviesLibraryAPI.Tests.NUnitIntegrationTests.GetByTitle_WhenTitleExists_ShouldReturnMatchingMovie","DisplayName":"GetByTitle_WhenTitleExists_ShouldReturnMatchingMovie","ExecutorUri":"executor://NUnit3TestExecutor","Source":"C:\\Users\\Lenovo\\source\\repos\\Back-End Technologies Basics - 01.2024\\10. Exercises Integration Testing - part 2\\MoviesLibraryAPI.Tests\\bin\\Debug\\net6.0\\fine-code-coverage\\build-output\\MoviesLibraryAPI.IntegrationTests.NUnit.dll","CodeFilePath":null,"LineNumber":0,"Properties":[{"Key":{"Id":"NUnit.Seed","Label":"Seed","Category":"","Description":"","Attributes":0,"ValueType":"System.String"},"Value":"1730627602"}]}]}}
TpTrace Verbose: 0 : 18376, 12, 2024/02/14, 16:55:23.492, 1111178690584, vstest.console.dll, TestRunRequest:SendTestRunStatsChange: Starting.
TpTrace Verbose: 0 : 18376, 12, 2024/02/14, 16:55:23.492, 1111178693224, vstest.console.dll, InProgress is GetByTitle_WhenTitleExists_ShouldReturnMatchingMovie
TpTrace Verbose: 0 : 18376, 12, 2024/02/14, 16:55:23.493, 1111178697693, vstest.console.dll, MulticastDelegateUtilities.SafeInvoke: TestRun.RunStatsChanged: Invoking callbacks was skipped because there are no subscribers.
TpTrace Information: 0 : 18376, 12, 2024/02/14, 16:55:23.493, 1111178698548, vstest.console.dll, TestRunRequest:SendTestRunStatsChange: Completed.
TpTrace Verbose: 0 : 18376, 12, 2024/02/14, 16:55:23.493, 1111178699270, vstest.console.dll, MulticastDelegateUtilities.SafeInvoke: LengthPrefixCommunicationChannel: MessageReceived: Invoking callback 1/1 for Microsoft.VisualStudio.TestPlatform.CommunicationUtilities.TestRequestSender+<>c__DisplayClass34_0., took 18 ms.
TpTrace Verbose: 0 : 18376, 12, 2024/02/14, 16:55:23.493, 1111178700128, vstest.console.dll, TcpClientExtensions.MessageLoopAsync: Polling on remoteEndPoint: 127.0.0.1:49905 localEndPoint: 127.0.0.1:49904
TpTrace Verbose: 0 : 18376, 5, 2024/02/14, 16:55:23.497, 1111178735471, vstest.console.dll, MulticastDelegateUtilities.SafeInvoke: InternalTestLoggerEvents.SendTestResult: Invoking callback 1/1 for Microsoft.VisualStudio.TestPlatform.CommandLine.Internal.ConsoleLogger., took 3 ms.
TpTrace Verbose: 0 : 18376, 5, 2024/02/14, 16:55:23.497, 1111178740852, vstest.console.dll, MulticastDelegateUtilities.SafeInvoke: InternalTestLoggerEvents.SendTestResult: Invoking callback 1/1 for Microsoft.VisualStudio.TestPlatform.CommandLine.Internal.ConsoleLogger., took 0 ms.
TpTrace Verbose: 0 : 18376, 5, 2024/02/14, 16:55:23.497, 1111178742253, vstest.console.dll, MulticastDelegateUtilities.SafeInvoke: InternalTestLoggerEvents.SendTestResult: Invoking callback 1/1 for Microsoft.VisualStudio.TestPlatform.CommandLine.Internal.ConsoleLogger., took 0 ms.
TpTrace Verbose: 0 : 18376, 5, 2024/02/14, 16:55:23.497, 1111178743271, vstest.console.dll, MulticastDelegateUtilities.SafeInvoke: InternalTestLoggerEvents.SendTestResult: Invoking callback 1/1 for Microsoft.VisualStudio.TestPlatform.CommandLine.Internal.ConsoleLogger., took 0 ms.
TpTrace Verbose: 0 : 18376, 5, 2024/02/14, 16:55:23.498, 1111178744418, vstest.console.dll, MulticastDelegateUtilities.SafeInvoke: InternalTestLoggerEvents.SendTestResult: Invoking callback 1/1 for Microsoft.VisualStudio.TestPlatform.CommandLine.Internal.ConsoleLogger., took 0 ms.
TpTrace Verbose: 0 : 18376, 5, 2024/02/14, 16:55:23.498, 1111178745452, vstest.console.dll, MulticastDelegateUtilities.SafeInvoke: InternalTestLoggerEvents.SendTestResult: Invoking callback 1/1 for Microsoft.VisualStudio.TestPlatform.CommandLine.Internal.ConsoleLogger., took 0 ms.
TpTrace Verbose: 0 : 18376, 5, 2024/02/14, 16:55:23.498, 1111178746583, vstest.console.dll, MulticastDelegateUtilities.SafeInvoke: InternalTestLoggerEvents.SendTestResult: Invoking callback 1/1 for Microsoft.VisualStudio.TestPlatform.CommandLine.Internal.ConsoleLogger., took 0 ms.
TpTrace Verbose: 0 : 18376, 5, 2024/02/14, 16:55:23.498, 1111178747640, vstest.console.dll, MulticastDelegateUtilities.SafeInvoke: InternalTestLoggerEvents.SendTestResult: Invoking callback 1/1 for Microsoft.VisualStudio.TestPlatform.CommandLine.Internal.ConsoleLogger., took 0 ms.
TpTrace Verbose: 0 : 18376, 5, 2024/02/14, 16:55:23.498, 1111178748564, vstest.console.dll, MulticastDelegateUtilities.SafeInvoke: InternalTestLoggerEvents.SendTestResult: Invoking callback 1/1 for Microsoft.VisualStudio.TestPlatform.CommandLine.Internal.ConsoleLogger., took 0 ms.
TpTrace Verbose: 0 : 18376, 12, 2024/02/14, 16:55:23.549, 1111179258551, vstest.console.dll, TcpClientExtensions.MessageLoopAsync: NotifyDataAvailable remoteEndPoint: 127.0.0.1:49905 localEndPoint: 127.0.0.1:49904
TpTrace Verbose: 0 : 18376, 12, 2024/02/14, 16:55:23.549, 1111179261222, vstest.console.dll, TestRequestSender.OnExecutionMessageReceived: Received message: {"Version":7,"MessageType":"TestSession.Message","Payload":{"MessageLevel":1,"Message":"Validation Error: The Title field is required.\r\nValidation Error: The Director field is required.\r\nValidation Error: The field YearReleased must be between 1900 and 2030.\r\nValidation Error: The Genre field is required.\r\nValidation Error: The field Duration must be between 1 and 500.\r\nValidation Error: The Title field is required.\r\nValidation Error: The Director field is required.\r\nValidation Error: The field YearReleased must be between 1900 and 2030.\r\nValidation Error: The Genre field is required.\r\nValidation Error: The field Duration must be between 1 and 500.\r\nValidation Error: The Title field is required.\r\nValidation Error: The Director field is required.\r\nValidation Error: The field YearReleased must be between 1900 and 2030.\r\nValidation Error: The Genre field is required.\r\nValidation Error: The field Duration must be between 1 and 500.\r\n"}}
TpTrace Verbose: 0 : 18376, 12, 2024/02/14, 16:55:23.550, 1111179263874, vstest.console.dll, TestRunRequest:SendTestRunMessage: Starting.
TpTrace Verbose: 0 : 18376, 12, 2024/02/14, 16:55:23.550, 1111179265169, vstest.console.dll, MulticastDelegateUtilities.SafeInvoke: TestRun.LogMessages: Invoking callback 1/1 for Microsoft.VisualStudio.TestPlatform.CommandLine.TestRunResultAggregator., took 0 ms.
TpTrace Information: 0 : 18376, 12, 2024/02/14, 16:55:23.550, 1111179266334, vstest.console.dll, TestRunRequest:SendTestRunMessage: Completed.
TpTrace Verbose: 0 : 18376, 12, 2024/02/14, 16:55:23.550, 1111179267039, vstest.console.dll, MulticastDelegateUtilities.SafeInvoke: LengthPrefixCommunicationChannel: MessageReceived: Invoking callback 1/1 for Microsoft.VisualStudio.TestPlatform.CommunicationUtilities.TestRequestSender+<>c__DisplayClass34_0., took 0 ms.
TpTrace Verbose: 0 : 18376, 12, 2024/02/14, 16:55:23.550, 1111179267668, vstest.console.dll, TcpClientExtensions.MessageLoopAsync: Polling on remoteEndPoint: 127.0.0.1:49905 localEndPoint: 127.0.0.1:49904
TpTrace Verbose: 0 : 18376, 5, 2024/02/14, 16:55:23.550, 1111179268844, vstest.console.dll, MulticastDelegateUtilities.SafeInvoke: InternalTestLoggerEvents.SendTestRunMessage: Invoking callback 1/1 for Microsoft.VisualStudio.TestPlatform.CommandLine.Internal.ConsoleLogger., took 0 ms.
TpTrace Verbose: 0 : 18376, 12, 2024/02/14, 16:55:23.613, 1111179899851, vstest.console.dll, TcpClientExtensions.MessageLoopAsync: NotifyDataAvailable remoteEndPoint: 127.0.0.1:49905 localEndPoint: 127.0.0.1:49904
TpTrace Verbose: 0 : 18376, 12, 2024/02/14, 16:55:23.613, 1111179901813, vstest.console.dll, TestRequestSender.OnExecutionMessageReceived: Received message: {"Version":7,"MessageType":"TestSession.Message","Payload":{"MessageLevel":0,"Message":"NUnit Adapter 4.5.0.0: Test execution complete"}}
TpTrace Verbose: 0 : 18376, 12, 2024/02/14, 16:55:23.613, 1111179903614, vstest.console.dll, TestRunRequest:SendTestRunMessage: Starting.
TpTrace Verbose: 0 : 18376, 12, 2024/02/14, 16:55:23.614, 1111179904935, vstest.console.dll, MulticastDelegateUtilities.SafeInvoke: TestRun.LogMessages: Invoking callback 1/1 for Microsoft.VisualStudio.TestPlatform.CommandLine.TestRunResultAggregator., took 0 ms.
TpTrace Information: 0 : 18376, 12, 2024/02/14, 16:55:23.614, 1111179905604, vstest.console.dll, TestRunRequest:SendTestRunMessage: Completed.
TpTrace Verbose: 0 : 18376, 12, 2024/02/14, 16:55:23.614, 1111179906374, vstest.console.dll, MulticastDelegateUtilities.SafeInvoke: LengthPrefixCommunicationChannel: MessageReceived: Invoking callback 1/1 for Microsoft.VisualStudio.TestPlatform.CommunicationUtilities.TestRequestSender+<>c__DisplayClass34_0., took 0 ms.
TpTrace Verbose: 0 : 18376, 5, 2024/02/14, 16:55:23.614, 1111179905944, vstest.console.dll, MulticastDelegateUtilities.SafeInvoke: InternalTestLoggerEvents.SendTestRunMessage: Invoking callback 1/1 for Microsoft.VisualStudio.TestPlatform.CommandLine.Internal.ConsoleLogger., took 0 ms.
TpTrace Verbose: 0 : 18376, 12, 2024/02/14, 16:55:23.614, 1111179907101, vstest.console.dll, TcpClientExtensions.MessageLoopAsync: Polling on remoteEndPoint: 127.0.0.1:49905 localEndPoint: 127.0.0.1:49904
TpTrace Verbose: 0 : 18376, 12, 2024/02/14, 16:55:23.651, 1111180281457, vstest.console.dll, TcpClientExtensions.MessageLoopAsync: NotifyDataAvailable remoteEndPoint: 127.0.0.1:49905 localEndPoint: 127.0.0.1:49904
TpTrace Verbose: 0 : 18376, 12, 2024/02/14, 16:55:23.652, 1111180286055, vstest.console.dll, TestRequestSender.OnExecutionMessageReceived: Received message: {"Version":7,"MessageType":"TestExecution.Completed","Payload":{"TestRunCompleteArgs":{"TestRunStatistics":{"ExecutedTests":14,"Stats":{"Passed":14}},"IsCanceled":false,"IsAborted":false,"Error":null,"AttachmentSets":[],"InvokedDataCollectors":[],"ElapsedTimeInRunningTests":"00:00:02.1634608","Metrics":{},"DiscoveredExtensions":{"TestDiscoverers":["NUnit.VisualStudio.TestAdapter.NUnit3TestDiscoverer, NUnit3.TestAdapter, Version=4.5.0.0, Culture=neutral, PublicKeyToken=4cb40d35494691ac"],"TestExecutors":["executor://NUnit3TestExecutor"],"TestExecutors2":[],"TestSettingsProviders":[]}},"LastRunTests":{"NewTestResults":[{"TestCase":{"Id":"fefbcd6a-1c70-b3e9-fe79-d9847974ac00","FullyQualifiedName":"MoviesLibraryAPI.Tests.NUnitIntegrationTests.GetByTitle_WhenTitleExists_ShouldReturnMatchingMovie","DisplayName":"GetByTitle_WhenTitleExists_ShouldReturnMatchingMovie","ExecutorUri":"executor://NUnit3TestExecutor","Source":"C:\\Users\\Lenovo\\source\\repos\\Back-End Technologies Basics - 01.2024\\10. Exercises Integration Testing - part 2\\MoviesLibraryAPI.Tests\\bin\\Debug\\net6.0\\fine-code-coverage\\build-output\\MoviesLibraryAPI.IntegrationTests.NUnit.dll","CodeFilePath":null,"LineNumber":0,"Properties":[{"Key":{"Id":"NUnit.Seed","Label":"Seed","Category":"","Description":"","Attributes":0,"ValueType":"System.String"},"Value":"1730627602"}]},"Attachments":[],"Outcome":1,"ErrorMessage":null,"ErrorStackTrace":null,"DisplayName":"GetByTitle_WhenTitleExists_ShouldReturnMatchingMovie","Messages":[],"ComputerName":"DESKTOP-23QTAUK","Duration":"00:00:00.0325929","StartTime":"2024-02-14T14:55:23.4555048+00:00","EndTime":"2024-02-14T14:55:23.4880976+00:00","Properties":[{"Key":{"Id":"NUnit.Seed","Label":"Seed","Category":"","Description":"","Attributes":0,"ValueType":"System.String"},"Value":"1730627602"}]},{"TestCase":{"Id":"d00a1e8a-082b-6c45-65ab-94a20845afeb","FullyQualifiedName":"MoviesLibraryAPI.Tests.NUnitIntegrationTests.SearchByTitleFragmentAsync_WhenNoMatchingTitleFragment_ShouldThrowKeyNotFoundException","DisplayName":"SearchByTitleFragmentAsync_WhenNoMatchingTitleFragment_ShouldThrowKeyNotFoundException","ExecutorUri":"executor://NUnit3TestExecutor","Source":"C:\\Users\\Lenovo\\source\\repos\\Back-End Technologies Basics - 01.2024\\10. Exercises Integration Testing - part 2\\MoviesLibraryAPI.Tests\\bin\\Debug\\net6.0\\fine-code-coverage\\build-output\\MoviesLibraryAPI.IntegrationTests.NUnit.dll","CodeFilePath":null,"LineNumber":0,"Properties":[{"Key":{"Id":"NUnit.Seed","Label":"Seed","Category":"","Description":"","Attributes":0,"ValueType":"System.String"},"Value":"945236668"}]},"Attachments":[],"Outcome":1,"ErrorMessage":null,"ErrorStackTrace":null,"DisplayName":"SearchByTitleFragmentAsync_WhenNoMatchingTitleFragment_ShouldThrowKeyNotFoundException","Messages":[],"ComputerName":"DESKTOP-23QTAUK","Duration":"00:00:00.0131030","StartTime":"2024-02-14T14:55:23.4901774+00:00","EndTime":"2024-02-14T14:55:23.5032805+00:00","Properties":[{"Key":{"Id":"NUnit.Seed","Label":"Seed","Category":"","Description":"","Attributes":0,"ValueType":"System.String"},"Value":"945236668"}]},{"TestCase":{"Id":"4528bbfb-eb18-139f-b16a-3070d85276c8","FullyQualifiedName":"MoviesLibraryAPI.Tests.NUnitIntegrationTests.SearchByTitleFragmentAsync_WhenTitleFragmentExists_ShouldReturnMatchingMovies","DisplayName":"SearchByTitleFragmentAsync_WhenTitleFragmentExists_ShouldReturnMatchingMovies","ExecutorUri":"executor://NUnit3TestExecutor","Source":"C:\\Users\\Lenovo\\source\\repos\\Back-End Technologies Basics - 01.2024\\10. Exercises Integration Testing - part 2\\MoviesLibraryAPI.Tests\\bin\\Debug\\net6.0\\fine-code-coverage\\build-output\\MoviesLibraryAPI.IntegrationTests.NUnit.dll","CodeFilePath":null,"LineNumber":0,"Properties":[{"Key":{"Id":"NUnit.Seed","Label":"Seed","Category":"","Description":"","Attributes":0,"ValueType":"System.String"},"Value":"239277080"}]},"Attachments":[],"Outcome":1,"ErrorMessage":null,"ErrorStackTrace":null,"DisplayName":"SearchByTitleFragmentAsync_WhenTitleFragmentExists_ShouldReturnMatchingMovies","Messages":[],"ComputerName":"DESKTOP-23QTAUK","Duration":"00:00:00.0405980","StartTime":"2024-02-14T14:55:23.5034254+00:00","EndTime":"2024-02-14T14:55:23.5440234+00:00","Properties":[{"Key":{"Id":"NUnit.Seed","Label":"Seed","Category":"","Description":"","Attributes":0,"ValueType":"System.String"},"Value":"239277080"}]},{"TestCase":{"Id":"bae4068a-0877-ea12-075b-7dcce730b9a5","FullyQualifiedName":"MoviesLibraryAPI.Tests.NUnitIntegrationTests.UpdateAsync_WhenInvalidMovieProvided_ShouldThrowValidationException","DisplayName":"UpdateAsync_WhenInvalidMovieProvided_ShouldThrowValidationException","ExecutorUri":"executor://NUnit3TestExecutor","Source":"C:\\Users\\Lenovo\\source\\repos\\Back-End Technologies Basics - 01.2024\\10. Exercises Integration Testing - part 2\\MoviesLibraryAPI.Tests\\bin\\Debug\\net6.0\\fine-code-coverage\\build-output\\MoviesLibraryAPI.IntegrationTests.NUnit.dll","CodeFilePath":null,"LineNumber":0,"Properties":[{"Key":{"Id":"NUnit.Seed","Label":"Seed","Category":"","Description":"","Attributes":0,"ValueType":"System.String"},"Value":"130269993"}]},"Attachments":[],"Outcome":1,"ErrorMessage":null,"ErrorStackTrace":null,"DisplayName":"UpdateAsync_WhenInvalidMovieProvided_ShouldThrowValidationException","Messages":[{"Category":"StdOutMsgs","Text":"Validation Error: The Title field is required.\r\nValidation Error: The Director field is required.\r\nValidation Error: The field YearReleased must be between 1900 and 2030.\r\nValidation Error: The Genre field is required.\r\nValidation Error: The field Duration must be between 1 and 500.\r\nValidation Error: The Title field is required.\r\nValidation Error: The Director field is required.\r\nValidation Error: The field YearReleased must be between 1900 and 2030.\r\nValidation Error: The Genre field is required.\r\nValidation Error: The field Duration must be between 1 and 500.\r\nValidation Error: The Title field is required.\r\nValidation Error: The Director field is required.\r\nValidation Error: The field YearReleased must be between 1900 and 2030.\r\nValidation Error: The Genre field is required.\r\nValidation Error: The field Duration must be between 1 and 500.\r\n"}],"ComputerName":"DESKTOP-23QTAUK","Duration":"00:00:00.0046390","StartTime":"2024-02-14T14:55:23.544062+00:00","EndTime":"2024-02-14T14:55:23.5487+00:00","Properties":[{"Key":{"Id":"NUnit.Seed","Label":"Seed","Category":"","Description":"","Attributes":0,"ValueType":"System.String"},"Value":"130269993"}]},{"TestCase":{"Id":"f2311122-2d24-37d8-b37e-15cf9bb03acf","FullyQualifiedName":"MoviesLibraryAPI.Tests.NUnitIntegrationTests.UpdateAsync_WhenValidMovieProvided_ShouldUpdateMovie","DisplayName":"UpdateAsync_WhenValidMovieProvided_ShouldUpdateMovie","ExecutorUri":"executor://NUnit3TestExecutor","Source":"C:\\Users\\Lenovo\\source\\repos\\Back-End Technologies Basics - 01.2024\\10. Exercises Integration Testing - part 2\\MoviesLibraryAPI.Tests\\bin\\Debug\\net6.0\\fine-code-coverage\\build-output\\MoviesLibraryAPI.IntegrationTests.NUnit.dll","CodeFilePath":null,"LineNumber":0,"Properties":[{"Key":{"Id":"NUnit.Seed","Label":"Seed","Category":"","Description":"","Attributes":0,"ValueType":"System.String"},"Value":"582997722"}]},"Attachments":[],"Outcome":1,"ErrorMessage":null,"ErrorStackTrace":null,"DisplayName":"UpdateAsync_WhenValidMovieProvided_ShouldUpdateMovie","Messages":[],"ComputerName":"DESKTOP-23QTAUK","Duration":"00:00:00.0506420","StartTime":"2024-02-14T14:55:23.5487453+00:00","EndTime":"2024-02-14T14:55:23.5993869+00:00","Properties":[{"Key":{"Id":"NUnit.Seed","Label":"Seed","Category":"","Description":"","Attributes":0,"ValueType":"System.String"},"Value":"582997722"}]}],"TestRunStatistics":{"ExecutedTests":14,"Stats":{"Passed":14}},"ActiveTests":[]},"RunAttachments":[],"ExecutorUris":["executor://nunit3testexecutor/"]}}
TpTrace Verbose: 0 : 18376, 12, 2024/02/14, 16:55:23.652, 1111180289091, vstest.console.dll, TestRequestSender.EndSession: Sending end session.
TpTrace Verbose: 0 : 18376, 12, 2024/02/14, 16:55:23.652, 1111180293300, vstest.console.dll, ProxyOperationManager.Close: waiting for test host to exit for 100 ms
TpTrace Verbose: 0 : 18376, 8, 2024/02/14, 16:55:23.691, 1111180682846, vstest.console.dll, TestHostManagerCallbacks.ctor: Experimental forwarding output is disabled.
TpTrace Warning: 0 : 18376, 8, 2024/02/14, 16:55:23.692, 1111180684436, vstest.console.dll, TestHostManagerCallbacks.ErrorReceivedCallback Test host standard error line: 
TpTrace Verbose: 0 : 18376, 8, 2024/02/14, 16:55:23.711, 1111180879073, vstest.console.dll, TestHostProvider.ExitCallBack: Host exited starting callback.
TpTrace Information: 0 : 18376, 8, 2024/02/14, 16:55:23.711, 1111180881648, vstest.console.dll, TestHostManagerCallbacks.ExitCallBack: Testhost processId: 19568 exited with exitcode: 0 error: ''
TpTrace Verbose: 0 : 18376, 8, 2024/02/14, 16:55:23.711, 1111180882632, vstest.console.dll, DotnetTestHostManager.OnHostExited: invoking OnHostExited callback
TpTrace Verbose: 0 : 18376, 8, 2024/02/14, 16:55:23.711, 1111180883599, vstest.console.dll, CrossPlatEngine.TestHostManagerHostExited: calling on client process exit callback.
TpTrace Information: 0 : 18376, 8, 2024/02/14, 16:55:23.712, 1111180884636, vstest.console.dll, TestRequestSender.OnClientProcessExit: Test host process exited. Standard error: 
TpTrace Information: 0 : 18376, 12, 2024/02/14, 16:55:23.712, 1111180885240, vstest.console.dll, SocketServer.Stop: Stop server endPoint: 127.0.0.1:49904
TpTrace Information: 0 : 18376, 8, 2024/02/14, 16:55:23.712, 1111180885699, vstest.console.dll, SocketServer.Stop: Stop server endPoint: 127.0.0.1:49904
TpTrace Information: 0 : 18376, 12, 2024/02/14, 16:55:23.712, 1111180886943, vstest.console.dll, SocketServer.Stop: Cancellation requested. Stopping message loop.
TpTrace Information: 0 : 18376, 8, 2024/02/14, 16:55:23.712, 1111180887051, vstest.console.dll, SocketServer.Stop: Cancellation requested. Stopping message loop.
TpTrace Verbose: 0 : 18376, 8, 2024/02/14, 16:55:23.712, 1111180888955, vstest.console.dll, MulticastDelegateUtilities.SafeInvoke: HostProviderEvents.OnHostExited: Invoking callback 1/1 for Microsoft.VisualStudio.TestPlatform.CrossPlatEngine.Client.ProxyOperationManager., took 0 ms.
TpTrace Information: 0 : 18376, 12, 2024/02/14, 16:55:23.712, 1111180889416, vstest.console.dll, Closing the connection
TpTrace Verbose: 0 : 18376, 12, 2024/02/14, 16:55:23.713, 1111180894193, vstest.console.dll, ProxyDataCollectionManager.InvokeDataCollectionServiceAction: Starting.
TpTrace Information: 0 : 18376, 12, 2024/02/14, 16:55:23.713, 1111180895388, vstest.console.dll, ProxyDataCollectionManager.AfterTestRunEnd: Get attachment set and invoked data collectors processId: 18812 port: 49901
TpTrace Verbose: 0 : 18376, 12, 2024/02/14, 16:55:23.713, 1111180896397, vstest.console.dll, DataCollectionRequestSender.SendAfterTestRunStartAndGetResult: Send AfterTestRunEnd message with isCancelled: False
TpTrace Verbose: 0 : 18376, 12, 2024/02/14, 16:55:23.726, 1111181024428, vstest.console.dll, DataCollectionRequestSender.SendAfterTestRunStartAndGetResult: Received message: (DataCollection.AfterTestRunEndResult) -> {"MessageType":"DataCollection.AfterTestRunEndResult","Payload":{"AttachmentSets":[],"InvokedDataCollectors":[{"Uri":"datacollector://Microsoft/TestPlatform/Extensions/Blame/v1","FriendlyName":"Blame","AssemblyQualifiedName":"Microsoft.TestPlatform.Extensions.BlameDataCollector.BlameCollector, Microsoft.TestPlatform.Extensions.BlameDataCollector, Version=15.0.0.0, Culture=neutral, PublicKeyToken=b03f5f7f11d50a3a","FilePath":"C:\\Program Files\\dotnet\\sdk\\8.0.101\\Extensions\\Microsoft.TestPlatform.Extensions.BlameDataCollector.dll","HasAttachmentProcessor":false}],"Metrics":{}}}
TpTrace Information: 0 : 18376, 12, 2024/02/14, 16:55:23.734, 1111181108121, vstest.console.dll, ProxyDataCollectionManager.InvokeDataCollectionServiceAction: Completed.
TpTrace Warning: 0 : 18376, 11, 2024/02/14, 16:55:23.737, 1111181135458, vstest.console.dll, DataCollectionLauncher.ErrorReceivedCallback datacollector standard error line: 
TpTrace Information: 0 : 18376, 11, 2024/02/14, 16:55:23.753, 1111181293798, vstest.console.dll, DataCollectionLauncher.ExitCallBack: Data collector exited with exitcode: 0 error: ''
TpTrace Verbose: 0 : 18376, 12, 2024/02/14, 16:55:23.811, 1111181875166, vstest.console.dll, TestRunRequest:SendTestRunStatsChange: Starting.
TpTrace Verbose: 0 : 18376, 5, 2024/02/14, 16:55:23.811, 1111181879177, vstest.console.dll, MulticastDelegateUtilities.SafeInvoke: InternalTestLoggerEvents.SendTestResult: Invoking callback 1/1 for Microsoft.VisualStudio.TestPlatform.CommandLine.Internal.ConsoleLogger., took 0 ms.
TpTrace Verbose: 0 : 18376, 12, 2024/02/14, 16:55:23.811, 1111181879808, vstest.console.dll, MulticastDelegateUtilities.SafeInvoke: TestRun.RunStatsChanged: Invoking callbacks was skipped because there are no subscribers.
TpTrace Verbose: 0 : 18376, 5, 2024/02/14, 16:55:23.811, 1111181880732, vstest.console.dll, MulticastDelegateUtilities.SafeInvoke: InternalTestLoggerEvents.SendTestResult: Invoking callback 1/1 for Microsoft.VisualStudio.TestPlatform.CommandLine.Internal.ConsoleLogger., took 0 ms.
TpTrace Information: 0 : 18376, 12, 2024/02/14, 16:55:23.811, 1111181881573, vstest.console.dll, TestRunRequest:SendTestRunStatsChange: Completed.
TpTrace Verbose: 0 : 18376, 5, 2024/02/14, 16:55:23.811, 1111181883073, vstest.console.dll, MulticastDelegateUtilities.SafeInvoke: InternalTestLoggerEvents.SendTestResult: Invoking callback 1/1 for Microsoft.VisualStudio.TestPlatform.CommandLine.Internal.ConsoleLogger., took 0 ms.
TpTrace Verbose: 0 : 18376, 5, 2024/02/14, 16:55:23.812, 1111181884916, vstest.console.dll, MulticastDelegateUtilities.SafeInvoke: InternalTestLoggerEvents.SendTestResult: Invoking callback 1/1 for Microsoft.VisualStudio.TestPlatform.CommandLine.Internal.ConsoleLogger., took 0 ms.
TpTrace Verbose: 0 : 18376, 5, 2024/02/14, 16:55:23.812, 1111181885978, vstest.console.dll, MulticastDelegateUtilities.SafeInvoke: InternalTestLoggerEvents.SendTestResult: Invoking callback 1/1 for Microsoft.VisualStudio.TestPlatform.CommandLine.Internal.ConsoleLogger., took 0 ms.
TpTrace Verbose: 0 : 18376, 12, 2024/02/14, 16:55:23.813, 1111181895013, vstest.console.dll, ParallelProxyExecutionManager: HandlePartialRunComplete: Total workloads = 1, Total started clients = 1 Total completed clients = 1, Run complete = True, Run canceled: False.
TpTrace Verbose: 0 : 18376, 12, 2024/02/14, 16:55:23.813, 1111181896194, vstest.console.dll, ParallelProxyExecutionManager: HandlePartialRunComplete: All runs completed stopping all managers.
TpTrace Verbose: 0 : 18376, 12, 2024/02/14, 16:55:23.813, 1111181896988, vstest.console.dll, ParallelOperationManager.StopAllManagers: Stopping all managers.
TpTrace Verbose: 0 : 18376, 12, 2024/02/14, 16:55:23.813, 1111181897657, vstest.console.dll, ParallelOperationManager.ClearSlots: Clearing all slots. Slots should accept more work: False
TpTrace Verbose: 0 : 18376, 12, 2024/02/14, 16:55:23.813, 1111181898599, vstest.console.dll, ParallelOperationManager.SetOccupiedSlotCount: Setting slot counts AvailableSlotCount = 1, OccupiedSlotCount = 0.
TpTrace Verbose: 0 : 18376, 12, 2024/02/14, 16:55:23.813, 1111181899667, vstest.console.dll, Occupied slots:

TpTrace Verbose: 0 : 18376, 5, 2024/02/14, 16:55:23.833, 1111182099789, vstest.console.dll, MulticastDelegateUtilities.SafeInvoke: InternalTestLoggerEvents.SendTestRunComplete: Invoking callback 1/2 for Microsoft.TestPlatform.Extensions.BlameDataCollector.BlameLogger., took 0 ms.
TpTrace Verbose: 0 : 18376, 5, 2024/02/14, 16:55:23.844, 1111182210538, vstest.console.dll, MulticastDelegateUtilities.SafeInvoke: InternalTestLoggerEvents.SendTestRunComplete: Invoking callback 2/2 for Microsoft.VisualStudio.TestPlatform.CommandLine.Internal.ConsoleLogger., took 10 ms.
TpTrace Verbose: 0 : 18376, 12, 2024/02/14, 16:55:23.845, 1111182215737, vstest.console.dll, TestRunRequest:TestRunComplete: Starting. IsAborted:False IsCanceled:False.
TpTrace Verbose: 0 : 18376, 12, 2024/02/14, 16:55:23.845, 1111182218634, vstest.console.dll, ParallelOperationManager.DoActionOnAllManagers: Calling an action on all managers.
TpTrace Verbose: 0 : 18376, 12, 2024/02/14, 16:55:23.847, 1111182239529, vstest.console.dll, TestLoggerManager.HandleTestRunComplete: Ignoring as the object is disposed.
TpTrace Verbose: 0 : 18376, 12, 2024/02/14, 16:55:23.847, 1111182243270, vstest.console.dll, MulticastDelegateUtilities.SafeInvoke: TestRun.TestRunComplete: Invoking callback 1/2 for Microsoft.VisualStudio.TestPlatform.CommandLine.TestRunResultAggregator., took 0 ms.
TpTrace Verbose: 0 : 18376, 12, 2024/02/14, 16:55:23.848, 1111182245362, vstest.console.dll, MulticastDelegateUtilities.SafeInvoke: TestRun.TestRunComplete: Invoking callback 2/2 for Microsoft.VisualStudio.TestPlatform.CommandLine.Processors.RunTestsArgumentExecutor+TestRunRequestEventsRegistrar., took 0 ms.
TpTrace Information: 0 : 18376, 12, 2024/02/14, 16:55:23.848, 1111182247361, vstest.console.dll, TestRunRequest:TestRunComplete: Completed.
TpTrace Verbose: 0 : 18376, 1, 2024/02/14, 16:55:23.848, 1111182247689, vstest.console.dll, TestRunRequest.Dispose: Starting.
TpTrace Verbose: 0 : 18376, 12, 2024/02/14, 16:55:23.848, 1111182249393, vstest.console.dll, TestRequestSender.SetOperationComplete: Setting operation complete.
TpTrace Information: 0 : 18376, 1, 2024/02/14, 16:55:23.848, 1111182249475, vstest.console.dll, TestRunRequest.Dispose: Completed.
TpTrace Information: 0 : 18376, 12, 2024/02/14, 16:55:23.848, 1111182250591, vstest.console.dll, SocketServer.Stop: Stop server endPoint: 127.0.0.1:49904
TpTrace Information: 0 : 18376, 1, 2024/02/14, 16:55:23.848, 1111182251878, vstest.console.dll, TestRequestManager.RunTests: run tests completed.
TpTrace Information: 0 : 18376, 12, 2024/02/14, 16:55:23.848, 1111182252588, vstest.console.dll, SocketServer.Stop: Cancellation requested. Stopping message loop.
TpTrace Information: 0 : 18376, 1, 2024/02/14, 16:55:23.849, 1111182254368, vstest.console.dll, RunTestsArgumentProcessor:Execute: Test run is completed.
TpTrace Verbose: 0 : 18376, 12, 2024/02/14, 16:55:23.849, 1111182254665, vstest.console.dll, MulticastDelegateUtilities.SafeInvoke: LengthPrefixCommunicationChannel: MessageReceived: Invoking callback 1/1 for Microsoft.VisualStudio.TestPlatform.CommunicationUtilities.TestRequestSender+<>c__DisplayClass34_0., took 196 ms.
TpTrace Information: 0 : 18376, 12, 2024/02/14, 16:55:23.849, 1111182256458, vstest.console.dll, SocketServer.PrivateStop: Stopping server endPoint: 127.0.0.1:49904 error: 
TpTrace Verbose: 0 : 18376, 1, 2024/02/14, 16:55:23.849, 1111182258076, vstest.console.dll, Executor.Execute: Exiting with exit code of 0
TpTrace Verbose: 0 : 18376, 12, 2024/02/14, 16:55:23.849, 1111182263324, vstest.console.dll, LengthPrefixCommunicationChannel.Dispose: Dispose reader and writer.
TpTrace Information: 0 : 18376, 12, 2024/02/14, 16:55:23.850, 1111182264665, vstest.console.dll, SocketServer.Stop: Raise disconnected event endPoint: 127.0.0.1:49904 error: 
