TpTrace Verbose: 0 : 18012, 1, 2024/02/16, 12:36:28.404, 1544395455088, vstest.console.dll, Version: 17.9.0-release-23627-01 Current process architecture: X64
TpTrace Verbose: 0 : 18012, 1, 2024/02/16, 12:36:28.410, 1544395517736, vstest.console.dll, Runtime location: C:\Program Files\dotnet\shared\Microsoft.NETCore.App\8.0.2
TpTrace Verbose: 0 : 18012, 1, 2024/02/16, 12:36:28.415, 1544395565595, vstest.console.dll, ArtifactProcessingPostProcessModeProcessorExecutor.Initialize: ArtifactProcessingMode.Collect
TpTrace Verbose: 0 : 18012, 1, 2024/02/16, 12:36:28.415, 1544395568003, vstest.console.dll, TestSessionCorrelationIdProcessorModeProcessorExecutor.Initialize: TestSessionCorrelationId '15656_fe2586ee-f218-484f-b727-80e2f17d97b3'
TpTrace Information: 0 : 18012, 1, 2024/02/16, 12:36:28.429, 1544395706296, vstest.console.dll, FilePatternParser: The given file C:\Users\Lenovo\source\repos\Back-End Technologies Basics - 01.2024\13. Exercise Testing API Controllers\Homies.Tests\bin\Debug\net6.0\fine-code-coverage\build-output\Homies.Tests.dll is a full path.
TpTrace Verbose: 0 : 18012, 1, 2024/02/16, 12:36:28.440, 1544395813809, vstest.console.dll, TestPluginCache.DiscoverTestExtensions: finding test extensions in assemblies ends with: RuntimeProvider.dll TPluginInfo: Microsoft.VisualStudio.TestPlatform.Common.ExtensionFramework.Utilities.TestRuntimePluginInformation TExtension: Microsoft.VisualStudio.TestPlatform.ObjectModel.Host.ITestRuntimeProvider
TpTrace Verbose: 0 : 18012, 1, 2024/02/16, 12:36:28.440, 1544395820324, vstest.console.dll, TestPluginCache.GetExtensionPaths: Filtered extension paths: 
TpTrace Verbose: 0 : 18012, 1, 2024/02/16, 12:36:28.441, 1544395822386, vstest.console.dll, TestPluginCache.GetExtensionPaths: Added default extension paths: C:\Program Files\dotnet\sdk\8.0.200\Extensions\Microsoft.Diagnostics.NETCore.Client.dll
C:\Program Files\dotnet\sdk\8.0.200\Extensions\Microsoft.TestPlatform.Extensions.BlameDataCollector.dll
C:\Program Files\dotnet\sdk\8.0.200\Extensions\Microsoft.TestPlatform.Extensions.EventLogCollector.dll
C:\Program Files\dotnet\sdk\8.0.200\Extensions\Microsoft.TestPlatform.TestHostRuntimeProvider.dll
C:\Program Files\dotnet\sdk\8.0.200\Extensions\Microsoft.VisualStudio.TestPlatform.Extensions.Html.TestLogger.dll
C:\Program Files\dotnet\sdk\8.0.200\Extensions\Microsoft.VisualStudio.TestPlatform.Extensions.Trx.TestLogger.dll
TpTrace Verbose: 0 : 18012, 1, 2024/02/16, 12:36:28.441, 1544395823405, vstest.console.dll, TestPluginCache.GetExtensionPaths: Added unfilterableExtensionPaths: 
TpTrace Information: 0 : 18012, 1, 2024/02/16, 12:36:28.442, 1544395836578, vstest.console.dll, AssemblyResolver.ctor: Creating AssemblyResolver with searchDirectories C:\Program Files\dotnet\sdk\8.0.200\Extensions,C:\Program Files\dotnet\sdk\8.0.200
TpTrace Verbose: 0 : 18012, 1, 2024/02/16, 12:36:28.445, 1544395862029, vstest.console.dll, TestPluginCache.DiscoverTestExtensions: Discovering the extensions using extension path.
TpTrace Verbose: 0 : 18012, 1, 2024/02/16, 12:36:28.445, 1544395864584, vstest.console.dll, TestPluginCache.GetExtensionPaths: Filtered extension paths: 
TpTrace Verbose: 0 : 18012, 1, 2024/02/16, 12:36:28.445, 1544395865741, vstest.console.dll, TestPluginCache.GetExtensionPaths: Added default extension paths: C:\Program Files\dotnet\sdk\8.0.200\Extensions\Microsoft.Diagnostics.NETCore.Client.dll
C:\Program Files\dotnet\sdk\8.0.200\Extensions\Microsoft.TestPlatform.Extensions.BlameDataCollector.dll
C:\Program Files\dotnet\sdk\8.0.200\Extensions\Microsoft.TestPlatform.Extensions.EventLogCollector.dll
C:\Program Files\dotnet\sdk\8.0.200\Extensions\Microsoft.TestPlatform.TestHostRuntimeProvider.dll
C:\Program Files\dotnet\sdk\8.0.200\Extensions\Microsoft.VisualStudio.TestPlatform.Extensions.Html.TestLogger.dll
C:\Program Files\dotnet\sdk\8.0.200\Extensions\Microsoft.VisualStudio.TestPlatform.Extensions.Trx.TestLogger.dll
TpTrace Verbose: 0 : 18012, 1, 2024/02/16, 12:36:28.445, 1544395866528, vstest.console.dll, TestPluginCache.GetExtensionPaths: Added unfilterableExtensionPaths: 
TpTrace Verbose: 0 : 18012, 1, 2024/02/16, 12:36:28.445, 1544395869010, vstest.console.dll, TestPluginCache.DiscoverTestExtensions: Discovering the extensions using allExtensionPaths: C:\Program Files\dotnet\sdk\8.0.200\Extensions\Microsoft.Diagnostics.NETCore.Client.dll
C:\Program Files\dotnet\sdk\8.0.200\Extensions\Microsoft.TestPlatform.Extensions.BlameDataCollector.dll
C:\Program Files\dotnet\sdk\8.0.200\Extensions\Microsoft.TestPlatform.Extensions.EventLogCollector.dll
C:\Program Files\dotnet\sdk\8.0.200\Extensions\Microsoft.TestPlatform.TestHostRuntimeProvider.dll
C:\Program Files\dotnet\sdk\8.0.200\Extensions\Microsoft.VisualStudio.TestPlatform.Extensions.Html.TestLogger.dll
C:\Program Files\dotnet\sdk\8.0.200\Extensions\Microsoft.VisualStudio.TestPlatform.Extensions.Trx.TestLogger.dll
TpTrace Information: 0 : 18012, 1, 2024/02/16, 12:36:28.446, 1544395871240, vstest.console.dll, AssemblyResolver.AddSearchDirectories: Adding more searchDirectories C:\Program Files\dotnet\sdk\8.0.200\Extensions,C:\Program Files\dotnet\sdk\8.0.200
TpTrace Information: 0 : 18012, 1, 2024/02/16, 12:36:28.446, 1544395872541, vstest.console.dll, AssemblyResolver.AddSearchDirectories: Adding more searchDirectories C:\Program Files\dotnet\sdk\8.0.200\Extensions,C:\Program Files\dotnet\sdk\8.0.200
TpTrace Information: 0 : 18012, 1, 2024/02/16, 12:36:28.446, 1544395873658, vstest.console.dll, AssemblyResolver.AddSearchDirectories: Adding more searchDirectories C:\Program Files\dotnet\sdk\8.0.200\Extensions,C:\Program Files\dotnet\sdk\8.0.200
TpTrace Information: 0 : 18012, 1, 2024/02/16, 12:36:28.446, 1544395874466, vstest.console.dll, AssemblyResolver.AddSearchDirectories: Adding more searchDirectories C:\Program Files\dotnet\sdk\8.0.200\Extensions,C:\Program Files\dotnet\sdk\8.0.200
TpTrace Information: 0 : 18012, 1, 2024/02/16, 12:36:28.446, 1544395875236, vstest.console.dll, AssemblyResolver.AddSearchDirectories: Adding more searchDirectories C:\Program Files\dotnet\sdk\8.0.200\Extensions,C:\Program Files\dotnet\sdk\8.0.200
TpTrace Information: 0 : 18012, 1, 2024/02/16, 12:36:28.446, 1544395876046, vstest.console.dll, AssemblyResolver.AddSearchDirectories: Adding more searchDirectories C:\Program Files\dotnet\sdk\8.0.200\Extensions,C:\Program Files\dotnet\sdk\8.0.200
TpTrace Information: 0 : 18012, 1, 2024/02/16, 12:36:28.447, 1544395885843, vstest.console.dll, AssemblyResolver.OnResolve: Microsoft.Diagnostics.NETCore.Client: Resolving assembly.
TpTrace Information: 0 : 18012, 1, 2024/02/16, 12:36:28.447, 1544395887563, vstest.console.dll, AssemblyResolver.OnResolve: Microsoft.Diagnostics.NETCore.Client: Searching in: 'C:\Program Files\dotnet\sdk\8.0.200\Extensions'.
TpTrace Information: 0 : 18012, 1, 2024/02/16, 12:36:28.462, 1544396037330, vstest.console.dll, AssemblyResolver.OnResolve: Microsoft.Diagnostics.NETCore.Client: Loading assembly 'C:\Program Files\dotnet\sdk\8.0.200\Extensions\Microsoft.Diagnostics.NETCore.Client.dll'.
TpTrace Information: 0 : 18012, 1, 2024/02/16, 12:36:28.464, 1544396053701, vstest.console.dll, AssemblyResolver.OnResolve: Resolved assembly: Microsoft.Diagnostics.NETCore.Client, from path: C:\Program Files\dotnet\sdk\8.0.200\Extensions\Microsoft.Diagnostics.NETCore.Client.dll
TpTrace Verbose: 0 : 18012, 1, 2024/02/16, 12:36:28.473, 1544396151111, vstest.console.dll, MetadataReaderExtensionsHelper: Discovering extensions inside assembly 'Microsoft.Diagnostics.NETCore.Client, Version=0.2.9.2401, Culture=neutral, PublicKeyToken=31bf3856ad364e35' file path 'C:\Program Files\dotnet\sdk\8.0.200\Extensions\Microsoft.Diagnostics.NETCore.Client.dll'
TpTrace Information: 0 : 18012, 1, 2024/02/16, 12:36:28.482, 1544396237119, vstest.console.dll, AssemblyResolver.OnResolve: Microsoft.Bcl.AsyncInterfaces: Resolving assembly.
TpTrace Information: 0 : 18012, 1, 2024/02/16, 12:36:28.482, 1544396238913, vstest.console.dll, AssemblyResolver.OnResolve: Microsoft.Bcl.AsyncInterfaces: Searching in: 'C:\Program Files\dotnet\sdk\8.0.200\Extensions'.
TpTrace Information: 0 : 18012, 1, 2024/02/16, 12:36:28.483, 1544396241709, vstest.console.dll, AssemblyResolver.OnResolve: Microsoft.Bcl.AsyncInterfaces: Assembly path does not exist: 'C:\Program Files\dotnet\sdk\8.0.200\Extensions\Microsoft.Bcl.AsyncInterfaces.dll', returning.
TpTrace Information: 0 : 18012, 1, 2024/02/16, 12:36:28.483, 1544396245408, vstest.console.dll, AssemblyResolver.OnResolve: Microsoft.Bcl.AsyncInterfaces: Assembly path does not exist: 'C:\Program Files\dotnet\sdk\8.0.200\Extensions\Microsoft.Bcl.AsyncInterfaces.exe', returning.
TpTrace Information: 0 : 18012, 1, 2024/02/16, 12:36:28.483, 1544396246703, vstest.console.dll, AssemblyResolver.OnResolve: Microsoft.Bcl.AsyncInterfaces: Searching in: 'C:\Program Files\dotnet\sdk\8.0.200'.
TpTrace Information: 0 : 18012, 1, 2024/02/16, 12:36:28.483, 1544396249136, vstest.console.dll, AssemblyResolver.OnResolve: Microsoft.Bcl.AsyncInterfaces: Assembly path does not exist: 'C:\Program Files\dotnet\sdk\8.0.200\Microsoft.Bcl.AsyncInterfaces.dll', returning.
TpTrace Information: 0 : 18012, 1, 2024/02/16, 12:36:28.484, 1544396251619, vstest.console.dll, AssemblyResolver.OnResolve: Microsoft.Bcl.AsyncInterfaces: Assembly path does not exist: 'C:\Program Files\dotnet\sdk\8.0.200\Microsoft.Bcl.AsyncInterfaces.exe', returning.
TpTrace Information: 0 : 18012, 1, 2024/02/16, 12:36:28.484, 1544396252520, vstest.console.dll, AssemblyResolver.OnResolve: Microsoft.Bcl.AsyncInterfaces: Failed to load assembly.
TpTrace Verbose: 0 : 18012, 1, 2024/02/16, 12:36:28.484, 1544396253478, vstest.console.dll, CurrentDomainAssemblyResolve: Resolving assembly 'Microsoft.Bcl.AsyncInterfaces'.
TpTrace Information: 0 : 18012, 1, 2024/02/16, 12:36:28.484, 1544396255005, vstest.console.dll, AssemblyResolver.OnResolve: Microsoft.Bcl.AsyncInterfaces: Resolving assembly.
TpTrace Information: 0 : 18012, 1, 2024/02/16, 12:36:28.484, 1544396256038, vstest.console.dll, AssemblyResolver.OnResolve: Microsoft.Bcl.AsyncInterfaces: Resolved from cache.
TpTrace Verbose: 0 : 18012, 1, 2024/02/16, 12:36:28.484, 1544396256793, vstest.console.dll, CurrentDomainAssemblyResolve: Resolving assembly 'Microsoft.Bcl.AsyncInterfaces'.
TpTrace Verbose: 0 : 18012, 1, 2024/02/16, 12:36:28.484, 1544396257628, vstest.console.dll, CurrentDomainAssemblyResolve: Failed to resolve assembly 'Microsoft.Bcl.AsyncInterfaces'.
TpTrace Verbose: 0 : 18012, 1, 2024/02/16, 12:36:28.488, 1544396295776, vstest.console.dll, CurrentDomainAssemblyResolve: Failed to resolve assembly 'Microsoft.Bcl.AsyncInterfaces'.
TpTrace Warning: 0 : 18012, 1, 2024/02/16, 12:36:28.510, 1544396520459, vstest.console.dll, TestPluginDiscoverer: Failed to get types from assembly 'Microsoft.Diagnostics.NETCore.Client, Version=0.2.9.2401, Culture=neutral, PublicKeyToken=31bf3856ad364e35'. Error: System.Reflection.ReflectionTypeLoadException: Unable to load one or more of the requested types.
Could not load file or assembly 'Microsoft.Bcl.AsyncInterfaces, Version=6.0.0.0, Culture=neutral, PublicKeyToken=cc7b13ffcd2ddd51'. The system cannot find the file specified.
   at System.Reflection.RuntimeModule.GetTypes(RuntimeModule module)
   at System.Reflection.RuntimeModule.GetTypes()
   at Microsoft.VisualStudio.TestPlatform.Common.ExtensionFramework.TestPluginDiscoverer.GetTestExtensionsFromAssembly[TPluginInfo,TExtension](Assembly assembly, Dictionary`2 pluginInfos, String filePath) in /_/src/Microsoft.TestPlatform.Common/ExtensionFramework/TestPluginDiscoverer.cs:line 158
System.IO.FileNotFoundException: Could not load file or assembly 'Microsoft.Bcl.AsyncInterfaces, Version=6.0.0.0, Culture=neutral, PublicKeyToken=cc7b13ffcd2ddd51'. The system cannot find the file specified.
File name: 'Microsoft.Bcl.AsyncInterfaces, Version=6.0.0.0, Culture=neutral, PublicKeyToken=cc7b13ffcd2ddd51'
 ---> System.IO.FileNotFoundException: Could not load file or assembly 'Microsoft.Bcl.AsyncInterfaces, Culture=neutral, PublicKeyToken=null'. The system cannot find the file specified.
File name: 'Microsoft.Bcl.AsyncInterfaces, Culture=neutral, PublicKeyToken=null'
   at System.Reflection.RuntimeAssembly.InternalLoad(AssemblyName assemblyName, StackCrawlMark& stackMark, AssemblyLoadContext assemblyLoadContext, RuntimeAssembly requestingAssembly, Boolean throwOnFileNotFound)
   at System.Reflection.Assembly.Load(AssemblyName assemblyRef)
   at Microsoft.VisualStudio.TestPlatform.Common.ExtensionFramework.TestPluginCache.CurrentDomainAssemblyResolve(Object sender, AssemblyResolveEventArgs args) in /_/src/Microsoft.TestPlatform.Common/ExtensionFramework/TestPluginCache.cs:line 513
   at System.Runtime.Loader.AssemblyLoadContext.GetFirstResolvedAssemblyFromResolvingEvent(AssemblyName assemblyName)
   at System.Runtime.Loader.AssemblyLoadContext.ResolveUsingEvent(AssemblyName assemblyName)
   at System.Runtime.Loader.AssemblyLoadContext.ResolveUsingResolvingEvent(IntPtr gchManagedAssemblyLoadContext, AssemblyName assemblyName)
TpTrace Warning: 0 : 18012, 1, 2024/02/16, 12:36:28.511, 1544396527741, vstest.console.dll, LoaderExceptions: System.IO.FileNotFoundException: Could not load file or assembly 'Microsoft.Bcl.AsyncInterfaces, Version=6.0.0.0, Culture=neutral, PublicKeyToken=cc7b13ffcd2ddd51'. The system cannot find the file specified.
File name: 'Microsoft.Bcl.AsyncInterfaces, Version=6.0.0.0, Culture=neutral, PublicKeyToken=cc7b13ffcd2ddd51'
 ---> System.IO.FileNotFoundException: Could not load file or assembly 'Microsoft.Bcl.AsyncInterfaces, Culture=neutral, PublicKeyToken=null'. The system cannot find the file specified.
File name: 'Microsoft.Bcl.AsyncInterfaces, Culture=neutral, PublicKeyToken=null'
   at System.Reflection.RuntimeAssembly.InternalLoad(AssemblyName assemblyName, StackCrawlMark& stackMark, AssemblyLoadContext assemblyLoadContext, RuntimeAssembly requestingAssembly, Boolean throwOnFileNotFound)
   at System.Reflection.Assembly.Load(AssemblyName assemblyRef)
   at Microsoft.VisualStudio.TestPlatform.Common.ExtensionFramework.TestPluginCache.CurrentDomainAssemblyResolve(Object sender, AssemblyResolveEventArgs args) in /_/src/Microsoft.TestPlatform.Common/ExtensionFramework/TestPluginCache.cs:line 513
   at System.Runtime.Loader.AssemblyLoadContext.GetFirstResolvedAssemblyFromResolvingEvent(AssemblyName assemblyName)
   at System.Runtime.Loader.AssemblyLoadContext.ResolveUsingEvent(AssemblyName assemblyName)
   at System.Runtime.Loader.AssemblyLoadContext.ResolveUsingResolvingEvent(IntPtr gchManagedAssemblyLoadContext, AssemblyName assemblyName)
TpTrace Information: 0 : 18012, 1, 2024/02/16, 12:36:28.511, 1544396530747, vstest.console.dll, AssemblyResolver.OnResolve: Microsoft.TestPlatform.Extensions.BlameDataCollector: Resolving assembly.
TpTrace Information: 0 : 18012, 1, 2024/02/16, 12:36:28.512, 1544396531822, vstest.console.dll, AssemblyResolver.OnResolve: Microsoft.TestPlatform.Extensions.BlameDataCollector: Searching in: 'C:\Program Files\dotnet\sdk\8.0.200\Extensions'.
TpTrace Information: 0 : 18012, 1, 2024/02/16, 12:36:28.513, 1544396546581, vstest.console.dll, AssemblyResolver.OnResolve: Microsoft.TestPlatform.Extensions.BlameDataCollector: Loading assembly 'C:\Program Files\dotnet\sdk\8.0.200\Extensions\Microsoft.TestPlatform.Extensions.BlameDataCollector.dll'.
TpTrace Information: 0 : 18012, 1, 2024/02/16, 12:36:28.514, 1544396560342, vstest.console.dll, AssemblyResolver.OnResolve: Resolved assembly: Microsoft.TestPlatform.Extensions.BlameDataCollector, from path: C:\Program Files\dotnet\sdk\8.0.200\Extensions\Microsoft.TestPlatform.Extensions.BlameDataCollector.dll
TpTrace Verbose: 0 : 18012, 1, 2024/02/16, 12:36:28.515, 1544396562138, vstest.console.dll, MetadataReaderExtensionsHelper: Discovering extensions inside assembly 'Microsoft.TestPlatform.Extensions.BlameDataCollector, Version=15.0.0.0, Culture=neutral, PublicKeyToken=b03f5f7f11d50a3a' file path 'C:\Program Files\dotnet\sdk\8.0.200\Extensions\Microsoft.TestPlatform.Extensions.BlameDataCollector.dll'
TpTrace Information: 0 : 18012, 1, 2024/02/16, 12:36:28.518, 1544396591940, vstest.console.dll, AssemblyResolver.OnResolve: Microsoft.TestPlatform.Extensions.EventLogCollector: Resolving assembly.
TpTrace Information: 0 : 18012, 1, 2024/02/16, 12:36:28.518, 1544396593347, vstest.console.dll, AssemblyResolver.OnResolve: Microsoft.TestPlatform.Extensions.EventLogCollector: Searching in: 'C:\Program Files\dotnet\sdk\8.0.200\Extensions'.
TpTrace Information: 0 : 18012, 1, 2024/02/16, 12:36:28.519, 1544396605194, vstest.console.dll, AssemblyResolver.OnResolve: Microsoft.TestPlatform.Extensions.EventLogCollector: Loading assembly 'C:\Program Files\dotnet\sdk\8.0.200\Extensions\Microsoft.TestPlatform.Extensions.EventLogCollector.dll'.
TpTrace Information: 0 : 18012, 1, 2024/02/16, 12:36:28.520, 1544396617104, vstest.console.dll, AssemblyResolver.OnResolve: Resolved assembly: Microsoft.TestPlatform.Extensions.EventLogCollector, from path: C:\Program Files\dotnet\sdk\8.0.200\Extensions\Microsoft.TestPlatform.Extensions.EventLogCollector.dll
TpTrace Verbose: 0 : 18012, 1, 2024/02/16, 12:36:28.520, 1544396618631, vstest.console.dll, MetadataReaderExtensionsHelper: Discovering extensions inside assembly 'Microsoft.TestPlatform.Extensions.EventLogCollector, Version=15.0.0.0, Culture=neutral, PublicKeyToken=b03f5f7f11d50a3a' file path 'C:\Program Files\dotnet\sdk\8.0.200\Extensions\Microsoft.TestPlatform.Extensions.EventLogCollector.dll'
TpTrace Information: 0 : 18012, 1, 2024/02/16, 12:36:28.526, 1544396678015, vstest.console.dll, AssemblyResolver.OnResolve: Microsoft.TestPlatform.TestHostRuntimeProvider: Resolving assembly.
TpTrace Information: 0 : 18012, 1, 2024/02/16, 12:36:28.526, 1544396679463, vstest.console.dll, AssemblyResolver.OnResolve: Microsoft.TestPlatform.TestHostRuntimeProvider: Searching in: 'C:\Program Files\dotnet\sdk\8.0.200\Extensions'.
TpTrace Information: 0 : 18012, 1, 2024/02/16, 12:36:28.527, 1544396689745, vstest.console.dll, AssemblyResolver.OnResolve: Microsoft.TestPlatform.TestHostRuntimeProvider: Loading assembly 'C:\Program Files\dotnet\sdk\8.0.200\Extensions\Microsoft.TestPlatform.TestHostRuntimeProvider.dll'.
TpTrace Information: 0 : 18012, 1, 2024/02/16, 12:36:28.529, 1544396702441, vstest.console.dll, AssemblyResolver.OnResolve: Resolved assembly: Microsoft.TestPlatform.TestHostRuntimeProvider, from path: C:\Program Files\dotnet\sdk\8.0.200\Extensions\Microsoft.TestPlatform.TestHostRuntimeProvider.dll
TpTrace Verbose: 0 : 18012, 1, 2024/02/16, 12:36:28.529, 1544396705179, vstest.console.dll, MetadataReaderExtensionsHelper: Discovering extensions inside assembly 'Microsoft.TestPlatform.TestHostRuntimeProvider, Version=15.0.0.0, Culture=neutral, PublicKeyToken=b03f5f7f11d50a3a' file path 'C:\Program Files\dotnet\sdk\8.0.200\Extensions\Microsoft.TestPlatform.TestHostRuntimeProvider.dll'
TpTrace Information: 0 : 18012, 1, 2024/02/16, 12:36:28.532, 1544396740943, vstest.console.dll, GetTestExtensionFromType: Register extension with identifier data 'HostProvider://DefaultTestHost' and type 'Microsoft.VisualStudio.TestPlatform.CrossPlatEngine.Hosting.DefaultTestHostManager, Microsoft.TestPlatform.TestHostRuntimeProvider, Version=15.0.0.0, Culture=neutral, PublicKeyToken=b03f5f7f11d50a3a' inside file 'C:\Program Files\dotnet\sdk\8.0.200\Extensions\Microsoft.TestPlatform.TestHostRuntimeProvider.dll'
TpTrace Information: 0 : 18012, 1, 2024/02/16, 12:36:28.533, 1544396746549, vstest.console.dll, GetTestExtensionFromType: Register extension with identifier data 'HostProvider://DotnetTestHost' and type 'Microsoft.VisualStudio.TestPlatform.CrossPlatEngine.Hosting.DotnetTestHostManager, Microsoft.TestPlatform.TestHostRuntimeProvider, Version=15.0.0.0, Culture=neutral, PublicKeyToken=b03f5f7f11d50a3a' inside file 'C:\Program Files\dotnet\sdk\8.0.200\Extensions\Microsoft.TestPlatform.TestHostRuntimeProvider.dll'
TpTrace Information: 0 : 18012, 1, 2024/02/16, 12:36:28.533, 1544396748563, vstest.console.dll, AssemblyResolver.OnResolve: Microsoft.VisualStudio.TestPlatform.Extensions.Html.TestLogger: Resolving assembly.
TpTrace Information: 0 : 18012, 1, 2024/02/16, 12:36:28.533, 1544396749521, vstest.console.dll, AssemblyResolver.OnResolve: Microsoft.VisualStudio.TestPlatform.Extensions.Html.TestLogger: Searching in: 'C:\Program Files\dotnet\sdk\8.0.200\Extensions'.
TpTrace Information: 0 : 18012, 1, 2024/02/16, 12:36:28.535, 1544396764272, vstest.console.dll, AssemblyResolver.OnResolve: Microsoft.VisualStudio.TestPlatform.Extensions.Html.TestLogger: Loading assembly 'C:\Program Files\dotnet\sdk\8.0.200\Extensions\Microsoft.VisualStudio.TestPlatform.Extensions.Html.TestLogger.dll'.
TpTrace Information: 0 : 18012, 1, 2024/02/16, 12:36:28.536, 1544396777316, vstest.console.dll, AssemblyResolver.OnResolve: Resolved assembly: Microsoft.VisualStudio.TestPlatform.Extensions.Html.TestLogger, from path: C:\Program Files\dotnet\sdk\8.0.200\Extensions\Microsoft.VisualStudio.TestPlatform.Extensions.Html.TestLogger.dll
TpTrace Verbose: 0 : 18012, 1, 2024/02/16, 12:36:28.536, 1544396778975, vstest.console.dll, MetadataReaderExtensionsHelper: Discovering extensions inside assembly 'Microsoft.VisualStudio.TestPlatform.Extensions.Html.TestLogger, Version=15.0.0.0, Culture=neutral, PublicKeyToken=b03f5f7f11d50a3a' file path 'C:\Program Files\dotnet\sdk\8.0.200\Extensions\Microsoft.VisualStudio.TestPlatform.Extensions.Html.TestLogger.dll'
TpTrace Information: 0 : 18012, 1, 2024/02/16, 12:36:28.538, 1544396799669, vstest.console.dll, AssemblyResolver.OnResolve: Microsoft.VisualStudio.TestPlatform.Extensions.Trx.TestLogger: Resolving assembly.
TpTrace Information: 0 : 18012, 1, 2024/02/16, 12:36:28.541, 1544396822028, vstest.console.dll, AssemblyResolver.OnResolve: Microsoft.VisualStudio.TestPlatform.Extensions.Trx.TestLogger: Searching in: 'C:\Program Files\dotnet\sdk\8.0.200\Extensions'.
TpTrace Information: 0 : 18012, 1, 2024/02/16, 12:36:28.542, 1544396834441, vstest.console.dll, AssemblyResolver.OnResolve: Microsoft.VisualStudio.TestPlatform.Extensions.Trx.TestLogger: Loading assembly 'C:\Program Files\dotnet\sdk\8.0.200\Extensions\Microsoft.VisualStudio.TestPlatform.Extensions.Trx.TestLogger.dll'.
TpTrace Information: 0 : 18012, 1, 2024/02/16, 12:36:28.543, 1544396848199, vstest.console.dll, AssemblyResolver.OnResolve: Resolved assembly: Microsoft.VisualStudio.TestPlatform.Extensions.Trx.TestLogger, from path: C:\Program Files\dotnet\sdk\8.0.200\Extensions\Microsoft.VisualStudio.TestPlatform.Extensions.Trx.TestLogger.dll
TpTrace Verbose: 0 : 18012, 1, 2024/02/16, 12:36:28.543, 1544396849887, vstest.console.dll, MetadataReaderExtensionsHelper: Discovering extensions inside assembly 'Microsoft.VisualStudio.TestPlatform.Extensions.Trx.TestLogger, Version=15.0.0.0, Culture=neutral, PublicKeyToken=b03f5f7f11d50a3a' file path 'C:\Program Files\dotnet\sdk\8.0.200\Extensions\Microsoft.VisualStudio.TestPlatform.Extensions.Trx.TestLogger.dll'
TpTrace Verbose: 0 : 18012, 1, 2024/02/16, 12:36:28.546, 1544396875878, vstest.console.dll, TestPluginCache: Discovered the extensions using extension path ''.
TpTrace Verbose: 0 : 18012, 1, 2024/02/16, 12:36:28.546, 1544396877516, vstest.console.dll, TestPluginCache: Discoverers are ''.
TpTrace Verbose: 0 : 18012, 1, 2024/02/16, 12:36:28.546, 1544396878278, vstest.console.dll, TestPluginCache: Executors are ''.
TpTrace Verbose: 0 : 18012, 1, 2024/02/16, 12:36:28.546, 1544396878915, vstest.console.dll, TestPluginCache: Executors2 are ''.
TpTrace Verbose: 0 : 18012, 1, 2024/02/16, 12:36:28.546, 1544396879531, vstest.console.dll, TestPluginCache: Setting providers are ''.
TpTrace Verbose: 0 : 18012, 1, 2024/02/16, 12:36:28.546, 1544396880135, vstest.console.dll, TestPluginCache: Loggers are ''.
TpTrace Verbose: 0 : 18012, 1, 2024/02/16, 12:36:28.547, 1544396883889, vstest.console.dll, TestPluginCache: TestHosts are 'HostProvider://DefaultTestHost,HostProvider://DotnetTestHost'.
TpTrace Verbose: 0 : 18012, 1, 2024/02/16, 12:36:28.547, 1544396884864, vstest.console.dll, TestPluginCache: DataCollectors are ''.
TpTrace Information: 0 : 18012, 1, 2024/02/16, 12:36:28.575, 1544397161348, vstest.console.dll, RunTestsArgumentProcessor:Execute: Test run is starting.
TpTrace Verbose: 0 : 18012, 1, 2024/02/16, 12:36:28.575, 1544397163019, vstest.console.dll, RunTestsArgumentProcessor:Execute: Queuing Test run.
TpTrace Information: 0 : 18012, 1, 2024/02/16, 12:36:28.575, 1544397167951, vstest.console.dll, TestRequestManager.RunTests: run tests started.
TpTrace Information: 0 : 18012, 1, 2024/02/16, 12:36:28.577, 1544397189323, vstest.console.dll, AssemblyMetadataProvider.GetFrameworkName: Determined framework:'.NETCoreApp,Version=v6.0' for source: 'C:\Users\Lenovo\source\repos\Back-End Technologies Basics - 01.2024\13. Exercise Testing API Controllers\Homies.Tests\bin\Debug\net6.0\fine-code-coverage\build-output\Homies.Tests.dll'
TpTrace Information: 0 : 18012, 1, 2024/02/16, 12:36:28.578, 1544397192289, vstest.console.dll, Determined framework for all sources: .NETCoreApp,Version=v6.0
TpTrace Verbose: 0 : 18012, 1, 2024/02/16, 12:36:28.578, 1544397198260, vstest.console.dll, TestRequestManager.UpdateRunSettingsIfRequired: Default architecture: X64 IsDefaultTargetArchitecture: True, Current process architecture: X64 OperatingSystem: Windows.
TpTrace Information: 0 : 18012, 1, 2024/02/16, 12:36:28.581, 1544397230711, vstest.console.dll, AssemblyMetadataProvider.GetArchitecture: Determined architecture:AnyCPU info for assembly: C:\Users\Lenovo\source\repos\Back-End Technologies Basics - 01.2024\13. Exercise Testing API Controllers\Homies.Tests\bin\Debug\net6.0\fine-code-coverage\build-output\Homies.Tests.dll
TpTrace Information: 0 : 18012, 1, 2024/02/16, 12:36:28.582, 1544397231980, vstest.console.dll, Determined platform for source 'C:\Users\Lenovo\source\repos\Back-End Technologies Basics - 01.2024\13. Exercise Testing API Controllers\Homies.Tests\bin\Debug\net6.0\fine-code-coverage\build-output\Homies.Tests.dll' was AnyCPU and it will use the default plaform X64.
TpTrace Information: 0 : 18012, 1, 2024/02/16, 12:36:28.582, 1544397232703, vstest.console.dll, None of the sources provided any runnable platform, using the default platform: X64
TpTrace Information: 0 : 18012, 1, 2024/02/16, 12:36:28.582, 1544397234610, vstest.console.dll, Platform was updated to 'X64'.
TpTrace Information: 0 : 18012, 1, 2024/02/16, 12:36:28.588, 1544397298584, vstest.console.dll, InferRunSettingsHelper.IsTestSettingsEnabled: Unable to navigate to RunSettings/MSTest. Current node: RunSettings
TpTrace Information: 0 : 18012, 1, 2024/02/16, 12:36:28.589, 1544397310679, vstest.console.dll, AssemblyResolver.OnResolve: Microsoft.VisualStudio.TestPlatform.Fakes: Resolving assembly.
TpTrace Information: 0 : 18012, 1, 2024/02/16, 12:36:28.590, 1544397312037, vstest.console.dll, AssemblyResolver.OnResolve: Microsoft.VisualStudio.TestPlatform.Fakes: Searching in: 'C:\Program Files\dotnet\sdk\8.0.200\Extensions'.
TpTrace Information: 0 : 18012, 1, 2024/02/16, 12:36:28.590, 1544397315157, vstest.console.dll, AssemblyResolver.OnResolve: Microsoft.VisualStudio.TestPlatform.Fakes: Assembly path does not exist: 'C:\Program Files\dotnet\sdk\8.0.200\Extensions\Microsoft.VisualStudio.TestPlatform.Fakes.dll', returning.
TpTrace Information: 0 : 18012, 1, 2024/02/16, 12:36:28.590, 1544397317777, vstest.console.dll, AssemblyResolver.OnResolve: Microsoft.VisualStudio.TestPlatform.Fakes: Assembly path does not exist: 'C:\Program Files\dotnet\sdk\8.0.200\Extensions\Microsoft.VisualStudio.TestPlatform.Fakes.exe', returning.
TpTrace Information: 0 : 18012, 1, 2024/02/16, 12:36:28.590, 1544397318888, vstest.console.dll, AssemblyResolver.OnResolve: Microsoft.VisualStudio.TestPlatform.Fakes: Searching in: 'C:\Program Files\dotnet\sdk\8.0.200'.
TpTrace Information: 0 : 18012, 1, 2024/02/16, 12:36:28.591, 1544397321355, vstest.console.dll, AssemblyResolver.OnResolve: Microsoft.VisualStudio.TestPlatform.Fakes: Assembly path does not exist: 'C:\Program Files\dotnet\sdk\8.0.200\Microsoft.VisualStudio.TestPlatform.Fakes.dll', returning.
TpTrace Information: 0 : 18012, 1, 2024/02/16, 12:36:28.591, 1544397324015, vstest.console.dll, AssemblyResolver.OnResolve: Microsoft.VisualStudio.TestPlatform.Fakes: Assembly path does not exist: 'C:\Program Files\dotnet\sdk\8.0.200\Microsoft.VisualStudio.TestPlatform.Fakes.exe', returning.
TpTrace Information: 0 : 18012, 1, 2024/02/16, 12:36:28.591, 1544397324946, vstest.console.dll, AssemblyResolver.OnResolve: Microsoft.VisualStudio.TestPlatform.Fakes: Failed to load assembly.
TpTrace Information: 0 : 18012, 1, 2024/02/16, 12:36:28.591, 1544397330159, vstest.console.dll, Failed to load assembly Microsoft.VisualStudio.TestPlatform.Fakes, Version=17.0.0.0, Culture=neutral. Reason:System.IO.FileNotFoundException: Could not load file or assembly 'Microsoft.VisualStudio.TestPlatform.Fakes, Version=17.0.0.0, Culture=neutral, PublicKeyToken=null'. The system cannot find the file specified.
File name: 'Microsoft.VisualStudio.TestPlatform.Fakes, Version=17.0.0.0, Culture=neutral, PublicKeyToken=null'
   at System.Reflection.RuntimeAssembly.InternalLoad(AssemblyName assemblyName, StackCrawlMark& stackMark, AssemblyLoadContext assemblyLoadContext, RuntimeAssembly requestingAssembly, Boolean throwOnFileNotFound)
   at System.Reflection.Assembly.Load(AssemblyName assemblyRef)
   at Microsoft.VisualStudio.TestPlatform.Common.Utilities.FakesUtilities.LoadTestPlatformAssembly() in /_/src/Microsoft.TestPlatform.Common/Utilities/FakesUtilities.cs:line 272
TpTrace Verbose: 0 : 18012, 1, 2024/02/16, 12:36:28.598, 1544397391542, vstest.console.dll, TestPluginCache.DiscoverTestExtensions: finding test extensions in assemblies ends with: TestLogger.dll TPluginInfo: Microsoft.VisualStudio.TestPlatform.Common.ExtensionFramework.Utilities.TestLoggerPluginInformation TExtension: Microsoft.VisualStudio.TestPlatform.ObjectModel.Client.ITestLogger
TpTrace Verbose: 0 : 18012, 1, 2024/02/16, 12:36:28.598, 1544397393627, vstest.console.dll, TestPluginCache.GetExtensionPaths: Filtered extension paths: 
TpTrace Verbose: 0 : 18012, 1, 2024/02/16, 12:36:28.598, 1544397394562, vstest.console.dll, TestPluginCache.GetExtensionPaths: Added default extension paths: C:\Program Files\dotnet\sdk\8.0.200\Extensions\Microsoft.Diagnostics.NETCore.Client.dll
C:\Program Files\dotnet\sdk\8.0.200\Extensions\Microsoft.TestPlatform.Extensions.BlameDataCollector.dll
C:\Program Files\dotnet\sdk\8.0.200\Extensions\Microsoft.TestPlatform.Extensions.EventLogCollector.dll
C:\Program Files\dotnet\sdk\8.0.200\Extensions\Microsoft.TestPlatform.TestHostRuntimeProvider.dll
C:\Program Files\dotnet\sdk\8.0.200\Extensions\Microsoft.VisualStudio.TestPlatform.Extensions.Html.TestLogger.dll
C:\Program Files\dotnet\sdk\8.0.200\Extensions\Microsoft.VisualStudio.TestPlatform.Extensions.Trx.TestLogger.dll
TpTrace Verbose: 0 : 18012, 1, 2024/02/16, 12:36:28.598, 1544397395435, vstest.console.dll, TestPluginCache.GetExtensionPaths: Added unfilterableExtensionPaths: 
TpTrace Information: 0 : 18012, 1, 2024/02/16, 12:36:28.598, 1544397398592, vstest.console.dll, AssemblyResolver.AddSearchDirectories: Adding more searchDirectories C:\Program Files\dotnet\sdk\8.0.200\Extensions,C:\Program Files\dotnet\sdk\8.0.200
TpTrace Verbose: 0 : 18012, 1, 2024/02/16, 12:36:28.598, 1544397399737, vstest.console.dll, TestPluginCache.DiscoverTestExtensions: Discovering the extensions using extension path.
TpTrace Verbose: 0 : 18012, 1, 2024/02/16, 12:36:28.598, 1544397400703, vstest.console.dll, TestPluginCache.GetExtensionPaths: Filtered extension paths: 
TpTrace Verbose: 0 : 18012, 1, 2024/02/16, 12:36:28.599, 1544397401470, vstest.console.dll, TestPluginCache.GetExtensionPaths: Added default extension paths: C:\Program Files\dotnet\sdk\8.0.200\Extensions\Microsoft.Diagnostics.NETCore.Client.dll
C:\Program Files\dotnet\sdk\8.0.200\Extensions\Microsoft.TestPlatform.Extensions.BlameDataCollector.dll
C:\Program Files\dotnet\sdk\8.0.200\Extensions\Microsoft.TestPlatform.Extensions.EventLogCollector.dll
C:\Program Files\dotnet\sdk\8.0.200\Extensions\Microsoft.TestPlatform.TestHostRuntimeProvider.dll
C:\Program Files\dotnet\sdk\8.0.200\Extensions\Microsoft.VisualStudio.TestPlatform.Extensions.Html.TestLogger.dll
C:\Program Files\dotnet\sdk\8.0.200\Extensions\Microsoft.VisualStudio.TestPlatform.Extensions.Trx.TestLogger.dll
TpTrace Verbose: 0 : 18012, 1, 2024/02/16, 12:36:28.599, 1544397402156, vstest.console.dll, TestPluginCache.GetExtensionPaths: Added unfilterableExtensionPaths: 
TpTrace Verbose: 0 : 18012, 1, 2024/02/16, 12:36:28.599, 1544397403151, vstest.console.dll, TestPluginCache.DiscoverTestExtensions: Discovering the extensions using allExtensionPaths: C:\Program Files\dotnet\sdk\8.0.200\Extensions\Microsoft.Diagnostics.NETCore.Client.dll
C:\Program Files\dotnet\sdk\8.0.200\Extensions\Microsoft.TestPlatform.Extensions.BlameDataCollector.dll
C:\Program Files\dotnet\sdk\8.0.200\Extensions\Microsoft.TestPlatform.Extensions.EventLogCollector.dll
C:\Program Files\dotnet\sdk\8.0.200\Extensions\Microsoft.TestPlatform.TestHostRuntimeProvider.dll
C:\Program Files\dotnet\sdk\8.0.200\Extensions\Microsoft.VisualStudio.TestPlatform.Extensions.Html.TestLogger.dll
C:\Program Files\dotnet\sdk\8.0.200\Extensions\Microsoft.VisualStudio.TestPlatform.Extensions.Trx.TestLogger.dll
TpTrace Information: 0 : 18012, 1, 2024/02/16, 12:36:28.599, 1544397404308, vstest.console.dll, AssemblyResolver.AddSearchDirectories: Adding more searchDirectories C:\Program Files\dotnet\sdk\8.0.200\Extensions,C:\Program Files\dotnet\sdk\8.0.200
TpTrace Information: 0 : 18012, 1, 2024/02/16, 12:36:28.599, 1544397405326, vstest.console.dll, AssemblyResolver.AddSearchDirectories: Adding more searchDirectories C:\Program Files\dotnet\sdk\8.0.200\Extensions,C:\Program Files\dotnet\sdk\8.0.200
TpTrace Information: 0 : 18012, 1, 2024/02/16, 12:36:28.599, 1544397406106, vstest.console.dll, AssemblyResolver.AddSearchDirectories: Adding more searchDirectories C:\Program Files\dotnet\sdk\8.0.200\Extensions,C:\Program Files\dotnet\sdk\8.0.200
TpTrace Information: 0 : 18012, 1, 2024/02/16, 12:36:28.599, 1544397406857, vstest.console.dll, AssemblyResolver.AddSearchDirectories: Adding more searchDirectories C:\Program Files\dotnet\sdk\8.0.200\Extensions,C:\Program Files\dotnet\sdk\8.0.200
TpTrace Information: 0 : 18012, 1, 2024/02/16, 12:36:28.599, 1544397407690, vstest.console.dll, AssemblyResolver.AddSearchDirectories: Adding more searchDirectories C:\Program Files\dotnet\sdk\8.0.200\Extensions,C:\Program Files\dotnet\sdk\8.0.200
TpTrace Information: 0 : 18012, 1, 2024/02/16, 12:36:28.599, 1544397408461, vstest.console.dll, AssemblyResolver.AddSearchDirectories: Adding more searchDirectories C:\Program Files\dotnet\sdk\8.0.200\Extensions,C:\Program Files\dotnet\sdk\8.0.200
TpTrace Verbose: 0 : 18012, 1, 2024/02/16, 12:36:28.599, 1544397410767, vstest.console.dll, MetadataReaderExtensionsHelper: Discovering extensions inside assembly 'Microsoft.Diagnostics.NETCore.Client, Version=0.2.9.2401, Culture=neutral, PublicKeyToken=31bf3856ad364e35' file path 'C:\Program Files\dotnet\sdk\8.0.200\Extensions\Microsoft.Diagnostics.NETCore.Client.dll'
TpTrace Information: 0 : 18012, 1, 2024/02/16, 12:36:28.601, 1544397429690, vstest.console.dll, AssemblyResolver.OnResolve: Microsoft.Bcl.AsyncInterfaces: Resolving assembly.
TpTrace Information: 0 : 18012, 1, 2024/02/16, 12:36:28.601, 1544397430968, vstest.console.dll, AssemblyResolver.OnResolve: Microsoft.Bcl.AsyncInterfaces: Resolved from cache.
TpTrace Verbose: 0 : 18012, 1, 2024/02/16, 12:36:28.602, 1544397431729, vstest.console.dll, CurrentDomainAssemblyResolve: Resolving assembly 'Microsoft.Bcl.AsyncInterfaces'.
TpTrace Information: 0 : 18012, 1, 2024/02/16, 12:36:28.602, 1544397432778, vstest.console.dll, AssemblyResolver.OnResolve: Microsoft.Bcl.AsyncInterfaces: Resolving assembly.
TpTrace Information: 0 : 18012, 1, 2024/02/16, 12:36:28.602, 1544397433677, vstest.console.dll, AssemblyResolver.OnResolve: Microsoft.Bcl.AsyncInterfaces: Resolved from cache.
TpTrace Verbose: 0 : 18012, 1, 2024/02/16, 12:36:28.602, 1544397434365, vstest.console.dll, CurrentDomainAssemblyResolve: Resolving assembly 'Microsoft.Bcl.AsyncInterfaces'.
TpTrace Verbose: 0 : 18012, 1, 2024/02/16, 12:36:28.602, 1544397435004, vstest.console.dll, CurrentDomainAssemblyResolve: Failed to resolve assembly 'Microsoft.Bcl.AsyncInterfaces'.
TpTrace Verbose: 0 : 18012, 1, 2024/02/16, 12:36:28.602, 1544397437837, vstest.console.dll, CurrentDomainAssemblyResolve: Failed to resolve assembly 'Microsoft.Bcl.AsyncInterfaces'.
TpTrace Warning: 0 : 18012, 1, 2024/02/16, 12:36:28.603, 1544397444455, vstest.console.dll, TestPluginDiscoverer: Failed to get types from assembly 'Microsoft.Diagnostics.NETCore.Client, Version=0.2.9.2401, Culture=neutral, PublicKeyToken=31bf3856ad364e35'. Error: System.Reflection.ReflectionTypeLoadException: Unable to load one or more of the requested types.
Could not load file or assembly 'Microsoft.Bcl.AsyncInterfaces, Version=6.0.0.0, Culture=neutral, PublicKeyToken=cc7b13ffcd2ddd51'. The system cannot find the file specified.
   at System.Reflection.RuntimeModule.GetTypes(RuntimeModule module)
   at System.Reflection.RuntimeModule.GetTypes()
   at Microsoft.VisualStudio.TestPlatform.Common.ExtensionFramework.TestPluginDiscoverer.GetTestExtensionsFromAssembly[TPluginInfo,TExtension](Assembly assembly, Dictionary`2 pluginInfos, String filePath) in /_/src/Microsoft.TestPlatform.Common/ExtensionFramework/TestPluginDiscoverer.cs:line 158
System.IO.FileNotFoundException: Could not load file or assembly 'Microsoft.Bcl.AsyncInterfaces, Version=6.0.0.0, Culture=neutral, PublicKeyToken=cc7b13ffcd2ddd51'. The system cannot find the file specified.
File name: 'Microsoft.Bcl.AsyncInterfaces, Version=6.0.0.0, Culture=neutral, PublicKeyToken=cc7b13ffcd2ddd51'
 ---> System.IO.FileNotFoundException: Could not load file or assembly 'Microsoft.Bcl.AsyncInterfaces, Culture=neutral, PublicKeyToken=null'. The system cannot find the file specified.
File name: 'Microsoft.Bcl.AsyncInterfaces, Culture=neutral, PublicKeyToken=null'
   at System.Reflection.RuntimeAssembly.InternalLoad(AssemblyName assemblyName, StackCrawlMark& stackMark, AssemblyLoadContext assemblyLoadContext, RuntimeAssembly requestingAssembly, Boolean throwOnFileNotFound)
   at System.Reflection.Assembly.Load(AssemblyName assemblyRef)
   at Microsoft.VisualStudio.TestPlatform.Common.ExtensionFramework.TestPluginCache.CurrentDomainAssemblyResolve(Object sender, AssemblyResolveEventArgs args) in /_/src/Microsoft.TestPlatform.Common/ExtensionFramework/TestPluginCache.cs:line 513
   at System.Runtime.Loader.AssemblyLoadContext.GetFirstResolvedAssemblyFromResolvingEvent(AssemblyName assemblyName)
   at System.Runtime.Loader.AssemblyLoadContext.ResolveUsingEvent(AssemblyName assemblyName)
   at System.Runtime.Loader.AssemblyLoadContext.ResolveUsingResolvingEvent(IntPtr gchManagedAssemblyLoadContext, AssemblyName assemblyName)
TpTrace Warning: 0 : 18012, 1, 2024/02/16, 12:36:28.603, 1544397447817, vstest.console.dll, LoaderExceptions: System.IO.FileNotFoundException: Could not load file or assembly 'Microsoft.Bcl.AsyncInterfaces, Version=6.0.0.0, Culture=neutral, PublicKeyToken=cc7b13ffcd2ddd51'. The system cannot find the file specified.
File name: 'Microsoft.Bcl.AsyncInterfaces, Version=6.0.0.0, Culture=neutral, PublicKeyToken=cc7b13ffcd2ddd51'
 ---> System.IO.FileNotFoundException: Could not load file or assembly 'Microsoft.Bcl.AsyncInterfaces, Culture=neutral, PublicKeyToken=null'. The system cannot find the file specified.
File name: 'Microsoft.Bcl.AsyncInterfaces, Culture=neutral, PublicKeyToken=null'
   at System.Reflection.RuntimeAssembly.InternalLoad(AssemblyName assemblyName, StackCrawlMark& stackMark, AssemblyLoadContext assemblyLoadContext, RuntimeAssembly requestingAssembly, Boolean throwOnFileNotFound)
   at System.Reflection.Assembly.Load(AssemblyName assemblyRef)
   at Microsoft.VisualStudio.TestPlatform.Common.ExtensionFramework.TestPluginCache.CurrentDomainAssemblyResolve(Object sender, AssemblyResolveEventArgs args) in /_/src/Microsoft.TestPlatform.Common/ExtensionFramework/TestPluginCache.cs:line 513
   at System.Runtime.Loader.AssemblyLoadContext.GetFirstResolvedAssemblyFromResolvingEvent(AssemblyName assemblyName)
   at System.Runtime.Loader.AssemblyLoadContext.ResolveUsingEvent(AssemblyName assemblyName)
   at System.Runtime.Loader.AssemblyLoadContext.ResolveUsingResolvingEvent(IntPtr gchManagedAssemblyLoadContext, AssemblyName assemblyName)
TpTrace Verbose: 0 : 18012, 1, 2024/02/16, 12:36:28.603, 1544397449875, vstest.console.dll, MetadataReaderExtensionsHelper: Discovering extensions inside assembly 'Microsoft.TestPlatform.Extensions.BlameDataCollector, Version=15.0.0.0, Culture=neutral, PublicKeyToken=b03f5f7f11d50a3a' file path 'C:\Program Files\dotnet\sdk\8.0.200\Extensions\Microsoft.TestPlatform.Extensions.BlameDataCollector.dll'
TpTrace Information: 0 : 18012, 1, 2024/02/16, 12:36:28.605, 1544397462345, vstest.console.dll, GetTestExtensionFromType: Register extension with identifier data 'logger://Microsoft/TestPlatform/Extensions/Blame/v1' and type 'Microsoft.TestPlatform.Extensions.BlameDataCollector.BlameLogger, Microsoft.TestPlatform.Extensions.BlameDataCollector, Version=15.0.0.0, Culture=neutral, PublicKeyToken=b03f5f7f11d50a3a' inside file 'C:\Program Files\dotnet\sdk\8.0.200\Extensions\Microsoft.TestPlatform.Extensions.BlameDataCollector.dll'
TpTrace Verbose: 0 : 18012, 1, 2024/02/16, 12:36:28.605, 1544397464241, vstest.console.dll, MetadataReaderExtensionsHelper: Discovering extensions inside assembly 'Microsoft.TestPlatform.Extensions.EventLogCollector, Version=15.0.0.0, Culture=neutral, PublicKeyToken=b03f5f7f11d50a3a' file path 'C:\Program Files\dotnet\sdk\8.0.200\Extensions\Microsoft.TestPlatform.Extensions.EventLogCollector.dll'
TpTrace Verbose: 0 : 18012, 1, 2024/02/16, 12:36:28.606, 1544397473601, vstest.console.dll, MetadataReaderExtensionsHelper: Discovering extensions inside assembly 'Microsoft.TestPlatform.TestHostRuntimeProvider, Version=15.0.0.0, Culture=neutral, PublicKeyToken=b03f5f7f11d50a3a' file path 'C:\Program Files\dotnet\sdk\8.0.200\Extensions\Microsoft.TestPlatform.TestHostRuntimeProvider.dll'
TpTrace Verbose: 0 : 18012, 1, 2024/02/16, 12:36:28.607, 1544397483340, vstest.console.dll, MetadataReaderExtensionsHelper: Discovering extensions inside assembly 'Microsoft.VisualStudio.TestPlatform.Extensions.Html.TestLogger, Version=15.0.0.0, Culture=neutral, PublicKeyToken=b03f5f7f11d50a3a' file path 'C:\Program Files\dotnet\sdk\8.0.200\Extensions\Microsoft.VisualStudio.TestPlatform.Extensions.Html.TestLogger.dll'
TpTrace Information: 0 : 18012, 1, 2024/02/16, 12:36:28.608, 1544397496671, vstest.console.dll, GetTestExtensionFromType: Register extension with identifier data 'logger://Microsoft/TestPlatform/HtmlLogger/v1' and type 'Microsoft.VisualStudio.TestPlatform.Extensions.HtmlLogger.HtmlLogger, Microsoft.VisualStudio.TestPlatform.Extensions.Html.TestLogger, Version=15.0.0.0, Culture=neutral, PublicKeyToken=b03f5f7f11d50a3a' inside file 'C:\Program Files\dotnet\sdk\8.0.200\Extensions\Microsoft.VisualStudio.TestPlatform.Extensions.Html.TestLogger.dll'
TpTrace Verbose: 0 : 18012, 1, 2024/02/16, 12:36:28.608, 1544397498246, vstest.console.dll, MetadataReaderExtensionsHelper: Discovering extensions inside assembly 'Microsoft.VisualStudio.TestPlatform.Extensions.Trx.TestLogger, Version=15.0.0.0, Culture=neutral, PublicKeyToken=b03f5f7f11d50a3a' file path 'C:\Program Files\dotnet\sdk\8.0.200\Extensions\Microsoft.VisualStudio.TestPlatform.Extensions.Trx.TestLogger.dll'
TpTrace Information: 0 : 18012, 1, 2024/02/16, 12:36:28.609, 1544397510996, vstest.console.dll, GetTestExtensionFromType: Register extension with identifier data 'logger://Microsoft/TestPlatform/TrxLogger/v1' and type 'Microsoft.VisualStudio.TestPlatform.Extensions.TrxLogger.TrxLogger, Microsoft.VisualStudio.TestPlatform.Extensions.Trx.TestLogger, Version=15.0.0.0, Culture=neutral, PublicKeyToken=b03f5f7f11d50a3a' inside file 'C:\Program Files\dotnet\sdk\8.0.200\Extensions\Microsoft.VisualStudio.TestPlatform.Extensions.Trx.TestLogger.dll'
TpTrace Verbose: 0 : 18012, 1, 2024/02/16, 12:36:28.610, 1544397512769, vstest.console.dll, TestPluginCache: Discovered the extensions using extension path ''.
TpTrace Verbose: 0 : 18012, 1, 2024/02/16, 12:36:28.610, 1544397513709, vstest.console.dll, TestPluginCache: Discoverers are ''.
TpTrace Verbose: 0 : 18012, 1, 2024/02/16, 12:36:28.610, 1544397514382, vstest.console.dll, TestPluginCache: Executors are ''.
TpTrace Verbose: 0 : 18012, 1, 2024/02/16, 12:36:28.610, 1544397515003, vstest.console.dll, TestPluginCache: Executors2 are ''.
TpTrace Verbose: 0 : 18012, 1, 2024/02/16, 12:36:28.610, 1544397515684, vstest.console.dll, TestPluginCache: Setting providers are ''.
TpTrace Verbose: 0 : 18012, 1, 2024/02/16, 12:36:28.610, 1544397517609, vstest.console.dll, TestPluginCache: Loggers are 'logger://Microsoft/TestPlatform/Extensions/Blame/v1,logger://Microsoft/TestPlatform/HtmlLogger/v1,logger://Microsoft/TestPlatform/TrxLogger/v1'.
TpTrace Verbose: 0 : 18012, 1, 2024/02/16, 12:36:28.610, 1544397518807, vstest.console.dll, TestPluginCache: TestHosts are 'HostProvider://DefaultTestHost,HostProvider://DotnetTestHost'.
TpTrace Verbose: 0 : 18012, 1, 2024/02/16, 12:36:28.610, 1544397519560, vstest.console.dll, TestPluginCache: DataCollectors are ''.
TpTrace Information: 0 : 18012, 1, 2024/02/16, 12:36:28.612, 1544397536951, vstest.console.dll, TestPluginManager.CreateTestExtension: Attempting to load test extension: Microsoft.TestPlatform.Extensions.BlameDataCollector.BlameLogger
TpTrace Verbose: 0 : 18012, 1, 2024/02/16, 12:36:28.636, 1544397776572, vstest.console.dll, TestEngine: Initializing Parallel Execution as MaxCpuCount is set to: 1
TpTrace Information: 0 : 18012, 1, 2024/02/16, 12:36:28.640, 1544397814669, vstest.console.dll, TestPluginManager.CreateTestExtension: Attempting to load test extension: Microsoft.VisualStudio.TestPlatform.CrossPlatEngine.Hosting.DefaultTestHostManager
TpTrace Information: 0 : 18012, 1, 2024/02/16, 12:36:28.650, 1544397916823, vstest.console.dll, TestPluginManager.CreateTestExtension: Attempting to load test extension: Microsoft.VisualStudio.TestPlatform.CrossPlatEngine.Hosting.DotnetTestHostManager
TpTrace Information: 0 : 18012, 1, 2024/02/16, 12:36:28.652, 1544397935949, vstest.console.dll, InferRunSettingsHelper.IsTestSettingsEnabled: Unable to navigate to RunSettings/MSTest. Current node: RunSettings
TpTrace Verbose: 0 : 18012, 1, 2024/02/16, 12:36:28.653, 1544397948526, vstest.console.dll, ParallelOperationManager.ClearSlots: Clearing all slots. Slots should accept more work: True
TpTrace Verbose: 0 : 18012, 1, 2024/02/16, 12:36:28.655, 1544397961581, vstest.console.dll, ParallelOperationManager.SetOccupiedSlotCount: Setting slot counts AvailableSlotCount = 3, OccupiedSlotCount = 0.
TpTrace Verbose: 0 : 18012, 1, 2024/02/16, 12:36:28.656, 1544397973192, vstest.console.dll, Occupied slots:

TpTrace Verbose: 0 : 18012, 1, 2024/02/16, 12:36:28.663, 1544398049466, vstest.console.dll, TestEngine.GetExecutionManager: Chosen execution manager 'Microsoft.VisualStudio.TestPlatform.CrossPlatEngine.Client.Parallel.ParallelProxyExecutionManager, Microsoft.TestPlatform.CrossPlatEngine, Version=15.0.0.0, Culture=neutral, PublicKeyToken=b03f5f7f11d50a3a' ParallelLevel '1'.
TpTrace Verbose: 0 : 18012, 1, 2024/02/16, 12:36:28.664, 1544398052331, vstest.console.dll, TestRunRequest.ExecuteAsync: Creating test run request.
TpTrace Verbose: 0 : 18012, 1, 2024/02/16, 12:36:28.664, 1544398056846, vstest.console.dll, TestRunRequest.ExecuteAsync: Starting.
TpTrace Information: 0 : 18012, 1, 2024/02/16, 12:36:28.666, 1544398080670, vstest.console.dll, TestRunRequest.ExecuteAsync: Starting run with settings:TestRunCriteria:
   KeepAlive=False,FrequencyOfRunStatsChangeEvent=10,RunStatsChangeEventTimeout=00:00:01.5000000,TestCaseFilter=,TestExecutorLauncher=
   Settingsxml=<RunSettings>
  <RunConfiguration>
    <ResultsDirectory>C:\Users\Lenovo\source\repos\Back-End Technologies Basics - 01.2024\13. Exercise Testing API Controllers\Homies.Tests\bin\Debug\net6.0\fine-code-coverage\coverage-tool-output</ResultsDirectory>
    <TargetPlatform>X64</TargetPlatform>
    <TargetFrameworkVersion>.NETCoreApp,Version=v6.0</TargetFrameworkVersion>
    <DesignMode>False</DesignMode>
    <CollectSourceInformation>False</CollectSourceInformation>
  </RunConfiguration>
  <LoggerRunSettings>
    <Loggers>
      <Logger friendlyName="blame" enabled="True" />
      <Logger friendlyName="Console" uri="logger://microsoft/TestPlatform/ConsoleLogger/v1" assemblyQualifiedName="Microsoft.VisualStudio.TestPlatform.CommandLine.Internal.ConsoleLogger, vstest.console, Version=15.0.0.0, Culture=neutral, PublicKeyToken=b03f5f7f11d50a3a" codeBase="C:\Program Files\dotnet\sdk\8.0.200\vstest.console.dll" enabled="True" />
    </Loggers>
  </LoggerRunSettings>
  <DataCollectionRunSettings>
    <DataCollectors>
      <DataCollector friendlyName="blame" enabled="True">
        <Configuration>
          <ResultsDirectory>C:\Users\Lenovo\source\repos\Back-End Technologies Basics - 01.2024\13. Exercise Testing API Controllers\Homies.Tests\bin\Debug\net6.0\fine-code-coverage\coverage-tool-output</ResultsDirectory>
        </Configuration>
      </DataCollector>
    </DataCollectors>
  </DataCollectionRunSettings>
</RunSettings>

TpTrace Verbose: 0 : 18012, 1, 2024/02/16, 12:36:28.667, 1544398082091, vstest.console.dll, TestRunRequest.ExecuteAsync: Wait for the first run request is over.
TpTrace Verbose: 0 : 18012, 1, 2024/02/16, 12:36:28.667, 1544398089717, vstest.console.dll, MulticastDelegateUtilities.SafeInvoke: TestRun.TestRunStart: Invoking callbacks was skipped because there are no subscribers.
TpTrace Verbose: 0 : 18012, 4, 2024/02/16, 12:36:28.668, 1544398093665, vstest.console.dll, MulticastDelegateUtilities.SafeInvoke: InternalTestLoggerEvents.SendTestRunStart: Invoking callback 1/1 for Microsoft.VisualStudio.TestPlatform.CommandLine.Internal.ConsoleLogger., took 0 ms.
TpTrace Verbose: 0 : 18012, 1, 2024/02/16, 12:36:28.675, 1544398162849, vstest.console.dll, ParallelProxyExecutionManager: Start execution. Total sources: 1
TpTrace Verbose: 0 : 18012, 1, 2024/02/16, 12:36:28.676, 1544398174590, vstest.console.dll, ParallelOperationManager.StartWork: Starting adding 1 workloads.
TpTrace Verbose: 0 : 18012, 1, 2024/02/16, 12:36:28.676, 1544398176332, vstest.console.dll, ParallelOperationManager.ClearSlots: Clearing all slots. Slots should accept more work: True
TpTrace Verbose: 0 : 18012, 1, 2024/02/16, 12:36:28.676, 1544398177948, vstest.console.dll, ParallelOperationManager.SetOccupiedSlotCount: Setting slot counts AvailableSlotCount = 3, OccupiedSlotCount = 0.
TpTrace Verbose: 0 : 18012, 1, 2024/02/16, 12:36:28.676, 1544398178941, vstest.console.dll, Occupied slots:

TpTrace Verbose: 0 : 18012, 1, 2024/02/16, 12:36:28.679, 1544398209675, vstest.console.dll, TestRequestSender is acting as server.
TpTrace Verbose: 0 : 18012, 1, 2024/02/16, 12:36:28.682, 1544398232285, vstest.console.dll, ParallelOperationManager.RunWorkInParallel: Adding 1 workload to slot, remaining workloads 0.
TpTrace Verbose: 0 : 18012, 1, 2024/02/16, 12:36:28.682, 1544398233940, vstest.console.dll, ParallelOperationManager.SetOccupiedSlotCount: Setting slot counts AvailableSlotCount = 2, OccupiedSlotCount = 1.
TpTrace Verbose: 0 : 18012, 1, 2024/02/16, 12:36:28.682, 1544398236337, vstest.console.dll, Occupied slots:
0: C:\Users\Lenovo\source\repos\Back-End Technologies Basics - 01.2024\13. Exercise Testing API Controllers\Homies.Tests\bin\Debug\net6.0\fine-code-coverage\build-output\Homies.Tests.dll
TpTrace Verbose: 0 : 18012, 1, 2024/02/16, 12:36:28.684, 1544398258510, vstest.console.dll, ParallelOperationManager.RunWorkInParallel: Started host in slot number 0 for work (source): C:\Users\Lenovo\source\repos\Back-End Technologies Basics - 01.2024\13. Exercise Testing API Controllers\Homies.Tests\bin\Debug\net6.0\fine-code-coverage\build-output\Homies.Tests.dll.
TpTrace Verbose: 0 : 18012, 1, 2024/02/16, 12:36:28.693, 1544398342122, vstest.console.dll, ParallelOperationManager.RunWorkInParallel: We started 1 work items, which is the max parallel level. Won't start more work.
TpTrace Verbose: 0 : 18012, 1, 2024/02/16, 12:36:28.693, 1544398343898, vstest.console.dll, ParallelOperationManager.RunWorkInParallel: We started 1 work items in here, returning True.
TpTrace Information: 0 : 18012, 1, 2024/02/16, 12:36:28.693, 1544398344796, vstest.console.dll, TestRunRequest.ExecuteAsync: Started.
TpTrace Verbose: 0 : 18012, 5, 2024/02/16, 12:36:28.694, 1544398352916, vstest.console.dll, ParallelProxyExecutionManager.StartTestRunOnConcurrentManager: Initializing uninitialized client. Started clients: 0
TpTrace Verbose: 0 : 18012, 5, 2024/02/16, 12:36:28.694, 1544398356054, vstest.console.dll, DataCollectionRequestSender.InitializeCommunication : Initialize communication. 
TpTrace Verbose: 0 : 18012, 1, 2024/02/16, 12:36:28.694, 1544398357025, vstest.console.dll, TestRunRequest.WaitForCompletion: Waiting with timeout -1.
TpTrace Information: 0 : 18012, 5, 2024/02/16, 12:36:28.715, 1544398568869, vstest.console.dll, Listening on Endpoint : 127.0.0.1:53318
TpTrace Verbose: 0 : 18012, 5, 2024/02/16, 12:36:28.728, 1544398698396, vstest.console.dll, DotnetDataCollectionLauncher: Adding  --runtimeconfig "C:\Program Files\dotnet\sdk\8.0.200\datacollector.runtimeconfig.json" in args
TpTrace Verbose: 0 : 18012, 5, 2024/02/16, 12:36:28.729, 1544398702182, vstest.console.dll, DotnetDataCollectionLauncher: Adding  --depsfile "C:\Program Files\dotnet\sdk\8.0.200\datacollector.deps.json" in args
TpTrace Verbose: 0 : 18012, 5, 2024/02/16, 12:36:28.729, 1544398708467, vstest.console.dll, DotnetDataCollectionLauncher: Full path of dotnet.exe is C:\Program Files\dotnet\dotnet.exe
TpTrace Information: 0 : 18012, 5, 2024/02/16, 12:36:28.770, 1544399116498, vstest.console.dll, ProxyDataCollectionManager.Initialize: Launched datacollector processId: 17692 port: 53318
TpTrace Information: 0 : 18012, 5, 2024/02/16, 12:36:28.770, 1544399119644, vstest.console.dll, ProxyDataCollectionManager.Initialize: waiting for connection with timeout: 90 seconds
TpTrace Verbose: 0 : 18012, 5, 2024/02/16, 12:36:28.770, 1544399120806, vstest.console.dll, DataCollectionRequestSender.WaitForRequestHandlerConnection : Waiting for connection with timeout: 90000
TpTrace Information: 0 : 18012, 11, 2024/02/16, 12:36:29.062, 1544402036723, vstest.console.dll, Using the buffer size of 16384 bytes
TpTrace Verbose: 0 : 18012, 5, 2024/02/16, 12:36:29.062, 1544402036998, vstest.console.dll, SocketCommunicationManager.WaitForClientConnection took: 291 ms, with 90000 ms timeout, and finished with True.
TpTrace Information: 0 : 18012, 11, 2024/02/16, 12:36:29.062, 1544402038599, vstest.console.dll, Accepted Client request and set the flag
TpTrace Verbose: 0 : 18012, 5, 2024/02/16, 12:36:29.062, 1544402040791, vstest.console.dll, ProxyDataCollectionManager.InvokeDataCollectionServiceAction: Starting.
TpTrace Information: 0 : 18012, 5, 2024/02/16, 12:36:29.063, 1544402042499, vstest.console.dll, ProxyDataCollectionManager.BeforeTestRunStart: Get environment variable and port for datacollector processId: 17692 port: 53318
TpTrace Verbose: 0 : 18012, 5, 2024/02/16, 12:36:29.063, 1544402045149, vstest.console.dll, DataCollectionRequestSender.SendBeforeTestRunStartAndGetResult: Send BeforeTestRunStart message with settingsXml <RunSettings><RunConfiguration><ResultsDirectory>C:\Users\Lenovo\source\repos\Back-End Technologies Basics - 01.2024\13. Exercise Testing API Controllers\Homies.Tests\bin\Debug\net6.0\fine-code-coverage\coverage-tool-output</ResultsDirectory><TargetPlatform>X64</TargetPlatform><TargetFrameworkVersion>.NETCoreApp,Version=v6.0</TargetFrameworkVersion><DesignMode>False</DesignMode><CollectSourceInformation>False</CollectSourceInformation><TestAdaptersPaths>C:\Program Files\dotnet\sdk\8.0.200\Extensions</TestAdaptersPaths></RunConfiguration><LoggerRunSettings><Loggers><Logger friendlyName="blame" enabled="True" /><Logger friendlyName="Console" uri="logger://microsoft/TestPlatform/ConsoleLogger/v1" assemblyQualifiedName="Microsoft.VisualStudio.TestPlatform.CommandLine.Internal.ConsoleLogger, vstest.console, Version=15.0.0.0, Culture=neutral, PublicKeyToken=b03f5f7f11d50a3a" codeBase="C:\Program Files\dotnet\sdk\8.0.200\vstest.console.dll" enabled="True" /></Loggers></LoggerRunSettings><DataCollectionRunSettings><DataCollectors><DataCollector friendlyName="blame" enabled="True"><Configuration><ResultsDirectory>C:\Users\Lenovo\source\repos\Back-End Technologies Basics - 01.2024\13. Exercise Testing API Controllers\Homies.Tests\bin\Debug\net6.0\fine-code-coverage\coverage-tool-output</ResultsDirectory></Configuration></DataCollector></DataCollectors></DataCollectionRunSettings></RunSettings> and sources System.Collections.Generic.List`1[System.String]: 
TpTrace Verbose: 0 : 18012, 5, 2024/02/16, 12:36:29.163, 1544403045574, vstest.console.dll, DataCollectionRequestSender.SendBeforeTestRunStartAndGetResult: Received message: (DataCollection.SendMessage) -> {"MessageType":"DataCollection.SendMessage","Payload":{"FriendlyName":null,"Uri":null,"TestCaseId":"00000000-0000-0000-0000-000000000000","Message":"Logging DataCollector Diagnostics in file: C:\\Users\\Lenovo\\source\\repos\\Back-End Technologies Basics - 01.2024\\13. Exercise Testing API Controllers\\Homies.Tests\\bin\\Debug\\net6.0\\fine-code-coverage\\coverage-tool-output\\diagnostics.datacollector.24-02-16_12-36-28_72813_5.log","Level":0}}
TpTrace Verbose: 0 : 18012, 5, 2024/02/16, 12:36:29.348, 1544404898656, vstest.console.dll, DataCollectionRequestSender.SendBeforeTestRunStartAndGetResult: Received message: (DataCollection.BeforeTestRunStartResult) -> {"MessageType":"DataCollection.BeforeTestRunStartResult","Payload":{"EnvironmentVariables":{},"DataCollectionEventsPort":53320}}
TpTrace Information: 0 : 18012, 5, 2024/02/16, 12:36:29.357, 1544404981551, vstest.console.dll, ProxyDataCollectionManager.BeforeTestRunStart: SendBeforeTestRunStartAndGetResult successful, env variable from datacollector:   and testhost port: 53320
TpTrace Information: 0 : 18012, 5, 2024/02/16, 12:36:29.357, 1544404983332, vstest.console.dll, ProxyDataCollectionManager.InvokeDataCollectionServiceAction: Completed.
TpTrace Verbose: 0 : 18012, 5, 2024/02/16, 12:36:29.357, 1544404984683, vstest.console.dll, ParallelProxyExecutionManager.StartTestRunOnConcurrentManager: Initializing test run. Started clients: 0
TpTrace Verbose: 0 : 18012, 5, 2024/02/16, 12:36:29.357, 1544404986552, vstest.console.dll, ProxyExecutionManager: Test host is always Lazy initialize.
TpTrace Verbose: 0 : 18012, 5, 2024/02/16, 12:36:29.357, 1544404990602, vstest.console.dll, TestRequestSender.InitializeCommunication: initialize communication. 
TpTrace Information: 0 : 18012, 5, 2024/02/16, 12:36:29.358, 1544404999730, vstest.console.dll, SocketServer.Start: Listening on endpoint : 127.0.0.1:53321
TpTrace Verbose: 0 : 18012, 5, 2024/02/16, 12:36:29.360, 1544405012877, vstest.console.dll, DotnetTestHostmanager.GetTestHostProcessStartInfo: Platform environment 'X64' target architecture 'X64' framework '.NETCoreApp,Version=v6.0' OS 'Windows'
TpTrace Verbose: 0 : 18012, 5, 2024/02/16, 12:36:29.360, 1544405018800, vstest.console.dll, DotnetTestHostmanager: Adding  --runtimeconfig "C:\Users\Lenovo\source\repos\Back-End Technologies Basics - 01.2024\13. Exercise Testing API Controllers\Homies.Tests\bin\Debug\net6.0\fine-code-coverage\build-output\Homies.Tests.runtimeconfig.json" in args
TpTrace Verbose: 0 : 18012, 5, 2024/02/16, 12:36:29.361, 1544405022521, vstest.console.dll, DotnetTestHostmanager: Adding  --depsfile "C:\Users\Lenovo\source\repos\Back-End Technologies Basics - 01.2024\13. Exercise Testing API Controllers\Homies.Tests\bin\Debug\net6.0\fine-code-coverage\build-output\Homies.Tests.deps.json" in args
TpTrace Verbose: 0 : 18012, 5, 2024/02/16, 12:36:29.361, 1544405026190, vstest.console.dll, DotnetTestHostmanager.IsWinOnArm: Current PROCESSOR_ARCHITECTURE from environment variable 'AMD64'
TpTrace Verbose: 0 : 18012, 5, 2024/02/16, 12:36:29.361, 1544405027673, vstest.console.dll, DotnetTestHostmanager.IsWinOnArm: Is Windows on ARM 'False'
TpTrace Verbose: 0 : 18012, 5, 2024/02/16, 12:36:29.361, 1544405030656, vstest.console.dll, DotnetTestHostManager: testhost.exe found at path: C:\Users\Lenovo\source\repos\Back-End Technologies Basics - 01.2024\13. Exercise Testing API Controllers\Homies.Tests\bin\Debug\net6.0\fine-code-coverage\build-output\testhost.exe
TpTrace Verbose: 0 : 18012, 5, 2024/02/16, 12:36:29.362, 1544405032089, vstest.console.dll, DotnetTestHostmanager: Full path of host exe is C:\Users\Lenovo\source\repos\Back-End Technologies Basics - 01.2024\13. Exercise Testing API Controllers\Homies.Tests\bin\Debug\net6.0\fine-code-coverage\build-output\testhost.exe
TpTrace Verbose: 0 : 18012, 5, 2024/02/16, 12:36:29.362, 1544405034985, vstest.console.dll, DotnetTestHostmanager.LaunchTestHostAsync: Found 'VSTEST_WINAPPHOST_DOTNET_ROOT' in env variables, value 'C:\Program Files\dotnet', forwarding to 'DOTNET_ROOT'
TpTrace Verbose: 0 : 18012, 5, 2024/02/16, 12:36:29.362, 1544405037947, vstest.console.dll, DotnetTestHostManager: Starting process 'C:\Users\Lenovo\source\repos\Back-End Technologies Basics - 01.2024\13. Exercise Testing API Controllers\Homies.Tests\bin\Debug\net6.0\fine-code-coverage\build-output\testhost.exe' with command line ' --runtimeconfig "C:\Users\Lenovo\source\repos\Back-End Technologies Basics - 01.2024\13. Exercise Testing API Controllers\Homies.Tests\bin\Debug\net6.0\fine-code-coverage\build-output\Homies.Tests.runtimeconfig.json" --depsfile "C:\Users\Lenovo\source\repos\Back-End Technologies Basics - 01.2024\13. Exercise Testing API Controllers\Homies.Tests\bin\Debug\net6.0\fine-code-coverage\build-output\Homies.Tests.deps.json" --port 53321 --endpoint 127.0.0.1:053321 --role client --parentprocessid 18012 --diag "C:\Users\Lenovo\source\repos\Back-End Technologies Basics - 01.2024\13. Exercise Testing API Controllers\Homies.Tests\bin\Debug\net6.0\fine-code-coverage\coverage-tool-output\diagnostics.host.24-02-16_12-36-29_35951_5.log" --tracelevel 4 --datacollectionport 53320 --telemetryoptedin false'
TpTrace Verbose: 0 : 18012, 5, 2024/02/16, 12:36:29.383, 1544405248130, vstest.console.dll, MulticastDelegateUtilities.SafeInvoke: HostProviderEvents.OnHostLaunched: Invoking callback 1/2 for Microsoft.VisualStudio.TestPlatform.CrossPlatEngine.Client.ProxyExecutionManagerWithDataCollection., took 1 ms.
TpTrace Verbose: 0 : 18012, 5, 2024/02/16, 12:36:29.384, 1544405254218, vstest.console.dll, Test Runtime launched
TpTrace Verbose: 0 : 18012, 5, 2024/02/16, 12:36:29.384, 1544405255807, vstest.console.dll, MulticastDelegateUtilities.SafeInvoke: HostProviderEvents.OnHostLaunched: Invoking callback 2/2 for Microsoft.VisualStudio.TestPlatform.CrossPlatEngine.Client.ProxyOperationManager., took 0 ms.
TpTrace Verbose: 0 : 18012, 5, 2024/02/16, 12:36:29.384, 1544405258408, vstest.console.dll, TestRequestSender.WaitForRequestHandlerConnection: waiting for connection with timeout: 90000.
TpTrace Verbose: 0 : 18012, 7, 2024/02/16, 12:36:29.828, 1544409698654, vstest.console.dll, MulticastDelegateUtilities.SafeInvoke: SocketServer: ClientConnected: Invoking callback 1/1 for Microsoft.VisualStudio.TestPlatform.CommunicationUtilities.TestRequestSender., took 0 ms.
TpTrace Verbose: 0 : 18012, 5, 2024/02/16, 12:36:29.828, 1544409698610, vstest.console.dll, TestRequestSender.WaitForRequestHandlerConnection: waiting took 444 ms, with timeout 90000 ms, and result 0, which is success.
TpTrace Verbose: 0 : 18012, 7, 2024/02/16, 12:36:29.830, 1544409711380, vstest.console.dll, SocketServer.OnClientConnected: Client connected for endPoint: 127.0.0.1:53321, starting MessageLoopAsync:
TpTrace Verbose: 0 : 18012, 7, 2024/02/16, 12:36:29.831, 1544409721264, vstest.console.dll, TcpClientExtensions.MessageLoopAsync: Polling on remoteEndPoint: 127.0.0.1:53322 localEndPoint: 127.0.0.1:53321 after 0 ms
TpTrace Verbose: 0 : 18012, 5, 2024/02/16, 12:36:29.832, 1544409732072, vstest.console.dll, TestRequestSender.CheckVersionWithTestHost: Sending check version message: {"MessageType":"ProtocolVersion","Payload":7}
TpTrace Verbose: 0 : 18012, 7, 2024/02/16, 12:36:30.173, 1544413143587, vstest.console.dll, TcpClientExtensions.MessageLoopAsync: NotifyDataAvailable remoteEndPoint: 127.0.0.1:53322 localEndPoint: 127.0.0.1:53321
TpTrace Verbose: 0 : 18012, 7, 2024/02/16, 12:36:30.173, 1544413147884, vstest.console.dll, TestRequestSender.CheckVersionWithTestHost: onMessageReceived received message: (ProtocolVersion) -> {"MessageType":"ProtocolVersion","Payload":7}
TpTrace Verbose: 0 : 18012, 7, 2024/02/16, 12:36:30.174, 1544413160401, vstest.console.dll, MulticastDelegateUtilities.SafeInvoke: LengthPrefixCommunicationChannel: MessageReceived: Invoking callback 1/1 for Microsoft.VisualStudio.TestPlatform.CommunicationUtilities.TestRequestSender+<>c__DisplayClass29_0., took 1 ms.
TpTrace Verbose: 0 : 18012, 7, 2024/02/16, 12:36:30.175, 1544413163882, vstest.console.dll, TcpClientExtensions.MessageLoopAsync: Polling on remoteEndPoint: 127.0.0.1:53322 localEndPoint: 127.0.0.1:53321 after 344 ms
TpTrace Verbose: 0 : 18012, 5, 2024/02/16, 12:36:30.175, 1544413164223, vstest.console.dll, TestPluginCache.GetExtensionPaths: Filtered extension paths: 
TpTrace Verbose: 0 : 18012, 5, 2024/02/16, 12:36:30.175, 1544413168410, vstest.console.dll, TestPluginCache.GetExtensionPaths: Added default extension paths: C:\Program Files\dotnet\sdk\8.0.200\Extensions\Microsoft.Diagnostics.NETCore.Client.dll
C:\Program Files\dotnet\sdk\8.0.200\Extensions\Microsoft.TestPlatform.Extensions.BlameDataCollector.dll
C:\Program Files\dotnet\sdk\8.0.200\Extensions\Microsoft.TestPlatform.Extensions.EventLogCollector.dll
C:\Program Files\dotnet\sdk\8.0.200\Extensions\Microsoft.TestPlatform.TestHostRuntimeProvider.dll
C:\Program Files\dotnet\sdk\8.0.200\Extensions\Microsoft.VisualStudio.TestPlatform.Extensions.Html.TestLogger.dll
C:\Program Files\dotnet\sdk\8.0.200\Extensions\Microsoft.VisualStudio.TestPlatform.Extensions.Trx.TestLogger.dll
TpTrace Verbose: 0 : 18012, 5, 2024/02/16, 12:36:30.175, 1544413169594, vstest.console.dll, TestPluginCache.GetExtensionPaths: Added unfilterableExtensionPaths: 
TpTrace Verbose: 0 : 18012, 5, 2024/02/16, 12:36:30.182, 1544413234884, vstest.console.dll, TestRequestSender.InitializeExecution: Sending initialize execution with message: {"Version":7,"MessageType":"TestExecution.Initialize","Payload":["C:\\Users\\Lenovo\\source\\repos\\Back-End Technologies Basics - 01.2024\\13. Exercise Testing API Controllers\\Homies.Tests\\bin\\Debug\\net6.0\\fine-code-coverage\\build-output\\NUnit3.TestAdapter.dll"]}
TpTrace Verbose: 0 : 18012, 5, 2024/02/16, 12:36:30.182, 1544413238137, vstest.console.dll, ParallelProxyExecutionManager.StartTestRunOnConcurrentManager: Execution starting. Started clients: 1
TpTrace Verbose: 0 : 18012, 5, 2024/02/16, 12:36:30.183, 1544413243238, vstest.console.dll, TestRunRequest:SendTestRunMessage: Starting.
TpTrace Verbose: 0 : 18012, 5, 2024/02/16, 12:36:30.183, 1544413246009, vstest.console.dll, MulticastDelegateUtilities.SafeInvoke: TestRun.LogMessages: Invoking callback 1/1 for Microsoft.VisualStudio.TestPlatform.CommandLine.TestRunResultAggregator., took 0 ms.
TpTrace Information: 0 : 18012, 5, 2024/02/16, 12:36:30.183, 1544413247170, vstest.console.dll, TestRunRequest:SendTestRunMessage: Completed.
TpTrace Verbose: 0 : 18012, 4, 2024/02/16, 12:36:30.183, 1544413250009, vstest.console.dll, MulticastDelegateUtilities.SafeInvoke: InternalTestLoggerEvents.SendTestRunMessage: Invoking callback 1/1 for Microsoft.VisualStudio.TestPlatform.CommandLine.Internal.ConsoleLogger., took 0 ms.
TpTrace Warning: 0 : 18012, 5, 2024/02/16, 12:36:30.184, 1544413254842, vstest.console.dll, InferRunSettingsHelper.MakeRunsettingsCompatible: Removing the following settings: TargetPlatform from RunSettings file. To use those settings please move to latest version of Microsoft.NET.Test.Sdk
TpTrace Verbose: 0 : 18012, 7, 2024/02/16, 12:36:30.185, 1544413262993, vstest.console.dll, TcpClientExtensions.MessageLoopAsync: NotifyDataAvailable remoteEndPoint: 127.0.0.1:53322 localEndPoint: 127.0.0.1:53321
TpTrace Verbose: 0 : 18012, 7, 2024/02/16, 12:36:30.185, 1544413269648, vstest.console.dll, TestRequestSender.OnExecutionMessageReceived: Received message: {"Version":7,"MessageType":"TestSession.Message","Payload":{"MessageLevel":0,"Message":"Logging TestHost Diagnostics in file: C:\\Users\\Lenovo\\source\\repos\\Back-End Technologies Basics - 01.2024\\13. Exercise Testing API Controllers\\Homies.Tests\\bin\\Debug\\net6.0\\fine-code-coverage\\coverage-tool-output\\diagnostics.host.24-02-16_12-36-29_35951_5.log"}}
TpTrace Verbose: 0 : 18012, 7, 2024/02/16, 12:36:30.190, 1544413320952, vstest.console.dll, TestRunRequest:SendTestRunMessage: Starting.
TpTrace Verbose: 0 : 18012, 7, 2024/02/16, 12:36:30.191, 1544413324501, vstest.console.dll, MulticastDelegateUtilities.SafeInvoke: TestRun.LogMessages: Invoking callback 1/1 for Microsoft.VisualStudio.TestPlatform.CommandLine.TestRunResultAggregator., took 0 ms.
TpTrace Verbose: 0 : 18012, 4, 2024/02/16, 12:36:30.191, 1544413324836, vstest.console.dll, MulticastDelegateUtilities.SafeInvoke: InternalTestLoggerEvents.SendTestRunMessage: Invoking callback 1/1 for Microsoft.VisualStudio.TestPlatform.CommandLine.Internal.ConsoleLogger., took 0 ms.
TpTrace Information: 0 : 18012, 7, 2024/02/16, 12:36:30.191, 1544413325734, vstest.console.dll, TestRunRequest:SendTestRunMessage: Completed.
TpTrace Verbose: 0 : 18012, 7, 2024/02/16, 12:36:30.191, 1544413328386, vstest.console.dll, MulticastDelegateUtilities.SafeInvoke: LengthPrefixCommunicationChannel: MessageReceived: Invoking callback 1/1 for Microsoft.VisualStudio.TestPlatform.CommunicationUtilities.TestRequestSender+<>c__DisplayClass34_0., took 6 ms.
TpTrace Verbose: 0 : 18012, 7, 2024/02/16, 12:36:30.191, 1544413330213, vstest.console.dll, TcpClientExtensions.MessageLoopAsync: Polling on remoteEndPoint: 127.0.0.1:53322 localEndPoint: 127.0.0.1:53321 after 16 ms
TpTrace Verbose: 0 : 18012, 5, 2024/02/16, 12:36:30.197, 1544413382023, vstest.console.dll, TestRequestSender.StartTestRun: Sending test run with message: {"Version":7,"MessageType":"TestExecution.StartWithSources","Payload":{"AdapterSourceMap":{"_none_":["C:\\Users\\Lenovo\\source\\repos\\Back-End Technologies Basics - 01.2024\\13. Exercise Testing API Controllers\\Homies.Tests\\bin\\Debug\\net6.0\\fine-code-coverage\\build-output\\Homies.Tests.dll"]},"RunSettings":"<RunSettings>\r\n  <RunConfiguration>\r\n    <ResultsDirectory>C:\\Users\\Lenovo\\source\\repos\\Back-End Technologies Basics - 01.2024\\13. Exercise Testing API Controllers\\Homies.Tests\\bin\\Debug\\net6.0\\fine-code-coverage\\coverage-tool-output</ResultsDirectory>\r\n    <TargetFrameworkVersion>.NETCoreApp,Version=v6.0</TargetFrameworkVersion>\r\n    <DesignMode>False</DesignMode>\r\n    <CollectSourceInformation>False</CollectSourceInformation>\r\n  </RunConfiguration>\r\n  <LoggerRunSettings>\r\n    <Loggers>\r\n      <Logger friendlyName=\"blame\" enabled=\"True\" />\r\n      <Logger friendlyName=\"Console\" uri=\"logger://microsoft/TestPlatform/ConsoleLogger/v1\" assemblyQualifiedName=\"Microsoft.VisualStudio.TestPlatform.CommandLine.Internal.ConsoleLogger, vstest.console, Version=15.0.0.0, Culture=neutral, PublicKeyToken=b03f5f7f11d50a3a\" codeBase=\"C:\\Program Files\\dotnet\\sdk\\8.0.200\\vstest.console.dll\" enabled=\"True\" />\r\n    </Loggers>\r\n  </LoggerRunSettings>\r\n  <DataCollectionRunSettings>\r\n    <DataCollectors>\r\n      <DataCollector friendlyName=\"blame\" enabled=\"True\">\r\n        <Configuration>\r\n          <ResultsDirectory>C:\\Users\\Lenovo\\source\\repos\\Back-End Technologies Basics - 01.2024\\13. Exercise Testing API Controllers\\Homies.Tests\\bin\\Debug\\net6.0\\fine-code-coverage\\coverage-tool-output</ResultsDirectory>\r\n        </Configuration>\r\n      </DataCollector>\r\n    </DataCollectors>\r\n  </DataCollectionRunSettings>\r\n</RunSettings>","TestExecutionContext":{"FrequencyOfRunStatsChangeEvent":10,"RunStatsChangeEventTimeout":"00:00:01.5000000","InIsolation":false,"KeepAlive":false,"AreTestCaseLevelEventsRequired":false,"IsDebug":false,"TestCaseFilter":null,"FilterOptions":null},"Package":null}}
TpTrace Verbose: 0 : 18012, 5, 2024/02/16, 12:36:30.197, 1544413384585, vstest.console.dll, ParallelProxyExecutionManager.StartTestRunOnConcurrentManager: Execution started. Started clients: 1
TpTrace Verbose: 0 : 18012, 7, 2024/02/16, 12:36:30.590, 1544417320853, vstest.console.dll, TcpClientExtensions.MessageLoopAsync: NotifyDataAvailable remoteEndPoint: 127.0.0.1:53322 localEndPoint: 127.0.0.1:53321
TpTrace Verbose: 0 : 18012, 7, 2024/02/16, 12:36:30.591, 1544417323676, vstest.console.dll, TestRequestSender.OnExecutionMessageReceived: Received message: {"Version":7,"MessageType":"TestSession.Message","Payload":{"MessageLevel":0,"Message":"NUnit Adapter 4.4.0.0: Test execution started"}}
TpTrace Verbose: 0 : 18012, 7, 2024/02/16, 12:36:30.591, 1544417328518, vstest.console.dll, TestRunRequest:SendTestRunMessage: Starting.
TpTrace Verbose: 0 : 18012, 7, 2024/02/16, 12:36:30.591, 1544417329995, vstest.console.dll, MulticastDelegateUtilities.SafeInvoke: TestRun.LogMessages: Invoking callback 1/1 for Microsoft.VisualStudio.TestPlatform.CommandLine.TestRunResultAggregator., took 0 ms.
TpTrace Verbose: 0 : 18012, 4, 2024/02/16, 12:36:30.591, 1544417330437, vstest.console.dll, MulticastDelegateUtilities.SafeInvoke: InternalTestLoggerEvents.SendTestRunMessage: Invoking callback 1/1 for Microsoft.VisualStudio.TestPlatform.CommandLine.Internal.ConsoleLogger., took 0 ms.
TpTrace Information: 0 : 18012, 7, 2024/02/16, 12:36:30.591, 1544417330872, vstest.console.dll, TestRunRequest:SendTestRunMessage: Completed.
TpTrace Verbose: 0 : 18012, 7, 2024/02/16, 12:36:30.592, 1544417333427, vstest.console.dll, MulticastDelegateUtilities.SafeInvoke: LengthPrefixCommunicationChannel: MessageReceived: Invoking callback 1/1 for Microsoft.VisualStudio.TestPlatform.CommunicationUtilities.TestRequestSender+<>c__DisplayClass34_0., took 0 ms.
TpTrace Verbose: 0 : 18012, 7, 2024/02/16, 12:36:30.592, 1544417334385, vstest.console.dll, TcpClientExtensions.MessageLoopAsync: Polling on remoteEndPoint: 127.0.0.1:53322 localEndPoint: 127.0.0.1:53321 after 400 ms
TpTrace Verbose: 0 : 18012, 7, 2024/02/16, 12:36:30.656, 1544417981128, vstest.console.dll, TcpClientExtensions.MessageLoopAsync: NotifyDataAvailable remoteEndPoint: 127.0.0.1:53322 localEndPoint: 127.0.0.1:53321
TpTrace Verbose: 0 : 18012, 7, 2024/02/16, 12:36:30.657, 1544417983756, vstest.console.dll, TestRequestSender.OnExecutionMessageReceived: Received message: {"Version":7,"MessageType":"TestSession.Message","Payload":{"MessageLevel":0,"Message":"Running all tests in C:\\Users\\Lenovo\\source\\repos\\Back-End Technologies Basics - 01.2024\\13. Exercise Testing API Controllers\\Homies.Tests\\bin\\Debug\\net6.0\\fine-code-coverage\\build-output\\Homies.Tests.dll"}}
TpTrace Verbose: 0 : 18012, 7, 2024/02/16, 12:36:30.657, 1544417987270, vstest.console.dll, TestRunRequest:SendTestRunMessage: Starting.
TpTrace Verbose: 0 : 18012, 4, 2024/02/16, 12:36:30.657, 1544417989188, vstest.console.dll, MulticastDelegateUtilities.SafeInvoke: InternalTestLoggerEvents.SendTestRunMessage: Invoking callback 1/1 for Microsoft.VisualStudio.TestPlatform.CommandLine.Internal.ConsoleLogger., took 0 ms.
TpTrace Verbose: 0 : 18012, 7, 2024/02/16, 12:36:30.657, 1544417989908, vstest.console.dll, MulticastDelegateUtilities.SafeInvoke: TestRun.LogMessages: Invoking callback 1/1 for Microsoft.VisualStudio.TestPlatform.CommandLine.TestRunResultAggregator., took 0 ms.
TpTrace Information: 0 : 18012, 7, 2024/02/16, 12:36:30.658, 1544417994518, vstest.console.dll, TestRunRequest:SendTestRunMessage: Completed.
TpTrace Verbose: 0 : 18012, 7, 2024/02/16, 12:36:30.658, 1544417995298, vstest.console.dll, MulticastDelegateUtilities.SafeInvoke: LengthPrefixCommunicationChannel: MessageReceived: Invoking callback 1/1 for Microsoft.VisualStudio.TestPlatform.CommunicationUtilities.TestRequestSender+<>c__DisplayClass34_0., took 1 ms.
TpTrace Verbose: 0 : 18012, 7, 2024/02/16, 12:36:30.658, 1544417996024, vstest.console.dll, TcpClientExtensions.MessageLoopAsync: Polling on remoteEndPoint: 127.0.0.1:53322 localEndPoint: 127.0.0.1:53321 after 66 ms
TpTrace Verbose: 0 : 18012, 7, 2024/02/16, 12:36:30.962, 1544421035081, vstest.console.dll, TcpClientExtensions.MessageLoopAsync: NotifyDataAvailable remoteEndPoint: 127.0.0.1:53322 localEndPoint: 127.0.0.1:53321
TpTrace Verbose: 0 : 18012, 7, 2024/02/16, 12:36:30.962, 1544421037829, vstest.console.dll, TestRequestSender.OnExecutionMessageReceived: Received message: {"Version":7,"MessageType":"TestSession.Message","Payload":{"MessageLevel":0,"Message":"   NUnit3TestExecutor discovered 5 of 5 NUnit test cases using Current Discovery mode, Non-Explicit run"}}
TpTrace Verbose: 0 : 18012, 7, 2024/02/16, 12:36:30.963, 1544421041355, vstest.console.dll, TestRunRequest:SendTestRunMessage: Starting.
TpTrace Verbose: 0 : 18012, 7, 2024/02/16, 12:36:30.963, 1544421042783, vstest.console.dll, MulticastDelegateUtilities.SafeInvoke: TestRun.LogMessages: Invoking callback 1/1 for Microsoft.VisualStudio.TestPlatform.CommandLine.TestRunResultAggregator., took 0 ms.
TpTrace Verbose: 0 : 18012, 4, 2024/02/16, 12:36:30.963, 1544421043327, vstest.console.dll, MulticastDelegateUtilities.SafeInvoke: InternalTestLoggerEvents.SendTestRunMessage: Invoking callback 1/1 for Microsoft.VisualStudio.TestPlatform.CommandLine.Internal.ConsoleLogger., took 0 ms.
TpTrace Information: 0 : 18012, 7, 2024/02/16, 12:36:30.963, 1544421043710, vstest.console.dll, TestRunRequest:SendTestRunMessage: Completed.
TpTrace Verbose: 0 : 18012, 7, 2024/02/16, 12:36:30.963, 1544421045903, vstest.console.dll, MulticastDelegateUtilities.SafeInvoke: LengthPrefixCommunicationChannel: MessageReceived: Invoking callback 1/1 for Microsoft.VisualStudio.TestPlatform.CommunicationUtilities.TestRequestSender+<>c__DisplayClass34_0., took 0 ms.
TpTrace Verbose: 0 : 18012, 7, 2024/02/16, 12:36:30.963, 1544421046678, vstest.console.dll, TcpClientExtensions.MessageLoopAsync: Polling on remoteEndPoint: 127.0.0.1:53322 localEndPoint: 127.0.0.1:53321 after 304 ms
TpTrace Verbose: 0 : 18012, 7, 2024/02/16, 12:36:31.646, 1544427873970, vstest.console.dll, TcpClientExtensions.MessageLoopAsync: NotifyDataAvailable remoteEndPoint: 127.0.0.1:53322 localEndPoint: 127.0.0.1:53321
TpTrace Verbose: 0 : 18012, 7, 2024/02/16, 12:36:31.646, 1544427876130, vstest.console.dll, TestRequestSender.OnExecutionMessageReceived: Received message: {"Version":7,"MessageType":"TestSession.Message","Payload":{"MessageLevel":0,"Message":"NUnit Adapter 4.4.0.0: Test execution complete"}}
TpTrace Verbose: 0 : 18012, 7, 2024/02/16, 12:36:31.646, 1544427878275, vstest.console.dll, TestRunRequest:SendTestRunMessage: Starting.
TpTrace Verbose: 0 : 18012, 7, 2024/02/16, 12:36:31.646, 1544427879750, vstest.console.dll, MulticastDelegateUtilities.SafeInvoke: TestRun.LogMessages: Invoking callback 1/1 for Microsoft.VisualStudio.TestPlatform.CommandLine.TestRunResultAggregator., took 0 ms.
TpTrace Verbose: 0 : 18012, 4, 2024/02/16, 12:36:31.646, 1544427880228, vstest.console.dll, MulticastDelegateUtilities.SafeInvoke: InternalTestLoggerEvents.SendTestRunMessage: Invoking callback 1/1 for Microsoft.VisualStudio.TestPlatform.CommandLine.Internal.ConsoleLogger., took 0 ms.
TpTrace Information: 0 : 18012, 7, 2024/02/16, 12:36:31.646, 1544427880672, vstest.console.dll, TestRunRequest:SendTestRunMessage: Completed.
TpTrace Verbose: 0 : 18012, 7, 2024/02/16, 12:36:31.647, 1544427884103, vstest.console.dll, MulticastDelegateUtilities.SafeInvoke: LengthPrefixCommunicationChannel: MessageReceived: Invoking callback 1/1 for Microsoft.VisualStudio.TestPlatform.CommunicationUtilities.TestRequestSender+<>c__DisplayClass34_0., took 0 ms.
TpTrace Verbose: 0 : 18012, 7, 2024/02/16, 12:36:31.647, 1544427884881, vstest.console.dll, TcpClientExtensions.MessageLoopAsync: Polling on remoteEndPoint: 127.0.0.1:53322 localEndPoint: 127.0.0.1:53321 after 683 ms
TpTrace Verbose: 0 : 18012, 7, 2024/02/16, 12:36:31.753, 1544428949728, vstest.console.dll, TcpClientExtensions.MessageLoopAsync: NotifyDataAvailable remoteEndPoint: 127.0.0.1:53322 localEndPoint: 127.0.0.1:53321
TpTrace Verbose: 0 : 18012, 7, 2024/02/16, 12:36:31.754, 1544428955601, vstest.console.dll, TestRequestSender.OnExecutionMessageReceived: Received message: {"Version":7,"MessageType":"TestExecution.Completed","Payload":{"TestRunCompleteArgs":{"TestRunStatistics":{"ExecutedTests":5,"Stats":{"Failed":5}},"IsCanceled":false,"IsAborted":false,"Error":null,"AttachmentSets":[],"InvokedDataCollectors":[],"ElapsedTimeInRunningTests":"00:00:01.1218685","Metrics":{},"DiscoveredExtensions":{"TestDiscoverers":["NUnit.VisualStudio.TestAdapter.NUnit3TestDiscoverer, NUnit3.TestAdapter, Version=4.4.0.0, Culture=neutral, PublicKeyToken=4cb40d35494691ac"],"TestExecutors":["executor://NUnit3TestExecutor"],"TestExecutors2":[],"TestSettingsProviders":[]}},"LastRunTests":{"NewTestResults":[{"TestCase":{"Id":"80fac018-cb1c-e952-8ae6-cd15e1afe268","FullyQualifiedName":"Homies.Tests.EventControllerTests.Add_ReturnsViewResult","DisplayName":"Add_ReturnsViewResult","ExecutorUri":"executor://NUnit3TestExecutor","Source":"C:\\Users\\Lenovo\\source\\repos\\Back-End Technologies Basics - 01.2024\\13. Exercise Testing API Controllers\\Homies.Tests\\bin\\Debug\\net6.0\\fine-code-coverage\\build-output\\Homies.Tests.dll","CodeFilePath":null,"LineNumber":0,"Properties":[{"Key":{"Id":"NUnit.Seed","Label":"Seed","Category":"","Description":"","Attributes":0,"ValueType":"System.String"},"Value":"472229348"}]},"Attachments":[],"Outcome":2,"ErrorMessage":"System.NotImplementedException : The method or operation is not implemented.","ErrorStackTrace":"   at Homies.Tests.EventControllerTests.Add_ReturnsViewResult() in C:\\Users\\Lenovo\\source\\repos\\Back-End Technologies Basics - 01.2024\\13. Exercise Testing API Controllers\\Homies.Tests\\EventControllerTests.cs:line 40\r\n   at NUnit.Framework.Internal.TaskAwaitAdapter.GenericAdapter`1.GetResult()\r\n   at NUnit.Framework.Internal.AsyncToSyncAdapter.Await(Func`1 invoke)\r\n   at NUnit.Framework.Internal.Commands.TestMethodCommand.RunTestMethod(TestExecutionContext context)\r\n   at NUnit.Framework.Internal.Commands.TestMethodCommand.Execute(TestExecutionContext context)\r\n   at NUnit.Framework.Internal.Commands.BeforeAndAfterTestCommand.<>c__DisplayClass1_0.<Execute>b__0()\r\n   at NUnit.Framework.Internal.Commands.DelegatingTestCommand.RunTestMethodInThreadAbortSafeZone(TestExecutionContext context, Action action)\n","DisplayName":"Add_ReturnsViewResult","Messages":[],"ComputerName":"DESKTOP-23QTAUK","Duration":"00:00:00.2427060","StartTime":"2024-02-16T10:36:31.0266567+00:00","EndTime":"2024-02-16T10:36:31.2691127+00:00","Properties":[{"Key":{"Id":"NUnit.Seed","Label":"Seed","Category":"","Description":"","Attributes":0,"ValueType":"System.String"},"Value":"472229348"}]},{"TestCase":{"Id":"f59404ff-4e5c-ceca-418c-9352b66b0d22","FullyQualifiedName":"Homies.Tests.EventControllerTests.Join_UserAlreadyJoined_ReturnsRedirectToActionResult","DisplayName":"Join_UserAlreadyJoined_ReturnsRedirectToActionResult","ExecutorUri":"executor://NUnit3TestExecutor","Source":"C:\\Users\\Lenovo\\source\\repos\\Back-End Technologies Basics - 01.2024\\13. Exercise Testing API Controllers\\Homies.Tests\\bin\\Debug\\net6.0\\fine-code-coverage\\build-output\\Homies.Tests.dll","CodeFilePath":null,"LineNumber":0,"Properties":[{"Key":{"Id":"NUnit.Seed","Label":"Seed","Category":"","Description":"","Attributes":0,"ValueType":"System.String"},"Value":"1612635154"}]},"Attachments":[],"Outcome":2,"ErrorMessage":"System.NotImplementedException : The method or operation is not implemented.","ErrorStackTrace":"   at Homies.Tests.EventControllerTests.Join_UserAlreadyJoined_ReturnsRedirectToActionResult() in C:\\Users\\Lenovo\\source\\repos\\Back-End Technologies Basics - 01.2024\\13. Exercise Testing API Controllers\\Homies.Tests\\EventControllerTests.cs:line 91\r\n   at NUnit.Framework.Internal.TaskAwaitAdapter.GenericAdapter`1.GetResult()\r\n   at NUnit.Framework.Internal.AsyncToSyncAdapter.Await(Func`1 invoke)\r\n   at NUnit.Framework.Internal.Commands.TestMethodCommand.RunTestMethod(TestExecutionContext context)\r\n   at NUnit.Framework.Internal.Commands.TestMethodCommand.Execute(TestExecutionContext context)\r\n   at NUnit.Framework.Internal.Commands.BeforeAndAfterTestCommand.<>c__DisplayClass1_0.<Execute>b__0()\r\n   at NUnit.Framework.Internal.Commands.DelegatingTestCommand.RunTestMethodInThreadAbortSafeZone(TestExecutionContext context, Action action)\n","DisplayName":"Join_UserAlreadyJoined_ReturnsRedirectToActionResult","Messages":[],"ComputerName":"DESKTOP-23QTAUK","Duration":"00:00:00.0037130","StartTime":"2024-02-16T10:36:31.2737424+00:00","EndTime":"2024-02-16T10:36:31.2774554+00:00","Properties":[{"Key":{"Id":"NUnit.Seed","Label":"Seed","Category":"","Description":"","Attributes":0,"ValueType":"System.String"},"Value":"1612635154"}]},{"TestCase":{"Id":"97d7154c-aa21-ea38-29f1-bf4ad80bd0f2","FullyQualifiedName":"Homies.Tests.EventControllerTests.Join_UserNotJoined_ReturnsRedirectToActionResult","DisplayName":"Join_UserNotJoined_ReturnsRedirectToActionResult","ExecutorUri":"executor://NUnit3TestExecutor","Source":"C:\\Users\\Lenovo\\source\\repos\\Back-End Technologies Basics - 01.2024\\13. Exercise Testing API Controllers\\Homies.Tests\\bin\\Debug\\net6.0\\fine-code-coverage\\build-output\\Homies.Tests.dll","CodeFilePath":null,"LineNumber":0,"Properties":[{"Key":{"Id":"NUnit.Seed","Label":"Seed","Category":"","Description":"","Attributes":0,"ValueType":"System.String"},"Value":"1047501656"}]},"Attachments":[],"Outcome":2,"ErrorMessage":"System.NotImplementedException : The method or operation is not implemented.","ErrorStackTrace":"   at Homies.Tests.EventControllerTests.Join_UserNotJoined_ReturnsRedirectToActionResult() in C:\\Users\\Lenovo\\source\\repos\\Back-End Technologies Basics - 01.2024\\13. Exercise Testing API Controllers\\Homies.Tests\\EventControllerTests.cs:line 68\r\n   at NUnit.Framework.Internal.TaskAwaitAdapter.GenericAdapter`1.GetResult()\r\n   at NUnit.Framework.Internal.AsyncToSyncAdapter.Await(Func`1 invoke)\r\n   at NUnit.Framework.Internal.Commands.TestMethodCommand.RunTestMethod(TestExecutionContext context)\r\n   at NUnit.Framework.Internal.Commands.TestMethodCommand.Execute(TestExecutionContext context)\r\n   at NUnit.Framework.Internal.Commands.BeforeAndAfterTestCommand.<>c__DisplayClass1_0.<Execute>b__0()\r\n   at NUnit.Framework.Internal.Commands.DelegatingTestCommand.RunTestMethodInThreadAbortSafeZone(TestExecutionContext context, Action action)\n","DisplayName":"Join_UserNotJoined_ReturnsRedirectToActionResult","Messages":[],"ComputerName":"DESKTOP-23QTAUK","Duration":"00:00:00.0011750","StartTime":"2024-02-16T10:36:31.2774976+00:00","EndTime":"2024-02-16T10:36:31.278672+00:00","Properties":[{"Key":{"Id":"NUnit.Seed","Label":"Seed","Category":"","Description":"","Attributes":0,"ValueType":"System.String"},"Value":"1047501656"}]},{"TestCase":{"Id":"ebd91602-ad94-2c23-e38f-cb0b1361d3e8","FullyQualifiedName":"Homies.Tests.EventServiceTests.AddEventAsync_ShouldAddEvent_WhenValidEventModelAndUserId","DisplayName":"AddEventAsync_ShouldAddEvent_WhenValidEventModelAndUserId","ExecutorUri":"executor://NUnit3TestExecutor","Source":"C:\\Users\\Lenovo\\source\\repos\\Back-End Technologies Basics - 01.2024\\13. Exercise Testing API Controllers\\Homies.Tests\\bin\\Debug\\net6.0\\fine-code-coverage\\build-output\\Homies.Tests.dll","CodeFilePath":null,"LineNumber":0,"Properties":[{"Key":{"Id":"NUnit.Seed","Label":"Seed","Category":"","Description":"","Attributes":0,"ValueType":"System.String"},"Value":"1981198480"}]},"Attachments":[],"Outcome":2,"ErrorMessage":"System.NotImplementedException : The method or operation is not implemented.","ErrorStackTrace":"   at Homies.Tests.EventServiceTests.AddEventAsync_ShouldAddEvent_WhenValidEventModelAndUserId() in C:\\Users\\Lenovo\\source\\repos\\Back-End Technologies Basics - 01.2024\\13. Exercise Testing API Controllers\\Homies.Tests\\EventServiceTests.cs:line 51\r\n   at NUnit.Framework.Internal.TaskAwaitAdapter.GenericAdapter`1.GetResult()\r\n   at NUnit.Framework.Internal.AsyncToSyncAdapter.Await(Func`1 invoke)\r\n   at NUnit.Framework.Internal.Commands.TestMethodCommand.RunTestMethod(TestExecutionContext context)\r\n   at NUnit.Framework.Internal.Commands.TestMethodCommand.Execute(TestExecutionContext context)\r\n   at NUnit.Framework.Internal.Commands.BeforeAndAfterTestCommand.<>c__DisplayClass1_0.<Execute>b__0()\r\n   at NUnit.Framework.Internal.Commands.DelegatingTestCommand.RunTestMethodInThreadAbortSafeZone(TestExecutionContext context, Action action)\n","DisplayName":"AddEventAsync_ShouldAddEvent_WhenValidEventModelAndUserId","Messages":[],"ComputerName":"DESKTOP-23QTAUK","Duration":"00:00:00.3344130","StartTime":"2024-02-16T10:36:31.2846166+00:00","EndTime":"2024-02-16T10:36:31.6190292+00:00","Properties":[{"Key":{"Id":"NUnit.Seed","Label":"Seed","Category":"","Description":"","Attributes":0,"ValueType":"System.String"},"Value":"1981198480"}]},{"TestCase":{"Id":"e41f9841-c7c7-3c9d-85a8-e95b848df854","FullyQualifiedName":"Homies.Tests.EventServiceTests.GetAllEventsAsync_ShouldReturnAllEvents","DisplayName":"GetAllEventsAsync_ShouldReturnAllEvents","ExecutorUri":"executor://NUnit3TestExecutor","Source":"C:\\Users\\Lenovo\\source\\repos\\Back-End Technologies Basics - 01.2024\\13. Exercise Testing API Controllers\\Homies.Tests\\bin\\Debug\\net6.0\\fine-code-coverage\\build-output\\Homies.Tests.dll","CodeFilePath":null,"LineNumber":0,"Properties":[{"Key":{"Id":"NUnit.Seed","Label":"Seed","Category":"","Description":"","Attributes":0,"ValueType":"System.String"},"Value":"364680740"}]},"Attachments":[],"Outcome":2,"ErrorMessage":"System.NotImplementedException : The method or operation is not implemented.","ErrorStackTrace":"   at Homies.Tests.EventServiceTests.GetAllEventsAsync_ShouldReturnAllEvents() in C:\\Users\\Lenovo\\source\\repos\\Back-End Technologies Basics - 01.2024\\13. Exercise Testing API Controllers\\Homies.Tests\\EventServiceTests.cs:line 72\r\n   at NUnit.Framework.Internal.TaskAwaitAdapter.GenericAdapter`1.GetResult()\r\n   at NUnit.Framework.Internal.AsyncToSyncAdapter.Await(Func`1 invoke)\r\n   at NUnit.Framework.Internal.Commands.TestMethodCommand.RunTestMethod(TestExecutionContext context)\r\n   at NUnit.Framework.Internal.Commands.TestMethodCommand.Execute(TestExecutionContext context)\r\n   at NUnit.Framework.Internal.Commands.BeforeAndAfterTestCommand.<>c__DisplayClass1_0.<Execute>b__0()\r\n   at NUnit.Framework.Internal.Commands.DelegatingTestCommand.RunTestMethodInThreadAbortSafeZone(TestExecutionContext context, Action action)\n","DisplayName":"GetAllEventsAsync_ShouldReturnAllEvents","Messages":[],"ComputerName":"DESKTOP-23QTAUK","Duration":"00:00:00.0143920","StartTime":"2024-02-16T10:36:31.6190782+00:00","EndTime":"2024-02-16T10:36:31.63347+00:00","Properties":[{"Key":{"Id":"NUnit.Seed","Label":"Seed","Category":"","Description":"","Attributes":0,"ValueType":"System.String"},"Value":"364680740"}]}],"TestRunStatistics":{"ExecutedTests":5,"Stats":{"Failed":5}},"ActiveTests":[]},"RunAttachments":[],"ExecutorUris":["executor://nunit3testexecutor/"]}}
TpTrace Verbose: 0 : 18012, 7, 2024/02/16, 12:36:31.754, 1544428960876, vstest.console.dll, TestRequestSender.EndSession: Sending end session.
TpTrace Verbose: 0 : 18012, 7, 2024/02/16, 12:36:31.755, 1544428964028, vstest.console.dll, ProxyOperationManager.Close: waiting for test host to exit for 100 ms
TpTrace Verbose: 0 : 18012, 11, 2024/02/16, 12:36:31.795, 1544429365062, vstest.console.dll, TestHostManagerCallbacks.ctor: Experimental forwarding output is disabled.
TpTrace Warning: 0 : 18012, 11, 2024/02/16, 12:36:31.795, 1544429366609, vstest.console.dll, TestHostManagerCallbacks.ErrorReceivedCallback Test host standard error line: 
TpTrace Verbose: 0 : 18012, 11, 2024/02/16, 12:36:31.814, 1544429557320, vstest.console.dll, TestHostProvider.ExitCallBack: Host exited starting callback.
TpTrace Information: 0 : 18012, 11, 2024/02/16, 12:36:31.814, 1544429559476, vstest.console.dll, TestHostManagerCallbacks.ExitCallBack: Testhost processId: 11992 exited with exitcode: 0 error: ''
TpTrace Verbose: 0 : 18012, 11, 2024/02/16, 12:36:31.814, 1544429560308, vstest.console.dll, DotnetTestHostManager.OnHostExited: invoking OnHostExited callback
TpTrace Verbose: 0 : 18012, 11, 2024/02/16, 12:36:31.815, 1544429561244, vstest.console.dll, CrossPlatEngine.TestHostManagerHostExited: calling on client process exit callback.
TpTrace Information: 0 : 18012, 11, 2024/02/16, 12:36:31.815, 1544429562223, vstest.console.dll, TestRequestSender.OnClientProcessExit: Test host process exited. Standard error: 
TpTrace Information: 0 : 18012, 11, 2024/02/16, 12:36:31.815, 1544429563089, vstest.console.dll, SocketServer.Stop: Stop server endPoint: 127.0.0.1:53321
TpTrace Information: 0 : 18012, 11, 2024/02/16, 12:36:31.815, 1544429564118, vstest.console.dll, SocketServer.Stop: Cancellation requested. Stopping message loop.
TpTrace Information: 0 : 18012, 7, 2024/02/16, 12:36:31.815, 1544429562829, vstest.console.dll, SocketServer.Stop: Stop server endPoint: 127.0.0.1:53321
TpTrace Information: 0 : 18012, 7, 2024/02/16, 12:36:31.815, 1544429566130, vstest.console.dll, SocketServer.Stop: Cancellation requested. Stopping message loop.
TpTrace Verbose: 0 : 18012, 11, 2024/02/16, 12:36:31.815, 1544429566107, vstest.console.dll, MulticastDelegateUtilities.SafeInvoke: HostProviderEvents.OnHostExited: Invoking callback 1/1 for Microsoft.VisualStudio.TestPlatform.CrossPlatEngine.Client.ProxyOperationManager., took 0 ms.
TpTrace Information: 0 : 18012, 7, 2024/02/16, 12:36:31.815, 1544429567175, vstest.console.dll, Closing the connection
TpTrace Verbose: 0 : 18012, 7, 2024/02/16, 12:36:31.816, 1544429571642, vstest.console.dll, ProxyDataCollectionManager.InvokeDataCollectionServiceAction: Starting.
TpTrace Information: 0 : 18012, 7, 2024/02/16, 12:36:31.816, 1544429572554, vstest.console.dll, ProxyDataCollectionManager.AfterTestRunEnd: Get attachment set and invoked data collectors processId: 17692 port: 53318
TpTrace Verbose: 0 : 18012, 7, 2024/02/16, 12:36:31.816, 1544429573867, vstest.console.dll, DataCollectionRequestSender.SendAfterTestRunStartAndGetResult: Send AfterTestRunEnd message with isCancelled: False
TpTrace Verbose: 0 : 18012, 7, 2024/02/16, 12:36:31.827, 1544429683780, vstest.console.dll, DataCollectionRequestSender.SendAfterTestRunStartAndGetResult: Received message: (DataCollection.AfterTestRunEndResult) -> {"MessageType":"DataCollection.AfterTestRunEndResult","Payload":{"AttachmentSets":[],"InvokedDataCollectors":[{"Uri":"datacollector://Microsoft/TestPlatform/Extensions/Blame/v1","FriendlyName":"Blame","AssemblyQualifiedName":"Microsoft.TestPlatform.Extensions.BlameDataCollector.BlameCollector, Microsoft.TestPlatform.Extensions.BlameDataCollector, Version=15.0.0.0, Culture=neutral, PublicKeyToken=b03f5f7f11d50a3a","FilePath":"C:\\Program Files\\dotnet\\sdk\\8.0.200\\Extensions\\Microsoft.TestPlatform.Extensions.BlameDataCollector.dll","HasAttachmentProcessor":false}],"Metrics":{}}}
TpTrace Warning: 0 : 18012, 10, 2024/02/16, 12:36:31.836, 1544429771993, vstest.console.dll, DataCollectionLauncher.ErrorReceivedCallback datacollector standard error line: 
TpTrace Information: 0 : 18012, 7, 2024/02/16, 12:36:31.837, 1544429784285, vstest.console.dll, ProxyDataCollectionManager.InvokeDataCollectionServiceAction: Completed.
TpTrace Information: 0 : 18012, 10, 2024/02/16, 12:36:31.853, 1544429948946, vstest.console.dll, DataCollectionLauncher.ExitCallBack: Data collector exited with exitcode: 0 error: ''
TpTrace Verbose: 0 : 18012, 7, 2024/02/16, 12:36:31.946, 1544430875861, vstest.console.dll, TestRunRequest:SendTestRunStatsChange: Starting.
TpTrace Verbose: 0 : 18012, 7, 2024/02/16, 12:36:31.946, 1544430879398, vstest.console.dll, MulticastDelegateUtilities.SafeInvoke: TestRun.RunStatsChanged: Invoking callbacks was skipped because there are no subscribers.
TpTrace Information: 0 : 18012, 7, 2024/02/16, 12:36:31.946, 1544430880221, vstest.console.dll, TestRunRequest:SendTestRunStatsChange: Completed.
TpTrace Verbose: 0 : 18012, 7, 2024/02/16, 12:36:31.947, 1544430885066, vstest.console.dll, ParallelProxyExecutionManager: HandlePartialRunComplete: Total workloads = 1, Total started clients = 1 Total completed clients = 1, Run complete = True, Run canceled: False.
TpTrace Verbose: 0 : 18012, 7, 2024/02/16, 12:36:31.947, 1544430885902, vstest.console.dll, ParallelProxyExecutionManager: HandlePartialRunComplete: All runs completed stopping all managers.
TpTrace Verbose: 0 : 18012, 7, 2024/02/16, 12:36:31.947, 1544430886569, vstest.console.dll, ParallelOperationManager.StopAllManagers: Stopping all managers.
TpTrace Verbose: 0 : 18012, 7, 2024/02/16, 12:36:31.947, 1544430887174, vstest.console.dll, ParallelOperationManager.ClearSlots: Clearing all slots. Slots should accept more work: False
TpTrace Verbose: 0 : 18012, 7, 2024/02/16, 12:36:31.947, 1544430888195, vstest.console.dll, ParallelOperationManager.SetOccupiedSlotCount: Setting slot counts AvailableSlotCount = 3, OccupiedSlotCount = 0.
TpTrace Verbose: 0 : 18012, 7, 2024/02/16, 12:36:31.947, 1544430889237, vstest.console.dll, Occupied slots:

TpTrace Verbose: 0 : 18012, 4, 2024/02/16, 12:36:31.950, 1544430912687, vstest.console.dll, MulticastDelegateUtilities.SafeInvoke: InternalTestLoggerEvents.SendTestResult: Invoking callback 1/1 for Microsoft.VisualStudio.TestPlatform.CommandLine.Internal.ConsoleLogger., took 3 ms.
TpTrace Verbose: 0 : 18012, 4, 2024/02/16, 12:36:31.950, 1544430919989, vstest.console.dll, MulticastDelegateUtilities.SafeInvoke: InternalTestLoggerEvents.SendTestResult: Invoking callback 1/1 for Microsoft.VisualStudio.TestPlatform.CommandLine.Internal.ConsoleLogger., took 0 ms.
TpTrace Verbose: 0 : 18012, 4, 2024/02/16, 12:36:31.951, 1544430924348, vstest.console.dll, MulticastDelegateUtilities.SafeInvoke: InternalTestLoggerEvents.SendTestResult: Invoking callback 1/1 for Microsoft.VisualStudio.TestPlatform.CommandLine.Internal.ConsoleLogger., took 0 ms.
TpTrace Verbose: 0 : 18012, 4, 2024/02/16, 12:36:31.951, 1544430929045, vstest.console.dll, MulticastDelegateUtilities.SafeInvoke: InternalTestLoggerEvents.SendTestResult: Invoking callback 1/1 for Microsoft.VisualStudio.TestPlatform.CommandLine.Internal.ConsoleLogger., took 0 ms.
TpTrace Verbose: 0 : 18012, 4, 2024/02/16, 12:36:31.952, 1544430933390, vstest.console.dll, MulticastDelegateUtilities.SafeInvoke: InternalTestLoggerEvents.SendTestResult: Invoking callback 1/1 for Microsoft.VisualStudio.TestPlatform.CommandLine.Internal.ConsoleLogger., took 0 ms.
TpTrace Verbose: 0 : 18012, 4, 2024/02/16, 12:36:31.963, 1544431050478, vstest.console.dll, MulticastDelegateUtilities.SafeInvoke: InternalTestLoggerEvents.SendTestRunComplete: Invoking callback 1/2 for Microsoft.TestPlatform.Extensions.BlameDataCollector.BlameLogger., took 0 ms.
TpTrace Verbose: 0 : 18012, 4, 2024/02/16, 12:36:31.973, 1544431150348, vstest.console.dll, MulticastDelegateUtilities.SafeInvoke: InternalTestLoggerEvents.SendTestRunComplete: Invoking callback 2/2 for Microsoft.VisualStudio.TestPlatform.CommandLine.Internal.ConsoleLogger., took 9 ms.
TpTrace Verbose: 0 : 18012, 7, 2024/02/16, 12:36:31.974, 1544431155732, vstest.console.dll, TestRunRequest:TestRunComplete: Starting. IsAborted:False IsCanceled:False.
TpTrace Verbose: 0 : 18012, 7, 2024/02/16, 12:36:31.974, 1544431158410, vstest.console.dll, ParallelOperationManager.DoActionOnAllManagers: Calling an action on all managers.
TpTrace Verbose: 0 : 18012, 7, 2024/02/16, 12:36:31.976, 1544431178293, vstest.console.dll, TestLoggerManager.HandleTestRunComplete: Ignoring as the object is disposed.
TpTrace Verbose: 0 : 18012, 7, 2024/02/16, 12:36:31.977, 1544431181495, vstest.console.dll, MulticastDelegateUtilities.SafeInvoke: TestRun.TestRunComplete: Invoking callback 1/2 for Microsoft.VisualStudio.TestPlatform.CommandLine.TestRunResultAggregator., took 0 ms.
TpTrace Verbose: 0 : 18012, 7, 2024/02/16, 12:36:31.977, 1544431183624, vstest.console.dll, MulticastDelegateUtilities.SafeInvoke: TestRun.TestRunComplete: Invoking callback 2/2 for Microsoft.VisualStudio.TestPlatform.CommandLine.Processors.RunTestsArgumentExecutor+TestRunRequestEventsRegistrar., took 0 ms.
TpTrace Information: 0 : 18012, 7, 2024/02/16, 12:36:31.977, 1544431185352, vstest.console.dll, TestRunRequest:TestRunComplete: Completed.
TpTrace Verbose: 0 : 18012, 1, 2024/02/16, 12:36:31.977, 1544431185608, vstest.console.dll, TestRunRequest.Dispose: Starting.
TpTrace Verbose: 0 : 18012, 7, 2024/02/16, 12:36:31.977, 1544431186254, vstest.console.dll, TestRequestSender.SetOperationComplete: Setting operation complete.
TpTrace Information: 0 : 18012, 1, 2024/02/16, 12:36:31.977, 1544431187519, vstest.console.dll, TestRunRequest.Dispose: Completed.
TpTrace Information: 0 : 18012, 7, 2024/02/16, 12:36:31.977, 1544431188615, vstest.console.dll, SocketServer.Stop: Stop server endPoint: 127.0.0.1:53321
TpTrace Information: 0 : 18012, 1, 2024/02/16, 12:36:31.977, 1544431189832, vstest.console.dll, TestRequestManager.RunTests: run tests completed.
TpTrace Information: 0 : 18012, 7, 2024/02/16, 12:36:31.977, 1544431190597, vstest.console.dll, SocketServer.Stop: Cancellation requested. Stopping message loop.
TpTrace Information: 0 : 18012, 1, 2024/02/16, 12:36:31.978, 1544431192578, vstest.console.dll, RunTestsArgumentProcessor:Execute: Test run is completed.
TpTrace Verbose: 0 : 18012, 7, 2024/02/16, 12:36:31.978, 1544431192691, vstest.console.dll, MulticastDelegateUtilities.SafeInvoke: LengthPrefixCommunicationChannel: MessageReceived: Invoking callback 1/1 for Microsoft.VisualStudio.TestPlatform.CommunicationUtilities.TestRequestSender+<>c__DisplayClass34_0., took 223 ms.
TpTrace Information: 0 : 18012, 7, 2024/02/16, 12:36:31.978, 1544431194558, vstest.console.dll, SocketServer.PrivateStop: Stopping server endPoint: 127.0.0.1:53321 error: 
TpTrace Verbose: 0 : 18012, 1, 2024/02/16, 12:36:31.978, 1544431196007, vstest.console.dll, Executor.Execute: Exiting with exit code of 1
TpTrace Verbose: 0 : 18012, 7, 2024/02/16, 12:36:31.979, 1544431201481, vstest.console.dll, LengthPrefixCommunicationChannel.Dispose: Dispose reader and writer.
TpTrace Information: 0 : 18012, 7, 2024/02/16, 12:36:31.979, 1544431202746, vstest.console.dll, SocketServer.Stop: Raise disconnected event endPoint: 127.0.0.1:53321 error: 
