TpTrace Verbose: 0 : 1704, 1, 2024/02/23, 18:20:23.769, 7799486387397, vstest.console.dll, Version: 17.9.0-release-23627-01 Current process architecture: X64
TpTrace Verbose: 0 : 1704, 1, 2024/02/23, 18:20:23.775, 7799486448754, vstest.console.dll, Runtime location: C:\Program Files\dotnet\shared\Microsoft.NETCore.App\8.0.2
TpTrace Verbose: 0 : 1704, 1, 2024/02/23, 18:20:23.780, 7799486497706, vstest.console.dll, ArtifactProcessingPostProcessModeProcessorExecutor.Initialize: ArtifactProcessingMode.Collect
TpTrace Verbose: 0 : 1704, 1, 2024/02/23, 18:20:23.781, 7799486500038, vstest.console.dll, TestSessionCorrelationIdProcessorModeProcessorExecutor.Initialize: TestSessionCorrelationId '13252_71fe92d8-4b8b-42ac-866b-8d79b08574e7'
TpTrace Information: 0 : 1704, 1, 2024/02/23, 18:20:23.794, 7799486636509, vstest.console.dll, FilePatternParser: The given file C:\Users\Lenovo\source\repos\Back-End Technologies Basics - 01.2024\09. Exercises Integration Testing - part 1\LibroConsoleAPI\LibroConsoleAPI.IntegrationTests\bin\Debug\net6.0\fine-code-coverage\build-output\LibroConsoleAPI.IntegrationTests.XUnit.dll is a full path.
TpTrace Verbose: 0 : 1704, 1, 2024/02/23, 18:20:23.805, 7799486745298, vstest.console.dll, TestPluginCache.DiscoverTestExtensions: finding test extensions in assemblies ends with: RuntimeProvider.dll TPluginInfo: Microsoft.VisualStudio.TestPlatform.Common.ExtensionFramework.Utilities.TestRuntimePluginInformation TExtension: Microsoft.VisualStudio.TestPlatform.ObjectModel.Host.ITestRuntimeProvider
TpTrace Verbose: 0 : 1704, 1, 2024/02/23, 18:20:23.806, 7799486751714, vstest.console.dll, TestPluginCache.GetExtensionPaths: Filtered extension paths: 
TpTrace Verbose: 0 : 1704, 1, 2024/02/23, 18:20:23.806, 7799486753578, vstest.console.dll, TestPluginCache.GetExtensionPaths: Added default extension paths: C:\Program Files\dotnet\sdk\8.0.200\Extensions\Microsoft.Diagnostics.NETCore.Client.dll
C:\Program Files\dotnet\sdk\8.0.200\Extensions\Microsoft.TestPlatform.Extensions.BlameDataCollector.dll
C:\Program Files\dotnet\sdk\8.0.200\Extensions\Microsoft.TestPlatform.Extensions.EventLogCollector.dll
C:\Program Files\dotnet\sdk\8.0.200\Extensions\Microsoft.TestPlatform.TestHostRuntimeProvider.dll
C:\Program Files\dotnet\sdk\8.0.200\Extensions\Microsoft.VisualStudio.TestPlatform.Extensions.Html.TestLogger.dll
C:\Program Files\dotnet\sdk\8.0.200\Extensions\Microsoft.VisualStudio.TestPlatform.Extensions.Trx.TestLogger.dll
TpTrace Verbose: 0 : 1704, 1, 2024/02/23, 18:20:23.806, 7799486754620, vstest.console.dll, TestPluginCache.GetExtensionPaths: Added unfilterableExtensionPaths: 
TpTrace Information: 0 : 1704, 1, 2024/02/23, 18:20:23.807, 7799486767870, vstest.console.dll, AssemblyResolver.ctor: Creating AssemblyResolver with searchDirectories C:\Program Files\dotnet\sdk\8.0.200\Extensions,C:\Program Files\dotnet\sdk\8.0.200
TpTrace Verbose: 0 : 1704, 1, 2024/02/23, 18:20:23.810, 7799486793652, vstest.console.dll, TestPluginCache.DiscoverTestExtensions: Discovering the extensions using extension path.
TpTrace Verbose: 0 : 1704, 1, 2024/02/23, 18:20:23.810, 7799486796117, vstest.console.dll, TestPluginCache.GetExtensionPaths: Filtered extension paths: 
TpTrace Verbose: 0 : 1704, 1, 2024/02/23, 18:20:23.810, 7799486797143, vstest.console.dll, TestPluginCache.GetExtensionPaths: Added default extension paths: C:\Program Files\dotnet\sdk\8.0.200\Extensions\Microsoft.Diagnostics.NETCore.Client.dll
C:\Program Files\dotnet\sdk\8.0.200\Extensions\Microsoft.TestPlatform.Extensions.BlameDataCollector.dll
C:\Program Files\dotnet\sdk\8.0.200\Extensions\Microsoft.TestPlatform.Extensions.EventLogCollector.dll
C:\Program Files\dotnet\sdk\8.0.200\Extensions\Microsoft.TestPlatform.TestHostRuntimeProvider.dll
C:\Program Files\dotnet\sdk\8.0.200\Extensions\Microsoft.VisualStudio.TestPlatform.Extensions.Html.TestLogger.dll
C:\Program Files\dotnet\sdk\8.0.200\Extensions\Microsoft.VisualStudio.TestPlatform.Extensions.Trx.TestLogger.dll
TpTrace Verbose: 0 : 1704, 1, 2024/02/23, 18:20:23.810, 7799486798068, vstest.console.dll, TestPluginCache.GetExtensionPaths: Added unfilterableExtensionPaths: 
TpTrace Verbose: 0 : 1704, 1, 2024/02/23, 18:20:23.811, 7799486800513, vstest.console.dll, TestPluginCache.DiscoverTestExtensions: Discovering the extensions using allExtensionPaths: C:\Program Files\dotnet\sdk\8.0.200\Extensions\Microsoft.Diagnostics.NETCore.Client.dll
C:\Program Files\dotnet\sdk\8.0.200\Extensions\Microsoft.TestPlatform.Extensions.BlameDataCollector.dll
C:\Program Files\dotnet\sdk\8.0.200\Extensions\Microsoft.TestPlatform.Extensions.EventLogCollector.dll
C:\Program Files\dotnet\sdk\8.0.200\Extensions\Microsoft.TestPlatform.TestHostRuntimeProvider.dll
C:\Program Files\dotnet\sdk\8.0.200\Extensions\Microsoft.VisualStudio.TestPlatform.Extensions.Html.TestLogger.dll
C:\Program Files\dotnet\sdk\8.0.200\Extensions\Microsoft.VisualStudio.TestPlatform.Extensions.Trx.TestLogger.dll
TpTrace Information: 0 : 1704, 1, 2024/02/23, 18:20:23.811, 7799486802895, vstest.console.dll, AssemblyResolver.AddSearchDirectories: Adding more searchDirectories C:\Program Files\dotnet\sdk\8.0.200\Extensions,C:\Program Files\dotnet\sdk\8.0.200
TpTrace Information: 0 : 1704, 1, 2024/02/23, 18:20:23.811, 7799486804255, vstest.console.dll, AssemblyResolver.AddSearchDirectories: Adding more searchDirectories C:\Program Files\dotnet\sdk\8.0.200\Extensions,C:\Program Files\dotnet\sdk\8.0.200
TpTrace Information: 0 : 1704, 1, 2024/02/23, 18:20:23.811, 7799486805193, vstest.console.dll, AssemblyResolver.AddSearchDirectories: Adding more searchDirectories C:\Program Files\dotnet\sdk\8.0.200\Extensions,C:\Program Files\dotnet\sdk\8.0.200
TpTrace Information: 0 : 1704, 1, 2024/02/23, 18:20:23.811, 7799486806507, vstest.console.dll, AssemblyResolver.AddSearchDirectories: Adding more searchDirectories C:\Program Files\dotnet\sdk\8.0.200\Extensions,C:\Program Files\dotnet\sdk\8.0.200
TpTrace Information: 0 : 1704, 1, 2024/02/23, 18:20:23.811, 7799486807917, vstest.console.dll, AssemblyResolver.AddSearchDirectories: Adding more searchDirectories C:\Program Files\dotnet\sdk\8.0.200\Extensions,C:\Program Files\dotnet\sdk\8.0.200
TpTrace Information: 0 : 1704, 1, 2024/02/23, 18:20:23.811, 7799486808804, vstest.console.dll, AssemblyResolver.AddSearchDirectories: Adding more searchDirectories C:\Program Files\dotnet\sdk\8.0.200\Extensions,C:\Program Files\dotnet\sdk\8.0.200
TpTrace Information: 0 : 1704, 1, 2024/02/23, 18:20:23.812, 7799486819237, vstest.console.dll, AssemblyResolver.OnResolve: Microsoft.Diagnostics.NETCore.Client: Resolving assembly.
TpTrace Information: 0 : 1704, 1, 2024/02/23, 18:20:23.813, 7799486821083, vstest.console.dll, AssemblyResolver.OnResolve: Microsoft.Diagnostics.NETCore.Client: Searching in: 'C:\Program Files\dotnet\sdk\8.0.200\Extensions'.
TpTrace Information: 0 : 1704, 1, 2024/02/23, 18:20:23.829, 7799486981061, vstest.console.dll, AssemblyResolver.OnResolve: Microsoft.Diagnostics.NETCore.Client: Loading assembly 'C:\Program Files\dotnet\sdk\8.0.200\Extensions\Microsoft.Diagnostics.NETCore.Client.dll'.
TpTrace Information: 0 : 1704, 1, 2024/02/23, 18:20:23.830, 7799486995766, vstest.console.dll, AssemblyResolver.OnResolve: Resolved assembly: Microsoft.Diagnostics.NETCore.Client, from path: C:\Program Files\dotnet\sdk\8.0.200\Extensions\Microsoft.Diagnostics.NETCore.Client.dll
TpTrace Verbose: 0 : 1704, 1, 2024/02/23, 18:20:23.840, 7799487091615, vstest.console.dll, MetadataReaderExtensionsHelper: Discovering extensions inside assembly 'Microsoft.Diagnostics.NETCore.Client, Version=0.2.9.2401, Culture=neutral, PublicKeyToken=31bf3856ad364e35' file path 'C:\Program Files\dotnet\sdk\8.0.200\Extensions\Microsoft.Diagnostics.NETCore.Client.dll'
TpTrace Information: 0 : 1704, 1, 2024/02/23, 18:20:23.848, 7799487172043, vstest.console.dll, AssemblyResolver.OnResolve: Microsoft.Bcl.AsyncInterfaces: Resolving assembly.
TpTrace Information: 0 : 1704, 1, 2024/02/23, 18:20:23.848, 7799487173684, vstest.console.dll, AssemblyResolver.OnResolve: Microsoft.Bcl.AsyncInterfaces: Searching in: 'C:\Program Files\dotnet\sdk\8.0.200\Extensions'.
TpTrace Information: 0 : 1704, 1, 2024/02/23, 18:20:23.848, 7799487177458, vstest.console.dll, AssemblyResolver.OnResolve: Microsoft.Bcl.AsyncInterfaces: Assembly path does not exist: 'C:\Program Files\dotnet\sdk\8.0.200\Extensions\Microsoft.Bcl.AsyncInterfaces.dll', returning.
TpTrace Information: 0 : 1704, 1, 2024/02/23, 18:20:23.849, 7799487180127, vstest.console.dll, AssemblyResolver.OnResolve: Microsoft.Bcl.AsyncInterfaces: Assembly path does not exist: 'C:\Program Files\dotnet\sdk\8.0.200\Extensions\Microsoft.Bcl.AsyncInterfaces.exe', returning.
TpTrace Information: 0 : 1704, 1, 2024/02/23, 18:20:23.849, 7799487181161, vstest.console.dll, AssemblyResolver.OnResolve: Microsoft.Bcl.AsyncInterfaces: Searching in: 'C:\Program Files\dotnet\sdk\8.0.200'.
TpTrace Information: 0 : 1704, 1, 2024/02/23, 18:20:23.849, 7799487183577, vstest.console.dll, AssemblyResolver.OnResolve: Microsoft.Bcl.AsyncInterfaces: Assembly path does not exist: 'C:\Program Files\dotnet\sdk\8.0.200\Microsoft.Bcl.AsyncInterfaces.dll', returning.
TpTrace Information: 0 : 1704, 1, 2024/02/23, 18:20:23.849, 7799487186304, vstest.console.dll, AssemblyResolver.OnResolve: Microsoft.Bcl.AsyncInterfaces: Assembly path does not exist: 'C:\Program Files\dotnet\sdk\8.0.200\Microsoft.Bcl.AsyncInterfaces.exe', returning.
TpTrace Information: 0 : 1704, 1, 2024/02/23, 18:20:23.849, 7799487187245, vstest.console.dll, AssemblyResolver.OnResolve: Microsoft.Bcl.AsyncInterfaces: Failed to load assembly.
TpTrace Verbose: 0 : 1704, 1, 2024/02/23, 18:20:23.849, 7799487188105, vstest.console.dll, CurrentDomainAssemblyResolve: Resolving assembly 'Microsoft.Bcl.AsyncInterfaces'.
TpTrace Information: 0 : 1704, 1, 2024/02/23, 18:20:23.849, 7799487189429, vstest.console.dll, AssemblyResolver.OnResolve: Microsoft.Bcl.AsyncInterfaces: Resolving assembly.
TpTrace Information: 0 : 1704, 1, 2024/02/23, 18:20:23.850, 7799487190403, vstest.console.dll, AssemblyResolver.OnResolve: Microsoft.Bcl.AsyncInterfaces: Resolved from cache.
TpTrace Verbose: 0 : 1704, 1, 2024/02/23, 18:20:23.850, 7799487194469, vstest.console.dll, CurrentDomainAssemblyResolve: Resolving assembly 'Microsoft.Bcl.AsyncInterfaces'.
TpTrace Verbose: 0 : 1704, 1, 2024/02/23, 18:20:23.850, 7799487196571, vstest.console.dll, CurrentDomainAssemblyResolve: Failed to resolve assembly 'Microsoft.Bcl.AsyncInterfaces'.
TpTrace Verbose: 0 : 1704, 1, 2024/02/23, 18:20:23.853, 7799487226829, vstest.console.dll, CurrentDomainAssemblyResolve: Failed to resolve assembly 'Microsoft.Bcl.AsyncInterfaces'.
TpTrace Warning: 0 : 1704, 1, 2024/02/23, 18:20:23.875, 7799487445290, vstest.console.dll, TestPluginDiscoverer: Failed to get types from assembly 'Microsoft.Diagnostics.NETCore.Client, Version=0.2.9.2401, Culture=neutral, PublicKeyToken=31bf3856ad364e35'. Error: System.Reflection.ReflectionTypeLoadException: Unable to load one or more of the requested types.
Could not load file or assembly 'Microsoft.Bcl.AsyncInterfaces, Version=6.0.0.0, Culture=neutral, PublicKeyToken=cc7b13ffcd2ddd51'. The system cannot find the file specified.
   at System.Reflection.RuntimeModule.GetTypes(RuntimeModule module)
   at System.Reflection.RuntimeModule.GetTypes()
   at Microsoft.VisualStudio.TestPlatform.Common.ExtensionFramework.TestPluginDiscoverer.GetTestExtensionsFromAssembly[TPluginInfo,TExtension](Assembly assembly, Dictionary`2 pluginInfos, String filePath) in /_/src/Microsoft.TestPlatform.Common/ExtensionFramework/TestPluginDiscoverer.cs:line 158
System.IO.FileNotFoundException: Could not load file or assembly 'Microsoft.Bcl.AsyncInterfaces, Version=6.0.0.0, Culture=neutral, PublicKeyToken=cc7b13ffcd2ddd51'. The system cannot find the file specified.
File name: 'Microsoft.Bcl.AsyncInterfaces, Version=6.0.0.0, Culture=neutral, PublicKeyToken=cc7b13ffcd2ddd51'
 ---> System.IO.FileNotFoundException: Could not load file or assembly 'Microsoft.Bcl.AsyncInterfaces, Culture=neutral, PublicKeyToken=null'. The system cannot find the file specified.
File name: 'Microsoft.Bcl.AsyncInterfaces, Culture=neutral, PublicKeyToken=null'
   at System.Reflection.RuntimeAssembly.InternalLoad(AssemblyName assemblyName, StackCrawlMark& stackMark, AssemblyLoadContext assemblyLoadContext, RuntimeAssembly requestingAssembly, Boolean throwOnFileNotFound)
   at System.Reflection.Assembly.Load(AssemblyName assemblyRef)
   at Microsoft.VisualStudio.TestPlatform.Common.ExtensionFramework.TestPluginCache.CurrentDomainAssemblyResolve(Object sender, AssemblyResolveEventArgs args) in /_/src/Microsoft.TestPlatform.Common/ExtensionFramework/TestPluginCache.cs:line 513
   at System.Runtime.Loader.AssemblyLoadContext.GetFirstResolvedAssemblyFromResolvingEvent(AssemblyName assemblyName)
   at System.Runtime.Loader.AssemblyLoadContext.ResolveUsingEvent(AssemblyName assemblyName)
   at System.Runtime.Loader.AssemblyLoadContext.ResolveUsingResolvingEvent(IntPtr gchManagedAssemblyLoadContext, AssemblyName assemblyName)
TpTrace Warning: 0 : 1704, 1, 2024/02/23, 18:20:23.876, 7799487454016, vstest.console.dll, LoaderExceptions: System.IO.FileNotFoundException: Could not load file or assembly 'Microsoft.Bcl.AsyncInterfaces, Version=6.0.0.0, Culture=neutral, PublicKeyToken=cc7b13ffcd2ddd51'. The system cannot find the file specified.
File name: 'Microsoft.Bcl.AsyncInterfaces, Version=6.0.0.0, Culture=neutral, PublicKeyToken=cc7b13ffcd2ddd51'
 ---> System.IO.FileNotFoundException: Could not load file or assembly 'Microsoft.Bcl.AsyncInterfaces, Culture=neutral, PublicKeyToken=null'. The system cannot find the file specified.
File name: 'Microsoft.Bcl.AsyncInterfaces, Culture=neutral, PublicKeyToken=null'
   at System.Reflection.RuntimeAssembly.InternalLoad(AssemblyName assemblyName, StackCrawlMark& stackMark, AssemblyLoadContext assemblyLoadContext, RuntimeAssembly requestingAssembly, Boolean throwOnFileNotFound)
   at System.Reflection.Assembly.Load(AssemblyName assemblyRef)
   at Microsoft.VisualStudio.TestPlatform.Common.ExtensionFramework.TestPluginCache.CurrentDomainAssemblyResolve(Object sender, AssemblyResolveEventArgs args) in /_/src/Microsoft.TestPlatform.Common/ExtensionFramework/TestPluginCache.cs:line 513
   at System.Runtime.Loader.AssemblyLoadContext.GetFirstResolvedAssemblyFromResolvingEvent(AssemblyName assemblyName)
   at System.Runtime.Loader.AssemblyLoadContext.ResolveUsingEvent(AssemblyName assemblyName)
   at System.Runtime.Loader.AssemblyLoadContext.ResolveUsingResolvingEvent(IntPtr gchManagedAssemblyLoadContext, AssemblyName assemblyName)
TpTrace Information: 0 : 1704, 1, 2024/02/23, 18:20:23.876, 7799487456989, vstest.console.dll, AssemblyResolver.OnResolve: Microsoft.TestPlatform.Extensions.BlameDataCollector: Resolving assembly.
TpTrace Information: 0 : 1704, 1, 2024/02/23, 18:20:23.876, 7799487458059, vstest.console.dll, AssemblyResolver.OnResolve: Microsoft.TestPlatform.Extensions.BlameDataCollector: Searching in: 'C:\Program Files\dotnet\sdk\8.0.200\Extensions'.
TpTrace Information: 0 : 1704, 1, 2024/02/23, 18:20:23.878, 7799487469562, vstest.console.dll, AssemblyResolver.OnResolve: Microsoft.TestPlatform.Extensions.BlameDataCollector: Loading assembly 'C:\Program Files\dotnet\sdk\8.0.200\Extensions\Microsoft.TestPlatform.Extensions.BlameDataCollector.dll'.
TpTrace Information: 0 : 1704, 1, 2024/02/23, 18:20:23.879, 7799487482984, vstest.console.dll, AssemblyResolver.OnResolve: Resolved assembly: Microsoft.TestPlatform.Extensions.BlameDataCollector, from path: C:\Program Files\dotnet\sdk\8.0.200\Extensions\Microsoft.TestPlatform.Extensions.BlameDataCollector.dll
TpTrace Verbose: 0 : 1704, 1, 2024/02/23, 18:20:23.879, 7799487484644, vstest.console.dll, MetadataReaderExtensionsHelper: Discovering extensions inside assembly 'Microsoft.TestPlatform.Extensions.BlameDataCollector, Version=15.0.0.0, Culture=neutral, PublicKeyToken=b03f5f7f11d50a3a' file path 'C:\Program Files\dotnet\sdk\8.0.200\Extensions\Microsoft.TestPlatform.Extensions.BlameDataCollector.dll'
TpTrace Information: 0 : 1704, 1, 2024/02/23, 18:20:23.882, 7799487515876, vstest.console.dll, AssemblyResolver.OnResolve: Microsoft.TestPlatform.Extensions.EventLogCollector: Resolving assembly.
TpTrace Information: 0 : 1704, 1, 2024/02/23, 18:20:23.882, 7799487517416, vstest.console.dll, AssemblyResolver.OnResolve: Microsoft.TestPlatform.Extensions.EventLogCollector: Searching in: 'C:\Program Files\dotnet\sdk\8.0.200\Extensions'.
TpTrace Information: 0 : 1704, 1, 2024/02/23, 18:20:23.883, 7799487528127, vstest.console.dll, AssemblyResolver.OnResolve: Microsoft.TestPlatform.Extensions.EventLogCollector: Loading assembly 'C:\Program Files\dotnet\sdk\8.0.200\Extensions\Microsoft.TestPlatform.Extensions.EventLogCollector.dll'.
TpTrace Information: 0 : 1704, 1, 2024/02/23, 18:20:23.885, 7799487539838, vstest.console.dll, AssemblyResolver.OnResolve: Resolved assembly: Microsoft.TestPlatform.Extensions.EventLogCollector, from path: C:\Program Files\dotnet\sdk\8.0.200\Extensions\Microsoft.TestPlatform.Extensions.EventLogCollector.dll
TpTrace Verbose: 0 : 1704, 1, 2024/02/23, 18:20:23.885, 7799487541457, vstest.console.dll, MetadataReaderExtensionsHelper: Discovering extensions inside assembly 'Microsoft.TestPlatform.Extensions.EventLogCollector, Version=15.0.0.0, Culture=neutral, PublicKeyToken=b03f5f7f11d50a3a' file path 'C:\Program Files\dotnet\sdk\8.0.200\Extensions\Microsoft.TestPlatform.Extensions.EventLogCollector.dll'
TpTrace Information: 0 : 1704, 1, 2024/02/23, 18:20:23.890, 7799487597796, vstest.console.dll, AssemblyResolver.OnResolve: Microsoft.TestPlatform.TestHostRuntimeProvider: Resolving assembly.
TpTrace Information: 0 : 1704, 1, 2024/02/23, 18:20:23.890, 7799487599046, vstest.console.dll, AssemblyResolver.OnResolve: Microsoft.TestPlatform.TestHostRuntimeProvider: Searching in: 'C:\Program Files\dotnet\sdk\8.0.200\Extensions'.
TpTrace Information: 0 : 1704, 1, 2024/02/23, 18:20:23.891, 7799487609456, vstest.console.dll, AssemblyResolver.OnResolve: Microsoft.TestPlatform.TestHostRuntimeProvider: Loading assembly 'C:\Program Files\dotnet\sdk\8.0.200\Extensions\Microsoft.TestPlatform.TestHostRuntimeProvider.dll'.
TpTrace Information: 0 : 1704, 1, 2024/02/23, 18:20:23.893, 7799487621122, vstest.console.dll, AssemblyResolver.OnResolve: Resolved assembly: Microsoft.TestPlatform.TestHostRuntimeProvider, from path: C:\Program Files\dotnet\sdk\8.0.200\Extensions\Microsoft.TestPlatform.TestHostRuntimeProvider.dll
TpTrace Verbose: 0 : 1704, 1, 2024/02/23, 18:20:23.893, 7799487622618, vstest.console.dll, MetadataReaderExtensionsHelper: Discovering extensions inside assembly 'Microsoft.TestPlatform.TestHostRuntimeProvider, Version=15.0.0.0, Culture=neutral, PublicKeyToken=b03f5f7f11d50a3a' file path 'C:\Program Files\dotnet\sdk\8.0.200\Extensions\Microsoft.TestPlatform.TestHostRuntimeProvider.dll'
TpTrace Information: 0 : 1704, 1, 2024/02/23, 18:20:23.896, 7799487654681, vstest.console.dll, GetTestExtensionFromType: Register extension with identifier data 'HostProvider://DefaultTestHost' and type 'Microsoft.VisualStudio.TestPlatform.CrossPlatEngine.Hosting.DefaultTestHostManager, Microsoft.TestPlatform.TestHostRuntimeProvider, Version=15.0.0.0, Culture=neutral, PublicKeyToken=b03f5f7f11d50a3a' inside file 'C:\Program Files\dotnet\sdk\8.0.200\Extensions\Microsoft.TestPlatform.TestHostRuntimeProvider.dll'
TpTrace Information: 0 : 1704, 1, 2024/02/23, 18:20:23.897, 7799487659660, vstest.console.dll, GetTestExtensionFromType: Register extension with identifier data 'HostProvider://DotnetTestHost' and type 'Microsoft.VisualStudio.TestPlatform.CrossPlatEngine.Hosting.DotnetTestHostManager, Microsoft.TestPlatform.TestHostRuntimeProvider, Version=15.0.0.0, Culture=neutral, PublicKeyToken=b03f5f7f11d50a3a' inside file 'C:\Program Files\dotnet\sdk\8.0.200\Extensions\Microsoft.TestPlatform.TestHostRuntimeProvider.dll'
TpTrace Information: 0 : 1704, 1, 2024/02/23, 18:20:23.897, 7799487661610, vstest.console.dll, AssemblyResolver.OnResolve: Microsoft.VisualStudio.TestPlatform.Extensions.Html.TestLogger: Resolving assembly.
TpTrace Information: 0 : 1704, 1, 2024/02/23, 18:20:23.897, 7799487662563, vstest.console.dll, AssemblyResolver.OnResolve: Microsoft.VisualStudio.TestPlatform.Extensions.Html.TestLogger: Searching in: 'C:\Program Files\dotnet\sdk\8.0.200\Extensions'.
TpTrace Information: 0 : 1704, 1, 2024/02/23, 18:20:23.898, 7799487674129, vstest.console.dll, AssemblyResolver.OnResolve: Microsoft.VisualStudio.TestPlatform.Extensions.Html.TestLogger: Loading assembly 'C:\Program Files\dotnet\sdk\8.0.200\Extensions\Microsoft.VisualStudio.TestPlatform.Extensions.Html.TestLogger.dll'.
TpTrace Information: 0 : 1704, 1, 2024/02/23, 18:20:23.899, 7799487686771, vstest.console.dll, AssemblyResolver.OnResolve: Resolved assembly: Microsoft.VisualStudio.TestPlatform.Extensions.Html.TestLogger, from path: C:\Program Files\dotnet\sdk\8.0.200\Extensions\Microsoft.VisualStudio.TestPlatform.Extensions.Html.TestLogger.dll
TpTrace Verbose: 0 : 1704, 1, 2024/02/23, 18:20:23.899, 7799487688322, vstest.console.dll, MetadataReaderExtensionsHelper: Discovering extensions inside assembly 'Microsoft.VisualStudio.TestPlatform.Extensions.Html.TestLogger, Version=15.0.0.0, Culture=neutral, PublicKeyToken=b03f5f7f11d50a3a' file path 'C:\Program Files\dotnet\sdk\8.0.200\Extensions\Microsoft.VisualStudio.TestPlatform.Extensions.Html.TestLogger.dll'
TpTrace Information: 0 : 1704, 1, 2024/02/23, 18:20:23.901, 7799487707335, vstest.console.dll, AssemblyResolver.OnResolve: Microsoft.VisualStudio.TestPlatform.Extensions.Trx.TestLogger: Resolving assembly.
TpTrace Information: 0 : 1704, 1, 2024/02/23, 18:20:23.901, 7799487708709, vstest.console.dll, AssemblyResolver.OnResolve: Microsoft.VisualStudio.TestPlatform.Extensions.Trx.TestLogger: Searching in: 'C:\Program Files\dotnet\sdk\8.0.200\Extensions'.
TpTrace Information: 0 : 1704, 1, 2024/02/23, 18:20:23.903, 7799487719598, vstest.console.dll, AssemblyResolver.OnResolve: Microsoft.VisualStudio.TestPlatform.Extensions.Trx.TestLogger: Loading assembly 'C:\Program Files\dotnet\sdk\8.0.200\Extensions\Microsoft.VisualStudio.TestPlatform.Extensions.Trx.TestLogger.dll'.
TpTrace Information: 0 : 1704, 1, 2024/02/23, 18:20:23.904, 7799487732516, vstest.console.dll, AssemblyResolver.OnResolve: Resolved assembly: Microsoft.VisualStudio.TestPlatform.Extensions.Trx.TestLogger, from path: C:\Program Files\dotnet\sdk\8.0.200\Extensions\Microsoft.VisualStudio.TestPlatform.Extensions.Trx.TestLogger.dll
TpTrace Verbose: 0 : 1704, 1, 2024/02/23, 18:20:23.904, 7799487734102, vstest.console.dll, MetadataReaderExtensionsHelper: Discovering extensions inside assembly 'Microsoft.VisualStudio.TestPlatform.Extensions.Trx.TestLogger, Version=15.0.0.0, Culture=neutral, PublicKeyToken=b03f5f7f11d50a3a' file path 'C:\Program Files\dotnet\sdk\8.0.200\Extensions\Microsoft.VisualStudio.TestPlatform.Extensions.Trx.TestLogger.dll'
TpTrace Verbose: 0 : 1704, 1, 2024/02/23, 18:20:23.906, 7799487757560, vstest.console.dll, TestPluginCache: Discovered the extensions using extension path ''.
TpTrace Verbose: 0 : 1704, 1, 2024/02/23, 18:20:23.906, 7799487758882, vstest.console.dll, TestPluginCache: Discoverers are ''.
TpTrace Verbose: 0 : 1704, 1, 2024/02/23, 18:20:23.907, 7799487759646, vstest.console.dll, TestPluginCache: Executors are ''.
TpTrace Verbose: 0 : 1704, 1, 2024/02/23, 18:20:23.907, 7799487760300, vstest.console.dll, TestPluginCache: Executors2 are ''.
TpTrace Verbose: 0 : 1704, 1, 2024/02/23, 18:20:23.907, 7799487761376, vstest.console.dll, TestPluginCache: Setting providers are ''.
TpTrace Verbose: 0 : 1704, 1, 2024/02/23, 18:20:23.907, 7799487762072, vstest.console.dll, TestPluginCache: Loggers are ''.
TpTrace Verbose: 0 : 1704, 1, 2024/02/23, 18:20:23.907, 7799487765749, vstest.console.dll, TestPluginCache: TestHosts are 'HostProvider://DefaultTestHost,HostProvider://DotnetTestHost'.
TpTrace Verbose: 0 : 1704, 1, 2024/02/23, 18:20:23.907, 7799487766724, vstest.console.dll, TestPluginCache: DataCollectors are ''.
TpTrace Information: 0 : 1704, 1, 2024/02/23, 18:20:23.934, 7799488036410, vstest.console.dll, RunTestsArgumentProcessor:Execute: Test run is starting.
TpTrace Verbose: 0 : 1704, 1, 2024/02/23, 18:20:23.934, 7799488037949, vstest.console.dll, RunTestsArgumentProcessor:Execute: Queuing Test run.
TpTrace Information: 0 : 1704, 1, 2024/02/23, 18:20:23.935, 7799488042538, vstest.console.dll, TestRequestManager.RunTests: run tests started.
TpTrace Information: 0 : 1704, 1, 2024/02/23, 18:20:23.937, 7799488064465, vstest.console.dll, AssemblyMetadataProvider.GetFrameworkName: Determined framework:'.NETCoreApp,Version=v6.0' for source: 'C:\Users\Lenovo\source\repos\Back-End Technologies Basics - 01.2024\09. Exercises Integration Testing - part 1\LibroConsoleAPI\LibroConsoleAPI.IntegrationTests\bin\Debug\net6.0\fine-code-coverage\build-output\LibroConsoleAPI.IntegrationTests.XUnit.dll'
TpTrace Information: 0 : 1704, 1, 2024/02/23, 18:20:23.937, 7799488067650, vstest.console.dll, Determined framework for all sources: .NETCoreApp,Version=v6.0
TpTrace Verbose: 0 : 1704, 1, 2024/02/23, 18:20:23.938, 7799488073828, vstest.console.dll, TestRequestManager.UpdateRunSettingsIfRequired: Default architecture: X64 IsDefaultTargetArchitecture: True, Current process architecture: X64 OperatingSystem: Windows.
TpTrace Information: 0 : 1704, 1, 2024/02/23, 18:20:23.941, 7799488106594, vstest.console.dll, AssemblyMetadataProvider.GetArchitecture: Determined architecture:AnyCPU info for assembly: C:\Users\Lenovo\source\repos\Back-End Technologies Basics - 01.2024\09. Exercises Integration Testing - part 1\LibroConsoleAPI\LibroConsoleAPI.IntegrationTests\bin\Debug\net6.0\fine-code-coverage\build-output\LibroConsoleAPI.IntegrationTests.XUnit.dll
TpTrace Information: 0 : 1704, 1, 2024/02/23, 18:20:23.941, 7799488107853, vstest.console.dll, Determined platform for source 'C:\Users\Lenovo\source\repos\Back-End Technologies Basics - 01.2024\09. Exercises Integration Testing - part 1\LibroConsoleAPI\LibroConsoleAPI.IntegrationTests\bin\Debug\net6.0\fine-code-coverage\build-output\LibroConsoleAPI.IntegrationTests.XUnit.dll' was AnyCPU and it will use the default plaform X64.
TpTrace Information: 0 : 1704, 1, 2024/02/23, 18:20:23.941, 7799488108629, vstest.console.dll, None of the sources provided any runnable platform, using the default platform: X64
TpTrace Information: 0 : 1704, 1, 2024/02/23, 18:20:23.942, 7799488110472, vstest.console.dll, Platform was updated to 'X64'.
TpTrace Information: 0 : 1704, 1, 2024/02/23, 18:20:23.948, 7799488175639, vstest.console.dll, InferRunSettingsHelper.IsTestSettingsEnabled: Unable to navigate to RunSettings/MSTest. Current node: RunSettings
TpTrace Information: 0 : 1704, 1, 2024/02/23, 18:20:23.949, 7799488187559, vstest.console.dll, AssemblyResolver.OnResolve: Microsoft.VisualStudio.TestPlatform.Fakes: Resolving assembly.
TpTrace Information: 0 : 1704, 1, 2024/02/23, 18:20:23.949, 7799488188882, vstest.console.dll, AssemblyResolver.OnResolve: Microsoft.VisualStudio.TestPlatform.Fakes: Searching in: 'C:\Program Files\dotnet\sdk\8.0.200\Extensions'.
TpTrace Information: 0 : 1704, 1, 2024/02/23, 18:20:23.950, 7799488191698, vstest.console.dll, AssemblyResolver.OnResolve: Microsoft.VisualStudio.TestPlatform.Fakes: Assembly path does not exist: 'C:\Program Files\dotnet\sdk\8.0.200\Extensions\Microsoft.VisualStudio.TestPlatform.Fakes.dll', returning.
TpTrace Information: 0 : 1704, 1, 2024/02/23, 18:20:23.950, 7799488194331, vstest.console.dll, AssemblyResolver.OnResolve: Microsoft.VisualStudio.TestPlatform.Fakes: Assembly path does not exist: 'C:\Program Files\dotnet\sdk\8.0.200\Extensions\Microsoft.VisualStudio.TestPlatform.Fakes.exe', returning.
TpTrace Information: 0 : 1704, 1, 2024/02/23, 18:20:23.950, 7799488195411, vstest.console.dll, AssemblyResolver.OnResolve: Microsoft.VisualStudio.TestPlatform.Fakes: Searching in: 'C:\Program Files\dotnet\sdk\8.0.200'.
TpTrace Information: 0 : 1704, 1, 2024/02/23, 18:20:23.950, 7799488197876, vstest.console.dll, AssemblyResolver.OnResolve: Microsoft.VisualStudio.TestPlatform.Fakes: Assembly path does not exist: 'C:\Program Files\dotnet\sdk\8.0.200\Microsoft.VisualStudio.TestPlatform.Fakes.dll', returning.
TpTrace Information: 0 : 1704, 1, 2024/02/23, 18:20:23.951, 7799488200455, vstest.console.dll, AssemblyResolver.OnResolve: Microsoft.VisualStudio.TestPlatform.Fakes: Assembly path does not exist: 'C:\Program Files\dotnet\sdk\8.0.200\Microsoft.VisualStudio.TestPlatform.Fakes.exe', returning.
TpTrace Information: 0 : 1704, 1, 2024/02/23, 18:20:23.951, 7799488201541, vstest.console.dll, AssemblyResolver.OnResolve: Microsoft.VisualStudio.TestPlatform.Fakes: Failed to load assembly.
TpTrace Information: 0 : 1704, 1, 2024/02/23, 18:20:23.951, 7799488206488, vstest.console.dll, Failed to load assembly Microsoft.VisualStudio.TestPlatform.Fakes, Version=17.0.0.0, Culture=neutral. Reason:System.IO.FileNotFoundException: Could not load file or assembly 'Microsoft.VisualStudio.TestPlatform.Fakes, Version=17.0.0.0, Culture=neutral, PublicKeyToken=null'. The system cannot find the file specified.
File name: 'Microsoft.VisualStudio.TestPlatform.Fakes, Version=17.0.0.0, Culture=neutral, PublicKeyToken=null'
   at System.Reflection.RuntimeAssembly.InternalLoad(AssemblyName assemblyName, StackCrawlMark& stackMark, AssemblyLoadContext assemblyLoadContext, RuntimeAssembly requestingAssembly, Boolean throwOnFileNotFound)
   at System.Reflection.Assembly.Load(AssemblyName assemblyRef)
   at Microsoft.VisualStudio.TestPlatform.Common.Utilities.FakesUtilities.LoadTestPlatformAssembly() in /_/src/Microsoft.TestPlatform.Common/Utilities/FakesUtilities.cs:line 272
TpTrace Verbose: 0 : 1704, 1, 2024/02/23, 18:20:23.957, 7799488266337, vstest.console.dll, TestPluginCache.DiscoverTestExtensions: finding test extensions in assemblies ends with: TestLogger.dll TPluginInfo: Microsoft.VisualStudio.TestPlatform.Common.ExtensionFramework.Utilities.TestLoggerPluginInformation TExtension: Microsoft.VisualStudio.TestPlatform.ObjectModel.Client.ITestLogger
TpTrace Verbose: 0 : 1704, 1, 2024/02/23, 18:20:23.957, 7799488268136, vstest.console.dll, TestPluginCache.GetExtensionPaths: Filtered extension paths: 
TpTrace Verbose: 0 : 1704, 1, 2024/02/23, 18:20:23.957, 7799488269067, vstest.console.dll, TestPluginCache.GetExtensionPaths: Added default extension paths: C:\Program Files\dotnet\sdk\8.0.200\Extensions\Microsoft.Diagnostics.NETCore.Client.dll
C:\Program Files\dotnet\sdk\8.0.200\Extensions\Microsoft.TestPlatform.Extensions.BlameDataCollector.dll
C:\Program Files\dotnet\sdk\8.0.200\Extensions\Microsoft.TestPlatform.Extensions.EventLogCollector.dll
C:\Program Files\dotnet\sdk\8.0.200\Extensions\Microsoft.TestPlatform.TestHostRuntimeProvider.dll
C:\Program Files\dotnet\sdk\8.0.200\Extensions\Microsoft.VisualStudio.TestPlatform.Extensions.Html.TestLogger.dll
C:\Program Files\dotnet\sdk\8.0.200\Extensions\Microsoft.VisualStudio.TestPlatform.Extensions.Trx.TestLogger.dll
TpTrace Verbose: 0 : 1704, 1, 2024/02/23, 18:20:23.958, 7799488269970, vstest.console.dll, TestPluginCache.GetExtensionPaths: Added unfilterableExtensionPaths: 
TpTrace Information: 0 : 1704, 1, 2024/02/23, 18:20:23.958, 7799488273393, vstest.console.dll, AssemblyResolver.AddSearchDirectories: Adding more searchDirectories C:\Program Files\dotnet\sdk\8.0.200\Extensions,C:\Program Files\dotnet\sdk\8.0.200
TpTrace Verbose: 0 : 1704, 1, 2024/02/23, 18:20:23.958, 7799488274558, vstest.console.dll, TestPluginCache.DiscoverTestExtensions: Discovering the extensions using extension path.
TpTrace Verbose: 0 : 1704, 1, 2024/02/23, 18:20:23.958, 7799488275717, vstest.console.dll, TestPluginCache.GetExtensionPaths: Filtered extension paths: 
TpTrace Verbose: 0 : 1704, 1, 2024/02/23, 18:20:23.958, 7799488276508, vstest.console.dll, TestPluginCache.GetExtensionPaths: Added default extension paths: C:\Program Files\dotnet\sdk\8.0.200\Extensions\Microsoft.Diagnostics.NETCore.Client.dll
C:\Program Files\dotnet\sdk\8.0.200\Extensions\Microsoft.TestPlatform.Extensions.BlameDataCollector.dll
C:\Program Files\dotnet\sdk\8.0.200\Extensions\Microsoft.TestPlatform.Extensions.EventLogCollector.dll
C:\Program Files\dotnet\sdk\8.0.200\Extensions\Microsoft.TestPlatform.TestHostRuntimeProvider.dll
C:\Program Files\dotnet\sdk\8.0.200\Extensions\Microsoft.VisualStudio.TestPlatform.Extensions.Html.TestLogger.dll
C:\Program Files\dotnet\sdk\8.0.200\Extensions\Microsoft.VisualStudio.TestPlatform.Extensions.Trx.TestLogger.dll
TpTrace Verbose: 0 : 1704, 1, 2024/02/23, 18:20:23.958, 7799488278327, vstest.console.dll, TestPluginCache.GetExtensionPaths: Added unfilterableExtensionPaths: 
TpTrace Verbose: 0 : 1704, 1, 2024/02/23, 18:20:23.958, 7799488279275, vstest.console.dll, TestPluginCache.DiscoverTestExtensions: Discovering the extensions using allExtensionPaths: C:\Program Files\dotnet\sdk\8.0.200\Extensions\Microsoft.Diagnostics.NETCore.Client.dll
C:\Program Files\dotnet\sdk\8.0.200\Extensions\Microsoft.TestPlatform.Extensions.BlameDataCollector.dll
C:\Program Files\dotnet\sdk\8.0.200\Extensions\Microsoft.TestPlatform.Extensions.EventLogCollector.dll
C:\Program Files\dotnet\sdk\8.0.200\Extensions\Microsoft.TestPlatform.TestHostRuntimeProvider.dll
C:\Program Files\dotnet\sdk\8.0.200\Extensions\Microsoft.VisualStudio.TestPlatform.Extensions.Html.TestLogger.dll
C:\Program Files\dotnet\sdk\8.0.200\Extensions\Microsoft.VisualStudio.TestPlatform.Extensions.Trx.TestLogger.dll
TpTrace Information: 0 : 1704, 1, 2024/02/23, 18:20:23.959, 7799488280478, vstest.console.dll, AssemblyResolver.AddSearchDirectories: Adding more searchDirectories C:\Program Files\dotnet\sdk\8.0.200\Extensions,C:\Program Files\dotnet\sdk\8.0.200
TpTrace Information: 0 : 1704, 1, 2024/02/23, 18:20:23.959, 7799488281587, vstest.console.dll, AssemblyResolver.AddSearchDirectories: Adding more searchDirectories C:\Program Files\dotnet\sdk\8.0.200\Extensions,C:\Program Files\dotnet\sdk\8.0.200
TpTrace Information: 0 : 1704, 1, 2024/02/23, 18:20:23.959, 7799488282417, vstest.console.dll, AssemblyResolver.AddSearchDirectories: Adding more searchDirectories C:\Program Files\dotnet\sdk\8.0.200\Extensions,C:\Program Files\dotnet\sdk\8.0.200
TpTrace Information: 0 : 1704, 1, 2024/02/23, 18:20:23.959, 7799488283182, vstest.console.dll, AssemblyResolver.AddSearchDirectories: Adding more searchDirectories C:\Program Files\dotnet\sdk\8.0.200\Extensions,C:\Program Files\dotnet\sdk\8.0.200
TpTrace Information: 0 : 1704, 1, 2024/02/23, 18:20:23.959, 7799488284127, vstest.console.dll, AssemblyResolver.AddSearchDirectories: Adding more searchDirectories C:\Program Files\dotnet\sdk\8.0.200\Extensions,C:\Program Files\dotnet\sdk\8.0.200
TpTrace Information: 0 : 1704, 1, 2024/02/23, 18:20:23.959, 7799488284911, vstest.console.dll, AssemblyResolver.AddSearchDirectories: Adding more searchDirectories C:\Program Files\dotnet\sdk\8.0.200\Extensions,C:\Program Files\dotnet\sdk\8.0.200
TpTrace Verbose: 0 : 1704, 1, 2024/02/23, 18:20:23.959, 7799488287215, vstest.console.dll, MetadataReaderExtensionsHelper: Discovering extensions inside assembly 'Microsoft.Diagnostics.NETCore.Client, Version=0.2.9.2401, Culture=neutral, PublicKeyToken=31bf3856ad364e35' file path 'C:\Program Files\dotnet\sdk\8.0.200\Extensions\Microsoft.Diagnostics.NETCore.Client.dll'
TpTrace Information: 0 : 1704, 1, 2024/02/23, 18:20:23.961, 7799488305268, vstest.console.dll, AssemblyResolver.OnResolve: Microsoft.Bcl.AsyncInterfaces: Resolving assembly.
TpTrace Information: 0 : 1704, 1, 2024/02/23, 18:20:23.961, 7799488306375, vstest.console.dll, AssemblyResolver.OnResolve: Microsoft.Bcl.AsyncInterfaces: Resolved from cache.
TpTrace Verbose: 0 : 1704, 1, 2024/02/23, 18:20:23.961, 7799488307114, vstest.console.dll, CurrentDomainAssemblyResolve: Resolving assembly 'Microsoft.Bcl.AsyncInterfaces'.
TpTrace Information: 0 : 1704, 1, 2024/02/23, 18:20:23.961, 7799488308227, vstest.console.dll, AssemblyResolver.OnResolve: Microsoft.Bcl.AsyncInterfaces: Resolving assembly.
TpTrace Information: 0 : 1704, 1, 2024/02/23, 18:20:23.961, 7799488309009, vstest.console.dll, AssemblyResolver.OnResolve: Microsoft.Bcl.AsyncInterfaces: Resolved from cache.
TpTrace Verbose: 0 : 1704, 1, 2024/02/23, 18:20:23.962, 7799488309687, vstest.console.dll, CurrentDomainAssemblyResolve: Resolving assembly 'Microsoft.Bcl.AsyncInterfaces'.
TpTrace Verbose: 0 : 1704, 1, 2024/02/23, 18:20:23.962, 7799488310542, vstest.console.dll, CurrentDomainAssemblyResolve: Failed to resolve assembly 'Microsoft.Bcl.AsyncInterfaces'.
TpTrace Verbose: 0 : 1704, 1, 2024/02/23, 18:20:23.962, 7799488314038, vstest.console.dll, CurrentDomainAssemblyResolve: Failed to resolve assembly 'Microsoft.Bcl.AsyncInterfaces'.
TpTrace Warning: 0 : 1704, 1, 2024/02/23, 18:20:23.963, 7799488320530, vstest.console.dll, TestPluginDiscoverer: Failed to get types from assembly 'Microsoft.Diagnostics.NETCore.Client, Version=0.2.9.2401, Culture=neutral, PublicKeyToken=31bf3856ad364e35'. Error: System.Reflection.ReflectionTypeLoadException: Unable to load one or more of the requested types.
Could not load file or assembly 'Microsoft.Bcl.AsyncInterfaces, Version=6.0.0.0, Culture=neutral, PublicKeyToken=cc7b13ffcd2ddd51'. The system cannot find the file specified.
   at System.Reflection.RuntimeModule.GetTypes(RuntimeModule module)
   at System.Reflection.RuntimeModule.GetTypes()
   at Microsoft.VisualStudio.TestPlatform.Common.ExtensionFramework.TestPluginDiscoverer.GetTestExtensionsFromAssembly[TPluginInfo,TExtension](Assembly assembly, Dictionary`2 pluginInfos, String filePath) in /_/src/Microsoft.TestPlatform.Common/ExtensionFramework/TestPluginDiscoverer.cs:line 158
System.IO.FileNotFoundException: Could not load file or assembly 'Microsoft.Bcl.AsyncInterfaces, Version=6.0.0.0, Culture=neutral, PublicKeyToken=cc7b13ffcd2ddd51'. The system cannot find the file specified.
File name: 'Microsoft.Bcl.AsyncInterfaces, Version=6.0.0.0, Culture=neutral, PublicKeyToken=cc7b13ffcd2ddd51'
 ---> System.IO.FileNotFoundException: Could not load file or assembly 'Microsoft.Bcl.AsyncInterfaces, Culture=neutral, PublicKeyToken=null'. The system cannot find the file specified.
File name: 'Microsoft.Bcl.AsyncInterfaces, Culture=neutral, PublicKeyToken=null'
   at System.Reflection.RuntimeAssembly.InternalLoad(AssemblyName assemblyName, StackCrawlMark& stackMark, AssemblyLoadContext assemblyLoadContext, RuntimeAssembly requestingAssembly, Boolean throwOnFileNotFound)
   at System.Reflection.Assembly.Load(AssemblyName assemblyRef)
   at Microsoft.VisualStudio.TestPlatform.Common.ExtensionFramework.TestPluginCache.CurrentDomainAssemblyResolve(Object sender, AssemblyResolveEventArgs args) in /_/src/Microsoft.TestPlatform.Common/ExtensionFramework/TestPluginCache.cs:line 513
   at System.Runtime.Loader.AssemblyLoadContext.GetFirstResolvedAssemblyFromResolvingEvent(AssemblyName assemblyName)
   at System.Runtime.Loader.AssemblyLoadContext.ResolveUsingEvent(AssemblyName assemblyName)
   at System.Runtime.Loader.AssemblyLoadContext.ResolveUsingResolvingEvent(IntPtr gchManagedAssemblyLoadContext, AssemblyName assemblyName)
TpTrace Warning: 0 : 1704, 1, 2024/02/23, 18:20:23.963, 7799488324305, vstest.console.dll, LoaderExceptions: System.IO.FileNotFoundException: Could not load file or assembly 'Microsoft.Bcl.AsyncInterfaces, Version=6.0.0.0, Culture=neutral, PublicKeyToken=cc7b13ffcd2ddd51'. The system cannot find the file specified.
File name: 'Microsoft.Bcl.AsyncInterfaces, Version=6.0.0.0, Culture=neutral, PublicKeyToken=cc7b13ffcd2ddd51'
 ---> System.IO.FileNotFoundException: Could not load file or assembly 'Microsoft.Bcl.AsyncInterfaces, Culture=neutral, PublicKeyToken=null'. The system cannot find the file specified.
File name: 'Microsoft.Bcl.AsyncInterfaces, Culture=neutral, PublicKeyToken=null'
   at System.Reflection.RuntimeAssembly.InternalLoad(AssemblyName assemblyName, StackCrawlMark& stackMark, AssemblyLoadContext assemblyLoadContext, RuntimeAssembly requestingAssembly, Boolean throwOnFileNotFound)
   at System.Reflection.Assembly.Load(AssemblyName assemblyRef)
   at Microsoft.VisualStudio.TestPlatform.Common.ExtensionFramework.TestPluginCache.CurrentDomainAssemblyResolve(Object sender, AssemblyResolveEventArgs args) in /_/src/Microsoft.TestPlatform.Common/ExtensionFramework/TestPluginCache.cs:line 513
   at System.Runtime.Loader.AssemblyLoadContext.GetFirstResolvedAssemblyFromResolvingEvent(AssemblyName assemblyName)
   at System.Runtime.Loader.AssemblyLoadContext.ResolveUsingEvent(AssemblyName assemblyName)
   at System.Runtime.Loader.AssemblyLoadContext.ResolveUsingResolvingEvent(IntPtr gchManagedAssemblyLoadContext, AssemblyName assemblyName)
TpTrace Verbose: 0 : 1704, 1, 2024/02/23, 18:20:23.963, 7799488326381, vstest.console.dll, MetadataReaderExtensionsHelper: Discovering extensions inside assembly 'Microsoft.TestPlatform.Extensions.BlameDataCollector, Version=15.0.0.0, Culture=neutral, PublicKeyToken=b03f5f7f11d50a3a' file path 'C:\Program Files\dotnet\sdk\8.0.200\Extensions\Microsoft.TestPlatform.Extensions.BlameDataCollector.dll'
TpTrace Information: 0 : 1704, 1, 2024/02/23, 18:20:23.964, 7799488338198, vstest.console.dll, GetTestExtensionFromType: Register extension with identifier data 'logger://Microsoft/TestPlatform/Extensions/Blame/v1' and type 'Microsoft.TestPlatform.Extensions.BlameDataCollector.BlameLogger, Microsoft.TestPlatform.Extensions.BlameDataCollector, Version=15.0.0.0, Culture=neutral, PublicKeyToken=b03f5f7f11d50a3a' inside file 'C:\Program Files\dotnet\sdk\8.0.200\Extensions\Microsoft.TestPlatform.Extensions.BlameDataCollector.dll'
TpTrace Verbose: 0 : 1704, 1, 2024/02/23, 18:20:23.965, 7799488339654, vstest.console.dll, MetadataReaderExtensionsHelper: Discovering extensions inside assembly 'Microsoft.TestPlatform.Extensions.EventLogCollector, Version=15.0.0.0, Culture=neutral, PublicKeyToken=b03f5f7f11d50a3a' file path 'C:\Program Files\dotnet\sdk\8.0.200\Extensions\Microsoft.TestPlatform.Extensions.EventLogCollector.dll'
TpTrace Verbose: 0 : 1704, 1, 2024/02/23, 18:20:23.965, 7799488349112, vstest.console.dll, MetadataReaderExtensionsHelper: Discovering extensions inside assembly 'Microsoft.TestPlatform.TestHostRuntimeProvider, Version=15.0.0.0, Culture=neutral, PublicKeyToken=b03f5f7f11d50a3a' file path 'C:\Program Files\dotnet\sdk\8.0.200\Extensions\Microsoft.TestPlatform.TestHostRuntimeProvider.dll'
TpTrace Verbose: 0 : 1704, 1, 2024/02/23, 18:20:23.966, 7799488358967, vstest.console.dll, MetadataReaderExtensionsHelper: Discovering extensions inside assembly 'Microsoft.VisualStudio.TestPlatform.Extensions.Html.TestLogger, Version=15.0.0.0, Culture=neutral, PublicKeyToken=b03f5f7f11d50a3a' file path 'C:\Program Files\dotnet\sdk\8.0.200\Extensions\Microsoft.VisualStudio.TestPlatform.Extensions.Html.TestLogger.dll'
TpTrace Information: 0 : 1704, 1, 2024/02/23, 18:20:23.968, 7799488373329, vstest.console.dll, GetTestExtensionFromType: Register extension with identifier data 'logger://Microsoft/TestPlatform/HtmlLogger/v1' and type 'Microsoft.VisualStudio.TestPlatform.Extensions.HtmlLogger.HtmlLogger, Microsoft.VisualStudio.TestPlatform.Extensions.Html.TestLogger, Version=15.0.0.0, Culture=neutral, PublicKeyToken=b03f5f7f11d50a3a' inside file 'C:\Program Files\dotnet\sdk\8.0.200\Extensions\Microsoft.VisualStudio.TestPlatform.Extensions.Html.TestLogger.dll'
TpTrace Verbose: 0 : 1704, 1, 2024/02/23, 18:20:23.968, 7799488375014, vstest.console.dll, MetadataReaderExtensionsHelper: Discovering extensions inside assembly 'Microsoft.VisualStudio.TestPlatform.Extensions.Trx.TestLogger, Version=15.0.0.0, Culture=neutral, PublicKeyToken=b03f5f7f11d50a3a' file path 'C:\Program Files\dotnet\sdk\8.0.200\Extensions\Microsoft.VisualStudio.TestPlatform.Extensions.Trx.TestLogger.dll'
TpTrace Information: 0 : 1704, 1, 2024/02/23, 18:20:23.969, 7799488385815, vstest.console.dll, GetTestExtensionFromType: Register extension with identifier data 'logger://Microsoft/TestPlatform/TrxLogger/v1' and type 'Microsoft.VisualStudio.TestPlatform.Extensions.TrxLogger.TrxLogger, Microsoft.VisualStudio.TestPlatform.Extensions.Trx.TestLogger, Version=15.0.0.0, Culture=neutral, PublicKeyToken=b03f5f7f11d50a3a' inside file 'C:\Program Files\dotnet\sdk\8.0.200\Extensions\Microsoft.VisualStudio.TestPlatform.Extensions.Trx.TestLogger.dll'
TpTrace Verbose: 0 : 1704, 1, 2024/02/23, 18:20:23.969, 7799488387354, vstest.console.dll, TestPluginCache: Discovered the extensions using extension path ''.
TpTrace Verbose: 0 : 1704, 1, 2024/02/23, 18:20:23.969, 7799488388174, vstest.console.dll, TestPluginCache: Discoverers are ''.
TpTrace Verbose: 0 : 1704, 1, 2024/02/23, 18:20:23.969, 7799488388846, vstest.console.dll, TestPluginCache: Executors are ''.
TpTrace Verbose: 0 : 1704, 1, 2024/02/23, 18:20:23.970, 7799488389529, vstest.console.dll, TestPluginCache: Executors2 are ''.
TpTrace Verbose: 0 : 1704, 1, 2024/02/23, 18:20:23.970, 7799488390222, vstest.console.dll, TestPluginCache: Setting providers are ''.
TpTrace Verbose: 0 : 1704, 1, 2024/02/23, 18:20:23.970, 7799488392065, vstest.console.dll, TestPluginCache: Loggers are 'logger://Microsoft/TestPlatform/Extensions/Blame/v1,logger://Microsoft/TestPlatform/HtmlLogger/v1,logger://Microsoft/TestPlatform/TrxLogger/v1'.
TpTrace Verbose: 0 : 1704, 1, 2024/02/23, 18:20:23.970, 7799488393302, vstest.console.dll, TestPluginCache: TestHosts are 'HostProvider://DefaultTestHost,HostProvider://DotnetTestHost'.
TpTrace Verbose: 0 : 1704, 1, 2024/02/23, 18:20:23.970, 7799488394086, vstest.console.dll, TestPluginCache: DataCollectors are ''.
TpTrace Information: 0 : 1704, 1, 2024/02/23, 18:20:23.971, 7799488409291, vstest.console.dll, TestPluginManager.CreateTestExtension: Attempting to load test extension: Microsoft.TestPlatform.Extensions.BlameDataCollector.BlameLogger
TpTrace Verbose: 0 : 1704, 1, 2024/02/23, 18:20:23.986, 7799488549695, vstest.console.dll, TestEngine: Initializing Parallel Execution as MaxCpuCount is set to: 1
TpTrace Information: 0 : 1704, 1, 2024/02/23, 18:20:23.988, 7799488577376, vstest.console.dll, TestPluginManager.CreateTestExtension: Attempting to load test extension: Microsoft.VisualStudio.TestPlatform.CrossPlatEngine.Hosting.DefaultTestHostManager
TpTrace Information: 0 : 1704, 1, 2024/02/23, 18:20:23.991, 7799488599692, vstest.console.dll, TestPluginManager.CreateTestExtension: Attempting to load test extension: Microsoft.VisualStudio.TestPlatform.CrossPlatEngine.Hosting.DotnetTestHostManager
TpTrace Information: 0 : 1704, 1, 2024/02/23, 18:20:23.992, 7799488613072, vstest.console.dll, InferRunSettingsHelper.IsTestSettingsEnabled: Unable to navigate to RunSettings/MSTest. Current node: RunSettings
TpTrace Verbose: 0 : 1704, 1, 2024/02/23, 18:20:23.993, 7799488624510, vstest.console.dll, ParallelOperationManager.ClearSlots: Clearing all slots. Slots should accept more work: True
TpTrace Verbose: 0 : 1704, 1, 2024/02/23, 18:20:23.994, 7799488638298, vstest.console.dll, ParallelOperationManager.SetOccupiedSlotCount: Setting slot counts AvailableSlotCount = 3, OccupiedSlotCount = 0.
TpTrace Verbose: 0 : 1704, 1, 2024/02/23, 18:20:23.995, 7799488645407, vstest.console.dll, Occupied slots:

TpTrace Verbose: 0 : 1704, 1, 2024/02/23, 18:20:24.002, 7799488715511, vstest.console.dll, TestEngine.GetExecutionManager: Chosen execution manager 'Microsoft.VisualStudio.TestPlatform.CrossPlatEngine.Client.Parallel.ParallelProxyExecutionManager, Microsoft.TestPlatform.CrossPlatEngine, Version=15.0.0.0, Culture=neutral, PublicKeyToken=b03f5f7f11d50a3a' ParallelLevel '1'.
TpTrace Verbose: 0 : 1704, 1, 2024/02/23, 18:20:24.002, 7799488717916, vstest.console.dll, TestRunRequest.ExecuteAsync: Creating test run request.
TpTrace Verbose: 0 : 1704, 1, 2024/02/23, 18:20:24.003, 7799488722570, vstest.console.dll, TestRunRequest.ExecuteAsync: Starting.
TpTrace Information: 0 : 1704, 1, 2024/02/23, 18:20:24.005, 7799488746687, vstest.console.dll, TestRunRequest.ExecuteAsync: Starting run with settings:TestRunCriteria:
   KeepAlive=False,FrequencyOfRunStatsChangeEvent=10,RunStatsChangeEventTimeout=00:00:01.5000000,TestCaseFilter=,TestExecutorLauncher=
   Settingsxml=<RunSettings>
  <RunConfiguration>
    <ResultsDirectory>C:\Users\Lenovo\source\repos\Back-End Technologies Basics - 01.2024\09. Exercises Integration Testing - part 1\LibroConsoleAPI\LibroConsoleAPI.IntegrationTests\bin\Debug\net6.0\fine-code-coverage\coverage-tool-output</ResultsDirectory>
    <TargetPlatform>X64</TargetPlatform>
    <TargetFrameworkVersion>.NETCoreApp,Version=v6.0</TargetFrameworkVersion>
    <DesignMode>False</DesignMode>
    <CollectSourceInformation>False</CollectSourceInformation>
  </RunConfiguration>
  <LoggerRunSettings>
    <Loggers>
      <Logger friendlyName="blame" enabled="True" />
      <Logger friendlyName="Console" uri="logger://microsoft/TestPlatform/ConsoleLogger/v1" assemblyQualifiedName="Microsoft.VisualStudio.TestPlatform.CommandLine.Internal.ConsoleLogger, vstest.console, Version=15.0.0.0, Culture=neutral, PublicKeyToken=b03f5f7f11d50a3a" codeBase="C:\Program Files\dotnet\sdk\8.0.200\vstest.console.dll" enabled="True" />
    </Loggers>
  </LoggerRunSettings>
  <DataCollectionRunSettings>
    <DataCollectors>
      <DataCollector friendlyName="blame" enabled="True">
        <Configuration>
          <ResultsDirectory>C:\Users\Lenovo\source\repos\Back-End Technologies Basics - 01.2024\09. Exercises Integration Testing - part 1\LibroConsoleAPI\LibroConsoleAPI.IntegrationTests\bin\Debug\net6.0\fine-code-coverage\coverage-tool-output</ResultsDirectory>
        </Configuration>
      </DataCollector>
    </DataCollectors>
  </DataCollectionRunSettings>
</RunSettings>

TpTrace Verbose: 0 : 1704, 1, 2024/02/23, 18:20:24.005, 7799488748172, vstest.console.dll, TestRunRequest.ExecuteAsync: Wait for the first run request is over.
TpTrace Verbose: 0 : 1704, 1, 2024/02/23, 18:20:24.006, 7799488755190, vstest.console.dll, MulticastDelegateUtilities.SafeInvoke: TestRun.TestRunStart: Invoking callbacks was skipped because there are no subscribers.
TpTrace Verbose: 0 : 1704, 4, 2024/02/23, 18:20:24.006, 7799488758160, vstest.console.dll, MulticastDelegateUtilities.SafeInvoke: InternalTestLoggerEvents.SendTestRunStart: Invoking callback 1/1 for Microsoft.VisualStudio.TestPlatform.CommandLine.Internal.ConsoleLogger., took 0 ms.
TpTrace Verbose: 0 : 1704, 1, 2024/02/23, 18:20:24.008, 7799488776447, vstest.console.dll, ParallelProxyExecutionManager: Start execution. Total sources: 1
TpTrace Verbose: 0 : 1704, 1, 2024/02/23, 18:20:24.009, 7799488783466, vstest.console.dll, ParallelOperationManager.StartWork: Starting adding 1 workloads.
TpTrace Verbose: 0 : 1704, 1, 2024/02/23, 18:20:24.009, 7799488785118, vstest.console.dll, ParallelOperationManager.ClearSlots: Clearing all slots. Slots should accept more work: True
TpTrace Verbose: 0 : 1704, 1, 2024/02/23, 18:20:24.009, 7799488786958, vstest.console.dll, ParallelOperationManager.SetOccupiedSlotCount: Setting slot counts AvailableSlotCount = 3, OccupiedSlotCount = 0.
TpTrace Verbose: 0 : 1704, 1, 2024/02/23, 18:20:24.009, 7799488787987, vstest.console.dll, Occupied slots:

TpTrace Verbose: 0 : 1704, 1, 2024/02/23, 18:20:24.012, 7799488816974, vstest.console.dll, TestRequestSender is acting as server.
TpTrace Verbose: 0 : 1704, 1, 2024/02/23, 18:20:24.014, 7799488838385, vstest.console.dll, ParallelOperationManager.RunWorkInParallel: Adding 1 workload to slot, remaining workloads 0.
TpTrace Verbose: 0 : 1704, 1, 2024/02/23, 18:20:24.015, 7799488839716, vstest.console.dll, ParallelOperationManager.SetOccupiedSlotCount: Setting slot counts AvailableSlotCount = 2, OccupiedSlotCount = 1.
TpTrace Verbose: 0 : 1704, 1, 2024/02/23, 18:20:24.015, 7799488842114, vstest.console.dll, Occupied slots:
0: C:\Users\Lenovo\source\repos\Back-End Technologies Basics - 01.2024\09. Exercises Integration Testing - part 1\LibroConsoleAPI\LibroConsoleAPI.IntegrationTests\bin\Debug\net6.0\fine-code-coverage\build-output\LibroConsoleAPI.IntegrationTests.XUnit.dll
TpTrace Verbose: 0 : 1704, 1, 2024/02/23, 18:20:24.017, 7799488864251, vstest.console.dll, ParallelOperationManager.RunWorkInParallel: Started host in slot number 0 for work (source): C:\Users\Lenovo\source\repos\Back-End Technologies Basics - 01.2024\09. Exercises Integration Testing - part 1\LibroConsoleAPI\LibroConsoleAPI.IntegrationTests\bin\Debug\net6.0\fine-code-coverage\build-output\LibroConsoleAPI.IntegrationTests.XUnit.dll.
TpTrace Verbose: 0 : 1704, 1, 2024/02/23, 18:20:24.018, 7799488879142, vstest.console.dll, ParallelOperationManager.RunWorkInParallel: We started 1 work items, which is the max parallel level. Won't start more work.
TpTrace Verbose: 0 : 1704, 1, 2024/02/23, 18:20:24.019, 7799488880489, vstest.console.dll, ParallelOperationManager.RunWorkInParallel: We started 1 work items in here, returning True.
TpTrace Information: 0 : 1704, 1, 2024/02/23, 18:20:24.019, 7799488881816, vstest.console.dll, TestRunRequest.ExecuteAsync: Started.
TpTrace Verbose: 0 : 1704, 5, 2024/02/23, 18:20:24.019, 7799488881989, vstest.console.dll, ParallelProxyExecutionManager.StartTestRunOnConcurrentManager: Initializing uninitialized client. Started clients: 0
TpTrace Verbose: 0 : 1704, 5, 2024/02/23, 18:20:24.019, 7799488886535, vstest.console.dll, DataCollectionRequestSender.InitializeCommunication : Initialize communication. 
TpTrace Verbose: 0 : 1704, 1, 2024/02/23, 18:20:24.020, 7799488894047, vstest.console.dll, TestRunRequest.WaitForCompletion: Waiting with timeout -1.
TpTrace Information: 0 : 1704, 5, 2024/02/23, 18:20:24.035, 7799489047992, vstest.console.dll, Listening on Endpoint : 127.0.0.1:53408
TpTrace Verbose: 0 : 1704, 5, 2024/02/23, 18:20:24.047, 7799489161255, vstest.console.dll, DotnetDataCollectionLauncher: Adding  --runtimeconfig "C:\Program Files\dotnet\sdk\8.0.200\datacollector.runtimeconfig.json" in args
TpTrace Verbose: 0 : 1704, 5, 2024/02/23, 18:20:24.047, 7799489164402, vstest.console.dll, DotnetDataCollectionLauncher: Adding  --depsfile "C:\Program Files\dotnet\sdk\8.0.200\datacollector.deps.json" in args
TpTrace Verbose: 0 : 1704, 5, 2024/02/23, 18:20:24.047, 7799489169364, vstest.console.dll, DotnetDataCollectionLauncher: Full path of dotnet.exe is C:\Program Files\dotnet\dotnet.exe
TpTrace Information: 0 : 1704, 5, 2024/02/23, 18:20:24.061, 7799489307617, vstest.console.dll, ProxyDataCollectionManager.Initialize: Launched datacollector processId: 10848 port: 53408
TpTrace Information: 0 : 1704, 5, 2024/02/23, 18:20:24.062, 7799489309829, vstest.console.dll, ProxyDataCollectionManager.Initialize: waiting for connection with timeout: 90 seconds
TpTrace Verbose: 0 : 1704, 5, 2024/02/23, 18:20:24.062, 7799489310969, vstest.console.dll, DataCollectionRequestSender.WaitForRequestHandlerConnection : Waiting for connection with timeout: 90000
TpTrace Information: 0 : 1704, 7, 2024/02/23, 18:20:24.351, 7799492207307, vstest.console.dll, Using the buffer size of 16384 bytes
TpTrace Verbose: 0 : 1704, 5, 2024/02/23, 18:20:24.351, 7799492207583, vstest.console.dll, SocketCommunicationManager.WaitForClientConnection took: 289 ms, with 90000 ms timeout, and finished with True.
TpTrace Information: 0 : 1704, 7, 2024/02/23, 18:20:24.351, 7799492209245, vstest.console.dll, Accepted Client request and set the flag
TpTrace Verbose: 0 : 1704, 5, 2024/02/23, 18:20:24.352, 7799492211568, vstest.console.dll, ProxyDataCollectionManager.InvokeDataCollectionServiceAction: Starting.
TpTrace Information: 0 : 1704, 5, 2024/02/23, 18:20:24.352, 7799492213353, vstest.console.dll, ProxyDataCollectionManager.BeforeTestRunStart: Get environment variable and port for datacollector processId: 10848 port: 53408
TpTrace Verbose: 0 : 1704, 5, 2024/02/23, 18:20:24.352, 7799492216015, vstest.console.dll, DataCollectionRequestSender.SendBeforeTestRunStartAndGetResult: Send BeforeTestRunStart message with settingsXml <RunSettings><RunConfiguration><ResultsDirectory>C:\Users\Lenovo\source\repos\Back-End Technologies Basics - 01.2024\09. Exercises Integration Testing - part 1\LibroConsoleAPI\LibroConsoleAPI.IntegrationTests\bin\Debug\net6.0\fine-code-coverage\coverage-tool-output</ResultsDirectory><TargetPlatform>X64</TargetPlatform><TargetFrameworkVersion>.NETCoreApp,Version=v6.0</TargetFrameworkVersion><DesignMode>False</DesignMode><CollectSourceInformation>False</CollectSourceInformation><TestAdaptersPaths>C:\Program Files\dotnet\sdk\8.0.200\Extensions</TestAdaptersPaths></RunConfiguration><LoggerRunSettings><Loggers><Logger friendlyName="blame" enabled="True" /><Logger friendlyName="Console" uri="logger://microsoft/TestPlatform/ConsoleLogger/v1" assemblyQualifiedName="Microsoft.VisualStudio.TestPlatform.CommandLine.Internal.ConsoleLogger, vstest.console, Version=15.0.0.0, Culture=neutral, PublicKeyToken=b03f5f7f11d50a3a" codeBase="C:\Program Files\dotnet\sdk\8.0.200\vstest.console.dll" enabled="True" /></Loggers></LoggerRunSettings><DataCollectionRunSettings><DataCollectors><DataCollector friendlyName="blame" enabled="True"><Configuration><ResultsDirectory>C:\Users\Lenovo\source\repos\Back-End Technologies Basics - 01.2024\09. Exercises Integration Testing - part 1\LibroConsoleAPI\LibroConsoleAPI.IntegrationTests\bin\Debug\net6.0\fine-code-coverage\coverage-tool-output</ResultsDirectory></Configuration></DataCollector></DataCollectors></DataCollectionRunSettings></RunSettings> and sources System.Collections.Generic.List`1[System.String]: 
TpTrace Verbose: 0 : 1704, 5, 2024/02/23, 18:20:24.456, 7799493255965, vstest.console.dll, DataCollectionRequestSender.SendBeforeTestRunStartAndGetResult: Received message: (DataCollection.SendMessage) -> {"MessageType":"DataCollection.SendMessage","Payload":{"FriendlyName":null,"Uri":null,"TestCaseId":"00000000-0000-0000-0000-000000000000","Message":"Logging DataCollector Diagnostics in file: C:\\Users\\Lenovo\\source\\repos\\Back-End Technologies Basics - 01.2024\\09. Exercises Integration Testing - part 1\\LibroConsoleAPI\\LibroConsoleAPI.IntegrationTests\\bin\\Debug\\net6.0\\fine-code-coverage\\coverage-tool-output\\diagnostics.datacollector.24-02-23_18-20-24_04667_5.log","Level":0}}
TpTrace Verbose: 0 : 1704, 5, 2024/02/23, 18:20:24.628, 7799494973624, vstest.console.dll, DataCollectionRequestSender.SendBeforeTestRunStartAndGetResult: Received message: (DataCollection.BeforeTestRunStartResult) -> {"MessageType":"DataCollection.BeforeTestRunStartResult","Payload":{"EnvironmentVariables":{},"DataCollectionEventsPort":53412}}
TpTrace Information: 0 : 1704, 5, 2024/02/23, 18:20:24.636, 7799495058722, vstest.console.dll, ProxyDataCollectionManager.BeforeTestRunStart: SendBeforeTestRunStartAndGetResult successful, env variable from datacollector:   and testhost port: 53412
TpTrace Information: 0 : 1704, 5, 2024/02/23, 18:20:24.637, 7799495060173, vstest.console.dll, ProxyDataCollectionManager.InvokeDataCollectionServiceAction: Completed.
TpTrace Verbose: 0 : 1704, 5, 2024/02/23, 18:20:24.637, 7799495061474, vstest.console.dll, ParallelProxyExecutionManager.StartTestRunOnConcurrentManager: Initializing test run. Started clients: 0
TpTrace Verbose: 0 : 1704, 5, 2024/02/23, 18:20:24.637, 7799495063522, vstest.console.dll, ProxyExecutionManager: Test host is always Lazy initialize.
TpTrace Verbose: 0 : 1704, 5, 2024/02/23, 18:20:24.637, 7799495067522, vstest.console.dll, TestRequestSender.InitializeCommunication: initialize communication. 
TpTrace Information: 0 : 1704, 5, 2024/02/23, 18:20:24.638, 7799495076142, vstest.console.dll, SocketServer.Start: Listening on endpoint : 127.0.0.1:53413
TpTrace Verbose: 0 : 1704, 5, 2024/02/23, 18:20:24.639, 7799495088872, vstest.console.dll, DotnetTestHostmanager.GetTestHostProcessStartInfo: Platform environment 'X64' target architecture 'X64' framework '.NETCoreApp,Version=v6.0' OS 'Windows'
TpTrace Verbose: 0 : 1704, 5, 2024/02/23, 18:20:24.640, 7799495094923, vstest.console.dll, DotnetTestHostmanager: File C:\Users\Lenovo\source\repos\Back-End Technologies Basics - 01.2024\09. Exercises Integration Testing - part 1\LibroConsoleAPI\LibroConsoleAPI.IntegrationTests\bin\Debug\net6.0\fine-code-coverage\build-output\LibroConsoleAPI.IntegrationTests.XUnit.runtimeconfig.json, does not exist
TpTrace Verbose: 0 : 1704, 5, 2024/02/23, 18:20:24.640, 7799495098562, vstest.console.dll, DotnetTestHostmanager: Adding  --depsfile "C:\Users\Lenovo\source\repos\Back-End Technologies Basics - 01.2024\09. Exercises Integration Testing - part 1\LibroConsoleAPI\LibroConsoleAPI.IntegrationTests\bin\Debug\net6.0\fine-code-coverage\build-output\LibroConsoleAPI.IntegrationTests.XUnit.deps.json" in args
TpTrace Verbose: 0 : 1704, 5, 2024/02/23, 18:20:24.641, 7799495102395, vstest.console.dll, DotnetTestHostmanager.IsWinOnArm: Current PROCESSOR_ARCHITECTURE from environment variable 'AMD64'
TpTrace Verbose: 0 : 1704, 5, 2024/02/23, 18:20:24.641, 7799495103885, vstest.console.dll, DotnetTestHostmanager.IsWinOnArm: Is Windows on ARM 'False'
TpTrace Verbose: 0 : 1704, 5, 2024/02/23, 18:20:24.641, 7799495107174, vstest.console.dll, DotnetTestHostManager: testhost.exe found at path: C:\Users\Lenovo\source\repos\Back-End Technologies Basics - 01.2024\09. Exercises Integration Testing - part 1\LibroConsoleAPI\LibroConsoleAPI.IntegrationTests\bin\Debug\net6.0\fine-code-coverage\build-output\testhost.exe
TpTrace Verbose: 0 : 1704, 5, 2024/02/23, 18:20:24.641, 7799495108657, vstest.console.dll, DotnetTestHostmanager: Full path of host exe is C:\Users\Lenovo\source\repos\Back-End Technologies Basics - 01.2024\09. Exercises Integration Testing - part 1\LibroConsoleAPI\LibroConsoleAPI.IntegrationTests\bin\Debug\net6.0\fine-code-coverage\build-output\testhost.exe
TpTrace Verbose: 0 : 1704, 5, 2024/02/23, 18:20:24.642, 7799495111427, vstest.console.dll, DotnetTestHostmanager.LaunchTestHostAsync: Found 'VSTEST_WINAPPHOST_DOTNET_ROOT' in env variables, value 'C:\Program Files\dotnet', forwarding to 'DOTNET_ROOT'
TpTrace Verbose: 0 : 1704, 5, 2024/02/23, 18:20:24.642, 7799495114337, vstest.console.dll, DotnetTestHostManager: Starting process 'C:\Users\Lenovo\source\repos\Back-End Technologies Basics - 01.2024\09. Exercises Integration Testing - part 1\LibroConsoleAPI\LibroConsoleAPI.IntegrationTests\bin\Debug\net6.0\fine-code-coverage\build-output\testhost.exe' with command line ' --depsfile "C:\Users\Lenovo\source\repos\Back-End Technologies Basics - 01.2024\09. Exercises Integration Testing - part 1\LibroConsoleAPI\LibroConsoleAPI.IntegrationTests\bin\Debug\net6.0\fine-code-coverage\build-output\LibroConsoleAPI.IntegrationTests.XUnit.deps.json" --port 53413 --endpoint 127.0.0.1:053413 --role client --parentprocessid 1704 --diag "C:\Users\Lenovo\source\repos\Back-End Technologies Basics - 01.2024\09. Exercises Integration Testing - part 1\LibroConsoleAPI\LibroConsoleAPI.IntegrationTests\bin\Debug\net6.0\fine-code-coverage\coverage-tool-output\diagnostics.host.24-02-23_18-20-24_63931_5.log" --tracelevel 4 --datacollectionport 53412 --telemetryoptedin false'
TpTrace Verbose: 0 : 1704, 5, 2024/02/23, 18:20:24.654, 7799495234677, vstest.console.dll, MulticastDelegateUtilities.SafeInvoke: HostProviderEvents.OnHostLaunched: Invoking callback 1/2 for Microsoft.VisualStudio.TestPlatform.CrossPlatEngine.Client.ProxyExecutionManagerWithDataCollection., took 1 ms.
TpTrace Verbose: 0 : 1704, 5, 2024/02/23, 18:20:24.655, 7799495239495, vstest.console.dll, Test Runtime launched
TpTrace Verbose: 0 : 1704, 5, 2024/02/23, 18:20:24.655, 7799495241059, vstest.console.dll, MulticastDelegateUtilities.SafeInvoke: HostProviderEvents.OnHostLaunched: Invoking callback 2/2 for Microsoft.VisualStudio.TestPlatform.CrossPlatEngine.Client.ProxyOperationManager., took 0 ms.
TpTrace Verbose: 0 : 1704, 5, 2024/02/23, 18:20:24.655, 7799495243646, vstest.console.dll, TestRequestSender.WaitForRequestHandlerConnection: waiting for connection with timeout: 90000.
TpTrace Verbose: 0 : 1704, 11, 2024/02/23, 18:20:24.720, 7799495894891, vstest.console.dll, TestHostManagerCallbacks.ctor: Experimental forwarding output is disabled.
TpTrace Warning: 0 : 1704, 11, 2024/02/23, 18:20:24.720, 7799495897004, vstest.console.dll, TestHostManagerCallbacks.ErrorReceivedCallback Test host standard error line: A fatal error was encountered. The library 'hostpolicy.dll' required to execute the application was not found in 'C:\Program Files\dotnet'.
TpTrace Verbose: 0 : 1704, 11, 2024/02/23, 18:20:24.720, 7799495899164, vstest.console.dll, TestHostManagerCallbacks.ctor: Experimental forwarding output is disabled.
TpTrace Warning: 0 : 1704, 11, 2024/02/23, 18:20:24.721, 7799495900372, vstest.console.dll, TestHostManagerCallbacks.ErrorReceivedCallback Test host standard error line: Failed to run as a self-contained app.
TpTrace Verbose: 0 : 1704, 11, 2024/02/23, 18:20:24.721, 7799495901293, vstest.console.dll, TestHostManagerCallbacks.ctor: Experimental forwarding output is disabled.
TpTrace Warning: 0 : 1704, 11, 2024/02/23, 18:20:24.721, 7799495902131, vstest.console.dll, TestHostManagerCallbacks.ErrorReceivedCallback Test host standard error line:   - The application was run as a self-contained app because 'C:\Users\Lenovo\source\repos\Back-End Technologies Basics - 01.2024\09. Exercises Integration Testing - part 1\LibroConsoleAPI\LibroConsoleAPI.IntegrationTests\bin\Debug\net6.0\fine-code-coverage\build-output\testhost.runtimeconfig.json' was not found.
TpTrace Verbose: 0 : 1704, 11, 2024/02/23, 18:20:24.721, 7799495904163, vstest.console.dll, TestHostManagerCallbacks.ctor: Experimental forwarding output is disabled.
TpTrace Warning: 0 : 1704, 11, 2024/02/23, 18:20:24.721, 7799495905156, vstest.console.dll, TestHostManagerCallbacks.ErrorReceivedCallback Test host standard error line:   - If this should be a framework-dependent app, add the 'C:\Users\Lenovo\source\repos\Back-End Technologies Basics - 01.2024\09. Exercises Integration Testing - part 1\LibroConsoleAPI\LibroConsoleAPI.IntegrationTests\bin\Debug\net6.0\fine-code-coverage\build-output\testhost.runtimeconfig.json' file and specify the appropriate framework.
TpTrace Verbose: 0 : 1704, 11, 2024/02/23, 18:20:24.725, 7799495943026, vstest.console.dll, TestHostManagerCallbacks.ctor: Experimental forwarding output is disabled.
TpTrace Warning: 0 : 1704, 11, 2024/02/23, 18:20:24.725, 7799495944425, vstest.console.dll, TestHostManagerCallbacks.ErrorReceivedCallback Test host standard error line: 
TpTrace Verbose: 0 : 1704, 11, 2024/02/23, 18:20:24.729, 7799495979938, vstest.console.dll, TestHostProvider.ExitCallBack: Host exited starting callback.
TpTrace Error: 0 : 1704, 11, 2024/02/23, 18:20:24.729, 7799495982675, vstest.console.dll, TestHostManagerCallbacks.ExitCallBack: Testhost processId: 18756 exited with exitcode: -2147450749 error: 'A fatal error was encountered. The library 'hostpolicy.dll' required to execute the application was not found in 'C:\Program Files\dotnet'.
Failed to run as a self-contained app.
  - The application was run as a self-contained app because 'C:\Users\Lenovo\source\repos\Back-End Technologies Basics - 01.2024\09. Exercises Integration Testing - part 1\LibroConsoleAPI\LibroConsoleAPI.IntegrationTests\bin\Debug\net6.0\fine-code-coverage\build-output\testhost.runtimeconfig.json' was not found.
  - If this should be a framework-dependent app, add the 'C:\Users\Lenovo\source\repos\Back-End Technologies Basics - 01.2024\09. Exercises Integration Testing - part 1\LibroConsoleAPI\LibroConsoleAPI.IntegrationTests\bin\Debug\net6.0\fine-code-coverage\build-output\testhost.runtimeconfig.json' file and specify the appropriate framework.
'
TpTrace Verbose: 0 : 1704, 11, 2024/02/23, 18:20:24.729, 7799495983947, vstest.console.dll, DotnetTestHostManager.OnHostExited: invoking OnHostExited callback
TpTrace Verbose: 0 : 1704, 11, 2024/02/23, 18:20:24.729, 7799495985114, vstest.console.dll, CrossPlatEngine.TestHostManagerHostExited: calling on client process exit callback.
TpTrace Information: 0 : 1704, 11, 2024/02/23, 18:20:24.729, 7799495986389, vstest.console.dll, TestRequestSender.OnClientProcessExit: Test host process exited. Standard error: A fatal error was encountered. The library 'hostpolicy.dll' required to execute the application was not found in 'C:\Program Files\dotnet'.
Failed to run as a self-contained app.
  - The application was run as a self-contained app because 'C:\Users\Lenovo\source\repos\Back-End Technologies Basics - 01.2024\09. Exercises Integration Testing - part 1\LibroConsoleAPI\LibroConsoleAPI.IntegrationTests\bin\Debug\net6.0\fine-code-coverage\build-output\testhost.runtimeconfig.json' was not found.
  - If this should be a framework-dependent app, add the 'C:\Users\Lenovo\source\repos\Back-End Technologies Basics - 01.2024\09. Exercises Integration Testing - part 1\LibroConsoleAPI\LibroConsoleAPI.IntegrationTests\bin\Debug\net6.0\fine-code-coverage\build-output\testhost.runtimeconfig.json' file and specify the appropriate framework.

TpTrace Information: 0 : 1704, 11, 2024/02/23, 18:20:24.729, 7799495987716, vstest.console.dll, SocketServer.Stop: Stop server endPoint: 127.0.0.1:53413
TpTrace Verbose: 0 : 1704, 5, 2024/02/23, 18:20:24.729, 7799495988100, vstest.console.dll, TestRequestSender.WaitForRequestHandlerConnection: waiting took 74 ms, with timeout 90000 ms, and result 2, which is failure.
TpTrace Verbose: 0 : 1704, 5, 2024/02/23, 18:20:24.730, 7799495990731, vstest.console.dll, Test host failed to start Test host launched:True test host exited: True
TpTrace Information: 0 : 1704, 11, 2024/02/23, 18:20:24.730, 7799495990769, vstest.console.dll, SocketServer.Stop: Cancellation requested. Stopping message loop.
TpTrace Verbose: 0 : 1704, 11, 2024/02/23, 18:20:24.730, 7799495994429, vstest.console.dll, MulticastDelegateUtilities.SafeInvoke: HostProviderEvents.OnHostExited: Invoking callback 1/1 for Microsoft.VisualStudio.TestPlatform.CrossPlatEngine.Client.ProxyOperationManager., took 0 ms.
TpTrace Error: 0 : 1704, 5, 2024/02/23, 18:20:24.732, 7799496014212, vstest.console.dll, ProxyExecutionManager.StartTestRun: Failed to start test run: Microsoft.VisualStudio.TestPlatform.ObjectModel.TestPlatformException: Testhost process for source(s) 'C:\Users\Lenovo\source\repos\Back-End Technologies Basics - 01.2024\09. Exercises Integration Testing - part 1\LibroConsoleAPI\LibroConsoleAPI.IntegrationTests\bin\Debug\net6.0\fine-code-coverage\build-output\LibroConsoleAPI.IntegrationTests.XUnit.dll' exited with error: A fatal error was encountered. The library 'hostpolicy.dll' required to execute the application was not found in 'C:\Program Files\dotnet'.
Failed to run as a self-contained app.
  - The application was run as a self-contained app because 'C:\Users\Lenovo\source\repos\Back-End Technologies Basics - 01.2024\09. Exercises Integration Testing - part 1\LibroConsoleAPI\LibroConsoleAPI.IntegrationTests\bin\Debug\net6.0\fine-code-coverage\build-output\testhost.runtimeconfig.json' was not found.
  - If this should be a framework-dependent app, add the 'C:\Users\Lenovo\source\repos\Back-End Technologies Basics - 01.2024\09. Exercises Integration Testing - part 1\LibroConsoleAPI\LibroConsoleAPI.IntegrationTests\bin\Debug\net6.0\fine-code-coverage\build-output\testhost.runtimeconfig.json' file and specify the appropriate framework.
. Please check the diagnostic logs for more information.
   at Microsoft.VisualStudio.TestPlatform.CrossPlatEngine.Client.ProxyOperationManager.ThrowOnTestHostExited(IEnumerable`1 sources, Boolean testHostExited) in /_/src/Microsoft.TestPlatform.CrossPlatEngine/Client/ProxyOperationManager.cs:line 520
   at Microsoft.VisualStudio.TestPlatform.CrossPlatEngine.Client.ProxyOperationManager.SetupChannel(IEnumerable`1 sources, String runSettings) in /_/src/Microsoft.TestPlatform.CrossPlatEngine/Client/ProxyOperationManager.cs:line 290
   at Microsoft.VisualStudio.TestPlatform.CrossPlatEngine.Client.ProxyExecutionManager.InitializeTestRun(TestRunCriteria testRunCriteria, IInternalTestRunEventsHandler eventHandler) in /_/src/Microsoft.TestPlatform.CrossPlatEngine/Client/ProxyExecutionManager.cs:line 182
TpTrace Verbose: 0 : 1704, 5, 2024/02/23, 18:20:24.734, 7799496034904, vstest.console.dll, TestRunRequest:SendTestRunMessage: Starting.
TpTrace Verbose: 0 : 1704, 5, 2024/02/23, 18:20:24.734, 7799496037719, vstest.console.dll, MulticastDelegateUtilities.SafeInvoke: TestRun.LogMessages: Invoking callback 1/1 for Microsoft.VisualStudio.TestPlatform.CommandLine.TestRunResultAggregator., took 0 ms.
TpTrace Information: 0 : 1704, 5, 2024/02/23, 18:20:24.734, 7799496038802, vstest.console.dll, TestRunRequest:SendTestRunMessage: Completed.
TpTrace Verbose: 0 : 1704, 4, 2024/02/23, 18:20:24.735, 7799496044859, vstest.console.dll, MulticastDelegateUtilities.SafeInvoke: InternalTestLoggerEvents.SendTestRunMessage: Invoking callback 1/1 for Microsoft.VisualStudio.TestPlatform.CommandLine.Internal.ConsoleLogger., took 0 ms.
TpTrace Verbose: 0 : 1704, 5, 2024/02/23, 18:20:24.751, 7799496204914, vstest.console.dll, TestRequestSender.EndSession: Sending end session.
TpTrace Verbose: 0 : 1704, 5, 2024/02/23, 18:20:24.751, 7799496206492, vstest.console.dll, ProxyOperationManager.Close: waiting for test host to exit for 100 ms
TpTrace Information: 0 : 1704, 5, 2024/02/23, 18:20:24.752, 7799496209833, vstest.console.dll, SocketServer.Stop: Stop server endPoint: 127.0.0.1:53413
TpTrace Information: 0 : 1704, 5, 2024/02/23, 18:20:24.752, 7799496210893, vstest.console.dll, SocketServer.Stop: Cancellation requested. Stopping message loop.
TpTrace Information: 0 : 1704, 5, 2024/02/23, 18:20:24.752, 7799496212588, vstest.console.dll, Closing the connection
TpTrace Verbose: 0 : 1704, 5, 2024/02/23, 18:20:24.752, 7799496219262, vstest.console.dll, ParallelProxyExecutionManager: HandlePartialRunComplete: Total workloads = 1, Total started clients = 1 Total completed clients = 1, Run complete = True, Run canceled: False.
TpTrace Verbose: 0 : 1704, 5, 2024/02/23, 18:20:24.753, 7799496220397, vstest.console.dll, ParallelProxyExecutionManager: HandlePartialRunComplete: All runs completed stopping all managers.
TpTrace Verbose: 0 : 1704, 5, 2024/02/23, 18:20:24.753, 7799496221439, vstest.console.dll, ParallelOperationManager.StopAllManagers: Stopping all managers.
TpTrace Verbose: 0 : 1704, 5, 2024/02/23, 18:20:24.753, 7799496222343, vstest.console.dll, ParallelOperationManager.ClearSlots: Clearing all slots. Slots should accept more work: False
TpTrace Verbose: 0 : 1704, 5, 2024/02/23, 18:20:24.753, 7799496223277, vstest.console.dll, ParallelOperationManager.SetOccupiedSlotCount: Setting slot counts AvailableSlotCount = 3, OccupiedSlotCount = 0.
TpTrace Verbose: 0 : 1704, 5, 2024/02/23, 18:20:24.753, 7799496224307, vstest.console.dll, Occupied slots:

TpTrace Verbose: 0 : 1704, 4, 2024/02/23, 18:20:24.789, 7799496588874, vstest.console.dll, MulticastDelegateUtilities.SafeInvoke: InternalTestLoggerEvents.SendTestRunComplete: Invoking callback 1/2 for Microsoft.TestPlatform.Extensions.BlameDataCollector.BlameLogger., took 0 ms.
TpTrace Verbose: 0 : 1704, 4, 2024/02/23, 18:20:24.797, 7799496661925, vstest.console.dll, MulticastDelegateUtilities.SafeInvoke: InternalTestLoggerEvents.SendTestRunComplete: Invoking callback 2/2 for Microsoft.VisualStudio.TestPlatform.CommandLine.Internal.ConsoleLogger., took 7 ms.
TpTrace Verbose: 0 : 1704, 5, 2024/02/23, 18:20:24.797, 7799496666031, vstest.console.dll, TestRunRequest:TestRunComplete: Starting. IsAborted:True IsCanceled:False.
TpTrace Verbose: 0 : 1704, 5, 2024/02/23, 18:20:24.797, 7799496668921, vstest.console.dll, ParallelOperationManager.DoActionOnAllManagers: Calling an action on all managers.
TpTrace Verbose: 0 : 1704, 5, 2024/02/23, 18:20:24.799, 7799496685400, vstest.console.dll, TestLoggerManager.HandleTestRunComplete: Ignoring as the object is disposed.
TpTrace Verbose: 0 : 1704, 5, 2024/02/23, 18:20:24.799, 7799496687063, vstest.console.dll, MulticastDelegateUtilities.SafeInvoke: TestRun.TestRunComplete: Invoking callback 1/2 for Microsoft.VisualStudio.TestPlatform.CommandLine.TestRunResultAggregator., took 0 ms.
TpTrace Verbose: 0 : 1704, 5, 2024/02/23, 18:20:24.799, 7799496689165, vstest.console.dll, MulticastDelegateUtilities.SafeInvoke: TestRun.TestRunComplete: Invoking callback 2/2 for Microsoft.VisualStudio.TestPlatform.CommandLine.Processors.RunTestsArgumentExecutor+TestRunRequestEventsRegistrar., took 0 ms.
TpTrace Information: 0 : 1704, 5, 2024/02/23, 18:20:24.800, 7799496691362, vstest.console.dll, TestRunRequest:TestRunComplete: Completed.
TpTrace Verbose: 0 : 1704, 1, 2024/02/23, 18:20:24.800, 7799496691724, vstest.console.dll, TestRunRequest.Dispose: Starting.
TpTrace Verbose: 0 : 1704, 5, 2024/02/23, 18:20:24.800, 7799496693811, vstest.console.dll, ParallelProxyExecutionManager.StartTestRunOnConcurrentManager: Execution starting. Started clients: 1
TpTrace Information: 0 : 1704, 1, 2024/02/23, 18:20:24.800, 7799496693894, vstest.console.dll, TestRunRequest.Dispose: Completed.
TpTrace Information: 0 : 1704, 1, 2024/02/23, 18:20:24.800, 7799496696385, vstest.console.dll, TestRequestManager.RunTests: run tests completed.
TpTrace Information: 0 : 1704, 1, 2024/02/23, 18:20:24.800, 7799496698180, vstest.console.dll, RunTestsArgumentProcessor:Execute: Test run is completed.
TpTrace Verbose: 0 : 1704, 5, 2024/02/23, 18:20:24.800, 7799496698480, vstest.console.dll, TestRunRequest:SendTestRunMessage: Starting.
TpTrace Warning: 0 : 1704, 5, 2024/02/23, 18:20:24.801, 7799496700659, vstest.console.dll, TestRunRequest.SendTestRunMessage: Ignoring as the object is disposed.
TpTrace Verbose: 0 : 1704, 1, 2024/02/23, 18:20:24.801, 7799496701819, vstest.console.dll, Executor.Execute: Exiting with exit code of 1
TpTrace Verbose: 0 : 1704, 5, 2024/02/23, 18:20:24.801, 7799496703348, vstest.console.dll, ProxyExecutionManager: Test host is always Lazy initialize.
TpTrace Verbose: 0 : 1704, 5, 2024/02/23, 18:20:24.801, 7799496704985, vstest.console.dll, TestRequestSender.InitializeCommunication: initialize communication. 
