{"C:\\Users\\Lenovo\\source\\repos\\Back-End Technologies Basics - 01.2024\\14. Code Coverage\\JS Project Jest\\src\\07-format-grade.js": {"path":"C:\\Users\\Lenovo\\source\\repos\\Back-End Technologies Basics - 01.2024\\14. Code Coverage\\JS Project Jest\\src\\07-format-grade.js","statementMap":{"0":{"start":{"line":3,"column":4},"end":{"line":15,"column":5}},"1":{"start":{"line":4,"column":8},"end":{"line":4,"column":26}},"2":{"start":{"line":5,"column":11},"end":{"line":15,"column":5}},"3":{"start":{"line":6,"column":8},"end":{"line":6,"column":44}},"4":{"start":{"line":7,"column":11},"end":{"line":15,"column":5}},"5":{"start":{"line":8,"column":8},"end":{"line":8,"column":44}},"6":{"start":{"line":9,"column":11},"end":{"line":15,"column":5}},"7":{"start":{"line":10,"column":8},"end":{"line":10,"column":49}},"8":{"start":{"line":11,"column":11},"end":{"line":15,"column":5}},"9":{"start":{"line":12,"column":8},"end":{"line":12,"column":49}},"10":{"start":{"line":14,"column":8},"end":{"line":14,"column":35}},"11":{"start":{"line":18,"column":0},"end":{"line":20,"column":1}}},"fnMap":{"0":{"name":"formatGrade","decl":{"start":{"line":1,"column":9},"end":{"line":1,"column":20}},"loc":{"start":{"line":1,"column":28},"end":{"line":16,"column":1}},"line":1}},"branchMap":{"0":{"loc":{"start":{"line":3,"column":4},"end":{"line":15,"column":5}},"type":"if","locations":[{"start":{"line":3,"column":4},"end":{"line":15,"column":5}},{"start":{"line":5,"column":11},"end":{"line":15,"column":5}}],"line":3},"1":{"loc":{"start":{"line":3,"column":8},"end":{"line":3,"column":34}},"type":"binary-expr","locations":[{"start":{"line":3,"column":8},"end":{"line":3,"column":18}},{"start":{"line":3,"column":22},"end":{"line":3,"column":34}}],"line":3},"2":{"loc":{"start":{"line":5,"column":11},"end":{"line":15,"column":5}},"type":"if","locations":[{"start":{"line":5,"column":11},"end":{"line":15,"column":5}},{"start":{"line":7,"column":11},"end":{"line":15,"column":5}}],"line":5},"3":{"loc":{"start":{"line":5,"column":15},"end":{"line":5,"column":44}},"type":"binary-expr","locations":[{"start":{"line":5,"column":15},"end":{"line":5,"column":28}},{"start":{"line":5,"column":32},"end":{"line":5,"column":44}}],"line":5},"4":{"loc":{"start":{"line":7,"column":11},"end":{"line":15,"column":5}},"type":"if","locations":[{"start":{"line":7,"column":11},"end":{"line":15,"column":5}},{"start":{"line":9,"column":11},"end":{"line":15,"column":5}}],"line":7},"5":{"loc":{"start":{"line":7,"column":15},"end":{"line":7,"column":44}},"type":"binary-expr","locations":[{"start":{"line":7,"column":15},"end":{"line":7,"column":28}},{"start":{"line":7,"column":32},"end":{"line":7,"column":44}}],"line":7},"6":{"loc":{"start":{"line":9,"column":11},"end":{"line":15,"column":5}},"type":"if","locations":[{"start":{"line":9,"column":11},"end":{"line":15,"column":5}},{"start":{"line":11,"column":11},"end":{"line":15,"column":5}}],"line":9},"7":{"loc":{"start":{"line":9,"column":15},"end":{"line":9,"column":44}},"type":"binary-expr","locations":[{"start":{"line":9,"column":15},"end":{"line":9,"column":28}},{"start":{"line":9,"column":32},"end":{"line":9,"column":44}}],"line":9},"8":{"loc":{"start":{"line":11,"column":11},"end":{"line":15,"column":5}},"type":"if","locations":[{"start":{"line":11,"column":11},"end":{"line":15,"column":5}},{"start":{"line":13,"column":10},"end":{"line":15,"column":5}}],"line":11},"9":{"loc":{"start":{"line":11,"column":15},"end":{"line":11,"column":42}},"type":"binary-expr","locations":[{"start":{"line":11,"column":15},"end":{"line":11,"column":28}},{"start":{"line":11,"column":32},"end":{"line":11,"column":42}}],"line":11}},"s":{"0":6,"1":1,"2":5,"3":1,"4":4,"5":1,"6":3,"7":1,"8":2,"9":1,"10":1,"11":1},"f":{"0":6},"b":{"0":[1,5],"1":[6,6],"2":[1,4],"3":[5,5],"4":[1,3],"5":[4,4],"6":[1,2],"7":[3,3],"8":[1,1],"9":[2,2]},"_coverageSchema":"1a1c01bbd47fc00a2c39e90264f33305004495a9","hash":"894f639ebf3a2ed5939bbc8e592092353eb82a70"}
,"C:\\Users\\Lenovo\\source\\repos\\Back-End Technologies Basics - 01.2024\\14. Code Coverage\\JS Project Jest\\src\\index.js": {"path":"C:\\Users\\Lenovo\\source\\repos\\Back-End Technologies Basics - 01.2024\\14. Code Coverage\\JS Project Jest\\src\\index.js","statementMap":{"0":{"start":{"line":2,"column":2},"end":{"line":2,"column":15}},"1":{"start":{"line":6,"column":2},"end":{"line":6,"column":15}},"2":{"start":{"line":9,"column":0},"end":{"line":12,"column":1}}},"fnMap":{"0":{"name":"add","decl":{"start":{"line":1,"column":9},"end":{"line":1,"column":12}},"loc":{"start":{"line":1,"column":19},"end":{"line":3,"column":1}},"line":1},"1":{"name":"subtract","decl":{"start":{"line":5,"column":9},"end":{"line":5,"column":17}},"loc":{"start":{"line":5,"column":24},"end":{"line":7,"column":1}},"line":5}},"branchMap":{},"s":{"0":1,"1":1,"2":1},"f":{"0":1,"1":1},"b":{},"_coverageSchema":"1a1c01bbd47fc00a2c39e90264f33305004495a9","hash":"3f838f1795c6348d28d39291ff50a8f509751fd5"}
}
