TN:
SF:src\07-format-grade.js
FN:1,formatGrade
FNF:1
FNH:1
FNDA:6,formatGrade
DA:3,6
DA:4,1
DA:5,5
DA:6,1
DA:7,4
DA:8,1
DA:9,3
DA:10,1
DA:11,2
DA:12,1
DA:14,1
DA:18,1
LF:12
LH:12
BRDA:3,0,0,1
BRDA:3,0,1,5
BRDA:3,1,0,6
BRDA:3,1,1,6
BRDA:5,2,0,1
BRDA:5,2,1,4
BRDA:5,3,0,5
BRDA:5,3,1,5
BRDA:7,4,0,1
BRDA:7,4,1,3
BRDA:7,5,0,4
BRDA:7,5,1,4
BRDA:9,6,0,1
BRDA:9,6,1,2
BRDA:9,7,0,3
BRDA:9,7,1,3
BRDA:11,8,0,1
BRDA:11,8,1,1
BRDA:11,9,0,2
BRDA:11,9,1,2
BRF:20
BRH:20
end_of_record
TN:
SF:src\index.js
FN:1,add
FN:5,subtract
FNF:2
FNH:2
FNDA:1,add
FNDA:1,subtract
DA:2,1
DA:6,1
DA:9,1
LF:3
LH:3
BRF:0
BRH:0
end_of_record
