TpTrace Verbose: 0 : 17732, 1, 2024/03/02, 12:17:55.071, 1653928958587, vstest.console.dll, Version: 17.9.0-release-23627-01 Current process architecture: X64
TpTrace Verbose: 0 : 17732, 1, 2024/03/02, 12:17:55.077, 1653929019285, vstest.console.dll, Runtime location: C:\Program Files\dotnet\shared\Microsoft.NETCore.App\8.0.2
TpTrace Verbose: 0 : 17732, 1, 2024/03/02, 12:17:55.081, 1653929066149, vstest.console.dll, ArtifactProcessingPostProcessModeProcessorExecutor.Initialize: ArtifactProcessingMode.Collect
TpTrace Verbose: 0 : 17732, 1, 2024/03/02, 12:17:55.082, 1653929068458, vstest.console.dll, TestSessionCorrelationIdProcessorModeProcessorExecutor.Initialize: TestSessionCorrelationId '17156_8e9a9693-ffbb-426c-a5b5-37ad5a2a58d2'
TpTrace Information: 0 : 17732, 1, 2024/03/02, 12:17:55.095, 1653929205420, vstest.console.dll, FilePatternParser: The given file C:\Users\Lenovo\source\repos\Back-End Technologies Basics - 01.2024\18. Exam\03. Zoo_Skeleton\ZooConsoleAPI\ZooConsoleAPI.IntegrationTests.NUnit\bin\Debug\fine-code-coverage-net6.0\ZooConsoleAPI.IntegrationTests.NUnit.dll is a full path.
TpTrace Verbose: 0 : 17732, 1, 2024/03/02, 12:17:55.106, 1653929307548, vstest.console.dll, TestPluginCache.DiscoverTestExtensions: finding test extensions in assemblies ends with: RuntimeProvider.dll TPluginInfo: Microsoft.VisualStudio.TestPlatform.Common.ExtensionFramework.Utilities.TestRuntimePluginInformation TExtension: Microsoft.VisualStudio.TestPlatform.ObjectModel.Host.ITestRuntimeProvider
TpTrace Verbose: 0 : 17732, 1, 2024/03/02, 12:17:55.106, 1653929313422, vstest.console.dll, TestPluginCache.GetExtensionPaths: Filtered extension paths: 
TpTrace Verbose: 0 : 17732, 1, 2024/03/02, 12:17:55.106, 1653929315368, vstest.console.dll, TestPluginCache.GetExtensionPaths: Added default extension paths: C:\Program Files\dotnet\sdk\8.0.200\Extensions\Microsoft.Diagnostics.NETCore.Client.dll
C:\Program Files\dotnet\sdk\8.0.200\Extensions\Microsoft.TestPlatform.Extensions.BlameDataCollector.dll
C:\Program Files\dotnet\sdk\8.0.200\Extensions\Microsoft.TestPlatform.Extensions.EventLogCollector.dll
C:\Program Files\dotnet\sdk\8.0.200\Extensions\Microsoft.TestPlatform.TestHostRuntimeProvider.dll
C:\Program Files\dotnet\sdk\8.0.200\Extensions\Microsoft.VisualStudio.TestPlatform.Extensions.Html.TestLogger.dll
C:\Program Files\dotnet\sdk\8.0.200\Extensions\Microsoft.VisualStudio.TestPlatform.Extensions.Trx.TestLogger.dll
TpTrace Verbose: 0 : 17732, 1, 2024/03/02, 12:17:55.107, 1653929316405, vstest.console.dll, TestPluginCache.GetExtensionPaths: Added unfilterableExtensionPaths: 
TpTrace Information: 0 : 17732, 1, 2024/03/02, 12:17:55.108, 1653929329146, vstest.console.dll, AssemblyResolver.ctor: Creating AssemblyResolver with searchDirectories C:\Program Files\dotnet\sdk\8.0.200\Extensions,C:\Program Files\dotnet\sdk\8.0.200
TpTrace Verbose: 0 : 17732, 1, 2024/03/02, 12:17:55.110, 1653929354143, vstest.console.dll, TestPluginCache.DiscoverTestExtensions: Discovering the extensions using extension path.
TpTrace Verbose: 0 : 17732, 1, 2024/03/02, 12:17:55.111, 1653929356666, vstest.console.dll, TestPluginCache.GetExtensionPaths: Filtered extension paths: 
TpTrace Verbose: 0 : 17732, 1, 2024/03/02, 12:17:55.111, 1653929357666, vstest.console.dll, TestPluginCache.GetExtensionPaths: Added default extension paths: C:\Program Files\dotnet\sdk\8.0.200\Extensions\Microsoft.Diagnostics.NETCore.Client.dll
C:\Program Files\dotnet\sdk\8.0.200\Extensions\Microsoft.TestPlatform.Extensions.BlameDataCollector.dll
C:\Program Files\dotnet\sdk\8.0.200\Extensions\Microsoft.TestPlatform.Extensions.EventLogCollector.dll
C:\Program Files\dotnet\sdk\8.0.200\Extensions\Microsoft.TestPlatform.TestHostRuntimeProvider.dll
C:\Program Files\dotnet\sdk\8.0.200\Extensions\Microsoft.VisualStudio.TestPlatform.Extensions.Html.TestLogger.dll
C:\Program Files\dotnet\sdk\8.0.200\Extensions\Microsoft.VisualStudio.TestPlatform.Extensions.Trx.TestLogger.dll
TpTrace Verbose: 0 : 17732, 1, 2024/03/02, 12:17:55.111, 1653929358550, vstest.console.dll, TestPluginCache.GetExtensionPaths: Added unfilterableExtensionPaths: 
TpTrace Verbose: 0 : 17732, 1, 2024/03/02, 12:17:55.111, 1653929360779, vstest.console.dll, TestPluginCache.DiscoverTestExtensions: Discovering the extensions using allExtensionPaths: C:\Program Files\dotnet\sdk\8.0.200\Extensions\Microsoft.Diagnostics.NETCore.Client.dll
C:\Program Files\dotnet\sdk\8.0.200\Extensions\Microsoft.TestPlatform.Extensions.BlameDataCollector.dll
C:\Program Files\dotnet\sdk\8.0.200\Extensions\Microsoft.TestPlatform.Extensions.EventLogCollector.dll
C:\Program Files\dotnet\sdk\8.0.200\Extensions\Microsoft.TestPlatform.TestHostRuntimeProvider.dll
C:\Program Files\dotnet\sdk\8.0.200\Extensions\Microsoft.VisualStudio.TestPlatform.Extensions.Html.TestLogger.dll
C:\Program Files\dotnet\sdk\8.0.200\Extensions\Microsoft.VisualStudio.TestPlatform.Extensions.Trx.TestLogger.dll
TpTrace Information: 0 : 17732, 1, 2024/03/02, 12:17:55.111, 1653929363007, vstest.console.dll, AssemblyResolver.AddSearchDirectories: Adding more searchDirectories C:\Program Files\dotnet\sdk\8.0.200\Extensions,C:\Program Files\dotnet\sdk\8.0.200
TpTrace Information: 0 : 17732, 1, 2024/03/02, 12:17:55.111, 1653929364420, vstest.console.dll, AssemblyResolver.AddSearchDirectories: Adding more searchDirectories C:\Program Files\dotnet\sdk\8.0.200\Extensions,C:\Program Files\dotnet\sdk\8.0.200
TpTrace Information: 0 : 17732, 1, 2024/03/02, 12:17:55.111, 1653929365361, vstest.console.dll, AssemblyResolver.AddSearchDirectories: Adding more searchDirectories C:\Program Files\dotnet\sdk\8.0.200\Extensions,C:\Program Files\dotnet\sdk\8.0.200
TpTrace Information: 0 : 17732, 1, 2024/03/02, 12:17:55.111, 1653929366233, vstest.console.dll, AssemblyResolver.AddSearchDirectories: Adding more searchDirectories C:\Program Files\dotnet\sdk\8.0.200\Extensions,C:\Program Files\dotnet\sdk\8.0.200
TpTrace Information: 0 : 17732, 1, 2024/03/02, 12:17:55.112, 1653929367042, vstest.console.dll, AssemblyResolver.AddSearchDirectories: Adding more searchDirectories C:\Program Files\dotnet\sdk\8.0.200\Extensions,C:\Program Files\dotnet\sdk\8.0.200
TpTrace Information: 0 : 17732, 1, 2024/03/02, 12:17:55.112, 1653929367816, vstest.console.dll, AssemblyResolver.AddSearchDirectories: Adding more searchDirectories C:\Program Files\dotnet\sdk\8.0.200\Extensions,C:\Program Files\dotnet\sdk\8.0.200
TpTrace Information: 0 : 17732, 1, 2024/03/02, 12:17:55.113, 1653929377673, vstest.console.dll, AssemblyResolver.OnResolve: Microsoft.Diagnostics.NETCore.Client: Resolving assembly.
TpTrace Information: 0 : 17732, 1, 2024/03/02, 12:17:55.113, 1653929381174, vstest.console.dll, AssemblyResolver.OnResolve: Microsoft.Diagnostics.NETCore.Client: Searching in: 'C:\Program Files\dotnet\sdk\8.0.200\Extensions'.
TpTrace Information: 0 : 17732, 1, 2024/03/02, 12:17:55.127, 1653929523553, vstest.console.dll, AssemblyResolver.OnResolve: Microsoft.Diagnostics.NETCore.Client: Loading assembly 'C:\Program Files\dotnet\sdk\8.0.200\Extensions\Microsoft.Diagnostics.NETCore.Client.dll'.
TpTrace Information: 0 : 17732, 1, 2024/03/02, 12:17:55.129, 1653929538354, vstest.console.dll, AssemblyResolver.OnResolve: Resolved assembly: Microsoft.Diagnostics.NETCore.Client, from path: C:\Program Files\dotnet\sdk\8.0.200\Extensions\Microsoft.Diagnostics.NETCore.Client.dll
TpTrace Verbose: 0 : 17732, 1, 2024/03/02, 12:17:55.138, 1653929632838, vstest.console.dll, MetadataReaderExtensionsHelper: Discovering extensions inside assembly 'Microsoft.Diagnostics.NETCore.Client, Version=0.2.9.2401, Culture=neutral, PublicKeyToken=31bf3856ad364e35' file path 'C:\Program Files\dotnet\sdk\8.0.200\Extensions\Microsoft.Diagnostics.NETCore.Client.dll'
TpTrace Information: 0 : 17732, 1, 2024/03/02, 12:17:55.146, 1653929709536, vstest.console.dll, AssemblyResolver.OnResolve: Microsoft.Bcl.AsyncInterfaces: Resolving assembly.
TpTrace Information: 0 : 17732, 1, 2024/03/02, 12:17:55.146, 1653929710782, vstest.console.dll, AssemblyResolver.OnResolve: Microsoft.Bcl.AsyncInterfaces: Searching in: 'C:\Program Files\dotnet\sdk\8.0.200\Extensions'.
TpTrace Information: 0 : 17732, 1, 2024/03/02, 12:17:55.146, 1653929713532, vstest.console.dll, AssemblyResolver.OnResolve: Microsoft.Bcl.AsyncInterfaces: Assembly path does not exist: 'C:\Program Files\dotnet\sdk\8.0.200\Extensions\Microsoft.Bcl.AsyncInterfaces.dll', returning.
TpTrace Information: 0 : 17732, 1, 2024/03/02, 12:17:55.147, 1653929717033, vstest.console.dll, AssemblyResolver.OnResolve: Microsoft.Bcl.AsyncInterfaces: Assembly path does not exist: 'C:\Program Files\dotnet\sdk\8.0.200\Extensions\Microsoft.Bcl.AsyncInterfaces.exe', returning.
TpTrace Information: 0 : 17732, 1, 2024/03/02, 12:17:55.147, 1653929718040, vstest.console.dll, AssemblyResolver.OnResolve: Microsoft.Bcl.AsyncInterfaces: Searching in: 'C:\Program Files\dotnet\sdk\8.0.200'.
TpTrace Information: 0 : 17732, 1, 2024/03/02, 12:17:55.147, 1653929720386, vstest.console.dll, AssemblyResolver.OnResolve: Microsoft.Bcl.AsyncInterfaces: Assembly path does not exist: 'C:\Program Files\dotnet\sdk\8.0.200\Microsoft.Bcl.AsyncInterfaces.dll', returning.
TpTrace Information: 0 : 17732, 1, 2024/03/02, 12:17:55.147, 1653929723011, vstest.console.dll, AssemblyResolver.OnResolve: Microsoft.Bcl.AsyncInterfaces: Assembly path does not exist: 'C:\Program Files\dotnet\sdk\8.0.200\Microsoft.Bcl.AsyncInterfaces.exe', returning.
TpTrace Information: 0 : 17732, 1, 2024/03/02, 12:17:55.147, 1653929723918, vstest.console.dll, AssemblyResolver.OnResolve: Microsoft.Bcl.AsyncInterfaces: Failed to load assembly.
TpTrace Verbose: 0 : 17732, 1, 2024/03/02, 12:17:55.147, 1653929724837, vstest.console.dll, CurrentDomainAssemblyResolve: Resolving assembly 'Microsoft.Bcl.AsyncInterfaces'.
TpTrace Information: 0 : 17732, 1, 2024/03/02, 12:17:55.147, 1653929726076, vstest.console.dll, AssemblyResolver.OnResolve: Microsoft.Bcl.AsyncInterfaces: Resolving assembly.
TpTrace Information: 0 : 17732, 1, 2024/03/02, 12:17:55.148, 1653929727004, vstest.console.dll, AssemblyResolver.OnResolve: Microsoft.Bcl.AsyncInterfaces: Resolved from cache.
TpTrace Verbose: 0 : 17732, 1, 2024/03/02, 12:17:55.148, 1653929727815, vstest.console.dll, CurrentDomainAssemblyResolve: Resolving assembly 'Microsoft.Bcl.AsyncInterfaces'.
TpTrace Verbose: 0 : 17732, 1, 2024/03/02, 12:17:55.148, 1653929728631, vstest.console.dll, CurrentDomainAssemblyResolve: Failed to resolve assembly 'Microsoft.Bcl.AsyncInterfaces'.
TpTrace Verbose: 0 : 17732, 1, 2024/03/02, 12:17:55.150, 1653929751113, vstest.console.dll, CurrentDomainAssemblyResolve: Failed to resolve assembly 'Microsoft.Bcl.AsyncInterfaces'.
TpTrace Warning: 0 : 17732, 1, 2024/03/02, 12:17:55.170, 1653929951247, vstest.console.dll, TestPluginDiscoverer: Failed to get types from assembly 'Microsoft.Diagnostics.NETCore.Client, Version=0.2.9.2401, Culture=neutral, PublicKeyToken=31bf3856ad364e35'. Error: System.Reflection.ReflectionTypeLoadException: Unable to load one or more of the requested types.
Could not load file or assembly 'Microsoft.Bcl.AsyncInterfaces, Version=6.0.0.0, Culture=neutral, PublicKeyToken=cc7b13ffcd2ddd51'. The system cannot find the file specified.
   at System.Reflection.RuntimeModule.GetTypes(RuntimeModule module)
   at System.Reflection.RuntimeModule.GetTypes()
   at Microsoft.VisualStudio.TestPlatform.Common.ExtensionFramework.TestPluginDiscoverer.GetTestExtensionsFromAssembly[TPluginInfo,TExtension](Assembly assembly, Dictionary`2 pluginInfos, String filePath) in /_/src/Microsoft.TestPlatform.Common/ExtensionFramework/TestPluginDiscoverer.cs:line 158
System.IO.FileNotFoundException: Could not load file or assembly 'Microsoft.Bcl.AsyncInterfaces, Version=6.0.0.0, Culture=neutral, PublicKeyToken=cc7b13ffcd2ddd51'. The system cannot find the file specified.
File name: 'Microsoft.Bcl.AsyncInterfaces, Version=6.0.0.0, Culture=neutral, PublicKeyToken=cc7b13ffcd2ddd51'
 ---> System.IO.FileNotFoundException: Could not load file or assembly 'Microsoft.Bcl.AsyncInterfaces, Culture=neutral, PublicKeyToken=null'. The system cannot find the file specified.
File name: 'Microsoft.Bcl.AsyncInterfaces, Culture=neutral, PublicKeyToken=null'
   at System.Reflection.RuntimeAssembly.InternalLoad(AssemblyName assemblyName, StackCrawlMark& stackMark, AssemblyLoadContext assemblyLoadContext, RuntimeAssembly requestingAssembly, Boolean throwOnFileNotFound)
   at System.Reflection.Assembly.Load(AssemblyName assemblyRef)
   at Microsoft.VisualStudio.TestPlatform.Common.ExtensionFramework.TestPluginCache.CurrentDomainAssemblyResolve(Object sender, AssemblyResolveEventArgs args) in /_/src/Microsoft.TestPlatform.Common/ExtensionFramework/TestPluginCache.cs:line 513
   at System.Runtime.Loader.AssemblyLoadContext.GetFirstResolvedAssemblyFromResolvingEvent(AssemblyName assemblyName)
   at System.Runtime.Loader.AssemblyLoadContext.ResolveUsingEvent(AssemblyName assemblyName)
   at System.Runtime.Loader.AssemblyLoadContext.ResolveUsingResolvingEvent(IntPtr gchManagedAssemblyLoadContext, AssemblyName assemblyName)
TpTrace Warning: 0 : 17732, 1, 2024/03/02, 12:17:55.171, 1653929958011, vstest.console.dll, LoaderExceptions: System.IO.FileNotFoundException: Could not load file or assembly 'Microsoft.Bcl.AsyncInterfaces, Version=6.0.0.0, Culture=neutral, PublicKeyToken=cc7b13ffcd2ddd51'. The system cannot find the file specified.
File name: 'Microsoft.Bcl.AsyncInterfaces, Version=6.0.0.0, Culture=neutral, PublicKeyToken=cc7b13ffcd2ddd51'
 ---> System.IO.FileNotFoundException: Could not load file or assembly 'Microsoft.Bcl.AsyncInterfaces, Culture=neutral, PublicKeyToken=null'. The system cannot find the file specified.
File name: 'Microsoft.Bcl.AsyncInterfaces, Culture=neutral, PublicKeyToken=null'
   at System.Reflection.RuntimeAssembly.InternalLoad(AssemblyName assemblyName, StackCrawlMark& stackMark, AssemblyLoadContext assemblyLoadContext, RuntimeAssembly requestingAssembly, Boolean throwOnFileNotFound)
   at System.Reflection.Assembly.Load(AssemblyName assemblyRef)
   at Microsoft.VisualStudio.TestPlatform.Common.ExtensionFramework.TestPluginCache.CurrentDomainAssemblyResolve(Object sender, AssemblyResolveEventArgs args) in /_/src/Microsoft.TestPlatform.Common/ExtensionFramework/TestPluginCache.cs:line 513
   at System.Runtime.Loader.AssemblyLoadContext.GetFirstResolvedAssemblyFromResolvingEvent(AssemblyName assemblyName)
   at System.Runtime.Loader.AssemblyLoadContext.ResolveUsingEvent(AssemblyName assemblyName)
   at System.Runtime.Loader.AssemblyLoadContext.ResolveUsingResolvingEvent(IntPtr gchManagedAssemblyLoadContext, AssemblyName assemblyName)
TpTrace Information: 0 : 17732, 1, 2024/03/02, 12:17:55.171, 1653929960846, vstest.console.dll, AssemblyResolver.OnResolve: Microsoft.TestPlatform.Extensions.BlameDataCollector: Resolving assembly.
TpTrace Information: 0 : 17732, 1, 2024/03/02, 12:17:55.171, 1653929961987, vstest.console.dll, AssemblyResolver.OnResolve: Microsoft.TestPlatform.Extensions.BlameDataCollector: Searching in: 'C:\Program Files\dotnet\sdk\8.0.200\Extensions'.
TpTrace Information: 0 : 17732, 1, 2024/03/02, 12:17:55.172, 1653929973420, vstest.console.dll, AssemblyResolver.OnResolve: Microsoft.TestPlatform.Extensions.BlameDataCollector: Loading assembly 'C:\Program Files\dotnet\sdk\8.0.200\Extensions\Microsoft.TestPlatform.Extensions.BlameDataCollector.dll'.
TpTrace Information: 0 : 17732, 1, 2024/03/02, 12:17:55.174, 1653929986743, vstest.console.dll, AssemblyResolver.OnResolve: Resolved assembly: Microsoft.TestPlatform.Extensions.BlameDataCollector, from path: C:\Program Files\dotnet\sdk\8.0.200\Extensions\Microsoft.TestPlatform.Extensions.BlameDataCollector.dll
TpTrace Verbose: 0 : 17732, 1, 2024/03/02, 12:17:55.174, 1653929988317, vstest.console.dll, MetadataReaderExtensionsHelper: Discovering extensions inside assembly 'Microsoft.TestPlatform.Extensions.BlameDataCollector, Version=15.0.0.0, Culture=neutral, PublicKeyToken=b03f5f7f11d50a3a' file path 'C:\Program Files\dotnet\sdk\8.0.200\Extensions\Microsoft.TestPlatform.Extensions.BlameDataCollector.dll'
TpTrace Information: 0 : 17732, 1, 2024/03/02, 12:17:55.177, 1653930017482, vstest.console.dll, AssemblyResolver.OnResolve: Microsoft.TestPlatform.Extensions.EventLogCollector: Resolving assembly.
TpTrace Information: 0 : 17732, 1, 2024/03/02, 12:17:55.177, 1653930019863, vstest.console.dll, AssemblyResolver.OnResolve: Microsoft.TestPlatform.Extensions.EventLogCollector: Searching in: 'C:\Program Files\dotnet\sdk\8.0.200\Extensions'.
TpTrace Information: 0 : 17732, 1, 2024/03/02, 12:17:55.178, 1653930030204, vstest.console.dll, AssemblyResolver.OnResolve: Microsoft.TestPlatform.Extensions.EventLogCollector: Loading assembly 'C:\Program Files\dotnet\sdk\8.0.200\Extensions\Microsoft.TestPlatform.Extensions.EventLogCollector.dll'.
TpTrace Information: 0 : 17732, 1, 2024/03/02, 12:17:55.179, 1653930041387, vstest.console.dll, AssemblyResolver.OnResolve: Resolved assembly: Microsoft.TestPlatform.Extensions.EventLogCollector, from path: C:\Program Files\dotnet\sdk\8.0.200\Extensions\Microsoft.TestPlatform.Extensions.EventLogCollector.dll
TpTrace Verbose: 0 : 17732, 1, 2024/03/02, 12:17:55.179, 1653930042766, vstest.console.dll, MetadataReaderExtensionsHelper: Discovering extensions inside assembly 'Microsoft.TestPlatform.Extensions.EventLogCollector, Version=15.0.0.0, Culture=neutral, PublicKeyToken=b03f5f7f11d50a3a' file path 'C:\Program Files\dotnet\sdk\8.0.200\Extensions\Microsoft.TestPlatform.Extensions.EventLogCollector.dll'
TpTrace Information: 0 : 17732, 1, 2024/03/02, 12:17:55.184, 1653930092498, vstest.console.dll, AssemblyResolver.OnResolve: Microsoft.TestPlatform.TestHostRuntimeProvider: Resolving assembly.
TpTrace Information: 0 : 17732, 1, 2024/03/02, 12:17:55.184, 1653930093711, vstest.console.dll, AssemblyResolver.OnResolve: Microsoft.TestPlatform.TestHostRuntimeProvider: Searching in: 'C:\Program Files\dotnet\sdk\8.0.200\Extensions'.
TpTrace Information: 0 : 17732, 1, 2024/03/02, 12:17:55.185, 1653930104292, vstest.console.dll, AssemblyResolver.OnResolve: Microsoft.TestPlatform.TestHostRuntimeProvider: Loading assembly 'C:\Program Files\dotnet\sdk\8.0.200\Extensions\Microsoft.TestPlatform.TestHostRuntimeProvider.dll'.
TpTrace Information: 0 : 17732, 1, 2024/03/02, 12:17:55.187, 1653930116560, vstest.console.dll, AssemblyResolver.OnResolve: Resolved assembly: Microsoft.TestPlatform.TestHostRuntimeProvider, from path: C:\Program Files\dotnet\sdk\8.0.200\Extensions\Microsoft.TestPlatform.TestHostRuntimeProvider.dll
TpTrace Verbose: 0 : 17732, 1, 2024/03/02, 12:17:55.187, 1653930117962, vstest.console.dll, MetadataReaderExtensionsHelper: Discovering extensions inside assembly 'Microsoft.TestPlatform.TestHostRuntimeProvider, Version=15.0.0.0, Culture=neutral, PublicKeyToken=b03f5f7f11d50a3a' file path 'C:\Program Files\dotnet\sdk\8.0.200\Extensions\Microsoft.TestPlatform.TestHostRuntimeProvider.dll'
TpTrace Information: 0 : 17732, 1, 2024/03/02, 12:17:55.190, 1653930149289, vstest.console.dll, GetTestExtensionFromType: Register extension with identifier data 'HostProvider://DefaultTestHost' and type 'Microsoft.VisualStudio.TestPlatform.CrossPlatEngine.Hosting.DefaultTestHostManager, Microsoft.TestPlatform.TestHostRuntimeProvider, Version=15.0.0.0, Culture=neutral, PublicKeyToken=b03f5f7f11d50a3a' inside file 'C:\Program Files\dotnet\sdk\8.0.200\Extensions\Microsoft.TestPlatform.TestHostRuntimeProvider.dll'
TpTrace Information: 0 : 17732, 1, 2024/03/02, 12:17:55.190, 1653930154128, vstest.console.dll, GetTestExtensionFromType: Register extension with identifier data 'HostProvider://DotnetTestHost' and type 'Microsoft.VisualStudio.TestPlatform.CrossPlatEngine.Hosting.DotnetTestHostManager, Microsoft.TestPlatform.TestHostRuntimeProvider, Version=15.0.0.0, Culture=neutral, PublicKeyToken=b03f5f7f11d50a3a' inside file 'C:\Program Files\dotnet\sdk\8.0.200\Extensions\Microsoft.TestPlatform.TestHostRuntimeProvider.dll'
TpTrace Information: 0 : 17732, 1, 2024/03/02, 12:17:55.190, 1653930155863, vstest.console.dll, AssemblyResolver.OnResolve: Microsoft.VisualStudio.TestPlatform.Extensions.Html.TestLogger: Resolving assembly.
TpTrace Information: 0 : 17732, 1, 2024/03/02, 12:17:55.191, 1653930156905, vstest.console.dll, AssemblyResolver.OnResolve: Microsoft.VisualStudio.TestPlatform.Extensions.Html.TestLogger: Searching in: 'C:\Program Files\dotnet\sdk\8.0.200\Extensions'.
TpTrace Information: 0 : 17732, 1, 2024/03/02, 12:17:55.192, 1653930167865, vstest.console.dll, AssemblyResolver.OnResolve: Microsoft.VisualStudio.TestPlatform.Extensions.Html.TestLogger: Loading assembly 'C:\Program Files\dotnet\sdk\8.0.200\Extensions\Microsoft.VisualStudio.TestPlatform.Extensions.Html.TestLogger.dll'.
TpTrace Information: 0 : 17732, 1, 2024/03/02, 12:17:55.193, 1653930180097, vstest.console.dll, AssemblyResolver.OnResolve: Resolved assembly: Microsoft.VisualStudio.TestPlatform.Extensions.Html.TestLogger, from path: C:\Program Files\dotnet\sdk\8.0.200\Extensions\Microsoft.VisualStudio.TestPlatform.Extensions.Html.TestLogger.dll
TpTrace Verbose: 0 : 17732, 1, 2024/03/02, 12:17:55.193, 1653930181489, vstest.console.dll, MetadataReaderExtensionsHelper: Discovering extensions inside assembly 'Microsoft.VisualStudio.TestPlatform.Extensions.Html.TestLogger, Version=15.0.0.0, Culture=neutral, PublicKeyToken=b03f5f7f11d50a3a' file path 'C:\Program Files\dotnet\sdk\8.0.200\Extensions\Microsoft.VisualStudio.TestPlatform.Extensions.Html.TestLogger.dll'
TpTrace Information: 0 : 17732, 1, 2024/03/02, 12:17:55.195, 1653930200414, vstest.console.dll, AssemblyResolver.OnResolve: Microsoft.VisualStudio.TestPlatform.Extensions.Trx.TestLogger: Resolving assembly.
TpTrace Information: 0 : 17732, 1, 2024/03/02, 12:17:55.195, 1653930201570, vstest.console.dll, AssemblyResolver.OnResolve: Microsoft.VisualStudio.TestPlatform.Extensions.Trx.TestLogger: Searching in: 'C:\Program Files\dotnet\sdk\8.0.200\Extensions'.
TpTrace Information: 0 : 17732, 1, 2024/03/02, 12:17:55.196, 1653930211989, vstest.console.dll, AssemblyResolver.OnResolve: Microsoft.VisualStudio.TestPlatform.Extensions.Trx.TestLogger: Loading assembly 'C:\Program Files\dotnet\sdk\8.0.200\Extensions\Microsoft.VisualStudio.TestPlatform.Extensions.Trx.TestLogger.dll'.
TpTrace Information: 0 : 17732, 1, 2024/03/02, 12:17:55.197, 1653930224783, vstest.console.dll, AssemblyResolver.OnResolve: Resolved assembly: Microsoft.VisualStudio.TestPlatform.Extensions.Trx.TestLogger, from path: C:\Program Files\dotnet\sdk\8.0.200\Extensions\Microsoft.VisualStudio.TestPlatform.Extensions.Trx.TestLogger.dll
TpTrace Verbose: 0 : 17732, 1, 2024/03/02, 12:17:55.197, 1653930226274, vstest.console.dll, MetadataReaderExtensionsHelper: Discovering extensions inside assembly 'Microsoft.VisualStudio.TestPlatform.Extensions.Trx.TestLogger, Version=15.0.0.0, Culture=neutral, PublicKeyToken=b03f5f7f11d50a3a' file path 'C:\Program Files\dotnet\sdk\8.0.200\Extensions\Microsoft.VisualStudio.TestPlatform.Extensions.Trx.TestLogger.dll'
TpTrace Verbose: 0 : 17732, 1, 2024/03/02, 12:17:55.200, 1653930248895, vstest.console.dll, TestPluginCache: Discovered the extensions using extension path ''.
TpTrace Verbose: 0 : 17732, 1, 2024/03/02, 12:17:55.200, 1653930250199, vstest.console.dll, TestPluginCache: Discoverers are ''.
TpTrace Verbose: 0 : 17732, 1, 2024/03/02, 12:17:55.200, 1653930250912, vstest.console.dll, TestPluginCache: Executors are ''.
TpTrace Verbose: 0 : 17732, 1, 2024/03/02, 12:17:55.200, 1653930251517, vstest.console.dll, TestPluginCache: Executors2 are ''.
TpTrace Verbose: 0 : 17732, 1, 2024/03/02, 12:17:55.200, 1653930252110, vstest.console.dll, TestPluginCache: Setting providers are ''.
TpTrace Verbose: 0 : 17732, 1, 2024/03/02, 12:17:55.200, 1653930252878, vstest.console.dll, TestPluginCache: Loggers are ''.
TpTrace Verbose: 0 : 17732, 1, 2024/03/02, 12:17:55.201, 1653930256754, vstest.console.dll, TestPluginCache: TestHosts are 'HostProvider://DefaultTestHost,HostProvider://DotnetTestHost'.
TpTrace Verbose: 0 : 17732, 1, 2024/03/02, 12:17:55.201, 1653930257732, vstest.console.dll, TestPluginCache: DataCollectors are ''.
TpTrace Information: 0 : 17732, 1, 2024/03/02, 12:17:55.227, 1653930519115, vstest.console.dll, RunTestsArgumentProcessor:Execute: Test run is starting.
TpTrace Verbose: 0 : 17732, 1, 2024/03/02, 12:17:55.227, 1653930520585, vstest.console.dll, RunTestsArgumentProcessor:Execute: Queuing Test run.
TpTrace Information: 0 : 17732, 1, 2024/03/02, 12:17:55.227, 1653930525292, vstest.console.dll, TestRequestManager.RunTests: run tests started.
TpTrace Information: 0 : 17732, 1, 2024/03/02, 12:17:55.229, 1653930546039, vstest.console.dll, AssemblyMetadataProvider.GetFrameworkName: Determined framework:'.NETCoreApp,Version=v6.0' for source: 'C:\Users\Lenovo\source\repos\Back-End Technologies Basics - 01.2024\18. Exam\03. Zoo_Skeleton\ZooConsoleAPI\ZooConsoleAPI.IntegrationTests.NUnit\bin\Debug\fine-code-coverage-net6.0\ZooConsoleAPI.IntegrationTests.NUnit.dll'
TpTrace Information: 0 : 17732, 1, 2024/03/02, 12:17:55.230, 1653930548904, vstest.console.dll, Determined framework for all sources: .NETCoreApp,Version=v6.0
TpTrace Verbose: 0 : 17732, 1, 2024/03/02, 12:17:55.230, 1653930554839, vstest.console.dll, TestRequestManager.UpdateRunSettingsIfRequired: Default architecture: X64 IsDefaultTargetArchitecture: True, Current process architecture: X64 OperatingSystem: Windows.
TpTrace Information: 0 : 17732, 1, 2024/03/02, 12:17:55.234, 1653930587175, vstest.console.dll, AssemblyMetadataProvider.GetArchitecture: Determined architecture:AnyCPU info for assembly: C:\Users\Lenovo\source\repos\Back-End Technologies Basics - 01.2024\18. Exam\03. Zoo_Skeleton\ZooConsoleAPI\ZooConsoleAPI.IntegrationTests.NUnit\bin\Debug\fine-code-coverage-net6.0\ZooConsoleAPI.IntegrationTests.NUnit.dll
TpTrace Information: 0 : 17732, 1, 2024/03/02, 12:17:55.234, 1653930588317, vstest.console.dll, Determined platform for source 'C:\Users\Lenovo\source\repos\Back-End Technologies Basics - 01.2024\18. Exam\03. Zoo_Skeleton\ZooConsoleAPI\ZooConsoleAPI.IntegrationTests.NUnit\bin\Debug\fine-code-coverage-net6.0\ZooConsoleAPI.IntegrationTests.NUnit.dll' was AnyCPU and it will use the default plaform X64.
TpTrace Information: 0 : 17732, 1, 2024/03/02, 12:17:55.234, 1653930589049, vstest.console.dll, None of the sources provided any runnable platform, using the default platform: X64
TpTrace Information: 0 : 17732, 1, 2024/03/02, 12:17:55.234, 1653930590787, vstest.console.dll, Platform was updated to 'X64'.
TpTrace Information: 0 : 17732, 1, 2024/03/02, 12:17:55.240, 1653930654259, vstest.console.dll, InferRunSettingsHelper.IsTestSettingsEnabled: Unable to navigate to RunSettings/MSTest. Current node: RunSettings
TpTrace Information: 0 : 17732, 1, 2024/03/02, 12:17:55.241, 1653930665675, vstest.console.dll, AssemblyResolver.OnResolve: Microsoft.VisualStudio.TestPlatform.Fakes: Resolving assembly.
TpTrace Information: 0 : 17732, 1, 2024/03/02, 12:17:55.242, 1653930667047, vstest.console.dll, AssemblyResolver.OnResolve: Microsoft.VisualStudio.TestPlatform.Fakes: Searching in: 'C:\Program Files\dotnet\sdk\8.0.200\Extensions'.
TpTrace Information: 0 : 17732, 1, 2024/03/02, 12:17:55.242, 1653930669641, vstest.console.dll, AssemblyResolver.OnResolve: Microsoft.VisualStudio.TestPlatform.Fakes: Assembly path does not exist: 'C:\Program Files\dotnet\sdk\8.0.200\Extensions\Microsoft.VisualStudio.TestPlatform.Fakes.dll', returning.
TpTrace Information: 0 : 17732, 1, 2024/03/02, 12:17:55.242, 1653930672202, vstest.console.dll, AssemblyResolver.OnResolve: Microsoft.VisualStudio.TestPlatform.Fakes: Assembly path does not exist: 'C:\Program Files\dotnet\sdk\8.0.200\Extensions\Microsoft.VisualStudio.TestPlatform.Fakes.exe', returning.
TpTrace Information: 0 : 17732, 1, 2024/03/02, 12:17:55.242, 1653930673131, vstest.console.dll, AssemblyResolver.OnResolve: Microsoft.VisualStudio.TestPlatform.Fakes: Searching in: 'C:\Program Files\dotnet\sdk\8.0.200'.
TpTrace Information: 0 : 17732, 1, 2024/03/02, 12:17:55.242, 1653930675769, vstest.console.dll, AssemblyResolver.OnResolve: Microsoft.VisualStudio.TestPlatform.Fakes: Assembly path does not exist: 'C:\Program Files\dotnet\sdk\8.0.200\Microsoft.VisualStudio.TestPlatform.Fakes.dll', returning.
TpTrace Information: 0 : 17732, 1, 2024/03/02, 12:17:55.243, 1653930678350, vstest.console.dll, AssemblyResolver.OnResolve: Microsoft.VisualStudio.TestPlatform.Fakes: Assembly path does not exist: 'C:\Program Files\dotnet\sdk\8.0.200\Microsoft.VisualStudio.TestPlatform.Fakes.exe', returning.
TpTrace Information: 0 : 17732, 1, 2024/03/02, 12:17:55.243, 1653930679316, vstest.console.dll, AssemblyResolver.OnResolve: Microsoft.VisualStudio.TestPlatform.Fakes: Failed to load assembly.
TpTrace Information: 0 : 17732, 1, 2024/03/02, 12:17:55.243, 1653930684042, vstest.console.dll, Failed to load assembly Microsoft.VisualStudio.TestPlatform.Fakes, Version=17.0.0.0, Culture=neutral. Reason:System.IO.FileNotFoundException: Could not load file or assembly 'Microsoft.VisualStudio.TestPlatform.Fakes, Version=17.0.0.0, Culture=neutral, PublicKeyToken=null'. The system cannot find the file specified.
File name: 'Microsoft.VisualStudio.TestPlatform.Fakes, Version=17.0.0.0, Culture=neutral, PublicKeyToken=null'
   at System.Reflection.RuntimeAssembly.InternalLoad(AssemblyName assemblyName, StackCrawlMark& stackMark, AssemblyLoadContext assemblyLoadContext, RuntimeAssembly requestingAssembly, Boolean throwOnFileNotFound)
   at System.Reflection.Assembly.Load(AssemblyName assemblyRef)
   at Microsoft.VisualStudio.TestPlatform.Common.Utilities.FakesUtilities.LoadTestPlatformAssembly() in /_/src/Microsoft.TestPlatform.Common/Utilities/FakesUtilities.cs:line 272
TpTrace Verbose: 0 : 17732, 1, 2024/03/02, 12:17:55.249, 1653930742784, vstest.console.dll, TestPluginCache.DiscoverTestExtensions: finding test extensions in assemblies ends with: TestLogger.dll TPluginInfo: Microsoft.VisualStudio.TestPlatform.Common.ExtensionFramework.Utilities.TestLoggerPluginInformation TExtension: Microsoft.VisualStudio.TestPlatform.ObjectModel.Client.ITestLogger
TpTrace Verbose: 0 : 17732, 1, 2024/03/02, 12:17:55.249, 1653930744762, vstest.console.dll, TestPluginCache.GetExtensionPaths: Filtered extension paths: 
TpTrace Verbose: 0 : 17732, 1, 2024/03/02, 12:17:55.249, 1653930745686, vstest.console.dll, TestPluginCache.GetExtensionPaths: Added default extension paths: C:\Program Files\dotnet\sdk\8.0.200\Extensions\Microsoft.Diagnostics.NETCore.Client.dll
C:\Program Files\dotnet\sdk\8.0.200\Extensions\Microsoft.TestPlatform.Extensions.BlameDataCollector.dll
C:\Program Files\dotnet\sdk\8.0.200\Extensions\Microsoft.TestPlatform.Extensions.EventLogCollector.dll
C:\Program Files\dotnet\sdk\8.0.200\Extensions\Microsoft.TestPlatform.TestHostRuntimeProvider.dll
C:\Program Files\dotnet\sdk\8.0.200\Extensions\Microsoft.VisualStudio.TestPlatform.Extensions.Html.TestLogger.dll
C:\Program Files\dotnet\sdk\8.0.200\Extensions\Microsoft.VisualStudio.TestPlatform.Extensions.Trx.TestLogger.dll
TpTrace Verbose: 0 : 17732, 1, 2024/03/02, 12:17:55.250, 1653930746485, vstest.console.dll, TestPluginCache.GetExtensionPaths: Added unfilterableExtensionPaths: 
TpTrace Information: 0 : 17732, 1, 2024/03/02, 12:17:55.250, 1653930749553, vstest.console.dll, AssemblyResolver.AddSearchDirectories: Adding more searchDirectories C:\Program Files\dotnet\sdk\8.0.200\Extensions,C:\Program Files\dotnet\sdk\8.0.200
TpTrace Verbose: 0 : 17732, 1, 2024/03/02, 12:17:55.250, 1653930750683, vstest.console.dll, TestPluginCache.DiscoverTestExtensions: Discovering the extensions using extension path.
TpTrace Verbose: 0 : 17732, 1, 2024/03/02, 12:17:55.250, 1653930751531, vstest.console.dll, TestPluginCache.GetExtensionPaths: Filtered extension paths: 
TpTrace Verbose: 0 : 17732, 1, 2024/03/02, 12:17:55.250, 1653930752464, vstest.console.dll, TestPluginCache.GetExtensionPaths: Added default extension paths: C:\Program Files\dotnet\sdk\8.0.200\Extensions\Microsoft.Diagnostics.NETCore.Client.dll
C:\Program Files\dotnet\sdk\8.0.200\Extensions\Microsoft.TestPlatform.Extensions.BlameDataCollector.dll
C:\Program Files\dotnet\sdk\8.0.200\Extensions\Microsoft.TestPlatform.Extensions.EventLogCollector.dll
C:\Program Files\dotnet\sdk\8.0.200\Extensions\Microsoft.TestPlatform.TestHostRuntimeProvider.dll
C:\Program Files\dotnet\sdk\8.0.200\Extensions\Microsoft.VisualStudio.TestPlatform.Extensions.Html.TestLogger.dll
C:\Program Files\dotnet\sdk\8.0.200\Extensions\Microsoft.VisualStudio.TestPlatform.Extensions.Trx.TestLogger.dll
TpTrace Verbose: 0 : 17732, 1, 2024/03/02, 12:17:55.250, 1653930754601, vstest.console.dll, TestPluginCache.GetExtensionPaths: Added unfilterableExtensionPaths: 
TpTrace Verbose: 0 : 17732, 1, 2024/03/02, 12:17:55.250, 1653930755662, vstest.console.dll, TestPluginCache.DiscoverTestExtensions: Discovering the extensions using allExtensionPaths: C:\Program Files\dotnet\sdk\8.0.200\Extensions\Microsoft.Diagnostics.NETCore.Client.dll
C:\Program Files\dotnet\sdk\8.0.200\Extensions\Microsoft.TestPlatform.Extensions.BlameDataCollector.dll
C:\Program Files\dotnet\sdk\8.0.200\Extensions\Microsoft.TestPlatform.Extensions.EventLogCollector.dll
C:\Program Files\dotnet\sdk\8.0.200\Extensions\Microsoft.TestPlatform.TestHostRuntimeProvider.dll
C:\Program Files\dotnet\sdk\8.0.200\Extensions\Microsoft.VisualStudio.TestPlatform.Extensions.Html.TestLogger.dll
C:\Program Files\dotnet\sdk\8.0.200\Extensions\Microsoft.VisualStudio.TestPlatform.Extensions.Trx.TestLogger.dll
TpTrace Information: 0 : 17732, 1, 2024/03/02, 12:17:55.251, 1653930756765, vstest.console.dll, AssemblyResolver.AddSearchDirectories: Adding more searchDirectories C:\Program Files\dotnet\sdk\8.0.200\Extensions,C:\Program Files\dotnet\sdk\8.0.200
TpTrace Information: 0 : 17732, 1, 2024/03/02, 12:17:55.251, 1653930757761, vstest.console.dll, AssemblyResolver.AddSearchDirectories: Adding more searchDirectories C:\Program Files\dotnet\sdk\8.0.200\Extensions,C:\Program Files\dotnet\sdk\8.0.200
TpTrace Information: 0 : 17732, 1, 2024/03/02, 12:17:55.251, 1653930758555, vstest.console.dll, AssemblyResolver.AddSearchDirectories: Adding more searchDirectories C:\Program Files\dotnet\sdk\8.0.200\Extensions,C:\Program Files\dotnet\sdk\8.0.200
TpTrace Information: 0 : 17732, 1, 2024/03/02, 12:17:55.251, 1653930759315, vstest.console.dll, AssemblyResolver.AddSearchDirectories: Adding more searchDirectories C:\Program Files\dotnet\sdk\8.0.200\Extensions,C:\Program Files\dotnet\sdk\8.0.200
TpTrace Information: 0 : 17732, 1, 2024/03/02, 12:17:55.251, 1653930760154, vstest.console.dll, AssemblyResolver.AddSearchDirectories: Adding more searchDirectories C:\Program Files\dotnet\sdk\8.0.200\Extensions,C:\Program Files\dotnet\sdk\8.0.200
TpTrace Information: 0 : 17732, 1, 2024/03/02, 12:17:55.251, 1653930760920, vstest.console.dll, AssemblyResolver.AddSearchDirectories: Adding more searchDirectories C:\Program Files\dotnet\sdk\8.0.200\Extensions,C:\Program Files\dotnet\sdk\8.0.200
TpTrace Verbose: 0 : 17732, 1, 2024/03/02, 12:17:55.251, 1653930763164, vstest.console.dll, MetadataReaderExtensionsHelper: Discovering extensions inside assembly 'Microsoft.Diagnostics.NETCore.Client, Version=0.2.9.2401, Culture=neutral, PublicKeyToken=31bf3856ad364e35' file path 'C:\Program Files\dotnet\sdk\8.0.200\Extensions\Microsoft.Diagnostics.NETCore.Client.dll'
TpTrace Information: 0 : 17732, 1, 2024/03/02, 12:17:55.253, 1653930781001, vstest.console.dll, AssemblyResolver.OnResolve: Microsoft.Bcl.AsyncInterfaces: Resolving assembly.
TpTrace Information: 0 : 17732, 1, 2024/03/02, 12:17:55.253, 1653930782221, vstest.console.dll, AssemblyResolver.OnResolve: Microsoft.Bcl.AsyncInterfaces: Resolved from cache.
TpTrace Verbose: 0 : 17732, 1, 2024/03/02, 12:17:55.253, 1653930783172, vstest.console.dll, CurrentDomainAssemblyResolve: Resolving assembly 'Microsoft.Bcl.AsyncInterfaces'.
TpTrace Information: 0 : 17732, 1, 2024/03/02, 12:17:55.253, 1653930784639, vstest.console.dll, AssemblyResolver.OnResolve: Microsoft.Bcl.AsyncInterfaces: Resolving assembly.
TpTrace Information: 0 : 17732, 1, 2024/03/02, 12:17:55.253, 1653930785483, vstest.console.dll, AssemblyResolver.OnResolve: Microsoft.Bcl.AsyncInterfaces: Resolved from cache.
TpTrace Verbose: 0 : 17732, 1, 2024/03/02, 12:17:55.253, 1653930786135, vstest.console.dll, CurrentDomainAssemblyResolve: Resolving assembly 'Microsoft.Bcl.AsyncInterfaces'.
TpTrace Verbose: 0 : 17732, 1, 2024/03/02, 12:17:55.254, 1653930786752, vstest.console.dll, CurrentDomainAssemblyResolve: Failed to resolve assembly 'Microsoft.Bcl.AsyncInterfaces'.
TpTrace Verbose: 0 : 17732, 1, 2024/03/02, 12:17:55.254, 1653930789518, vstest.console.dll, CurrentDomainAssemblyResolve: Failed to resolve assembly 'Microsoft.Bcl.AsyncInterfaces'.
TpTrace Warning: 0 : 17732, 1, 2024/03/02, 12:17:55.254, 1653930795934, vstest.console.dll, TestPluginDiscoverer: Failed to get types from assembly 'Microsoft.Diagnostics.NETCore.Client, Version=0.2.9.2401, Culture=neutral, PublicKeyToken=31bf3856ad364e35'. Error: System.Reflection.ReflectionTypeLoadException: Unable to load one or more of the requested types.
Could not load file or assembly 'Microsoft.Bcl.AsyncInterfaces, Version=6.0.0.0, Culture=neutral, PublicKeyToken=cc7b13ffcd2ddd51'. The system cannot find the file specified.
   at System.Reflection.RuntimeModule.GetTypes(RuntimeModule module)
   at System.Reflection.RuntimeModule.GetTypes()
   at Microsoft.VisualStudio.TestPlatform.Common.ExtensionFramework.TestPluginDiscoverer.GetTestExtensionsFromAssembly[TPluginInfo,TExtension](Assembly assembly, Dictionary`2 pluginInfos, String filePath) in /_/src/Microsoft.TestPlatform.Common/ExtensionFramework/TestPluginDiscoverer.cs:line 158
System.IO.FileNotFoundException: Could not load file or assembly 'Microsoft.Bcl.AsyncInterfaces, Version=6.0.0.0, Culture=neutral, PublicKeyToken=cc7b13ffcd2ddd51'. The system cannot find the file specified.
File name: 'Microsoft.Bcl.AsyncInterfaces, Version=6.0.0.0, Culture=neutral, PublicKeyToken=cc7b13ffcd2ddd51'
 ---> System.IO.FileNotFoundException: Could not load file or assembly 'Microsoft.Bcl.AsyncInterfaces, Culture=neutral, PublicKeyToken=null'. The system cannot find the file specified.
File name: 'Microsoft.Bcl.AsyncInterfaces, Culture=neutral, PublicKeyToken=null'
   at System.Reflection.RuntimeAssembly.InternalLoad(AssemblyName assemblyName, StackCrawlMark& stackMark, AssemblyLoadContext assemblyLoadContext, RuntimeAssembly requestingAssembly, Boolean throwOnFileNotFound)
   at System.Reflection.Assembly.Load(AssemblyName assemblyRef)
   at Microsoft.VisualStudio.TestPlatform.Common.ExtensionFramework.TestPluginCache.CurrentDomainAssemblyResolve(Object sender, AssemblyResolveEventArgs args) in /_/src/Microsoft.TestPlatform.Common/ExtensionFramework/TestPluginCache.cs:line 513
   at System.Runtime.Loader.AssemblyLoadContext.GetFirstResolvedAssemblyFromResolvingEvent(AssemblyName assemblyName)
   at System.Runtime.Loader.AssemblyLoadContext.ResolveUsingEvent(AssemblyName assemblyName)
   at System.Runtime.Loader.AssemblyLoadContext.ResolveUsingResolvingEvent(IntPtr gchManagedAssemblyLoadContext, AssemblyName assemblyName)
TpTrace Warning: 0 : 17732, 1, 2024/03/02, 12:17:55.255, 1653930799332, vstest.console.dll, LoaderExceptions: System.IO.FileNotFoundException: Could not load file or assembly 'Microsoft.Bcl.AsyncInterfaces, Version=6.0.0.0, Culture=neutral, PublicKeyToken=cc7b13ffcd2ddd51'. The system cannot find the file specified.
File name: 'Microsoft.Bcl.AsyncInterfaces, Version=6.0.0.0, Culture=neutral, PublicKeyToken=cc7b13ffcd2ddd51'
 ---> System.IO.FileNotFoundException: Could not load file or assembly 'Microsoft.Bcl.AsyncInterfaces, Culture=neutral, PublicKeyToken=null'. The system cannot find the file specified.
File name: 'Microsoft.Bcl.AsyncInterfaces, Culture=neutral, PublicKeyToken=null'
   at System.Reflection.RuntimeAssembly.InternalLoad(AssemblyName assemblyName, StackCrawlMark& stackMark, AssemblyLoadContext assemblyLoadContext, RuntimeAssembly requestingAssembly, Boolean throwOnFileNotFound)
   at System.Reflection.Assembly.Load(AssemblyName assemblyRef)
   at Microsoft.VisualStudio.TestPlatform.Common.ExtensionFramework.TestPluginCache.CurrentDomainAssemblyResolve(Object sender, AssemblyResolveEventArgs args) in /_/src/Microsoft.TestPlatform.Common/ExtensionFramework/TestPluginCache.cs:line 513
   at System.Runtime.Loader.AssemblyLoadContext.GetFirstResolvedAssemblyFromResolvingEvent(AssemblyName assemblyName)
   at System.Runtime.Loader.AssemblyLoadContext.ResolveUsingEvent(AssemblyName assemblyName)
   at System.Runtime.Loader.AssemblyLoadContext.ResolveUsingResolvingEvent(IntPtr gchManagedAssemblyLoadContext, AssemblyName assemblyName)
TpTrace Verbose: 0 : 17732, 1, 2024/03/02, 12:17:55.255, 1653930801099, vstest.console.dll, MetadataReaderExtensionsHelper: Discovering extensions inside assembly 'Microsoft.TestPlatform.Extensions.BlameDataCollector, Version=15.0.0.0, Culture=neutral, PublicKeyToken=b03f5f7f11d50a3a' file path 'C:\Program Files\dotnet\sdk\8.0.200\Extensions\Microsoft.TestPlatform.Extensions.BlameDataCollector.dll'
TpTrace Information: 0 : 17732, 1, 2024/03/02, 12:17:55.256, 1653930813276, vstest.console.dll, GetTestExtensionFromType: Register extension with identifier data 'logger://Microsoft/TestPlatform/Extensions/Blame/v1' and type 'Microsoft.TestPlatform.Extensions.BlameDataCollector.BlameLogger, Microsoft.TestPlatform.Extensions.BlameDataCollector, Version=15.0.0.0, Culture=neutral, PublicKeyToken=b03f5f7f11d50a3a' inside file 'C:\Program Files\dotnet\sdk\8.0.200\Extensions\Microsoft.TestPlatform.Extensions.BlameDataCollector.dll'
TpTrace Verbose: 0 : 17732, 1, 2024/03/02, 12:17:55.256, 1653930814793, vstest.console.dll, MetadataReaderExtensionsHelper: Discovering extensions inside assembly 'Microsoft.TestPlatform.Extensions.EventLogCollector, Version=15.0.0.0, Culture=neutral, PublicKeyToken=b03f5f7f11d50a3a' file path 'C:\Program Files\dotnet\sdk\8.0.200\Extensions\Microsoft.TestPlatform.Extensions.EventLogCollector.dll'
TpTrace Verbose: 0 : 17732, 1, 2024/03/02, 12:17:55.257, 1653930825046, vstest.console.dll, MetadataReaderExtensionsHelper: Discovering extensions inside assembly 'Microsoft.TestPlatform.TestHostRuntimeProvider, Version=15.0.0.0, Culture=neutral, PublicKeyToken=b03f5f7f11d50a3a' file path 'C:\Program Files\dotnet\sdk\8.0.200\Extensions\Microsoft.TestPlatform.TestHostRuntimeProvider.dll'
TpTrace Verbose: 0 : 17732, 1, 2024/03/02, 12:17:55.258, 1653930835675, vstest.console.dll, MetadataReaderExtensionsHelper: Discovering extensions inside assembly 'Microsoft.VisualStudio.TestPlatform.Extensions.Html.TestLogger, Version=15.0.0.0, Culture=neutral, PublicKeyToken=b03f5f7f11d50a3a' file path 'C:\Program Files\dotnet\sdk\8.0.200\Extensions\Microsoft.VisualStudio.TestPlatform.Extensions.Html.TestLogger.dll'
TpTrace Information: 0 : 17732, 1, 2024/03/02, 12:17:55.260, 1653930849966, vstest.console.dll, GetTestExtensionFromType: Register extension with identifier data 'logger://Microsoft/TestPlatform/HtmlLogger/v1' and type 'Microsoft.VisualStudio.TestPlatform.Extensions.HtmlLogger.HtmlLogger, Microsoft.VisualStudio.TestPlatform.Extensions.Html.TestLogger, Version=15.0.0.0, Culture=neutral, PublicKeyToken=b03f5f7f11d50a3a' inside file 'C:\Program Files\dotnet\sdk\8.0.200\Extensions\Microsoft.VisualStudio.TestPlatform.Extensions.Html.TestLogger.dll'
TpTrace Verbose: 0 : 17732, 1, 2024/03/02, 12:17:55.260, 1653930851415, vstest.console.dll, MetadataReaderExtensionsHelper: Discovering extensions inside assembly 'Microsoft.VisualStudio.TestPlatform.Extensions.Trx.TestLogger, Version=15.0.0.0, Culture=neutral, PublicKeyToken=b03f5f7f11d50a3a' file path 'C:\Program Files\dotnet\sdk\8.0.200\Extensions\Microsoft.VisualStudio.TestPlatform.Extensions.Trx.TestLogger.dll'
TpTrace Information: 0 : 17732, 1, 2024/03/02, 12:17:55.261, 1653930862760, vstest.console.dll, GetTestExtensionFromType: Register extension with identifier data 'logger://Microsoft/TestPlatform/TrxLogger/v1' and type 'Microsoft.VisualStudio.TestPlatform.Extensions.TrxLogger.TrxLogger, Microsoft.VisualStudio.TestPlatform.Extensions.Trx.TestLogger, Version=15.0.0.0, Culture=neutral, PublicKeyToken=b03f5f7f11d50a3a' inside file 'C:\Program Files\dotnet\sdk\8.0.200\Extensions\Microsoft.VisualStudio.TestPlatform.Extensions.Trx.TestLogger.dll'
TpTrace Verbose: 0 : 17732, 1, 2024/03/02, 12:17:55.261, 1653930864372, vstest.console.dll, TestPluginCache: Discovered the extensions using extension path ''.
TpTrace Verbose: 0 : 17732, 1, 2024/03/02, 12:17:55.261, 1653930865201, vstest.console.dll, TestPluginCache: Discoverers are ''.
TpTrace Verbose: 0 : 17732, 1, 2024/03/02, 12:17:55.261, 1653930865839, vstest.console.dll, TestPluginCache: Executors are ''.
TpTrace Verbose: 0 : 17732, 1, 2024/03/02, 12:17:55.262, 1653930866494, vstest.console.dll, TestPluginCache: Executors2 are ''.
TpTrace Verbose: 0 : 17732, 1, 2024/03/02, 12:17:55.262, 1653930867142, vstest.console.dll, TestPluginCache: Setting providers are ''.
TpTrace Verbose: 0 : 17732, 1, 2024/03/02, 12:17:55.262, 1653930868896, vstest.console.dll, TestPluginCache: Loggers are 'logger://Microsoft/TestPlatform/Extensions/Blame/v1,logger://Microsoft/TestPlatform/HtmlLogger/v1,logger://Microsoft/TestPlatform/TrxLogger/v1'.
TpTrace Verbose: 0 : 17732, 1, 2024/03/02, 12:17:55.262, 1653930870052, vstest.console.dll, TestPluginCache: TestHosts are 'HostProvider://DefaultTestHost,HostProvider://DotnetTestHost'.
TpTrace Verbose: 0 : 17732, 1, 2024/03/02, 12:17:55.262, 1653930870784, vstest.console.dll, TestPluginCache: DataCollectors are ''.
TpTrace Information: 0 : 17732, 1, 2024/03/02, 12:17:55.263, 1653930885609, vstest.console.dll, TestPluginManager.CreateTestExtension: Attempting to load test extension: Microsoft.TestPlatform.Extensions.BlameDataCollector.BlameLogger
TpTrace Verbose: 0 : 17732, 1, 2024/03/02, 12:17:55.278, 1653931026789, vstest.console.dll, TestEngine: Initializing Parallel Execution as MaxCpuCount is set to: 1
TpTrace Information: 0 : 17732, 1, 2024/03/02, 12:17:55.280, 1653931055087, vstest.console.dll, TestPluginManager.CreateTestExtension: Attempting to load test extension: Microsoft.VisualStudio.TestPlatform.CrossPlatEngine.Hosting.DefaultTestHostManager
TpTrace Information: 0 : 17732, 1, 2024/03/02, 12:17:55.282, 1653931069039, vstest.console.dll, TestPluginManager.CreateTestExtension: Attempting to load test extension: Microsoft.VisualStudio.TestPlatform.CrossPlatEngine.Hosting.DotnetTestHostManager
TpTrace Information: 0 : 17732, 1, 2024/03/02, 12:17:55.283, 1653931080076, vstest.console.dll, InferRunSettingsHelper.IsTestSettingsEnabled: Unable to navigate to RunSettings/MSTest. Current node: RunSettings
TpTrace Verbose: 0 : 17732, 1, 2024/03/02, 12:17:55.284, 1653931091954, vstest.console.dll, ParallelOperationManager.ClearSlots: Clearing all slots. Slots should accept more work: True
TpTrace Verbose: 0 : 17732, 1, 2024/03/02, 12:17:55.285, 1653931105680, vstest.console.dll, ParallelOperationManager.SetOccupiedSlotCount: Setting slot counts AvailableSlotCount = 3, OccupiedSlotCount = 0.
TpTrace Verbose: 0 : 17732, 1, 2024/03/02, 12:17:55.286, 1653931112713, vstest.console.dll, Occupied slots:

TpTrace Verbose: 0 : 17732, 1, 2024/03/02, 12:17:55.293, 1653931183390, vstest.console.dll, TestEngine.GetExecutionManager: Chosen execution manager 'Microsoft.VisualStudio.TestPlatform.CrossPlatEngine.Client.Parallel.ParallelProxyExecutionManager, Microsoft.TestPlatform.CrossPlatEngine, Version=15.0.0.0, Culture=neutral, PublicKeyToken=b03f5f7f11d50a3a' ParallelLevel '1'.
TpTrace Verbose: 0 : 17732, 1, 2024/03/02, 12:17:55.293, 1653931185847, vstest.console.dll, TestRunRequest.ExecuteAsync: Creating test run request.
TpTrace Verbose: 0 : 17732, 1, 2024/03/02, 12:17:55.294, 1653931190106, vstest.console.dll, TestRunRequest.ExecuteAsync: Starting.
TpTrace Information: 0 : 17732, 1, 2024/03/02, 12:17:55.296, 1653931215069, vstest.console.dll, TestRunRequest.ExecuteAsync: Starting run with settings:TestRunCriteria:
   KeepAlive=False,FrequencyOfRunStatsChangeEvent=10,RunStatsChangeEventTimeout=00:00:01.5000000,TestCaseFilter=,TestExecutorLauncher=
   Settingsxml=<RunSettings>
  <RunConfiguration>
    <ResultsDirectory>C:\Users\Lenovo\source\repos\Back-End Technologies Basics - 01.2024\18. Exam\03. Zoo_Skeleton\ZooConsoleAPI\ZooConsoleAPI.IntegrationTests.NUnit\bin\Debug\net6.0\fine-code-coverage\coverage-tool-output</ResultsDirectory>
    <TargetPlatform>X64</TargetPlatform>
    <TargetFrameworkVersion>.NETCoreApp,Version=v6.0</TargetFrameworkVersion>
    <DesignMode>False</DesignMode>
    <CollectSourceInformation>False</CollectSourceInformation>
  </RunConfiguration>
  <LoggerRunSettings>
    <Loggers>
      <Logger friendlyName="blame" enabled="True" />
      <Logger friendlyName="Console" uri="logger://microsoft/TestPlatform/ConsoleLogger/v1" assemblyQualifiedName="Microsoft.VisualStudio.TestPlatform.CommandLine.Internal.ConsoleLogger, vstest.console, Version=15.0.0.0, Culture=neutral, PublicKeyToken=b03f5f7f11d50a3a" codeBase="C:\Program Files\dotnet\sdk\8.0.200\vstest.console.dll" enabled="True" />
    </Loggers>
  </LoggerRunSettings>
  <DataCollectionRunSettings>
    <DataCollectors>
      <DataCollector friendlyName="blame" enabled="True">
        <Configuration>
          <ResultsDirectory>C:\Users\Lenovo\source\repos\Back-End Technologies Basics - 01.2024\18. Exam\03. Zoo_Skeleton\ZooConsoleAPI\ZooConsoleAPI.IntegrationTests.NUnit\bin\Debug\net6.0\fine-code-coverage\coverage-tool-output</ResultsDirectory>
        </Configuration>
      </DataCollector>
    </DataCollectors>
  </DataCollectionRunSettings>
</RunSettings>

TpTrace Verbose: 0 : 17732, 1, 2024/03/02, 12:17:55.297, 1653931216643, vstest.console.dll, TestRunRequest.ExecuteAsync: Wait for the first run request is over.
TpTrace Verbose: 0 : 17732, 1, 2024/03/02, 12:17:55.297, 1653931222817, vstest.console.dll, MulticastDelegateUtilities.SafeInvoke: TestRun.TestRunStart: Invoking callbacks was skipped because there are no subscribers.
TpTrace Verbose: 0 : 17732, 4, 2024/03/02, 12:17:55.297, 1653931225930, vstest.console.dll, MulticastDelegateUtilities.SafeInvoke: InternalTestLoggerEvents.SendTestRunStart: Invoking callback 1/1 for Microsoft.VisualStudio.TestPlatform.CommandLine.Internal.ConsoleLogger., took 0 ms.
TpTrace Verbose: 0 : 17732, 1, 2024/03/02, 12:17:55.299, 1653931244467, vstest.console.dll, ParallelProxyExecutionManager: Start execution. Total sources: 1
TpTrace Verbose: 0 : 17732, 1, 2024/03/02, 12:17:55.300, 1653931251483, vstest.console.dll, ParallelOperationManager.StartWork: Starting adding 1 workloads.
TpTrace Verbose: 0 : 17732, 1, 2024/03/02, 12:17:55.300, 1653931253126, vstest.console.dll, ParallelOperationManager.ClearSlots: Clearing all slots. Slots should accept more work: True
TpTrace Verbose: 0 : 17732, 1, 2024/03/02, 12:17:55.300, 1653931254778, vstest.console.dll, ParallelOperationManager.SetOccupiedSlotCount: Setting slot counts AvailableSlotCount = 3, OccupiedSlotCount = 0.
TpTrace Verbose: 0 : 17732, 1, 2024/03/02, 12:17:55.300, 1653931255763, vstest.console.dll, Occupied slots:

TpTrace Verbose: 0 : 17732, 1, 2024/03/02, 12:17:55.303, 1653931285203, vstest.console.dll, TestRequestSender is acting as server.
TpTrace Verbose: 0 : 17732, 1, 2024/03/02, 12:17:55.306, 1653931306613, vstest.console.dll, ParallelOperationManager.RunWorkInParallel: Adding 1 workload to slot, remaining workloads 0.
TpTrace Verbose: 0 : 17732, 1, 2024/03/02, 12:17:55.306, 1653931307920, vstest.console.dll, ParallelOperationManager.SetOccupiedSlotCount: Setting slot counts AvailableSlotCount = 2, OccupiedSlotCount = 1.
TpTrace Verbose: 0 : 17732, 1, 2024/03/02, 12:17:55.306, 1653931310163, vstest.console.dll, Occupied slots:
0: C:\Users\Lenovo\source\repos\Back-End Technologies Basics - 01.2024\18. Exam\03. Zoo_Skeleton\ZooConsoleAPI\ZooConsoleAPI.IntegrationTests.NUnit\bin\Debug\fine-code-coverage-net6.0\ZooConsoleAPI.IntegrationTests.NUnit.dll
TpTrace Verbose: 0 : 17732, 1, 2024/03/02, 12:17:55.308, 1653931332708, vstest.console.dll, ParallelOperationManager.RunWorkInParallel: Started host in slot number 0 for work (source): C:\Users\Lenovo\source\repos\Back-End Technologies Basics - 01.2024\18. Exam\03. Zoo_Skeleton\ZooConsoleAPI\ZooConsoleAPI.IntegrationTests.NUnit\bin\Debug\fine-code-coverage-net6.0\ZooConsoleAPI.IntegrationTests.NUnit.dll.
TpTrace Verbose: 0 : 17732, 1, 2024/03/02, 12:17:55.310, 1653931347055, vstest.console.dll, ParallelOperationManager.RunWorkInParallel: We started 1 work items, which is the max parallel level. Won't start more work.
TpTrace Verbose: 0 : 17732, 1, 2024/03/02, 12:17:55.310, 1653931348192, vstest.console.dll, ParallelOperationManager.RunWorkInParallel: We started 1 work items in here, returning True.
TpTrace Information: 0 : 17732, 1, 2024/03/02, 12:17:55.310, 1653931349290, vstest.console.dll, TestRunRequest.ExecuteAsync: Started.
TpTrace Verbose: 0 : 17732, 5, 2024/03/02, 12:17:55.310, 1653931351862, vstest.console.dll, ParallelProxyExecutionManager.StartTestRunOnConcurrentManager: Initializing uninitialized client. Started clients: 0
TpTrace Verbose: 0 : 17732, 5, 2024/03/02, 12:17:55.310, 1653931354839, vstest.console.dll, DataCollectionRequestSender.InitializeCommunication : Initialize communication. 
TpTrace Verbose: 0 : 17732, 1, 2024/03/02, 12:17:55.311, 1653931361362, vstest.console.dll, TestRunRequest.WaitForCompletion: Waiting with timeout -1.
TpTrace Information: 0 : 17732, 5, 2024/03/02, 12:17:55.327, 1653931522275, vstest.console.dll, Listening on Endpoint : 127.0.0.1:61027
TpTrace Verbose: 0 : 17732, 5, 2024/03/02, 12:17:55.340, 1653931646765, vstest.console.dll, DotnetDataCollectionLauncher: Adding  --runtimeconfig "C:\Program Files\dotnet\sdk\8.0.200\datacollector.runtimeconfig.json" in args
TpTrace Verbose: 0 : 17732, 5, 2024/03/02, 12:17:55.340, 1653931649860, vstest.console.dll, DotnetDataCollectionLauncher: Adding  --depsfile "C:\Program Files\dotnet\sdk\8.0.200\datacollector.deps.json" in args
TpTrace Verbose: 0 : 17732, 5, 2024/03/02, 12:17:55.340, 1653931654577, vstest.console.dll, DotnetDataCollectionLauncher: Full path of dotnet.exe is C:\Program Files\dotnet\dotnet.exe
TpTrace Information: 0 : 17732, 5, 2024/03/02, 12:17:55.353, 1653931781396, vstest.console.dll, ProxyDataCollectionManager.Initialize: Launched datacollector processId: 2132 port: 61027
TpTrace Information: 0 : 17732, 5, 2024/03/02, 12:17:55.353, 1653931783562, vstest.console.dll, ProxyDataCollectionManager.Initialize: waiting for connection with timeout: 90 seconds
TpTrace Verbose: 0 : 17732, 5, 2024/03/02, 12:17:55.353, 1653931784800, vstest.console.dll, DataCollectionRequestSender.WaitForRequestHandlerConnection : Waiting for connection with timeout: 90000
TpTrace Information: 0 : 17732, 7, 2024/03/02, 12:17:55.642, 1653934672843, vstest.console.dll, Using the buffer size of 16384 bytes
TpTrace Verbose: 0 : 17732, 5, 2024/03/02, 12:17:55.642, 1653934673185, vstest.console.dll, SocketCommunicationManager.WaitForClientConnection took: 288 ms, with 90000 ms timeout, and finished with True.
TpTrace Information: 0 : 17732, 7, 2024/03/02, 12:17:55.642, 1653934674729, vstest.console.dll, Accepted Client request and set the flag
TpTrace Verbose: 0 : 17732, 5, 2024/03/02, 12:17:55.643, 1653934676883, vstest.console.dll, ProxyDataCollectionManager.InvokeDataCollectionServiceAction: Starting.
TpTrace Information: 0 : 17732, 5, 2024/03/02, 12:17:55.643, 1653934678631, vstest.console.dll, ProxyDataCollectionManager.BeforeTestRunStart: Get environment variable and port for datacollector processId: 2132 port: 61027
TpTrace Verbose: 0 : 17732, 5, 2024/03/02, 12:17:55.643, 1653934681157, vstest.console.dll, DataCollectionRequestSender.SendBeforeTestRunStartAndGetResult: Send BeforeTestRunStart message with settingsXml <RunSettings><RunConfiguration><ResultsDirectory>C:\Users\Lenovo\source\repos\Back-End Technologies Basics - 01.2024\18. Exam\03. Zoo_Skeleton\ZooConsoleAPI\ZooConsoleAPI.IntegrationTests.NUnit\bin\Debug\net6.0\fine-code-coverage\coverage-tool-output</ResultsDirectory><TargetPlatform>X64</TargetPlatform><TargetFrameworkVersion>.NETCoreApp,Version=v6.0</TargetFrameworkVersion><DesignMode>False</DesignMode><CollectSourceInformation>False</CollectSourceInformation><TestAdaptersPaths>C:\Program Files\dotnet\sdk\8.0.200\Extensions</TestAdaptersPaths></RunConfiguration><LoggerRunSettings><Loggers><Logger friendlyName="blame" enabled="True" /><Logger friendlyName="Console" uri="logger://microsoft/TestPlatform/ConsoleLogger/v1" assemblyQualifiedName="Microsoft.VisualStudio.TestPlatform.CommandLine.Internal.ConsoleLogger, vstest.console, Version=15.0.0.0, Culture=neutral, PublicKeyToken=b03f5f7f11d50a3a" codeBase="C:\Program Files\dotnet\sdk\8.0.200\vstest.console.dll" enabled="True" /></Loggers></LoggerRunSettings><DataCollectionRunSettings><DataCollectors><DataCollector friendlyName="blame" enabled="True"><Configuration><ResultsDirectory>C:\Users\Lenovo\source\repos\Back-End Technologies Basics - 01.2024\18. Exam\03. Zoo_Skeleton\ZooConsoleAPI\ZooConsoleAPI.IntegrationTests.NUnit\bin\Debug\net6.0\fine-code-coverage\coverage-tool-output</ResultsDirectory></Configuration></DataCollector></DataCollectors></DataCollectionRunSettings></RunSettings> and sources System.Collections.Generic.List`1[System.String]: 
TpTrace Verbose: 0 : 17732, 5, 2024/03/02, 12:17:55.755, 1653935802658, vstest.console.dll, DataCollectionRequestSender.SendBeforeTestRunStartAndGetResult: Received message: (DataCollection.SendMessage) -> {"MessageType":"DataCollection.SendMessage","Payload":{"FriendlyName":null,"Uri":null,"TestCaseId":"00000000-0000-0000-0000-000000000000","Message":"Logging DataCollector Diagnostics in file: C:\\Users\\Lenovo\\source\\repos\\Back-End Technologies Basics - 01.2024\\18. Exam\\03. Zoo_Skeleton\\ZooConsoleAPI\\ZooConsoleAPI.IntegrationTests.NUnit\\bin\\Debug\\net6.0\\fine-code-coverage\\coverage-tool-output\\diagnostics.datacollector.24-03-02_12-17-55_33952_5.log","Level":0}}
TpTrace Verbose: 0 : 17732, 5, 2024/03/02, 12:17:56.065, 1653938899992, vstest.console.dll, DataCollectionRequestSender.SendBeforeTestRunStartAndGetResult: Received message: (DataCollection.BeforeTestRunStartResult) -> {"MessageType":"DataCollection.BeforeTestRunStartResult","Payload":{"EnvironmentVariables":{},"DataCollectionEventsPort":61031}}
TpTrace Information: 0 : 17732, 5, 2024/03/02, 12:17:56.073, 1653938985240, vstest.console.dll, ProxyDataCollectionManager.BeforeTestRunStart: SendBeforeTestRunStartAndGetResult successful, env variable from datacollector:   and testhost port: 61031
TpTrace Information: 0 : 17732, 5, 2024/03/02, 12:17:56.074, 1653938987219, vstest.console.dll, ProxyDataCollectionManager.InvokeDataCollectionServiceAction: Completed.
TpTrace Verbose: 0 : 17732, 5, 2024/03/02, 12:17:56.074, 1653938988357, vstest.console.dll, ParallelProxyExecutionManager.StartTestRunOnConcurrentManager: Initializing test run. Started clients: 0
TpTrace Verbose: 0 : 17732, 5, 2024/03/02, 12:17:56.074, 1653938990183, vstest.console.dll, ProxyExecutionManager: Test host is always Lazy initialize.
TpTrace Verbose: 0 : 17732, 5, 2024/03/02, 12:17:56.074, 1653938994712, vstest.console.dll, TestRequestSender.InitializeCommunication: initialize communication. 
TpTrace Information: 0 : 17732, 5, 2024/03/02, 12:17:56.075, 1653939005284, vstest.console.dll, SocketServer.Start: Listening on endpoint : 127.0.0.1:61032
TpTrace Verbose: 0 : 17732, 5, 2024/03/02, 12:17:56.077, 1653939018612, vstest.console.dll, DotnetTestHostmanager.GetTestHostProcessStartInfo: Platform environment 'X64' target architecture 'X64' framework '.NETCoreApp,Version=v6.0' OS 'Windows'
TpTrace Verbose: 0 : 17732, 5, 2024/03/02, 12:17:56.077, 1653939024043, vstest.console.dll, DotnetTestHostmanager: Adding  --runtimeconfig "C:\Users\Lenovo\source\repos\Back-End Technologies Basics - 01.2024\18. Exam\03. Zoo_Skeleton\ZooConsoleAPI\ZooConsoleAPI.IntegrationTests.NUnit\bin\Debug\fine-code-coverage-net6.0\ZooConsoleAPI.IntegrationTests.NUnit.runtimeconfig.json" in args
TpTrace Verbose: 0 : 17732, 5, 2024/03/02, 12:17:56.078, 1653939027495, vstest.console.dll, DotnetTestHostmanager: Adding  --depsfile "C:\Users\Lenovo\source\repos\Back-End Technologies Basics - 01.2024\18. Exam\03. Zoo_Skeleton\ZooConsoleAPI\ZooConsoleAPI.IntegrationTests.NUnit\bin\Debug\fine-code-coverage-net6.0\ZooConsoleAPI.IntegrationTests.NUnit.deps.json" in args
TpTrace Verbose: 0 : 17732, 5, 2024/03/02, 12:17:56.078, 1653939031357, vstest.console.dll, DotnetTestHostmanager.IsWinOnArm: Current PROCESSOR_ARCHITECTURE from environment variable 'AMD64'
TpTrace Verbose: 0 : 17732, 5, 2024/03/02, 12:17:56.078, 1653939032892, vstest.console.dll, DotnetTestHostmanager.IsWinOnArm: Is Windows on ARM 'False'
TpTrace Verbose: 0 : 17732, 5, 2024/03/02, 12:17:56.078, 1653939036308, vstest.console.dll, DotnetTestHostManager: testhost.exe found at path: C:\Users\Lenovo\source\repos\Back-End Technologies Basics - 01.2024\18. Exam\03. Zoo_Skeleton\ZooConsoleAPI\ZooConsoleAPI.IntegrationTests.NUnit\bin\Debug\fine-code-coverage-net6.0\testhost.exe
TpTrace Verbose: 0 : 17732, 5, 2024/03/02, 12:17:56.079, 1653939037713, vstest.console.dll, DotnetTestHostmanager: Full path of host exe is C:\Users\Lenovo\source\repos\Back-End Technologies Basics - 01.2024\18. Exam\03. Zoo_Skeleton\ZooConsoleAPI\ZooConsoleAPI.IntegrationTests.NUnit\bin\Debug\fine-code-coverage-net6.0\testhost.exe
TpTrace Verbose: 0 : 17732, 5, 2024/03/02, 12:17:56.079, 1653939040628, vstest.console.dll, DotnetTestHostmanager.LaunchTestHostAsync: Found 'VSTEST_WINAPPHOST_DOTNET_ROOT' in env variables, value 'C:\Program Files\dotnet', forwarding to 'DOTNET_ROOT'
TpTrace Verbose: 0 : 17732, 5, 2024/03/02, 12:17:56.079, 1653939043405, vstest.console.dll, DotnetTestHostManager: Starting process 'C:\Users\Lenovo\source\repos\Back-End Technologies Basics - 01.2024\18. Exam\03. Zoo_Skeleton\ZooConsoleAPI\ZooConsoleAPI.IntegrationTests.NUnit\bin\Debug\fine-code-coverage-net6.0\testhost.exe' with command line ' --runtimeconfig "C:\Users\Lenovo\source\repos\Back-End Technologies Basics - 01.2024\18. Exam\03. Zoo_Skeleton\ZooConsoleAPI\ZooConsoleAPI.IntegrationTests.NUnit\bin\Debug\fine-code-coverage-net6.0\ZooConsoleAPI.IntegrationTests.NUnit.runtimeconfig.json" --depsfile "C:\Users\Lenovo\source\repos\Back-End Technologies Basics - 01.2024\18. Exam\03. Zoo_Skeleton\ZooConsoleAPI\ZooConsoleAPI.IntegrationTests.NUnit\bin\Debug\fine-code-coverage-net6.0\ZooConsoleAPI.IntegrationTests.NUnit.deps.json" --port 61032 --endpoint 127.0.0.1:061032 --role client --parentprocessid 17732 --diag "C:\Users\Lenovo\source\repos\Back-End Technologies Basics - 01.2024\18. Exam\03. Zoo_Skeleton\ZooConsoleAPI\ZooConsoleAPI.IntegrationTests.NUnit\bin\Debug\net6.0\fine-code-coverage\coverage-tool-output\diagnostics.host.24-03-02_12-17-56_07658_5.log" --tracelevel 4 --datacollectionport 61031 --telemetryoptedin false'
TpTrace Verbose: 0 : 17732, 5, 2024/03/02, 12:17:56.091, 1653939161506, vstest.console.dll, MulticastDelegateUtilities.SafeInvoke: HostProviderEvents.OnHostLaunched: Invoking callback 1/2 for Microsoft.VisualStudio.TestPlatform.CrossPlatEngine.Client.ProxyExecutionManagerWithDataCollection., took 1 ms.
TpTrace Verbose: 0 : 17732, 5, 2024/03/02, 12:17:56.092, 1653939166363, vstest.console.dll, Test Runtime launched
TpTrace Verbose: 0 : 17732, 5, 2024/03/02, 12:17:56.092, 1653939168014, vstest.console.dll, MulticastDelegateUtilities.SafeInvoke: HostProviderEvents.OnHostLaunched: Invoking callback 2/2 for Microsoft.VisualStudio.TestPlatform.CrossPlatEngine.Client.ProxyOperationManager., took 0 ms.
TpTrace Verbose: 0 : 17732, 5, 2024/03/02, 12:17:56.092, 1653939170499, vstest.console.dll, TestRequestSender.WaitForRequestHandlerConnection: waiting for connection with timeout: 90000.
TpTrace Verbose: 0 : 17732, 12, 2024/03/02, 12:17:56.389, 1653942144737, vstest.console.dll, MulticastDelegateUtilities.SafeInvoke: SocketServer: ClientConnected: Invoking callback 1/1 for Microsoft.VisualStudio.TestPlatform.CommunicationUtilities.TestRequestSender., took 0 ms.
TpTrace Verbose: 0 : 17732, 5, 2024/03/02, 12:17:56.389, 1653942144784, vstest.console.dll, TestRequestSender.WaitForRequestHandlerConnection: waiting took 297 ms, with timeout 90000 ms, and result 0, which is success.
TpTrace Verbose: 0 : 17732, 12, 2024/03/02, 12:17:56.390, 1653942146850, vstest.console.dll, SocketServer.OnClientConnected: Client connected for endPoint: 127.0.0.1:61032, starting MessageLoopAsync:
TpTrace Verbose: 0 : 17732, 13, 2024/03/02, 12:17:56.391, 1653942157524, vstest.console.dll, TcpClientExtensions.MessageLoopAsync: Polling on remoteEndPoint: 127.0.0.1:61033 localEndPoint: 127.0.0.1:61032 after 0 ms
TpTrace Verbose: 0 : 17732, 5, 2024/03/02, 12:17:56.392, 1653942167269, vstest.console.dll, TestRequestSender.CheckVersionWithTestHost: Sending check version message: {"MessageType":"ProtocolVersion","Payload":7}
TpTrace Verbose: 0 : 17732, 13, 2024/03/02, 12:17:56.688, 1653945131409, vstest.console.dll, TcpClientExtensions.MessageLoopAsync: NotifyDataAvailable remoteEndPoint: 127.0.0.1:61033 localEndPoint: 127.0.0.1:61032
TpTrace Verbose: 0 : 17732, 13, 2024/03/02, 12:17:56.688, 1653945135221, vstest.console.dll, TestRequestSender.CheckVersionWithTestHost: onMessageReceived received message: (ProtocolVersion) -> {"MessageType":"ProtocolVersion","Payload":5}
TpTrace Verbose: 0 : 17732, 13, 2024/03/02, 12:17:56.690, 1653945146729, vstest.console.dll, MulticastDelegateUtilities.SafeInvoke: LengthPrefixCommunicationChannel: MessageReceived: Invoking callback 1/1 for Microsoft.VisualStudio.TestPlatform.CommunicationUtilities.TestRequestSender+<>c__DisplayClass29_0., took 1 ms.
TpTrace Verbose: 0 : 17732, 13, 2024/03/02, 12:17:56.690, 1653945148389, vstest.console.dll, TcpClientExtensions.MessageLoopAsync: Polling on remoteEndPoint: 127.0.0.1:61033 localEndPoint: 127.0.0.1:61032 after 298 ms
TpTrace Verbose: 0 : 17732, 5, 2024/03/02, 12:17:56.690, 1653945148494, vstest.console.dll, TestPluginCache.GetExtensionPaths: Filtered extension paths: 
TpTrace Verbose: 0 : 17732, 5, 2024/03/02, 12:17:56.690, 1653945151093, vstest.console.dll, TestPluginCache.GetExtensionPaths: Added default extension paths: C:\Program Files\dotnet\sdk\8.0.200\Extensions\Microsoft.Diagnostics.NETCore.Client.dll
C:\Program Files\dotnet\sdk\8.0.200\Extensions\Microsoft.TestPlatform.Extensions.BlameDataCollector.dll
C:\Program Files\dotnet\sdk\8.0.200\Extensions\Microsoft.TestPlatform.Extensions.EventLogCollector.dll
C:\Program Files\dotnet\sdk\8.0.200\Extensions\Microsoft.TestPlatform.TestHostRuntimeProvider.dll
C:\Program Files\dotnet\sdk\8.0.200\Extensions\Microsoft.VisualStudio.TestPlatform.Extensions.Html.TestLogger.dll
C:\Program Files\dotnet\sdk\8.0.200\Extensions\Microsoft.VisualStudio.TestPlatform.Extensions.Trx.TestLogger.dll
TpTrace Verbose: 0 : 17732, 5, 2024/03/02, 12:17:56.690, 1653945152082, vstest.console.dll, TestPluginCache.GetExtensionPaths: Added unfilterableExtensionPaths: 
TpTrace Verbose: 0 : 17732, 5, 2024/03/02, 12:17:56.696, 1653945215700, vstest.console.dll, TestRequestSender.InitializeExecution: Sending initialize execution with message: {"Version":5,"MessageType":"TestExecution.Initialize","Payload":["C:\\Users\\Lenovo\\source\\repos\\Back-End Technologies Basics - 01.2024\\18. Exam\\03. Zoo_Skeleton\\ZooConsoleAPI\\ZooConsoleAPI.IntegrationTests.NUnit\\bin\\Debug\\fine-code-coverage-net6.0\\NUnit3.TestAdapter.dll"]}
TpTrace Verbose: 0 : 17732, 5, 2024/03/02, 12:17:56.697, 1653945218399, vstest.console.dll, ParallelProxyExecutionManager.StartTestRunOnConcurrentManager: Execution starting. Started clients: 1
TpTrace Verbose: 0 : 17732, 5, 2024/03/02, 12:17:56.697, 1653945223199, vstest.console.dll, TestRunRequest:SendTestRunMessage: Starting.
TpTrace Verbose: 0 : 17732, 5, 2024/03/02, 12:17:56.697, 1653945226059, vstest.console.dll, MulticastDelegateUtilities.SafeInvoke: TestRun.LogMessages: Invoking callback 1/1 for Microsoft.VisualStudio.TestPlatform.CommandLine.TestRunResultAggregator., took 0 ms.
TpTrace Information: 0 : 17732, 5, 2024/03/02, 12:17:56.698, 1653945227090, vstest.console.dll, TestRunRequest:SendTestRunMessage: Completed.
TpTrace Verbose: 0 : 17732, 4, 2024/03/02, 12:17:56.698, 1653945229703, vstest.console.dll, MulticastDelegateUtilities.SafeInvoke: InternalTestLoggerEvents.SendTestRunMessage: Invoking callback 1/1 for Microsoft.VisualStudio.TestPlatform.CommandLine.Internal.ConsoleLogger., took 0 ms.
TpTrace Warning: 0 : 17732, 5, 2024/03/02, 12:17:56.698, 1653945233775, vstest.console.dll, InferRunSettingsHelper.MakeRunsettingsCompatible: Removing the following settings: TargetPlatform from RunSettings file. To use those settings please move to latest version of Microsoft.NET.Test.Sdk
TpTrace Verbose: 0 : 17732, 13, 2024/03/02, 12:17:56.709, 1653945343204, vstest.console.dll, TcpClientExtensions.MessageLoopAsync: NotifyDataAvailable remoteEndPoint: 127.0.0.1:61033 localEndPoint: 127.0.0.1:61032
TpTrace Verbose: 0 : 17732, 13, 2024/03/02, 12:17:56.710, 1653945351167, vstest.console.dll, TestRequestSender.OnExecutionMessageReceived: Received message: {"Version":5,"MessageType":"TestSession.Message","Payload":{"MessageLevel":0,"Message":"Logging TestHost Diagnostics in file: C:\\Users\\Lenovo\\source\\repos\\Back-End Technologies Basics - 01.2024\\18. Exam\\03. Zoo_Skeleton\\ZooConsoleAPI\\ZooConsoleAPI.IntegrationTests.NUnit\\bin\\Debug\\net6.0\\fine-code-coverage\\coverage-tool-output\\diagnostics.host.24-03-02_12-17-56_07658_5.log"}}
TpTrace Verbose: 0 : 17732, 5, 2024/03/02, 12:17:56.711, 1653945363009, vstest.console.dll, TestRequestSender.StartTestRun: Sending test run with message: {"Version":5,"MessageType":"TestExecution.StartWithSources","Payload":{"AdapterSourceMap":{"_none_":["C:\\Users\\Lenovo\\source\\repos\\Back-End Technologies Basics - 01.2024\\18. Exam\\03. Zoo_Skeleton\\ZooConsoleAPI\\ZooConsoleAPI.IntegrationTests.NUnit\\bin\\Debug\\fine-code-coverage-net6.0\\ZooConsoleAPI.IntegrationTests.NUnit.dll"]},"RunSettings":"<RunSettings>\r\n  <RunConfiguration>\r\n    <ResultsDirectory>C:\\Users\\Lenovo\\source\\repos\\Back-End Technologies Basics - 01.2024\\18. Exam\\03. Zoo_Skeleton\\ZooConsoleAPI\\ZooConsoleAPI.IntegrationTests.NUnit\\bin\\Debug\\net6.0\\fine-code-coverage\\coverage-tool-output</ResultsDirectory>\r\n    <TargetFrameworkVersion>.NETCoreApp,Version=v6.0</TargetFrameworkVersion>\r\n    <DesignMode>False</DesignMode>\r\n    <CollectSourceInformation>False</CollectSourceInformation>\r\n  </RunConfiguration>\r\n  <LoggerRunSettings>\r\n    <Loggers>\r\n      <Logger friendlyName=\"blame\" enabled=\"True\" />\r\n      <Logger friendlyName=\"Console\" uri=\"logger://microsoft/TestPlatform/ConsoleLogger/v1\" assemblyQualifiedName=\"Microsoft.VisualStudio.TestPlatform.CommandLine.Internal.ConsoleLogger, vstest.console, Version=15.0.0.0, Culture=neutral, PublicKeyToken=b03f5f7f11d50a3a\" codeBase=\"C:\\Program Files\\dotnet\\sdk\\8.0.200\\vstest.console.dll\" enabled=\"True\" />\r\n    </Loggers>\r\n  </LoggerRunSettings>\r\n  <DataCollectionRunSettings>\r\n    <DataCollectors>\r\n      <DataCollector friendlyName=\"blame\" enabled=\"True\">\r\n        <Configuration>\r\n          <ResultsDirectory>C:\\Users\\Lenovo\\source\\repos\\Back-End Technologies Basics - 01.2024\\18. Exam\\03. Zoo_Skeleton\\ZooConsoleAPI\\ZooConsoleAPI.IntegrationTests.NUnit\\bin\\Debug\\net6.0\\fine-code-coverage\\coverage-tool-output</ResultsDirectory>\r\n        </Configuration>\r\n      </DataCollector>\r\n    </DataCollectors>\r\n  </DataCollectionRunSettings>\r\n</RunSettings>","TestExecutionContext":{"FrequencyOfRunStatsChangeEvent":10,"RunStatsChangeEventTimeout":"00:00:01.5000000","InIsolation":false,"KeepAlive":false,"AreTestCaseLevelEventsRequired":false,"IsDebug":false,"TestCaseFilter":null,"FilterOptions":null},"Package":null}}
TpTrace Verbose: 0 : 17732, 5, 2024/03/02, 12:17:56.711, 1653945365388, vstest.console.dll, ParallelProxyExecutionManager.StartTestRunOnConcurrentManager: Execution started. Started clients: 1
TpTrace Verbose: 0 : 17732, 13, 2024/03/02, 12:17:56.715, 1653945401083, vstest.console.dll, TestRunRequest:SendTestRunMessage: Starting.
TpTrace Verbose: 0 : 17732, 13, 2024/03/02, 12:17:56.715, 1653945403058, vstest.console.dll, MulticastDelegateUtilities.SafeInvoke: TestRun.LogMessages: Invoking callback 1/1 for Microsoft.VisualStudio.TestPlatform.CommandLine.TestRunResultAggregator., took 0 ms.
TpTrace Verbose: 0 : 17732, 4, 2024/03/02, 12:17:56.715, 1653945403382, vstest.console.dll, MulticastDelegateUtilities.SafeInvoke: InternalTestLoggerEvents.SendTestRunMessage: Invoking callback 1/1 for Microsoft.VisualStudio.TestPlatform.CommandLine.Internal.ConsoleLogger., took 0 ms.
TpTrace Information: 0 : 17732, 13, 2024/03/02, 12:17:56.715, 1653945404202, vstest.console.dll, TestRunRequest:SendTestRunMessage: Completed.
TpTrace Verbose: 0 : 17732, 13, 2024/03/02, 12:17:56.716, 1653945406808, vstest.console.dll, MulticastDelegateUtilities.SafeInvoke: LengthPrefixCommunicationChannel: MessageReceived: Invoking callback 1/1 for Microsoft.VisualStudio.TestPlatform.CommunicationUtilities.TestRequestSender+<>c__DisplayClass34_0., took 5 ms.
TpTrace Verbose: 0 : 17732, 13, 2024/03/02, 12:17:56.716, 1653945408901, vstest.console.dll, TcpClientExtensions.MessageLoopAsync: Polling on remoteEndPoint: 127.0.0.1:61033 localEndPoint: 127.0.0.1:61032 after 25 ms
TpTrace Verbose: 0 : 17732, 13, 2024/03/02, 12:17:57.073, 1653948976522, vstest.console.dll, TcpClientExtensions.MessageLoopAsync: NotifyDataAvailable remoteEndPoint: 127.0.0.1:61033 localEndPoint: 127.0.0.1:61032
TpTrace Verbose: 0 : 17732, 13, 2024/03/02, 12:17:57.073, 1653948979033, vstest.console.dll, TestRequestSender.OnExecutionMessageReceived: Received message: {"Version":5,"MessageType":"TestSession.Message","Payload":{"MessageLevel":0,"Message":"NUnit Adapter 4.2.0.0: Test execution started"}}
TpTrace Verbose: 0 : 17732, 13, 2024/03/02, 12:17:57.073, 1653948982192, vstest.console.dll, TestRunRequest:SendTestRunMessage: Starting.
TpTrace Verbose: 0 : 17732, 13, 2024/03/02, 12:17:57.073, 1653948983574, vstest.console.dll, MulticastDelegateUtilities.SafeInvoke: TestRun.LogMessages: Invoking callback 1/1 for Microsoft.VisualStudio.TestPlatform.CommandLine.TestRunResultAggregator., took 0 ms.
TpTrace Verbose: 0 : 17732, 4, 2024/03/02, 12:17:57.073, 1653948984361, vstest.console.dll, MulticastDelegateUtilities.SafeInvoke: InternalTestLoggerEvents.SendTestRunMessage: Invoking callback 1/1 for Microsoft.VisualStudio.TestPlatform.CommandLine.Internal.ConsoleLogger., took 0 ms.
TpTrace Information: 0 : 17732, 13, 2024/03/02, 12:17:57.073, 1653948984482, vstest.console.dll, TestRunRequest:SendTestRunMessage: Completed.
TpTrace Verbose: 0 : 17732, 13, 2024/03/02, 12:17:57.074, 1653948986981, vstest.console.dll, MulticastDelegateUtilities.SafeInvoke: LengthPrefixCommunicationChannel: MessageReceived: Invoking callback 1/1 for Microsoft.VisualStudio.TestPlatform.CommunicationUtilities.TestRequestSender+<>c__DisplayClass34_0., took 0 ms.
TpTrace Verbose: 0 : 17732, 13, 2024/03/02, 12:17:57.074, 1653948987832, vstest.console.dll, TcpClientExtensions.MessageLoopAsync: Polling on remoteEndPoint: 127.0.0.1:61033 localEndPoint: 127.0.0.1:61032 after 357 ms
TpTrace Verbose: 0 : 17732, 13, 2024/03/02, 12:17:57.139, 1653949638165, vstest.console.dll, TcpClientExtensions.MessageLoopAsync: NotifyDataAvailable remoteEndPoint: 127.0.0.1:61033 localEndPoint: 127.0.0.1:61032
TpTrace Verbose: 0 : 17732, 13, 2024/03/02, 12:17:57.139, 1653949640324, vstest.console.dll, TestRequestSender.OnExecutionMessageReceived: Received message: {"Version":5,"MessageType":"TestSession.Message","Payload":{"MessageLevel":0,"Message":"Running all tests in C:\\Users\\Lenovo\\source\\repos\\Back-End Technologies Basics - 01.2024\\18. Exam\\03. Zoo_Skeleton\\ZooConsoleAPI\\ZooConsoleAPI.IntegrationTests.NUnit\\bin\\Debug\\fine-code-coverage-net6.0\\ZooConsoleAPI.IntegrationTests.NUnit.dll"}}
TpTrace Verbose: 0 : 17732, 13, 2024/03/02, 12:17:57.139, 1653949642510, vstest.console.dll, TestRunRequest:SendTestRunMessage: Starting.
TpTrace Verbose: 0 : 17732, 13, 2024/03/02, 12:17:57.139, 1653949643832, vstest.console.dll, MulticastDelegateUtilities.SafeInvoke: TestRun.LogMessages: Invoking callback 1/1 for Microsoft.VisualStudio.TestPlatform.CommandLine.TestRunResultAggregator., took 0 ms.
TpTrace Verbose: 0 : 17732, 4, 2024/03/02, 12:17:57.139, 1653949644650, vstest.console.dll, MulticastDelegateUtilities.SafeInvoke: InternalTestLoggerEvents.SendTestRunMessage: Invoking callback 1/1 for Microsoft.VisualStudio.TestPlatform.CommandLine.Internal.ConsoleLogger., took 0 ms.
TpTrace Information: 0 : 17732, 13, 2024/03/02, 12:17:57.139, 1653949644783, vstest.console.dll, TestRunRequest:SendTestRunMessage: Completed.
TpTrace Verbose: 0 : 17732, 13, 2024/03/02, 12:17:57.140, 1653949647146, vstest.console.dll, MulticastDelegateUtilities.SafeInvoke: LengthPrefixCommunicationChannel: MessageReceived: Invoking callback 1/1 for Microsoft.VisualStudio.TestPlatform.CommunicationUtilities.TestRequestSender+<>c__DisplayClass34_0., took 0 ms.
TpTrace Verbose: 0 : 17732, 13, 2024/03/02, 12:17:57.140, 1653949649357, vstest.console.dll, TcpClientExtensions.MessageLoopAsync: Polling on remoteEndPoint: 127.0.0.1:61033 localEndPoint: 127.0.0.1:61032 after 66 ms
TpTrace Verbose: 0 : 17732, 13, 2024/03/02, 12:17:57.565, 1653953906030, vstest.console.dll, TcpClientExtensions.MessageLoopAsync: NotifyDataAvailable remoteEndPoint: 127.0.0.1:61033 localEndPoint: 127.0.0.1:61032
TpTrace Verbose: 0 : 17732, 13, 2024/03/02, 12:17:57.566, 1653953908662, vstest.console.dll, TestRequestSender.OnExecutionMessageReceived: Received message: {"Version":5,"MessageType":"TestSession.Message","Payload":{"MessageLevel":0,"Message":"   NUnit3TestExecutor discovered 20 of 20 NUnit test cases using Current Discovery mode, Non-Explicit run"}}
TpTrace Verbose: 0 : 17732, 13, 2024/03/02, 12:17:57.566, 1653953910680, vstest.console.dll, TestRunRequest:SendTestRunMessage: Starting.
TpTrace Verbose: 0 : 17732, 13, 2024/03/02, 12:17:57.566, 1653953912105, vstest.console.dll, MulticastDelegateUtilities.SafeInvoke: TestRun.LogMessages: Invoking callback 1/1 for Microsoft.VisualStudio.TestPlatform.CommandLine.TestRunResultAggregator., took 0 ms.
TpTrace Verbose: 0 : 17732, 4, 2024/03/02, 12:17:57.566, 1653953912744, vstest.console.dll, MulticastDelegateUtilities.SafeInvoke: InternalTestLoggerEvents.SendTestRunMessage: Invoking callback 1/1 for Microsoft.VisualStudio.TestPlatform.CommandLine.Internal.ConsoleLogger., took 0 ms.
TpTrace Information: 0 : 17732, 13, 2024/03/02, 12:17:57.566, 1653953912872, vstest.console.dll, TestRunRequest:SendTestRunMessage: Completed.
TpTrace Verbose: 0 : 17732, 13, 2024/03/02, 12:17:57.566, 1653953915416, vstest.console.dll, MulticastDelegateUtilities.SafeInvoke: LengthPrefixCommunicationChannel: MessageReceived: Invoking callback 1/1 for Microsoft.VisualStudio.TestPlatform.CommunicationUtilities.TestRequestSender+<>c__DisplayClass34_0., took 0 ms.
TpTrace Verbose: 0 : 17732, 13, 2024/03/02, 12:17:57.566, 1653953916290, vstest.console.dll, TcpClientExtensions.MessageLoopAsync: Polling on remoteEndPoint: 127.0.0.1:61033 localEndPoint: 127.0.0.1:61032 after 426 ms
TpTrace Verbose: 0 : 17732, 13, 2024/03/02, 12:17:58.431, 1653962565442, vstest.console.dll, TcpClientExtensions.MessageLoopAsync: NotifyDataAvailable remoteEndPoint: 127.0.0.1:61033 localEndPoint: 127.0.0.1:61032
TpTrace Verbose: 0 : 17732, 13, 2024/03/02, 12:17:58.432, 1653962568473, vstest.console.dll, TestRequestSender.OnExecutionMessageReceived: Received message: {"Version":5,"MessageType":"TestExecution.StatsChange","Payload":{"NewTestResults":[],"TestRunStatistics":{"ExecutedTests":0,"Stats":{}},"ActiveTests":[{"Id":"f1fb169a-5bc7-4842-c377-238db556c8d4","FullyQualifiedName":"ZooConsoleAPI.IntegrationTests.NUnit.IntegrationTests.AddAnimalAsync_ShouldAddNewAnimal","DisplayName":"AddAnimalAsync_ShouldAddNewAnimal","ExecutorUri":"executor://NUnit3TestExecutor","Source":"C:\\Users\\Lenovo\\source\\repos\\Back-End Technologies Basics - 01.2024\\18. Exam\\03. Zoo_Skeleton\\ZooConsoleAPI\\ZooConsoleAPI.IntegrationTests.NUnit\\bin\\Debug\\fine-code-coverage-net6.0\\ZooConsoleAPI.IntegrationTests.NUnit.dll","CodeFilePath":null,"LineNumber":0,"Properties":[{"Key":{"Id":"NUnit.Seed","Label":"Seed","Category":"","Description":"","Attributes":0,"ValueType":"System.String"},"Value":"1019234992"}]}]}}
TpTrace Verbose: 0 : 17732, 13, 2024/03/02, 12:17:58.462, 1653962872333, vstest.console.dll, TestRunRequest:SendTestRunStatsChange: Starting.
TpTrace Verbose: 0 : 17732, 13, 2024/03/02, 12:17:58.462, 1653962875007, vstest.console.dll, InProgress is AddAnimalAsync_ShouldAddNewAnimal
TpTrace Verbose: 0 : 17732, 13, 2024/03/02, 12:17:58.463, 1653962876848, vstest.console.dll, MulticastDelegateUtilities.SafeInvoke: TestRun.RunStatsChanged: Invoking callbacks was skipped because there are no subscribers.
TpTrace Information: 0 : 17732, 13, 2024/03/02, 12:17:58.463, 1653962877786, vstest.console.dll, TestRunRequest:SendTestRunStatsChange: Completed.
TpTrace Verbose: 0 : 17732, 13, 2024/03/02, 12:17:58.463, 1653962880022, vstest.console.dll, MulticastDelegateUtilities.SafeInvoke: LengthPrefixCommunicationChannel: MessageReceived: Invoking callback 1/1 for Microsoft.VisualStudio.TestPlatform.CommunicationUtilities.TestRequestSender+<>c__DisplayClass34_0., took 31 ms.
TpTrace Verbose: 0 : 17732, 13, 2024/03/02, 12:17:58.463, 1653962880918, vstest.console.dll, TcpClientExtensions.MessageLoopAsync: Polling on remoteEndPoint: 127.0.0.1:61033 localEndPoint: 127.0.0.1:61032 after 896 ms
TpTrace Verbose: 0 : 17732, 13, 2024/03/02, 12:17:59.395, 1653972202665, vstest.console.dll, TcpClientExtensions.MessageLoopAsync: NotifyDataAvailable remoteEndPoint: 127.0.0.1:61033 localEndPoint: 127.0.0.1:61032
TpTrace Verbose: 0 : 17732, 13, 2024/03/02, 12:17:59.395, 1653972205255, vstest.console.dll, TestRequestSender.OnExecutionMessageReceived: Received message: {"Version":5,"MessageType":"TestSession.Message","Payload":{"MessageLevel":1,"Message":"Validation Error: The Type field is required.\r\nValidation Error: The field Age must be between 0 and 120.\r\n"}}
TpTrace Verbose: 0 : 17732, 13, 2024/03/02, 12:17:59.396, 1653972207545, vstest.console.dll, TestRunRequest:SendTestRunMessage: Starting.
TpTrace Verbose: 0 : 17732, 13, 2024/03/02, 12:17:59.396, 1653972208947, vstest.console.dll, MulticastDelegateUtilities.SafeInvoke: TestRun.LogMessages: Invoking callback 1/1 for Microsoft.VisualStudio.TestPlatform.CommandLine.TestRunResultAggregator., took 0 ms.
TpTrace Information: 0 : 17732, 13, 2024/03/02, 12:17:59.396, 1653972209757, vstest.console.dll, TestRunRequest:SendTestRunMessage: Completed.
TpTrace Verbose: 0 : 17732, 13, 2024/03/02, 12:17:59.396, 1653972211652, vstest.console.dll, MulticastDelegateUtilities.SafeInvoke: LengthPrefixCommunicationChannel: MessageReceived: Invoking callback 1/1 for Microsoft.VisualStudio.TestPlatform.CommunicationUtilities.TestRequestSender+<>c__DisplayClass34_0., took 0 ms.
TpTrace Verbose: 0 : 17732, 13, 2024/03/02, 12:17:59.396, 1653972212351, vstest.console.dll, TcpClientExtensions.MessageLoopAsync: Polling on remoteEndPoint: 127.0.0.1:61033 localEndPoint: 127.0.0.1:61032 after 933 ms
TpTrace Verbose: 0 : 17732, 4, 2024/03/02, 12:17:59.396, 1653972214981, vstest.console.dll, MulticastDelegateUtilities.SafeInvoke: InternalTestLoggerEvents.SendTestRunMessage: Invoking callback 1/1 for Microsoft.VisualStudio.TestPlatform.CommandLine.Internal.ConsoleLogger., took 0 ms.
TpTrace Verbose: 0 : 17732, 13, 2024/03/02, 12:17:59.499, 1653973244541, vstest.console.dll, TcpClientExtensions.MessageLoopAsync: NotifyDataAvailable remoteEndPoint: 127.0.0.1:61033 localEndPoint: 127.0.0.1:61032
TpTrace Verbose: 0 : 17732, 13, 2024/03/02, 12:17:59.500, 1653973250870, vstest.console.dll, TestRequestSender.OnExecutionMessageReceived: Received message: {"Version":5,"MessageType":"TestExecution.StatsChange","Payload":{"NewTestResults":[{"TestCase":{"Id":"f1fb169a-5bc7-4842-c377-238db556c8d4","FullyQualifiedName":"ZooConsoleAPI.IntegrationTests.NUnit.IntegrationTests.AddAnimalAsync_ShouldAddNewAnimal","DisplayName":"AddAnimalAsync_ShouldAddNewAnimal","ExecutorUri":"executor://NUnit3TestExecutor","Source":"C:\\Users\\Lenovo\\source\\repos\\Back-End Technologies Basics - 01.2024\\18. Exam\\03. Zoo_Skeleton\\ZooConsoleAPI\\ZooConsoleAPI.IntegrationTests.NUnit\\bin\\Debug\\fine-code-coverage-net6.0\\ZooConsoleAPI.IntegrationTests.NUnit.dll","CodeFilePath":null,"LineNumber":0,"Properties":[{"Key":{"Id":"NUnit.Seed","Label":"Seed","Category":"","Description":"","Attributes":0,"ValueType":"System.String"},"Value":"1019234992"}]},"Attachments":[],"Outcome":1,"ErrorMessage":null,"ErrorStackTrace":null,"DisplayName":"AddAnimalAsync_ShouldAddNewAnimal","Messages":[],"ComputerName":"DESKTOP-23QTAUK","Duration":"00:00:01.6414990","StartTime":"2024-03-02T10:17:57.6432451+00:00","EndTime":"2024-03-02T10:17:59.2845065+00:00","Properties":[{"Key":{"Id":"NUnit.Seed","Label":"Seed","Category":"","Description":"","Attributes":0,"ValueType":"System.String"},"Value":"1019234992"}]},{"TestCase":{"Id":"24512f40-e1a0-7da1-aca0-2ae5b4701ad5","FullyQualifiedName":"ZooConsoleAPI.IntegrationTests.NUnit.IntegrationTests.AddAnimalAsync_TryToAddAnimalWithInvalidCredentials_ShouldThrowException","DisplayName":"AddAnimalAsync_TryToAddAnimalWithInvalidCredentials_ShouldThrowException","ExecutorUri":"executor://NUnit3TestExecutor","Source":"C:\\Users\\Lenovo\\source\\repos\\Back-End Technologies Basics - 01.2024\\18. Exam\\03. Zoo_Skeleton\\ZooConsoleAPI\\ZooConsoleAPI.IntegrationTests.NUnit\\bin\\Debug\\fine-code-coverage-net6.0\\ZooConsoleAPI.IntegrationTests.NUnit.dll","CodeFilePath":null,"LineNumber":0,"Properties":[{"Key":{"Id":"NUnit.Seed","Label":"Seed","Category":"","Description":"","Attributes":0,"ValueType":"System.String"},"Value":"682791519"}]},"Attachments":[],"Outcome":1,"ErrorMessage":null,"ErrorStackTrace":null,"DisplayName":"AddAnimalAsync_TryToAddAnimalWithInvalidCredentials_ShouldThrowException","Messages":[{"Category":"StdOutMsgs","Text":"Validation Error: The Type field is required.\r\nValidation Error: The field Age must be between 0 and 120.\r\n"}],"ComputerName":"DESKTOP-23QTAUK","Duration":"00:00:00.0771059","StartTime":"2024-03-02T10:17:59.2884644+00:00","EndTime":"2024-03-02T10:17:59.3655706+00:00","Properties":[{"Key":{"Id":"NUnit.Seed","Label":"Seed","Category":"","Description":"","Attributes":0,"ValueType":"System.String"},"Value":"682791519"}]},{"TestCase":{"Id":"dd3c13d3-f9c1-6cbc-cb39-9b0980d67908","FullyQualifiedName":"ZooConsoleAPI.IntegrationTests.NUnit.IntegrationTests.DeleteAnimalAsync_TryToDeleteWithNullOrWhiteSpaceCatalogNumber_ShouldThrowException(null)","DisplayName":"DeleteAnimalAsync_TryToDeleteWithNullOrWhiteSpaceCatalogNumber_ShouldThrowException(null)","ExecutorUri":"executor://NUnit3TestExecutor","Source":"C:\\Users\\Lenovo\\source\\repos\\Back-End Technologies Basics - 01.2024\\18. Exam\\03. Zoo_Skeleton\\ZooConsoleAPI\\ZooConsoleAPI.IntegrationTests.NUnit\\bin\\Debug\\fine-code-coverage-net6.0\\ZooConsoleAPI.IntegrationTests.NUnit.dll","CodeFilePath":null,"LineNumber":0,"Properties":[{"Key":{"Id":"NUnit.Seed","Label":"Seed","Category":"","Description":"","Attributes":0,"ValueType":"System.String"},"Value":"2004474712"}]},"Attachments":[],"Outcome":1,"ErrorMessage":null,"ErrorStackTrace":null,"DisplayName":"DeleteAnimalAsync_TryToDeleteWithNullOrWhiteSpaceCatalogNumber_ShouldThrowException(null)","Messages":[],"ComputerName":"DESKTOP-23QTAUK","Duration":"00:00:00.0298180","StartTime":"2024-03-02T10:17:59.3656729+00:00","EndTime":"2024-03-02T10:17:59.3954906+00:00","Properties":[{"Key":{"Id":"NUnit.Seed","Label":"Seed","Category":"","Description":"","Attributes":0,"ValueType":"System.String"},"Value":"2004474712"}]},{"TestCase":{"Id":"64b14b64-df8b-341e-8903-8d9cf1bedf76","FullyQualifiedName":"ZooConsoleAPI.IntegrationTests.NUnit.IntegrationTests.DeleteAnimalAsync_TryToDeleteWithNullOrWhiteSpaceCatalogNumber_ShouldThrowException(\"\")","DisplayName":"DeleteAnimalAsync_TryToDeleteWithNullOrWhiteSpaceCatalogNumber_ShouldThrowException(\"\")","ExecutorUri":"executor://NUnit3TestExecutor","Source":"C:\\Users\\Lenovo\\source\\repos\\Back-End Technologies Basics - 01.2024\\18. Exam\\03. Zoo_Skeleton\\ZooConsoleAPI\\ZooConsoleAPI.IntegrationTests.NUnit\\bin\\Debug\\fine-code-coverage-net6.0\\ZooConsoleAPI.IntegrationTests.NUnit.dll","CodeFilePath":null,"LineNumber":0,"Properties":[{"Key":{"Id":"NUnit.Seed","Label":"Seed","Category":"","Description":"","Attributes":0,"ValueType":"System.String"},"Value":"231476937"}]},"Attachments":[],"Outcome":1,"ErrorMessage":null,"ErrorStackTrace":null,"DisplayName":"DeleteAnimalAsync_TryToDeleteWithNullOrWhiteSpaceCatalogNumber_ShouldThrowException(\"\")","Messages":[],"ComputerName":"DESKTOP-23QTAUK","Duration":"00:00:00.0006170","StartTime":"2024-03-02T10:17:59.395523+00:00","EndTime":"2024-03-02T10:17:59.3961396+00:00","Properties":[{"Key":{"Id":"NUnit.Seed","Label":"Seed","Category":"","Description":"","Attributes":0,"ValueType":"System.String"},"Value":"231476937"}]},{"TestCase":{"Id":"8631ab37-40f6-660b-4a69-05e102396e72","FullyQualifiedName":"ZooConsoleAPI.IntegrationTests.NUnit.IntegrationTests.DeleteAnimalAsync_TryToDeleteWithNullOrWhiteSpaceCatalogNumber_ShouldThrowException(\"     \")","DisplayName":"DeleteAnimalAsync_TryToDeleteWithNullOrWhiteSpaceCatalogNumber_ShouldThrowException(\"     \")","ExecutorUri":"executor://NUnit3TestExecutor","Source":"C:\\Users\\Lenovo\\source\\repos\\Back-End Technologies Basics - 01.2024\\18. Exam\\03. Zoo_Skeleton\\ZooConsoleAPI\\ZooConsoleAPI.IntegrationTests.NUnit\\bin\\Debug\\fine-code-coverage-net6.0\\ZooConsoleAPI.IntegrationTests.NUnit.dll","CodeFilePath":null,"LineNumber":0,"Properties":[{"Key":{"Id":"NUnit.Seed","Label":"Seed","Category":"","Description":"","Attributes":0,"ValueType":"System.String"},"Value":"41697950"}]},"Attachments":[],"Outcome":1,"ErrorMessage":null,"ErrorStackTrace":null,"DisplayName":"DeleteAnimalAsync_TryToDeleteWithNullOrWhiteSpaceCatalogNumber_ShouldThrowException(\"     \")","Messages":[],"ComputerName":"DESKTOP-23QTAUK","Duration":"00:00:00.0004590","StartTime":"2024-03-02T10:17:59.3961646+00:00","EndTime":"2024-03-02T10:17:59.3966228+00:00","Properties":[{"Key":{"Id":"NUnit.Seed","Label":"Seed","Category":"","Description":"","Attributes":0,"ValueType":"System.String"},"Value":"41697950"}]},{"TestCase":{"Id":"052678f8-7a7d-3da8-938d-037c52e5bef9","FullyQualifiedName":"ZooConsoleAPI.IntegrationTests.NUnit.IntegrationTests.DeleteAnimalAsync_WithValidCatalogNumber_ShouldRemoveAnimalFromDb","DisplayName":"DeleteAnimalAsync_WithValidCatalogNumber_ShouldRemoveAnimalFromDb","ExecutorUri":"executor://NUnit3TestExecutor","Source":"C:\\Users\\Lenovo\\source\\repos\\Back-End Technologies Basics - 01.2024\\18. Exam\\03. Zoo_Skeleton\\ZooConsoleAPI\\ZooConsoleAPI.IntegrationTests.NUnit\\bin\\Debug\\fine-code-coverage-net6.0\\ZooConsoleAPI.IntegrationTests.NUnit.dll","CodeFilePath":null,"LineNumber":0,"Properties":[{"Key":{"Id":"NUnit.Seed","Label":"Seed","Category":"","Description":"","Attributes":0,"ValueType":"System.String"},"Value":"535574160"}]},"Attachments":[],"Outcome":1,"ErrorMessage":null,"ErrorStackTrace":null,"DisplayName":"DeleteAnimalAsync_WithValidCatalogNumber_ShouldRemoveAnimalFromDb","Messages":[],"ComputerName":"DESKTOP-23QTAUK","Duration":"00:00:00.0398430","StartTime":"2024-03-02T10:17:59.4000465+00:00","EndTime":"2024-03-02T10:17:59.439889+00:00","Properties":[{"Key":{"Id":"NUnit.Seed","Label":"Seed","Category":"","Description":"","Attributes":0,"ValueType":"System.String"},"Value":"535574160"}]},{"TestCase":{"Id":"91a133dd-bfd3-0b70-25ff-6c70ffbf8d70","FullyQualifiedName":"ZooConsoleAPI.IntegrationTests.NUnit.IntegrationTests.GetAllAsync_WhenAnimalsExist_ShouldReturnAllAnimals","DisplayName":"GetAllAsync_WhenAnimalsExist_ShouldReturnAllAnimals","ExecutorUri":"executor://NUnit3TestExecutor","Source":"C:\\Users\\Lenovo\\source\\repos\\Back-End Technologies Basics - 01.2024\\18. Exam\\03. Zoo_Skeleton\\ZooConsoleAPI\\ZooConsoleAPI.IntegrationTests.NUnit\\bin\\Debug\\fine-code-coverage-net6.0\\ZooConsoleAPI.IntegrationTests.NUnit.dll","CodeFilePath":null,"LineNumber":0,"Properties":[{"Key":{"Id":"NUnit.Seed","Label":"Seed","Category":"","Description":"","Attributes":0,"ValueType":"System.String"},"Value":"438193249"}]},"Attachments":[],"Outcome":1,"ErrorMessage":null,"ErrorStackTrace":null,"DisplayName":"GetAllAsync_WhenAnimalsExist_ShouldReturnAllAnimals","Messages":[],"ComputerName":"DESKTOP-23QTAUK","Duration":"00:00:00.0280710","StartTime":"2024-03-02T10:17:59.4399351+00:00","EndTime":"2024-03-02T10:17:59.4680052+00:00","Properties":[{"Key":{"Id":"NUnit.Seed","Label":"Seed","Category":"","Description":"","Attributes":0,"ValueType":"System.String"},"Value":"438193249"}]},{"TestCase":{"Id":"16f3b707-8a4e-3bb7-bb3b-702b813333fe","FullyQualifiedName":"ZooConsoleAPI.IntegrationTests.NUnit.IntegrationTests.GetAllAsync_WhenNoAnimalsExist_ShouldThrowKeyNotFoundException","DisplayName":"GetAllAsync_WhenNoAnimalsExist_ShouldThrowKeyNotFoundException","ExecutorUri":"executor://NUnit3TestExecutor","Source":"C:\\Users\\Lenovo\\source\\repos\\Back-End Technologies Basics - 01.2024\\18. Exam\\03. Zoo_Skeleton\\ZooConsoleAPI\\ZooConsoleAPI.IntegrationTests.NUnit\\bin\\Debug\\fine-code-coverage-net6.0\\ZooConsoleAPI.IntegrationTests.NUnit.dll","CodeFilePath":null,"LineNumber":0,"Properties":[{"Key":{"Id":"NUnit.Seed","Label":"Seed","Category":"","Description":"","Attributes":0,"ValueType":"System.String"},"Value":"854965730"}]},"Attachments":[],"Outcome":1,"ErrorMessage":null,"ErrorStackTrace":null,"DisplayName":"GetAllAsync_WhenNoAnimalsExist_ShouldThrowKeyNotFoundException","Messages":[],"ComputerName":"DESKTOP-23QTAUK","Duration":"00:00:00.0029110","StartTime":"2024-03-02T10:17:59.4680495+00:00","EndTime":"2024-03-02T10:17:59.4709607+00:00","Properties":[{"Key":{"Id":"NUnit.Seed","Label":"Seed","Category":"","Description":"","Attributes":0,"ValueType":"System.String"},"Value":"854965730"}]},{"TestCase":{"Id":"9a0c8b1c-2494-2177-3ff3-34d5aeaf4efa","FullyQualifiedName":"ZooConsoleAPI.IntegrationTests.NUnit.IntegrationTests.GetSpecificAsync_WhenCatalogNumberIsNullOrWhiteSpace_ShouldThrowArgumentException(null)","DisplayName":"GetSpecificAsync_WhenCatalogNumberIsNullOrWhiteSpace_ShouldThrowArgumentException(null)","ExecutorUri":"executor://NUnit3TestExecutor","Source":"C:\\Users\\Lenovo\\source\\repos\\Back-End Technologies Basics - 01.2024\\18. Exam\\03. Zoo_Skeleton\\ZooConsoleAPI\\ZooConsoleAPI.IntegrationTests.NUnit\\bin\\Debug\\fine-code-coverage-net6.0\\ZooConsoleAPI.IntegrationTests.NUnit.dll","CodeFilePath":null,"LineNumber":0,"Properties":[{"Key":{"Id":"NUnit.Seed","Label":"Seed","Category":"","Description":"","Attributes":0,"ValueType":"System.String"},"Value":"849682784"}]},"Attachments":[],"Outcome":1,"ErrorMessage":null,"ErrorStackTrace":null,"DisplayName":"GetSpecificAsync_WhenCatalogNumberIsNullOrWhiteSpace_ShouldThrowArgumentException(null)","Messages":[],"ComputerName":"DESKTOP-23QTAUK","Duration":"00:00:00.0034350","StartTime":"2024-03-02T10:17:59.4710166+00:00","EndTime":"2024-03-02T10:17:59.4744512+00:00","Properties":[{"Key":{"Id":"NUnit.Seed","Label":"Seed","Category":"","Description":"","Attributes":0,"ValueType":"System.String"},"Value":"849682784"}]}],"TestRunStatistics":{"ExecutedTests":9,"Stats":{"Passed":9}},"ActiveTests":[{"Id":"ad7638f1-e2b1-67b8-2f58-310780aa7523","FullyQualifiedName":"ZooConsoleAPI.IntegrationTests.NUnit.IntegrationTests.GetSpecificAsync_WhenCatalogNumberIsNullOrWhiteSpace_ShouldThrowArgumentException(\"\")","DisplayName":"GetSpecificAsync_WhenCatalogNumberIsNullOrWhiteSpace_ShouldThrowArgumentException(\"\")","ExecutorUri":"executor://NUnit3TestExecutor","Source":"C:\\Users\\Lenovo\\source\\repos\\Back-End Technologies Basics - 01.2024\\18. Exam\\03. Zoo_Skeleton\\ZooConsoleAPI\\ZooConsoleAPI.IntegrationTests.NUnit\\bin\\Debug\\fine-code-coverage-net6.0\\ZooConsoleAPI.IntegrationTests.NUnit.dll","CodeFilePath":null,"LineNumber":0,"Properties":[{"Key":{"Id":"NUnit.Seed","Label":"Seed","Category":"","Description":"","Attributes":0,"ValueType":"System.String"},"Value":"46093364"}]}]}}
TpTrace Verbose: 0 : 17732, 13, 2024/03/02, 12:17:59.518, 1653973431755, vstest.console.dll, TestRunRequest:SendTestRunStatsChange: Starting.
TpTrace Verbose: 0 : 17732, 13, 2024/03/02, 12:17:59.518, 1653973433167, vstest.console.dll, InProgress is GetSpecificAsync_WhenCatalogNumberIsNullOrWhiteSpace_ShouldThrowArgumentException("")
TpTrace Verbose: 0 : 17732, 13, 2024/03/02, 12:17:59.519, 1653973437061, vstest.console.dll, MulticastDelegateUtilities.SafeInvoke: TestRun.RunStatsChanged: Invoking callbacks was skipped because there are no subscribers.
TpTrace Information: 0 : 17732, 13, 2024/03/02, 12:17:59.519, 1653973438060, vstest.console.dll, TestRunRequest:SendTestRunStatsChange: Completed.
TpTrace Verbose: 0 : 17732, 13, 2024/03/02, 12:17:59.519, 1653973439040, vstest.console.dll, MulticastDelegateUtilities.SafeInvoke: LengthPrefixCommunicationChannel: MessageReceived: Invoking callback 1/1 for Microsoft.VisualStudio.TestPlatform.CommunicationUtilities.TestRequestSender+<>c__DisplayClass34_0., took 18 ms.
TpTrace Verbose: 0 : 17732, 13, 2024/03/02, 12:17:59.519, 1653973439809, vstest.console.dll, TcpClientExtensions.MessageLoopAsync: Polling on remoteEndPoint: 127.0.0.1:61033 localEndPoint: 127.0.0.1:61032 after 122 ms
TpTrace Verbose: 0 : 17732, 4, 2024/03/02, 12:17:59.523, 1653973478694, vstest.console.dll, MulticastDelegateUtilities.SafeInvoke: InternalTestLoggerEvents.SendTestResult: Invoking callback 1/1 for Microsoft.VisualStudio.TestPlatform.CommandLine.Internal.ConsoleLogger., took 4 ms.
TpTrace Verbose: 0 : 17732, 4, 2024/03/02, 12:17:59.523, 1653973485712, vstest.console.dll, MulticastDelegateUtilities.SafeInvoke: InternalTestLoggerEvents.SendTestResult: Invoking callback 1/1 for Microsoft.VisualStudio.TestPlatform.CommandLine.Internal.ConsoleLogger., took 0 ms.
TpTrace Verbose: 0 : 17732, 4, 2024/03/02, 12:17:59.524, 1653973487151, vstest.console.dll, MulticastDelegateUtilities.SafeInvoke: InternalTestLoggerEvents.SendTestResult: Invoking callback 1/1 for Microsoft.VisualStudio.TestPlatform.CommandLine.Internal.ConsoleLogger., took 0 ms.
TpTrace Verbose: 0 : 17732, 4, 2024/03/02, 12:17:59.524, 1653973488322, vstest.console.dll, MulticastDelegateUtilities.SafeInvoke: InternalTestLoggerEvents.SendTestResult: Invoking callback 1/1 for Microsoft.VisualStudio.TestPlatform.CommandLine.Internal.ConsoleLogger., took 0 ms.
TpTrace Verbose: 0 : 17732, 4, 2024/03/02, 12:17:59.524, 1653973489532, vstest.console.dll, MulticastDelegateUtilities.SafeInvoke: InternalTestLoggerEvents.SendTestResult: Invoking callback 1/1 for Microsoft.VisualStudio.TestPlatform.CommandLine.Internal.ConsoleLogger., took 0 ms.
TpTrace Verbose: 0 : 17732, 4, 2024/03/02, 12:17:59.524, 1653973490567, vstest.console.dll, MulticastDelegateUtilities.SafeInvoke: InternalTestLoggerEvents.SendTestResult: Invoking callback 1/1 for Microsoft.VisualStudio.TestPlatform.CommandLine.Internal.ConsoleLogger., took 0 ms.
TpTrace Verbose: 0 : 17732, 4, 2024/03/02, 12:17:59.524, 1653973491679, vstest.console.dll, MulticastDelegateUtilities.SafeInvoke: InternalTestLoggerEvents.SendTestResult: Invoking callback 1/1 for Microsoft.VisualStudio.TestPlatform.CommandLine.Internal.ConsoleLogger., took 0 ms.
TpTrace Verbose: 0 : 17732, 4, 2024/03/02, 12:17:59.524, 1653973492838, vstest.console.dll, MulticastDelegateUtilities.SafeInvoke: InternalTestLoggerEvents.SendTestResult: Invoking callback 1/1 for Microsoft.VisualStudio.TestPlatform.CommandLine.Internal.ConsoleLogger., took 0 ms.
TpTrace Verbose: 0 : 17732, 4, 2024/03/02, 12:17:59.524, 1653973493960, vstest.console.dll, MulticastDelegateUtilities.SafeInvoke: InternalTestLoggerEvents.SendTestResult: Invoking callback 1/1 for Microsoft.VisualStudio.TestPlatform.CommandLine.Internal.ConsoleLogger., took 0 ms.
TpTrace Verbose: 0 : 17732, 13, 2024/03/02, 12:17:59.562, 1653973869419, vstest.console.dll, TcpClientExtensions.MessageLoopAsync: NotifyDataAvailable remoteEndPoint: 127.0.0.1:61033 localEndPoint: 127.0.0.1:61032
TpTrace Verbose: 0 : 17732, 13, 2024/03/02, 12:17:59.562, 1653973875292, vstest.console.dll, TestRequestSender.OnExecutionMessageReceived: Received message: {"Version":5,"MessageType":"TestExecution.StatsChange","Payload":{"NewTestResults":[{"TestCase":{"Id":"ad7638f1-e2b1-67b8-2f58-310780aa7523","FullyQualifiedName":"ZooConsoleAPI.IntegrationTests.NUnit.IntegrationTests.GetSpecificAsync_WhenCatalogNumberIsNullOrWhiteSpace_ShouldThrowArgumentException(\"\")","DisplayName":"GetSpecificAsync_WhenCatalogNumberIsNullOrWhiteSpace_ShouldThrowArgumentException(\"\")","ExecutorUri":"executor://NUnit3TestExecutor","Source":"C:\\Users\\Lenovo\\source\\repos\\Back-End Technologies Basics - 01.2024\\18. Exam\\03. Zoo_Skeleton\\ZooConsoleAPI\\ZooConsoleAPI.IntegrationTests.NUnit\\bin\\Debug\\fine-code-coverage-net6.0\\ZooConsoleAPI.IntegrationTests.NUnit.dll","CodeFilePath":null,"LineNumber":0,"Properties":[{"Key":{"Id":"NUnit.Seed","Label":"Seed","Category":"","Description":"","Attributes":0,"ValueType":"System.String"},"Value":"46093364"}]},"Attachments":[],"Outcome":1,"ErrorMessage":null,"ErrorStackTrace":null,"DisplayName":"GetSpecificAsync_WhenCatalogNumberIsNullOrWhiteSpace_ShouldThrowArgumentException(\"\")","Messages":[],"ComputerName":"DESKTOP-23QTAUK","Duration":"00:00:00.0005599","StartTime":"2024-03-02T10:17:59.4744783+00:00","EndTime":"2024-03-02T10:17:59.4750382+00:00","Properties":[{"Key":{"Id":"NUnit.Seed","Label":"Seed","Category":"","Description":"","Attributes":0,"ValueType":"System.String"},"Value":"46093364"}]},{"TestCase":{"Id":"329a9530-f063-f6bc-f9c7-2c04cefc1e8d","FullyQualifiedName":"ZooConsoleAPI.IntegrationTests.NUnit.IntegrationTests.GetSpecificAsync_WhenCatalogNumberIsNullOrWhiteSpace_ShouldThrowArgumentException(\"     \")","DisplayName":"GetSpecificAsync_WhenCatalogNumberIsNullOrWhiteSpace_ShouldThrowArgumentException(\"     \")","ExecutorUri":"executor://NUnit3TestExecutor","Source":"C:\\Users\\Lenovo\\source\\repos\\Back-End Technologies Basics - 01.2024\\18. Exam\\03. Zoo_Skeleton\\ZooConsoleAPI\\ZooConsoleAPI.IntegrationTests.NUnit\\bin\\Debug\\fine-code-coverage-net6.0\\ZooConsoleAPI.IntegrationTests.NUnit.dll","CodeFilePath":null,"LineNumber":0,"Properties":[{"Key":{"Id":"NUnit.Seed","Label":"Seed","Category":"","Description":"","Attributes":0,"ValueType":"System.String"},"Value":"1874351539"}]},"Attachments":[],"Outcome":1,"ErrorMessage":null,"ErrorStackTrace":null,"DisplayName":"GetSpecificAsync_WhenCatalogNumberIsNullOrWhiteSpace_ShouldThrowArgumentException(\"     \")","Messages":[],"ComputerName":"DESKTOP-23QTAUK","Duration":"00:00:00.0004900","StartTime":"2024-03-02T10:17:59.4750629+00:00","EndTime":"2024-03-02T10:17:59.4755527+00:00","Properties":[{"Key":{"Id":"NUnit.Seed","Label":"Seed","Category":"","Description":"","Attributes":0,"ValueType":"System.String"},"Value":"1874351539"}]},{"TestCase":{"Id":"841b45e0-ae5c-f03b-d586-25d2b2c1d542","FullyQualifiedName":"ZooConsoleAPI.IntegrationTests.NUnit.IntegrationTests.GetSpecificAsync_WithInvalidCatalogNumber_ShouldThrowKeyNotFoundException","DisplayName":"GetSpecificAsync_WithInvalidCatalogNumber_ShouldThrowKeyNotFoundException","ExecutorUri":"executor://NUnit3TestExecutor","Source":"C:\\Users\\Lenovo\\source\\repos\\Back-End Technologies Basics - 01.2024\\18. Exam\\03. Zoo_Skeleton\\ZooConsoleAPI\\ZooConsoleAPI.IntegrationTests.NUnit\\bin\\Debug\\fine-code-coverage-net6.0\\ZooConsoleAPI.IntegrationTests.NUnit.dll","CodeFilePath":null,"LineNumber":0,"Properties":[{"Key":{"Id":"NUnit.Seed","Label":"Seed","Category":"","Description":"","Attributes":0,"ValueType":"System.String"},"Value":"1047381601"}]},"Attachments":[],"Outcome":1,"ErrorMessage":null,"ErrorStackTrace":null,"DisplayName":"GetSpecificAsync_WithInvalidCatalogNumber_ShouldThrowKeyNotFoundException","Messages":[],"ComputerName":"DESKTOP-23QTAUK","Duration":"00:00:00.0044780","StartTime":"2024-03-02T10:17:59.4756347+00:00","EndTime":"2024-03-02T10:17:59.4801128+00:00","Properties":[{"Key":{"Id":"NUnit.Seed","Label":"Seed","Category":"","Description":"","Attributes":0,"ValueType":"System.String"},"Value":"1047381601"}]},{"TestCase":{"Id":"4f2d5bd1-1b77-e245-151b-a11965c28bb2","FullyQualifiedName":"ZooConsoleAPI.IntegrationTests.NUnit.IntegrationTests.GetSpecificAsync_WithValidCatalogNumber_ShouldReturnAnimal","DisplayName":"GetSpecificAsync_WithValidCatalogNumber_ShouldReturnAnimal","ExecutorUri":"executor://NUnit3TestExecutor","Source":"C:\\Users\\Lenovo\\source\\repos\\Back-End Technologies Basics - 01.2024\\18. Exam\\03. Zoo_Skeleton\\ZooConsoleAPI\\ZooConsoleAPI.IntegrationTests.NUnit\\bin\\Debug\\fine-code-coverage-net6.0\\ZooConsoleAPI.IntegrationTests.NUnit.dll","CodeFilePath":null,"LineNumber":0,"Properties":[{"Key":{"Id":"NUnit.Seed","Label":"Seed","Category":"","Description":"","Attributes":0,"ValueType":"System.String"},"Value":"707459148"}]},"Attachments":[],"Outcome":1,"ErrorMessage":null,"ErrorStackTrace":null,"DisplayName":"GetSpecificAsync_WithValidCatalogNumber_ShouldReturnAnimal","Messages":[],"ComputerName":"DESKTOP-23QTAUK","Duration":"00:00:00.0031910","StartTime":"2024-03-02T10:17:59.4801393+00:00","EndTime":"2024-03-02T10:17:59.4833297+00:00","Properties":[{"Key":{"Id":"NUnit.Seed","Label":"Seed","Category":"","Description":"","Attributes":0,"ValueType":"System.String"},"Value":"707459148"}]},{"TestCase":{"Id":"5a76622f-4cb1-06dc-0764-ef11301a9450","FullyQualifiedName":"ZooConsoleAPI.IntegrationTests.NUnit.IntegrationTests.SearchByTypeAsync_WhenTypeIsNullOrWhiteSpace_ShouldThrowArgumentException(null)","DisplayName":"SearchByTypeAsync_WhenTypeIsNullOrWhiteSpace_ShouldThrowArgumentException(null)","ExecutorUri":"executor://NUnit3TestExecutor","Source":"C:\\Users\\Lenovo\\source\\repos\\Back-End Technologies Basics - 01.2024\\18. Exam\\03. Zoo_Skeleton\\ZooConsoleAPI\\ZooConsoleAPI.IntegrationTests.NUnit\\bin\\Debug\\fine-code-coverage-net6.0\\ZooConsoleAPI.IntegrationTests.NUnit.dll","CodeFilePath":null,"LineNumber":0,"Properties":[{"Key":{"Id":"NUnit.Seed","Label":"Seed","Category":"","Description":"","Attributes":0,"ValueType":"System.String"},"Value":"1787788604"}]},"Attachments":[],"Outcome":1,"ErrorMessage":null,"ErrorStackTrace":null,"DisplayName":"SearchByTypeAsync_WhenTypeIsNullOrWhiteSpace_ShouldThrowArgumentException(null)","Messages":[],"ComputerName":"DESKTOP-23QTAUK","Duration":"00:00:00.0041320","StartTime":"2024-03-02T10:17:59.4833845+00:00","EndTime":"2024-03-02T10:17:59.4875161+00:00","Properties":[{"Key":{"Id":"NUnit.Seed","Label":"Seed","Category":"","Description":"","Attributes":0,"ValueType":"System.String"},"Value":"1787788604"}]},{"TestCase":{"Id":"24b16c58-e9db-4e16-d6ab-9820f36cc148","FullyQualifiedName":"ZooConsoleAPI.IntegrationTests.NUnit.IntegrationTests.SearchByTypeAsync_WhenTypeIsNullOrWhiteSpace_ShouldThrowArgumentException(\"\")","DisplayName":"SearchByTypeAsync_WhenTypeIsNullOrWhiteSpace_ShouldThrowArgumentException(\"\")","ExecutorUri":"executor://NUnit3TestExecutor","Source":"C:\\Users\\Lenovo\\source\\repos\\Back-End Technologies Basics - 01.2024\\18. Exam\\03. Zoo_Skeleton\\ZooConsoleAPI\\ZooConsoleAPI.IntegrationTests.NUnit\\bin\\Debug\\fine-code-coverage-net6.0\\ZooConsoleAPI.IntegrationTests.NUnit.dll","CodeFilePath":null,"LineNumber":0,"Properties":[{"Key":{"Id":"NUnit.Seed","Label":"Seed","Category":"","Description":"","Attributes":0,"ValueType":"System.String"},"Value":"472168278"}]},"Attachments":[],"Outcome":1,"ErrorMessage":null,"ErrorStackTrace":null,"DisplayName":"SearchByTypeAsync_WhenTypeIsNullOrWhiteSpace_ShouldThrowArgumentException(\"\")","Messages":[],"ComputerName":"DESKTOP-23QTAUK","Duration":"00:00:00.0008290","StartTime":"2024-03-02T10:17:59.4875421+00:00","EndTime":"2024-03-02T10:17:59.4883706+00:00","Properties":[{"Key":{"Id":"NUnit.Seed","Label":"Seed","Category":"","Description":"","Attributes":0,"ValueType":"System.String"},"Value":"472168278"}]},{"TestCase":{"Id":"065aef83-a1cb-b059-b482-55e58e355c51","FullyQualifiedName":"ZooConsoleAPI.IntegrationTests.NUnit.IntegrationTests.SearchByTypeAsync_WhenTypeIsNullOrWhiteSpace_ShouldThrowArgumentException(\"     \")","DisplayName":"SearchByTypeAsync_WhenTypeIsNullOrWhiteSpace_ShouldThrowArgumentException(\"     \")","ExecutorUri":"executor://NUnit3TestExecutor","Source":"C:\\Users\\Lenovo\\source\\repos\\Back-End Technologies Basics - 01.2024\\18. Exam\\03. Zoo_Skeleton\\ZooConsoleAPI\\ZooConsoleAPI.IntegrationTests.NUnit\\bin\\Debug\\fine-code-coverage-net6.0\\ZooConsoleAPI.IntegrationTests.NUnit.dll","CodeFilePath":null,"LineNumber":0,"Properties":[{"Key":{"Id":"NUnit.Seed","Label":"Seed","Category":"","Description":"","Attributes":0,"ValueType":"System.String"},"Value":"470040091"}]},"Attachments":[],"Outcome":1,"ErrorMessage":null,"ErrorStackTrace":null,"DisplayName":"SearchByTypeAsync_WhenTypeIsNullOrWhiteSpace_ShouldThrowArgumentException(\"     \")","Messages":[],"ComputerName":"DESKTOP-23QTAUK","Duration":"00:00:00.0007510","StartTime":"2024-03-02T10:17:59.4883955+00:00","EndTime":"2024-03-02T10:17:59.4891459+00:00","Properties":[{"Key":{"Id":"NUnit.Seed","Label":"Seed","Category":"","Description":"","Attributes":0,"ValueType":"System.String"},"Value":"470040091"}]},{"TestCase":{"Id":"0934272a-241d-6a2c-6016-0072fbce56a3","FullyQualifiedName":"ZooConsoleAPI.IntegrationTests.NUnit.IntegrationTests.SearchByTypeAsync_WithExistingType_ShouldReturnMatchingAnimals","DisplayName":"SearchByTypeAsync_WithExistingType_ShouldReturnMatchingAnimals","ExecutorUri":"executor://NUnit3TestExecutor","Source":"C:\\Users\\Lenovo\\source\\repos\\Back-End Technologies Basics - 01.2024\\18. Exam\\03. Zoo_Skeleton\\ZooConsoleAPI\\ZooConsoleAPI.IntegrationTests.NUnit\\bin\\Debug\\fine-code-coverage-net6.0\\ZooConsoleAPI.IntegrationTests.NUnit.dll","CodeFilePath":null,"LineNumber":0,"Properties":[{"Key":{"Id":"NUnit.Seed","Label":"Seed","Category":"","Description":"","Attributes":0,"ValueType":"System.String"},"Value":"975195332"}]},"Attachments":[],"Outcome":1,"ErrorMessage":null,"ErrorStackTrace":null,"DisplayName":"SearchByTypeAsync_WithExistingType_ShouldReturnMatchingAnimals","Messages":[],"ComputerName":"DESKTOP-23QTAUK","Duration":"00:00:00.0138860","StartTime":"2024-03-02T10:17:59.4891928+00:00","EndTime":"2024-03-02T10:17:59.5030783+00:00","Properties":[{"Key":{"Id":"NUnit.Seed","Label":"Seed","Category":"","Description":"","Attributes":0,"ValueType":"System.String"},"Value":"975195332"}]},{"TestCase":{"Id":"db4d7028-4c85-5d64-fc9f-d9621fe356fa","FullyQualifiedName":"ZooConsoleAPI.IntegrationTests.NUnit.IntegrationTests.SearchByTypeAsync_WithNonExistingType_ShouldThrowKeyNotFoundException","DisplayName":"SearchByTypeAsync_WithNonExistingType_ShouldThrowKeyNotFoundException","ExecutorUri":"executor://NUnit3TestExecutor","Source":"C:\\Users\\Lenovo\\source\\repos\\Back-End Technologies Basics - 01.2024\\18. Exam\\03. Zoo_Skeleton\\ZooConsoleAPI\\ZooConsoleAPI.IntegrationTests.NUnit\\bin\\Debug\\fine-code-coverage-net6.0\\ZooConsoleAPI.IntegrationTests.NUnit.dll","CodeFilePath":null,"LineNumber":0,"Properties":[{"Key":{"Id":"NUnit.Seed","Label":"Seed","Category":"","Description":"","Attributes":0,"ValueType":"System.String"},"Value":"951348666"}]},"Attachments":[],"Outcome":1,"ErrorMessage":null,"ErrorStackTrace":null,"DisplayName":"SearchByTypeAsync_WithNonExistingType_ShouldThrowKeyNotFoundException","Messages":[],"ComputerName":"DESKTOP-23QTAUK","Duration":"00:00:00.0034340","StartTime":"2024-03-02T10:17:59.5031094+00:00","EndTime":"2024-03-02T10:17:59.5065433+00:00","Properties":[{"Key":{"Id":"NUnit.Seed","Label":"Seed","Category":"","Description":"","Attributes":0,"ValueType":"System.String"},"Value":"951348666"}]}],"TestRunStatistics":{"ExecutedTests":18,"Stats":{"Passed":18}},"ActiveTests":[{"Id":"771747a1-a63a-894b-67c5-7f29da72d7dd","FullyQualifiedName":"ZooConsoleAPI.IntegrationTests.NUnit.IntegrationTests.UpdateAsync_WithInvalidAnimal_ShouldThrowValidationException","DisplayName":"UpdateAsync_WithInvalidAnimal_ShouldThrowValidationException","ExecutorUri":"executor://NUnit3TestExecutor","Source":"C:\\Users\\Lenovo\\source\\repos\\Back-End Technologies Basics - 01.2024\\18. Exam\\03. Zoo_Skeleton\\ZooConsoleAPI\\ZooConsoleAPI.IntegrationTests.NUnit\\bin\\Debug\\fine-code-coverage-net6.0\\ZooConsoleAPI.IntegrationTests.NUnit.dll","CodeFilePath":null,"LineNumber":0,"Properties":[{"Key":{"Id":"NUnit.Seed","Label":"Seed","Category":"","Description":"","Attributes":0,"ValueType":"System.String"},"Value":"281521897"}]}]}}
TpTrace Verbose: 0 : 17732, 13, 2024/03/02, 12:17:59.567, 1653973917287, vstest.console.dll, TestRunRequest:SendTestRunStatsChange: Starting.
TpTrace Verbose: 0 : 17732, 13, 2024/03/02, 12:17:59.567, 1653973918589, vstest.console.dll, InProgress is UpdateAsync_WithInvalidAnimal_ShouldThrowValidationException
TpTrace Verbose: 0 : 17732, 13, 2024/03/02, 12:17:59.567, 1653973919847, vstest.console.dll, MulticastDelegateUtilities.SafeInvoke: TestRun.RunStatsChanged: Invoking callbacks was skipped because there are no subscribers.
TpTrace Information: 0 : 17732, 13, 2024/03/02, 12:17:59.567, 1653973920551, vstest.console.dll, TestRunRequest:SendTestRunStatsChange: Completed.
TpTrace Verbose: 0 : 17732, 4, 2024/03/02, 12:17:59.567, 1653973920710, vstest.console.dll, MulticastDelegateUtilities.SafeInvoke: InternalTestLoggerEvents.SendTestResult: Invoking callback 1/1 for Microsoft.VisualStudio.TestPlatform.CommandLine.Internal.ConsoleLogger., took 0 ms.
TpTrace Verbose: 0 : 17732, 13, 2024/03/02, 12:17:59.567, 1653973921310, vstest.console.dll, MulticastDelegateUtilities.SafeInvoke: LengthPrefixCommunicationChannel: MessageReceived: Invoking callback 1/1 for Microsoft.VisualStudio.TestPlatform.CommunicationUtilities.TestRequestSender+<>c__DisplayClass34_0., took 4 ms.
TpTrace Verbose: 0 : 17732, 4, 2024/03/02, 12:17:59.567, 1653973923121, vstest.console.dll, MulticastDelegateUtilities.SafeInvoke: InternalTestLoggerEvents.SendTestResult: Invoking callback 1/1 for Microsoft.VisualStudio.TestPlatform.CommandLine.Internal.ConsoleLogger., took 0 ms.
TpTrace Verbose: 0 : 17732, 13, 2024/03/02, 12:17:59.567, 1653973925339, vstest.console.dll, TcpClientExtensions.MessageLoopAsync: Polling on remoteEndPoint: 127.0.0.1:61033 localEndPoint: 127.0.0.1:61032 after 48 ms
TpTrace Verbose: 0 : 17732, 4, 2024/03/02, 12:17:59.567, 1653973925489, vstest.console.dll, MulticastDelegateUtilities.SafeInvoke: InternalTestLoggerEvents.SendTestResult: Invoking callback 1/1 for Microsoft.VisualStudio.TestPlatform.CommandLine.Internal.ConsoleLogger., took 0 ms.
TpTrace Verbose: 0 : 17732, 13, 2024/03/02, 12:17:59.568, 1653973926672, vstest.console.dll, TcpClientExtensions.MessageLoopAsync: NotifyDataAvailable remoteEndPoint: 127.0.0.1:61033 localEndPoint: 127.0.0.1:61032
TpTrace Verbose: 0 : 17732, 4, 2024/03/02, 12:17:59.568, 1653973928268, vstest.console.dll, MulticastDelegateUtilities.SafeInvoke: InternalTestLoggerEvents.SendTestResult: Invoking callback 1/1 for Microsoft.VisualStudio.TestPlatform.CommandLine.Internal.ConsoleLogger., took 0 ms.
TpTrace Verbose: 0 : 17732, 13, 2024/03/02, 12:17:59.568, 1653973929330, vstest.console.dll, TestRequestSender.OnExecutionMessageReceived: Received message: {"Version":5,"MessageType":"TestSession.Message","Payload":{"MessageLevel":1,"Message":"Validation Error: The CatalogNumber field is required.\r\nValidation Error: The Name field is required.\r\nValidation Error: The Breed field is required.\r\nValidation Error: The Type field is required.\r\nValidation Error: The Gender field is required.\r\nValidation Error: The CatalogNumber field is required.\r\nValidation Error: The Name field is required.\r\nValidation Error: The Breed field is required.\r\nValidation Error: The Type field is required.\r\nValidation Error: The Gender field is required.\r\n"}}
TpTrace Verbose: 0 : 17732, 4, 2024/03/02, 12:17:59.568, 1653973929591, vstest.console.dll, MulticastDelegateUtilities.SafeInvoke: InternalTestLoggerEvents.SendTestResult: Invoking callback 1/1 for Microsoft.VisualStudio.TestPlatform.CommandLine.Internal.ConsoleLogger., took 0 ms.
TpTrace Verbose: 0 : 17732, 4, 2024/03/02, 12:17:59.568, 1653973932061, vstest.console.dll, MulticastDelegateUtilities.SafeInvoke: InternalTestLoggerEvents.SendTestResult: Invoking callback 1/1 for Microsoft.VisualStudio.TestPlatform.CommandLine.Internal.ConsoleLogger., took 0 ms.
TpTrace Verbose: 0 : 17732, 4, 2024/03/02, 12:17:59.568, 1653973933255, vstest.console.dll, MulticastDelegateUtilities.SafeInvoke: InternalTestLoggerEvents.SendTestResult: Invoking callback 1/1 for Microsoft.VisualStudio.TestPlatform.CommandLine.Internal.ConsoleLogger., took 0 ms.
TpTrace Verbose: 0 : 17732, 13, 2024/03/02, 12:17:59.568, 1653973933648, vstest.console.dll, TestRunRequest:SendTestRunMessage: Starting.
TpTrace Verbose: 0 : 17732, 4, 2024/03/02, 12:17:59.568, 1653973934547, vstest.console.dll, MulticastDelegateUtilities.SafeInvoke: InternalTestLoggerEvents.SendTestResult: Invoking callback 1/1 for Microsoft.VisualStudio.TestPlatform.CommandLine.Internal.ConsoleLogger., took 0 ms.
TpTrace Verbose: 0 : 17732, 13, 2024/03/02, 12:17:59.568, 1653973936287, vstest.console.dll, MulticastDelegateUtilities.SafeInvoke: TestRun.LogMessages: Invoking callback 1/1 for Microsoft.VisualStudio.TestPlatform.CommandLine.TestRunResultAggregator., took 0 ms.
TpTrace Verbose: 0 : 17732, 4, 2024/03/02, 12:17:59.569, 1653973937647, vstest.console.dll, MulticastDelegateUtilities.SafeInvoke: InternalTestLoggerEvents.SendTestResult: Invoking callback 1/1 for Microsoft.VisualStudio.TestPlatform.CommandLine.Internal.ConsoleLogger., took 0 ms.
TpTrace Information: 0 : 17732, 13, 2024/03/02, 12:17:59.569, 1653973938093, vstest.console.dll, TestRunRequest:SendTestRunMessage: Completed.
TpTrace Verbose: 0 : 17732, 4, 2024/03/02, 12:17:59.569, 1653973940454, vstest.console.dll, MulticastDelegateUtilities.SafeInvoke: InternalTestLoggerEvents.SendTestRunMessage: Invoking callback 1/1 for Microsoft.VisualStudio.TestPlatform.CommandLine.Internal.ConsoleLogger., took 0 ms.
TpTrace Verbose: 0 : 17732, 13, 2024/03/02, 12:17:59.569, 1653973940509, vstest.console.dll, MulticastDelegateUtilities.SafeInvoke: LengthPrefixCommunicationChannel: MessageReceived: Invoking callback 1/1 for Microsoft.VisualStudio.TestPlatform.CommunicationUtilities.TestRequestSender+<>c__DisplayClass34_0., took 1 ms.
TpTrace Verbose: 0 : 17732, 13, 2024/03/02, 12:17:59.569, 1653973942143, vstest.console.dll, TcpClientExtensions.MessageLoopAsync: Polling on remoteEndPoint: 127.0.0.1:61033 localEndPoint: 127.0.0.1:61032 after 1 ms
TpTrace Verbose: 0 : 17732, 13, 2024/03/02, 12:17:59.581, 1653974062714, vstest.console.dll, TcpClientExtensions.MessageLoopAsync: NotifyDataAvailable remoteEndPoint: 127.0.0.1:61033 localEndPoint: 127.0.0.1:61032
TpTrace Verbose: 0 : 17732, 13, 2024/03/02, 12:17:59.581, 1653974064416, vstest.console.dll, TestRequestSender.OnExecutionMessageReceived: Received message: {"Version":5,"MessageType":"TestSession.Message","Payload":{"MessageLevel":0,"Message":"NUnit Adapter 4.2.0.0: Test execution complete"}}
TpTrace Verbose: 0 : 17732, 13, 2024/03/02, 12:17:59.581, 1653974066193, vstest.console.dll, TestRunRequest:SendTestRunMessage: Starting.
TpTrace Verbose: 0 : 17732, 13, 2024/03/02, 12:17:59.582, 1653974067371, vstest.console.dll, MulticastDelegateUtilities.SafeInvoke: TestRun.LogMessages: Invoking callback 1/1 for Microsoft.VisualStudio.TestPlatform.CommandLine.TestRunResultAggregator., took 0 ms.
TpTrace Information: 0 : 17732, 13, 2024/03/02, 12:17:59.582, 1653974068175, vstest.console.dll, TestRunRequest:SendTestRunMessage: Completed.
TpTrace Verbose: 0 : 17732, 4, 2024/03/02, 12:17:59.582, 1653974067722, vstest.console.dll, MulticastDelegateUtilities.SafeInvoke: InternalTestLoggerEvents.SendTestRunMessage: Invoking callback 1/1 for Microsoft.VisualStudio.TestPlatform.CommandLine.Internal.ConsoleLogger., took 0 ms.
TpTrace Verbose: 0 : 17732, 13, 2024/03/02, 12:17:59.582, 1653974068923, vstest.console.dll, MulticastDelegateUtilities.SafeInvoke: LengthPrefixCommunicationChannel: MessageReceived: Invoking callback 1/1 for Microsoft.VisualStudio.TestPlatform.CommunicationUtilities.TestRequestSender+<>c__DisplayClass34_0., took 0 ms.
TpTrace Verbose: 0 : 17732, 13, 2024/03/02, 12:17:59.582, 1653974071034, vstest.console.dll, TcpClientExtensions.MessageLoopAsync: Polling on remoteEndPoint: 127.0.0.1:61033 localEndPoint: 127.0.0.1:61032 after 12 ms
TpTrace Verbose: 0 : 17732, 13, 2024/03/02, 12:17:59.612, 1653974367853, vstest.console.dll, TcpClientExtensions.MessageLoopAsync: NotifyDataAvailable remoteEndPoint: 127.0.0.1:61033 localEndPoint: 127.0.0.1:61032
TpTrace Verbose: 0 : 17732, 13, 2024/03/02, 12:17:59.612, 1653974370504, vstest.console.dll, TestRequestSender.OnExecutionMessageReceived: Received message: {"Version":5,"MessageType":"TestExecution.Completed","Payload":{"TestRunCompleteArgs":{"TestRunStatistics":{"ExecutedTests":20,"Stats":{"Passed":20}},"IsCanceled":false,"IsAborted":false,"Error":null,"AttachmentSets":[],"ElapsedTimeInRunningTests":"00:00:02.5565185","Metrics":{}},"LastRunTests":{"NewTestResults":[{"TestCase":{"Id":"771747a1-a63a-894b-67c5-7f29da72d7dd","FullyQualifiedName":"ZooConsoleAPI.IntegrationTests.NUnit.IntegrationTests.UpdateAsync_WithInvalidAnimal_ShouldThrowValidationException","DisplayName":"UpdateAsync_WithInvalidAnimal_ShouldThrowValidationException","ExecutorUri":"executor://NUnit3TestExecutor","Source":"C:\\Users\\Lenovo\\source\\repos\\Back-End Technologies Basics - 01.2024\\18. Exam\\03. Zoo_Skeleton\\ZooConsoleAPI\\ZooConsoleAPI.IntegrationTests.NUnit\\bin\\Debug\\fine-code-coverage-net6.0\\ZooConsoleAPI.IntegrationTests.NUnit.dll","CodeFilePath":null,"LineNumber":0,"Properties":[{"Key":{"Id":"NUnit.Seed","Label":"Seed","Category":"","Description":"","Attributes":0,"ValueType":"System.String"},"Value":"281521897"}]},"Attachments":[],"Outcome":1,"ErrorMessage":null,"ErrorStackTrace":null,"DisplayName":"UpdateAsync_WithInvalidAnimal_ShouldThrowValidationException","Messages":[{"Category":"StdOutMsgs","Text":"Validation Error: The CatalogNumber field is required.\r\nValidation Error: The Name field is required.\r\nValidation Error: The Breed field is required.\r\nValidation Error: The Type field is required.\r\nValidation Error: The Gender field is required.\r\nValidation Error: The CatalogNumber field is required.\r\nValidation Error: The Name field is required.\r\nValidation Error: The Breed field is required.\r\nValidation Error: The Type field is required.\r\nValidation Error: The Gender field is required.\r\n"}],"ComputerName":"DESKTOP-23QTAUK","Duration":"00:00:00.0039400","StartTime":"2024-03-02T10:17:59.5065706+00:00","EndTime":"2024-03-02T10:17:59.5105097+00:00","Properties":[{"Key":{"Id":"NUnit.Seed","Label":"Seed","Category":"","Description":"","Attributes":0,"ValueType":"System.String"},"Value":"281521897"}]},{"TestCase":{"Id":"dc687cec-b359-6080-b5ec-437ddcd405da","FullyQualifiedName":"ZooConsoleAPI.IntegrationTests.NUnit.IntegrationTests.UpdateAsync_WithValidAnimal_ShouldUpdateAnimal","DisplayName":"UpdateAsync_WithValidAnimal_ShouldUpdateAnimal","ExecutorUri":"executor://NUnit3TestExecutor","Source":"C:\\Users\\Lenovo\\source\\repos\\Back-End Technologies Basics - 01.2024\\18. Exam\\03. Zoo_Skeleton\\ZooConsoleAPI\\ZooConsoleAPI.IntegrationTests.NUnit\\bin\\Debug\\fine-code-coverage-net6.0\\ZooConsoleAPI.IntegrationTests.NUnit.dll","CodeFilePath":null,"LineNumber":0,"Properties":[{"Key":{"Id":"NUnit.Seed","Label":"Seed","Category":"","Description":"","Attributes":0,"ValueType":"System.String"},"Value":"1121578059"}]},"Attachments":[],"Outcome":1,"ErrorMessage":null,"ErrorStackTrace":null,"DisplayName":"UpdateAsync_WithValidAnimal_ShouldUpdateAnimal","Messages":[],"ComputerName":"DESKTOP-23QTAUK","Duration":"00:00:00.0133090","StartTime":"2024-03-02T10:17:59.5105375+00:00","EndTime":"2024-03-02T10:17:59.5238462+00:00","Properties":[{"Key":{"Id":"NUnit.Seed","Label":"Seed","Category":"","Description":"","Attributes":0,"ValueType":"System.String"},"Value":"1121578059"}]}],"TestRunStatistics":{"ExecutedTests":20,"Stats":{"Passed":20}},"ActiveTests":[]},"RunAttachments":[],"ExecutorUris":["executor://nunit3testexecutor/"]}}
TpTrace Verbose: 0 : 17732, 13, 2024/03/02, 12:17:59.612, 1653974373090, vstest.console.dll, TestRequestSender.EndSession: Sending end session.
TpTrace Verbose: 0 : 17732, 13, 2024/03/02, 12:17:59.612, 1653974375980, vstest.console.dll, ProxyOperationManager.Close: waiting for test host to exit for 100 ms
TpTrace Verbose: 0 : 17732, 7, 2024/03/02, 12:17:59.649, 1653974739485, vstest.console.dll, TestHostManagerCallbacks.ctor: Experimental forwarding output is disabled.
TpTrace Warning: 0 : 17732, 7, 2024/03/02, 12:17:59.649, 1653974741251, vstest.console.dll, TestHostManagerCallbacks.ErrorReceivedCallback Test host standard error line: 
TpTrace Verbose: 0 : 17732, 7, 2024/03/02, 12:17:59.666, 1653974910563, vstest.console.dll, TestHostProvider.ExitCallBack: Host exited starting callback.
TpTrace Information: 0 : 17732, 7, 2024/03/02, 12:17:59.666, 1653974912949, vstest.console.dll, TestHostManagerCallbacks.ExitCallBack: Testhost processId: 20032 exited with exitcode: 0 error: ''
TpTrace Verbose: 0 : 17732, 7, 2024/03/02, 12:17:59.666, 1653974913867, vstest.console.dll, DotnetTestHostManager.OnHostExited: invoking OnHostExited callback
TpTrace Verbose: 0 : 17732, 7, 2024/03/02, 12:17:59.666, 1653974914960, vstest.console.dll, CrossPlatEngine.TestHostManagerHostExited: calling on client process exit callback.
TpTrace Information: 0 : 17732, 7, 2024/03/02, 12:17:59.666, 1653974916040, vstest.console.dll, TestRequestSender.OnClientProcessExit: Test host process exited. Standard error: 
TpTrace Information: 0 : 17732, 7, 2024/03/02, 12:17:59.667, 1653974916964, vstest.console.dll, SocketServer.Stop: Stop server endPoint: 127.0.0.1:61032
TpTrace Information: 0 : 17732, 7, 2024/03/02, 12:17:59.667, 1653974917786, vstest.console.dll, SocketServer.Stop: Cancellation requested. Stopping message loop.
TpTrace Information: 0 : 17732, 13, 2024/03/02, 12:17:59.667, 1653974917006, vstest.console.dll, SocketServer.Stop: Stop server endPoint: 127.0.0.1:61032
TpTrace Information: 0 : 17732, 13, 2024/03/02, 12:17:59.667, 1653974919571, vstest.console.dll, SocketServer.Stop: Cancellation requested. Stopping message loop.
TpTrace Verbose: 0 : 17732, 7, 2024/03/02, 12:17:59.667, 1653974919857, vstest.console.dll, MulticastDelegateUtilities.SafeInvoke: HostProviderEvents.OnHostExited: Invoking callback 1/1 for Microsoft.VisualStudio.TestPlatform.CrossPlatEngine.Client.ProxyOperationManager., took 0 ms.
TpTrace Information: 0 : 17732, 13, 2024/03/02, 12:17:59.667, 1653974920536, vstest.console.dll, Closing the connection
TpTrace Verbose: 0 : 17732, 13, 2024/03/02, 12:17:59.667, 1653974924689, vstest.console.dll, ProxyDataCollectionManager.InvokeDataCollectionServiceAction: Starting.
TpTrace Information: 0 : 17732, 13, 2024/03/02, 12:17:59.667, 1653974925712, vstest.console.dll, ProxyDataCollectionManager.AfterTestRunEnd: Get attachment set and invoked data collectors processId: 2132 port: 61027
TpTrace Verbose: 0 : 17732, 13, 2024/03/02, 12:17:59.668, 1653974926676, vstest.console.dll, DataCollectionRequestSender.SendAfterTestRunStartAndGetResult: Send AfterTestRunEnd message with isCancelled: False
TpTrace Verbose: 0 : 17732, 13, 2024/03/02, 12:17:59.679, 1653975042446, vstest.console.dll, DataCollectionRequestSender.SendAfterTestRunStartAndGetResult: Received message: (DataCollection.AfterTestRunEndResult) -> {"MessageType":"DataCollection.AfterTestRunEndResult","Payload":{"AttachmentSets":[],"InvokedDataCollectors":[{"Uri":"datacollector://Microsoft/TestPlatform/Extensions/Blame/v1","FriendlyName":"Blame","AssemblyQualifiedName":"Microsoft.TestPlatform.Extensions.BlameDataCollector.BlameCollector, Microsoft.TestPlatform.Extensions.BlameDataCollector, Version=15.0.0.0, Culture=neutral, PublicKeyToken=b03f5f7f11d50a3a","FilePath":"C:\\Program Files\\dotnet\\sdk\\8.0.200\\Extensions\\Microsoft.TestPlatform.Extensions.BlameDataCollector.dll","HasAttachmentProcessor":false}],"Metrics":{}}}
TpTrace Information: 0 : 17732, 13, 2024/03/02, 12:17:59.687, 1653975119931, vstest.console.dll, ProxyDataCollectionManager.InvokeDataCollectionServiceAction: Completed.
TpTrace Warning: 0 : 17732, 10, 2024/03/02, 12:17:59.687, 1653975124317, vstest.console.dll, DataCollectionLauncher.ErrorReceivedCallback datacollector standard error line: 
TpTrace Information: 0 : 17732, 10, 2024/03/02, 12:17:59.719, 1653975444235, vstest.console.dll, DataCollectionLauncher.ExitCallBack: Data collector exited with exitcode: 0 error: ''
TpTrace Verbose: 0 : 17732, 13, 2024/03/02, 12:17:59.742, 1653975670397, vstest.console.dll, TestRunRequest:SendTestRunStatsChange: Starting.
TpTrace Verbose: 0 : 17732, 13, 2024/03/02, 12:17:59.742, 1653975671852, vstest.console.dll, MulticastDelegateUtilities.SafeInvoke: TestRun.RunStatsChanged: Invoking callbacks was skipped because there are no subscribers.
TpTrace Information: 0 : 17732, 13, 2024/03/02, 12:17:59.742, 1653975672599, vstest.console.dll, TestRunRequest:SendTestRunStatsChange: Completed.
TpTrace Verbose: 0 : 17732, 4, 2024/03/02, 12:17:59.742, 1653975672865, vstest.console.dll, MulticastDelegateUtilities.SafeInvoke: InternalTestLoggerEvents.SendTestResult: Invoking callback 1/1 for Microsoft.VisualStudio.TestPlatform.CommandLine.Internal.ConsoleLogger., took 0 ms.
TpTrace Verbose: 0 : 17732, 4, 2024/03/02, 12:17:59.742, 1653975675010, vstest.console.dll, MulticastDelegateUtilities.SafeInvoke: InternalTestLoggerEvents.SendTestResult: Invoking callback 1/1 for Microsoft.VisualStudio.TestPlatform.CommandLine.Internal.ConsoleLogger., took 0 ms.
TpTrace Verbose: 0 : 17732, 13, 2024/03/02, 12:17:59.743, 1653975678576, vstest.console.dll, ParallelProxyExecutionManager: HandlePartialRunComplete: Total workloads = 1, Total started clients = 1 Total completed clients = 1, Run complete = True, Run canceled: False.
TpTrace Verbose: 0 : 17732, 13, 2024/03/02, 12:17:59.743, 1653975679579, vstest.console.dll, ParallelProxyExecutionManager: HandlePartialRunComplete: All runs completed stopping all managers.
TpTrace Verbose: 0 : 17732, 13, 2024/03/02, 12:17:59.743, 1653975680376, vstest.console.dll, ParallelOperationManager.StopAllManagers: Stopping all managers.
TpTrace Verbose: 0 : 17732, 13, 2024/03/02, 12:17:59.743, 1653975681093, vstest.console.dll, ParallelOperationManager.ClearSlots: Clearing all slots. Slots should accept more work: False
TpTrace Verbose: 0 : 17732, 13, 2024/03/02, 12:17:59.743, 1653975682023, vstest.console.dll, ParallelOperationManager.SetOccupiedSlotCount: Setting slot counts AvailableSlotCount = 3, OccupiedSlotCount = 0.
TpTrace Verbose: 0 : 17732, 13, 2024/03/02, 12:17:59.743, 1653975683066, vstest.console.dll, Occupied slots:

TpTrace Verbose: 0 : 17732, 4, 2024/03/02, 12:17:59.771, 1653975962091, vstest.console.dll, MulticastDelegateUtilities.SafeInvoke: InternalTestLoggerEvents.SendTestRunComplete: Invoking callback 1/2 for Microsoft.TestPlatform.Extensions.BlameDataCollector.BlameLogger., took 0 ms.
TpTrace Verbose: 0 : 17732, 4, 2024/03/02, 12:17:59.781, 1653976062980, vstest.console.dll, MulticastDelegateUtilities.SafeInvoke: InternalTestLoggerEvents.SendTestRunComplete: Invoking callback 2/2 for Microsoft.VisualStudio.TestPlatform.CommandLine.Internal.ConsoleLogger., took 9 ms.
TpTrace Verbose: 0 : 17732, 13, 2024/03/02, 12:17:59.782, 1653976067051, vstest.console.dll, TestRunRequest:TestRunComplete: Starting. IsAborted:False IsCanceled:False.
TpTrace Verbose: 0 : 17732, 13, 2024/03/02, 12:17:59.782, 1653976069850, vstest.console.dll, ParallelOperationManager.DoActionOnAllManagers: Calling an action on all managers.
TpTrace Verbose: 0 : 17732, 13, 2024/03/02, 12:17:59.784, 1653976086442, vstest.console.dll, TestLoggerManager.HandleTestRunComplete: Ignoring as the object is disposed.
TpTrace Verbose: 0 : 17732, 13, 2024/03/02, 12:17:59.784, 1653976089778, vstest.console.dll, MulticastDelegateUtilities.SafeInvoke: TestRun.TestRunComplete: Invoking callback 1/2 for Microsoft.VisualStudio.TestPlatform.CommandLine.TestRunResultAggregator., took 0 ms.
TpTrace Verbose: 0 : 17732, 13, 2024/03/02, 12:17:59.784, 1653976091857, vstest.console.dll, MulticastDelegateUtilities.SafeInvoke: TestRun.TestRunComplete: Invoking callback 2/2 for Microsoft.VisualStudio.TestPlatform.CommandLine.Processors.RunTestsArgumentExecutor+TestRunRequestEventsRegistrar., took 0 ms.
TpTrace Information: 0 : 17732, 13, 2024/03/02, 12:17:59.784, 1653976093638, vstest.console.dll, TestRunRequest:TestRunComplete: Completed.
TpTrace Verbose: 0 : 17732, 1, 2024/03/02, 12:17:59.784, 1653976094513, vstest.console.dll, TestRunRequest.Dispose: Starting.
TpTrace Verbose: 0 : 17732, 13, 2024/03/02, 12:17:59.784, 1653976094682, vstest.console.dll, TestRequestSender.SetOperationComplete: Setting operation complete.
TpTrace Information: 0 : 17732, 1, 2024/03/02, 12:17:59.784, 1653976096085, vstest.console.dll, TestRunRequest.Dispose: Completed.
TpTrace Information: 0 : 17732, 13, 2024/03/02, 12:17:59.785, 1653976097136, vstest.console.dll, SocketServer.Stop: Stop server endPoint: 127.0.0.1:61032
TpTrace Information: 0 : 17732, 1, 2024/03/02, 12:17:59.785, 1653976098270, vstest.console.dll, TestRequestManager.RunTests: run tests completed.
TpTrace Information: 0 : 17732, 13, 2024/03/02, 12:17:59.785, 1653976098995, vstest.console.dll, SocketServer.Stop: Cancellation requested. Stopping message loop.
TpTrace Information: 0 : 17732, 1, 2024/03/02, 12:17:59.785, 1653976100879, vstest.console.dll, RunTestsArgumentProcessor:Execute: Test run is completed.
TpTrace Verbose: 0 : 17732, 13, 2024/03/02, 12:17:59.785, 1653976101139, vstest.console.dll, MulticastDelegateUtilities.SafeInvoke: LengthPrefixCommunicationChannel: MessageReceived: Invoking callback 1/1 for Microsoft.VisualStudio.TestPlatform.CommunicationUtilities.TestRequestSender+<>c__DisplayClass34_0., took 173 ms.
TpTrace Information: 0 : 17732, 13, 2024/03/02, 12:17:59.785, 1653976103019, vstest.console.dll, SocketServer.PrivateStop: Stopping server endPoint: 127.0.0.1:61032 error: 
TpTrace Verbose: 0 : 17732, 1, 2024/03/02, 12:17:59.785, 1653976104772, vstest.console.dll, Executor.Execute: Exiting with exit code of 0
TpTrace Verbose: 0 : 17732, 13, 2024/03/02, 12:17:59.786, 1653976109584, vstest.console.dll, LengthPrefixCommunicationChannel.Dispose: Dispose reader and writer.
TpTrace Information: 0 : 17732, 13, 2024/03/02, 12:17:59.786, 1653976110991, vstest.console.dll, SocketServer.Stop: Raise disconnected event endPoint: 127.0.0.1:61032 error: 
