TpTrace Verbose: 0 : 12660, 1, 2024/02/19, 13:31:59.315, 4170160091346, vstest.console.dll, Version: 17.9.0-release-23627-01 Current process architecture: X64
TpTrace Verbose: 0 : 12660, 1, 2024/02/19, 13:31:59.321, 4170160152714, vstest.console.dll, Runtime location: C:\Program Files\dotnet\shared\Microsoft.NETCore.App\8.0.2
TpTrace Verbose: 0 : 12660, 1, 2024/02/19, 13:31:59.326, 4170160201449, vstest.console.dll, ArtifactProcessingPostProcessModeProcessorExecutor.Initialize: ArtifactProcessingMode.Collect
TpTrace Verbose: 0 : 12660, 1, 2024/02/19, 13:31:59.327, 4170160203917, vstest.console.dll, TestSessionCorrelationIdProcessorModeProcessorExecutor.Initialize: TestSessionCorrelationId '21388_ed1e3a35-5d90-4dfd-9cd1-915916bd07bf'
TpTrace Information: 0 : 12660, 1, 2024/02/19, 13:31:59.340, 4170160342795, vstest.console.dll, FilePatternParser: The given file C:\Users\Lenovo\source\repos\Back-End Technologies Basics - 01.2024\14. Code Coverage\LibraryManagementTest\bin\Debug\net6.0\fine-code-coverage\build-output\LibraryManagementTest.dll is a full path.
TpTrace Verbose: 0 : 12660, 1, 2024/02/19, 13:31:59.351, 4170160445739, vstest.console.dll, TestPluginCache.DiscoverTestExtensions: finding test extensions in assemblies ends with: RuntimeProvider.dll TPluginInfo: Microsoft.VisualStudio.TestPlatform.Common.ExtensionFramework.Utilities.TestRuntimePluginInformation TExtension: Microsoft.VisualStudio.TestPlatform.ObjectModel.Host.ITestRuntimeProvider
TpTrace Verbose: 0 : 12660, 1, 2024/02/19, 13:31:59.351, 4170160451904, vstest.console.dll, TestPluginCache.GetExtensionPaths: Filtered extension paths: 
TpTrace Verbose: 0 : 12660, 1, 2024/02/19, 13:31:59.352, 4170160453856, vstest.console.dll, TestPluginCache.GetExtensionPaths: Added default extension paths: C:\Program Files\dotnet\sdk\8.0.200\Extensions\Microsoft.Diagnostics.NETCore.Client.dll
C:\Program Files\dotnet\sdk\8.0.200\Extensions\Microsoft.TestPlatform.Extensions.BlameDataCollector.dll
C:\Program Files\dotnet\sdk\8.0.200\Extensions\Microsoft.TestPlatform.Extensions.EventLogCollector.dll
C:\Program Files\dotnet\sdk\8.0.200\Extensions\Microsoft.TestPlatform.TestHostRuntimeProvider.dll
C:\Program Files\dotnet\sdk\8.0.200\Extensions\Microsoft.VisualStudio.TestPlatform.Extensions.Html.TestLogger.dll
C:\Program Files\dotnet\sdk\8.0.200\Extensions\Microsoft.VisualStudio.TestPlatform.Extensions.Trx.TestLogger.dll
TpTrace Verbose: 0 : 12660, 1, 2024/02/19, 13:31:59.352, 4170160454811, vstest.console.dll, TestPluginCache.GetExtensionPaths: Added unfilterableExtensionPaths: 
TpTrace Information: 0 : 12660, 1, 2024/02/19, 13:31:59.353, 4170160467627, vstest.console.dll, AssemblyResolver.ctor: Creating AssemblyResolver with searchDirectories C:\Program Files\dotnet\sdk\8.0.200\Extensions,C:\Program Files\dotnet\sdk\8.0.200
TpTrace Verbose: 0 : 12660, 1, 2024/02/19, 13:31:59.355, 4170160492660, vstest.console.dll, TestPluginCache.DiscoverTestExtensions: Discovering the extensions using extension path.
TpTrace Verbose: 0 : 12660, 1, 2024/02/19, 13:31:59.356, 4170160495122, vstest.console.dll, TestPluginCache.GetExtensionPaths: Filtered extension paths: 
TpTrace Verbose: 0 : 12660, 1, 2024/02/19, 13:31:59.356, 4170160496320, vstest.console.dll, TestPluginCache.GetExtensionPaths: Added default extension paths: C:\Program Files\dotnet\sdk\8.0.200\Extensions\Microsoft.Diagnostics.NETCore.Client.dll
C:\Program Files\dotnet\sdk\8.0.200\Extensions\Microsoft.TestPlatform.Extensions.BlameDataCollector.dll
C:\Program Files\dotnet\sdk\8.0.200\Extensions\Microsoft.TestPlatform.Extensions.EventLogCollector.dll
C:\Program Files\dotnet\sdk\8.0.200\Extensions\Microsoft.TestPlatform.TestHostRuntimeProvider.dll
C:\Program Files\dotnet\sdk\8.0.200\Extensions\Microsoft.VisualStudio.TestPlatform.Extensions.Html.TestLogger.dll
C:\Program Files\dotnet\sdk\8.0.200\Extensions\Microsoft.VisualStudio.TestPlatform.Extensions.Trx.TestLogger.dll
TpTrace Verbose: 0 : 12660, 1, 2024/02/19, 13:31:59.356, 4170160497170, vstest.console.dll, TestPluginCache.GetExtensionPaths: Added unfilterableExtensionPaths: 
TpTrace Verbose: 0 : 12660, 1, 2024/02/19, 13:31:59.356, 4170160499808, vstest.console.dll, TestPluginCache.DiscoverTestExtensions: Discovering the extensions using allExtensionPaths: C:\Program Files\dotnet\sdk\8.0.200\Extensions\Microsoft.Diagnostics.NETCore.Client.dll
C:\Program Files\dotnet\sdk\8.0.200\Extensions\Microsoft.TestPlatform.Extensions.BlameDataCollector.dll
C:\Program Files\dotnet\sdk\8.0.200\Extensions\Microsoft.TestPlatform.Extensions.EventLogCollector.dll
C:\Program Files\dotnet\sdk\8.0.200\Extensions\Microsoft.TestPlatform.TestHostRuntimeProvider.dll
C:\Program Files\dotnet\sdk\8.0.200\Extensions\Microsoft.VisualStudio.TestPlatform.Extensions.Html.TestLogger.dll
C:\Program Files\dotnet\sdk\8.0.200\Extensions\Microsoft.VisualStudio.TestPlatform.Extensions.Trx.TestLogger.dll
TpTrace Information: 0 : 12660, 1, 2024/02/19, 13:31:59.356, 4170160502190, vstest.console.dll, AssemblyResolver.AddSearchDirectories: Adding more searchDirectories C:\Program Files\dotnet\sdk\8.0.200\Extensions,C:\Program Files\dotnet\sdk\8.0.200
TpTrace Information: 0 : 12660, 1, 2024/02/19, 13:31:59.357, 4170160503523, vstest.console.dll, AssemblyResolver.AddSearchDirectories: Adding more searchDirectories C:\Program Files\dotnet\sdk\8.0.200\Extensions,C:\Program Files\dotnet\sdk\8.0.200
TpTrace Information: 0 : 12660, 1, 2024/02/19, 13:31:59.357, 4170160504574, vstest.console.dll, AssemblyResolver.AddSearchDirectories: Adding more searchDirectories C:\Program Files\dotnet\sdk\8.0.200\Extensions,C:\Program Files\dotnet\sdk\8.0.200
TpTrace Information: 0 : 12660, 1, 2024/02/19, 13:31:59.357, 4170160505427, vstest.console.dll, AssemblyResolver.AddSearchDirectories: Adding more searchDirectories C:\Program Files\dotnet\sdk\8.0.200\Extensions,C:\Program Files\dotnet\sdk\8.0.200
TpTrace Information: 0 : 12660, 1, 2024/02/19, 13:31:59.357, 4170160506234, vstest.console.dll, AssemblyResolver.AddSearchDirectories: Adding more searchDirectories C:\Program Files\dotnet\sdk\8.0.200\Extensions,C:\Program Files\dotnet\sdk\8.0.200
TpTrace Information: 0 : 12660, 1, 2024/02/19, 13:31:59.357, 4170160507091, vstest.console.dll, AssemblyResolver.AddSearchDirectories: Adding more searchDirectories C:\Program Files\dotnet\sdk\8.0.200\Extensions,C:\Program Files\dotnet\sdk\8.0.200
TpTrace Information: 0 : 12660, 1, 2024/02/19, 13:31:59.358, 4170160517920, vstest.console.dll, AssemblyResolver.OnResolve: Microsoft.Diagnostics.NETCore.Client: Resolving assembly.
TpTrace Information: 0 : 12660, 1, 2024/02/19, 13:31:59.358, 4170160519649, vstest.console.dll, AssemblyResolver.OnResolve: Microsoft.Diagnostics.NETCore.Client: Searching in: 'C:\Program Files\dotnet\sdk\8.0.200\Extensions'.
TpTrace Information: 0 : 12660, 1, 2024/02/19, 13:31:59.373, 4170160664237, vstest.console.dll, AssemblyResolver.OnResolve: Microsoft.Diagnostics.NETCore.Client: Loading assembly 'C:\Program Files\dotnet\sdk\8.0.200\Extensions\Microsoft.Diagnostics.NETCore.Client.dll'.
TpTrace Information: 0 : 12660, 1, 2024/02/19, 13:31:59.374, 4170160679753, vstest.console.dll, AssemblyResolver.OnResolve: Resolved assembly: Microsoft.Diagnostics.NETCore.Client, from path: C:\Program Files\dotnet\sdk\8.0.200\Extensions\Microsoft.Diagnostics.NETCore.Client.dll
TpTrace Verbose: 0 : 12660, 1, 2024/02/19, 13:31:59.384, 4170160774496, vstest.console.dll, MetadataReaderExtensionsHelper: Discovering extensions inside assembly 'Microsoft.Diagnostics.NETCore.Client, Version=0.2.9.2401, Culture=neutral, PublicKeyToken=31bf3856ad364e35' file path 'C:\Program Files\dotnet\sdk\8.0.200\Extensions\Microsoft.Diagnostics.NETCore.Client.dll'
TpTrace Information: 0 : 12660, 1, 2024/02/19, 13:31:59.392, 4170160862341, vstest.console.dll, AssemblyResolver.OnResolve: Microsoft.Bcl.AsyncInterfaces: Resolving assembly.
TpTrace Information: 0 : 12660, 1, 2024/02/19, 13:31:59.393, 4170160863805, vstest.console.dll, AssemblyResolver.OnResolve: Microsoft.Bcl.AsyncInterfaces: Searching in: 'C:\Program Files\dotnet\sdk\8.0.200\Extensions'.
TpTrace Information: 0 : 12660, 1, 2024/02/19, 13:31:59.393, 4170160866458, vstest.console.dll, AssemblyResolver.OnResolve: Microsoft.Bcl.AsyncInterfaces: Assembly path does not exist: 'C:\Program Files\dotnet\sdk\8.0.200\Extensions\Microsoft.Bcl.AsyncInterfaces.dll', returning.
TpTrace Information: 0 : 12660, 1, 2024/02/19, 13:31:59.393, 4170160870093, vstest.console.dll, AssemblyResolver.OnResolve: Microsoft.Bcl.AsyncInterfaces: Assembly path does not exist: 'C:\Program Files\dotnet\sdk\8.0.200\Extensions\Microsoft.Bcl.AsyncInterfaces.exe', returning.
TpTrace Information: 0 : 12660, 1, 2024/02/19, 13:31:59.393, 4170160871327, vstest.console.dll, AssemblyResolver.OnResolve: Microsoft.Bcl.AsyncInterfaces: Searching in: 'C:\Program Files\dotnet\sdk\8.0.200'.
TpTrace Information: 0 : 12660, 1, 2024/02/19, 13:31:59.394, 4170160873743, vstest.console.dll, AssemblyResolver.OnResolve: Microsoft.Bcl.AsyncInterfaces: Assembly path does not exist: 'C:\Program Files\dotnet\sdk\8.0.200\Microsoft.Bcl.AsyncInterfaces.dll', returning.
TpTrace Information: 0 : 12660, 1, 2024/02/19, 13:31:59.394, 4170160876211, vstest.console.dll, AssemblyResolver.OnResolve: Microsoft.Bcl.AsyncInterfaces: Assembly path does not exist: 'C:\Program Files\dotnet\sdk\8.0.200\Microsoft.Bcl.AsyncInterfaces.exe', returning.
TpTrace Information: 0 : 12660, 1, 2024/02/19, 13:31:59.394, 4170160877115, vstest.console.dll, AssemblyResolver.OnResolve: Microsoft.Bcl.AsyncInterfaces: Failed to load assembly.
TpTrace Verbose: 0 : 12660, 1, 2024/02/19, 13:31:59.394, 4170160878047, vstest.console.dll, CurrentDomainAssemblyResolve: Resolving assembly 'Microsoft.Bcl.AsyncInterfaces'.
TpTrace Information: 0 : 12660, 1, 2024/02/19, 13:31:59.394, 4170160879418, vstest.console.dll, AssemblyResolver.OnResolve: Microsoft.Bcl.AsyncInterfaces: Resolving assembly.
TpTrace Information: 0 : 12660, 1, 2024/02/19, 13:31:59.394, 4170160880538, vstest.console.dll, AssemblyResolver.OnResolve: Microsoft.Bcl.AsyncInterfaces: Resolved from cache.
TpTrace Verbose: 0 : 12660, 1, 2024/02/19, 13:31:59.394, 4170160881295, vstest.console.dll, CurrentDomainAssemblyResolve: Resolving assembly 'Microsoft.Bcl.AsyncInterfaces'.
TpTrace Verbose: 0 : 12660, 1, 2024/02/19, 13:31:59.394, 4170160882346, vstest.console.dll, CurrentDomainAssemblyResolve: Failed to resolve assembly 'Microsoft.Bcl.AsyncInterfaces'.
TpTrace Verbose: 0 : 12660, 1, 2024/02/19, 13:31:59.397, 4170160911418, vstest.console.dll, CurrentDomainAssemblyResolve: Failed to resolve assembly 'Microsoft.Bcl.AsyncInterfaces'.
TpTrace Warning: 0 : 12660, 1, 2024/02/19, 13:31:59.420, 4170161143133, vstest.console.dll, TestPluginDiscoverer: Failed to get types from assembly 'Microsoft.Diagnostics.NETCore.Client, Version=0.2.9.2401, Culture=neutral, PublicKeyToken=31bf3856ad364e35'. Error: System.Reflection.ReflectionTypeLoadException: Unable to load one or more of the requested types.
Could not load file or assembly 'Microsoft.Bcl.AsyncInterfaces, Version=6.0.0.0, Culture=neutral, PublicKeyToken=cc7b13ffcd2ddd51'. The system cannot find the file specified.
   at System.Reflection.RuntimeModule.GetTypes(RuntimeModule module)
   at System.Reflection.RuntimeModule.GetTypes()
   at Microsoft.VisualStudio.TestPlatform.Common.ExtensionFramework.TestPluginDiscoverer.GetTestExtensionsFromAssembly[TPluginInfo,TExtension](Assembly assembly, Dictionary`2 pluginInfos, String filePath) in /_/src/Microsoft.TestPlatform.Common/ExtensionFramework/TestPluginDiscoverer.cs:line 158
System.IO.FileNotFoundException: Could not load file or assembly 'Microsoft.Bcl.AsyncInterfaces, Version=6.0.0.0, Culture=neutral, PublicKeyToken=cc7b13ffcd2ddd51'. The system cannot find the file specified.
File name: 'Microsoft.Bcl.AsyncInterfaces, Version=6.0.0.0, Culture=neutral, PublicKeyToken=cc7b13ffcd2ddd51'
 ---> System.IO.FileNotFoundException: Could not load file or assembly 'Microsoft.Bcl.AsyncInterfaces, Culture=neutral, PublicKeyToken=null'. The system cannot find the file specified.
File name: 'Microsoft.Bcl.AsyncInterfaces, Culture=neutral, PublicKeyToken=null'
   at System.Reflection.RuntimeAssembly.InternalLoad(AssemblyName assemblyName, StackCrawlMark& stackMark, AssemblyLoadContext assemblyLoadContext, RuntimeAssembly requestingAssembly, Boolean throwOnFileNotFound)
   at System.Reflection.Assembly.Load(AssemblyName assemblyRef)
   at Microsoft.VisualStudio.TestPlatform.Common.ExtensionFramework.TestPluginCache.CurrentDomainAssemblyResolve(Object sender, AssemblyResolveEventArgs args) in /_/src/Microsoft.TestPlatform.Common/ExtensionFramework/TestPluginCache.cs:line 513
   at System.Runtime.Loader.AssemblyLoadContext.GetFirstResolvedAssemblyFromResolvingEvent(AssemblyName assemblyName)
   at System.Runtime.Loader.AssemblyLoadContext.ResolveUsingEvent(AssemblyName assemblyName)
   at System.Runtime.Loader.AssemblyLoadContext.ResolveUsingResolvingEvent(IntPtr gchManagedAssemblyLoadContext, AssemblyName assemblyName)
TpTrace Warning: 0 : 12660, 1, 2024/02/19, 13:31:59.421, 4170161150859, vstest.console.dll, LoaderExceptions: System.IO.FileNotFoundException: Could not load file or assembly 'Microsoft.Bcl.AsyncInterfaces, Version=6.0.0.0, Culture=neutral, PublicKeyToken=cc7b13ffcd2ddd51'. The system cannot find the file specified.
File name: 'Microsoft.Bcl.AsyncInterfaces, Version=6.0.0.0, Culture=neutral, PublicKeyToken=cc7b13ffcd2ddd51'
 ---> System.IO.FileNotFoundException: Could not load file or assembly 'Microsoft.Bcl.AsyncInterfaces, Culture=neutral, PublicKeyToken=null'. The system cannot find the file specified.
File name: 'Microsoft.Bcl.AsyncInterfaces, Culture=neutral, PublicKeyToken=null'
   at System.Reflection.RuntimeAssembly.InternalLoad(AssemblyName assemblyName, StackCrawlMark& stackMark, AssemblyLoadContext assemblyLoadContext, RuntimeAssembly requestingAssembly, Boolean throwOnFileNotFound)
   at System.Reflection.Assembly.Load(AssemblyName assemblyRef)
   at Microsoft.VisualStudio.TestPlatform.Common.ExtensionFramework.TestPluginCache.CurrentDomainAssemblyResolve(Object sender, AssemblyResolveEventArgs args) in /_/src/Microsoft.TestPlatform.Common/ExtensionFramework/TestPluginCache.cs:line 513
   at System.Runtime.Loader.AssemblyLoadContext.GetFirstResolvedAssemblyFromResolvingEvent(AssemblyName assemblyName)
   at System.Runtime.Loader.AssemblyLoadContext.ResolveUsingEvent(AssemblyName assemblyName)
   at System.Runtime.Loader.AssemblyLoadContext.ResolveUsingResolvingEvent(IntPtr gchManagedAssemblyLoadContext, AssemblyName assemblyName)
TpTrace Information: 0 : 12660, 1, 2024/02/19, 13:31:59.422, 4170161154068, vstest.console.dll, AssemblyResolver.OnResolve: Microsoft.TestPlatform.Extensions.BlameDataCollector: Resolving assembly.
TpTrace Information: 0 : 12660, 1, 2024/02/19, 13:31:59.422, 4170161156345, vstest.console.dll, AssemblyResolver.OnResolve: Microsoft.TestPlatform.Extensions.BlameDataCollector: Searching in: 'C:\Program Files\dotnet\sdk\8.0.200\Extensions'.
TpTrace Information: 0 : 12660, 1, 2024/02/19, 13:31:59.423, 4170161172210, vstest.console.dll, AssemblyResolver.OnResolve: Microsoft.TestPlatform.Extensions.BlameDataCollector: Loading assembly 'C:\Program Files\dotnet\sdk\8.0.200\Extensions\Microsoft.TestPlatform.Extensions.BlameDataCollector.dll'.
TpTrace Information: 0 : 12660, 1, 2024/02/19, 13:31:59.425, 4170161188368, vstest.console.dll, AssemblyResolver.OnResolve: Resolved assembly: Microsoft.TestPlatform.Extensions.BlameDataCollector, from path: C:\Program Files\dotnet\sdk\8.0.200\Extensions\Microsoft.TestPlatform.Extensions.BlameDataCollector.dll
TpTrace Verbose: 0 : 12660, 1, 2024/02/19, 13:31:59.425, 4170161191185, vstest.console.dll, MetadataReaderExtensionsHelper: Discovering extensions inside assembly 'Microsoft.TestPlatform.Extensions.BlameDataCollector, Version=15.0.0.0, Culture=neutral, PublicKeyToken=b03f5f7f11d50a3a' file path 'C:\Program Files\dotnet\sdk\8.0.200\Extensions\Microsoft.TestPlatform.Extensions.BlameDataCollector.dll'
TpTrace Information: 0 : 12660, 1, 2024/02/19, 13:31:59.429, 4170161227187, vstest.console.dll, AssemblyResolver.OnResolve: Microsoft.TestPlatform.Extensions.EventLogCollector: Resolving assembly.
TpTrace Information: 0 : 12660, 1, 2024/02/19, 13:31:59.429, 4170161228630, vstest.console.dll, AssemblyResolver.OnResolve: Microsoft.TestPlatform.Extensions.EventLogCollector: Searching in: 'C:\Program Files\dotnet\sdk\8.0.200\Extensions'.
TpTrace Information: 0 : 12660, 1, 2024/02/19, 13:31:59.431, 4170161251879, vstest.console.dll, AssemblyResolver.OnResolve: Microsoft.TestPlatform.Extensions.EventLogCollector: Loading assembly 'C:\Program Files\dotnet\sdk\8.0.200\Extensions\Microsoft.TestPlatform.Extensions.EventLogCollector.dll'.
TpTrace Information: 0 : 12660, 1, 2024/02/19, 13:31:59.433, 4170161263597, vstest.console.dll, AssemblyResolver.OnResolve: Resolved assembly: Microsoft.TestPlatform.Extensions.EventLogCollector, from path: C:\Program Files\dotnet\sdk\8.0.200\Extensions\Microsoft.TestPlatform.Extensions.EventLogCollector.dll
TpTrace Verbose: 0 : 12660, 1, 2024/02/19, 13:31:59.433, 4170161265082, vstest.console.dll, MetadataReaderExtensionsHelper: Discovering extensions inside assembly 'Microsoft.TestPlatform.Extensions.EventLogCollector, Version=15.0.0.0, Culture=neutral, PublicKeyToken=b03f5f7f11d50a3a' file path 'C:\Program Files\dotnet\sdk\8.0.200\Extensions\Microsoft.TestPlatform.Extensions.EventLogCollector.dll'
TpTrace Information: 0 : 12660, 1, 2024/02/19, 13:31:59.438, 4170161320725, vstest.console.dll, AssemblyResolver.OnResolve: Microsoft.TestPlatform.TestHostRuntimeProvider: Resolving assembly.
TpTrace Information: 0 : 12660, 1, 2024/02/19, 13:31:59.438, 4170161322179, vstest.console.dll, AssemblyResolver.OnResolve: Microsoft.TestPlatform.TestHostRuntimeProvider: Searching in: 'C:\Program Files\dotnet\sdk\8.0.200\Extensions'.
TpTrace Information: 0 : 12660, 1, 2024/02/19, 13:31:59.439, 4170161332242, vstest.console.dll, AssemblyResolver.OnResolve: Microsoft.TestPlatform.TestHostRuntimeProvider: Loading assembly 'C:\Program Files\dotnet\sdk\8.0.200\Extensions\Microsoft.TestPlatform.TestHostRuntimeProvider.dll'.
TpTrace Information: 0 : 12660, 1, 2024/02/19, 13:31:59.441, 4170161344074, vstest.console.dll, AssemblyResolver.OnResolve: Resolved assembly: Microsoft.TestPlatform.TestHostRuntimeProvider, from path: C:\Program Files\dotnet\sdk\8.0.200\Extensions\Microsoft.TestPlatform.TestHostRuntimeProvider.dll
TpTrace Verbose: 0 : 12660, 1, 2024/02/19, 13:31:59.441, 4170161345627, vstest.console.dll, MetadataReaderExtensionsHelper: Discovering extensions inside assembly 'Microsoft.TestPlatform.TestHostRuntimeProvider, Version=15.0.0.0, Culture=neutral, PublicKeyToken=b03f5f7f11d50a3a' file path 'C:\Program Files\dotnet\sdk\8.0.200\Extensions\Microsoft.TestPlatform.TestHostRuntimeProvider.dll'
TpTrace Information: 0 : 12660, 1, 2024/02/19, 13:31:59.444, 4170161379375, vstest.console.dll, GetTestExtensionFromType: Register extension with identifier data 'HostProvider://DefaultTestHost' and type 'Microsoft.VisualStudio.TestPlatform.CrossPlatEngine.Hosting.DefaultTestHostManager, Microsoft.TestPlatform.TestHostRuntimeProvider, Version=15.0.0.0, Culture=neutral, PublicKeyToken=b03f5f7f11d50a3a' inside file 'C:\Program Files\dotnet\sdk\8.0.200\Extensions\Microsoft.TestPlatform.TestHostRuntimeProvider.dll'
TpTrace Information: 0 : 12660, 1, 2024/02/19, 13:31:59.445, 4170161384484, vstest.console.dll, GetTestExtensionFromType: Register extension with identifier data 'HostProvider://DotnetTestHost' and type 'Microsoft.VisualStudio.TestPlatform.CrossPlatEngine.Hosting.DotnetTestHostManager, Microsoft.TestPlatform.TestHostRuntimeProvider, Version=15.0.0.0, Culture=neutral, PublicKeyToken=b03f5f7f11d50a3a' inside file 'C:\Program Files\dotnet\sdk\8.0.200\Extensions\Microsoft.TestPlatform.TestHostRuntimeProvider.dll'
TpTrace Information: 0 : 12660, 1, 2024/02/19, 13:31:59.445, 4170161386444, vstest.console.dll, AssemblyResolver.OnResolve: Microsoft.VisualStudio.TestPlatform.Extensions.Html.TestLogger: Resolving assembly.
TpTrace Information: 0 : 12660, 1, 2024/02/19, 13:31:59.445, 4170161387407, vstest.console.dll, AssemblyResolver.OnResolve: Microsoft.VisualStudio.TestPlatform.Extensions.Html.TestLogger: Searching in: 'C:\Program Files\dotnet\sdk\8.0.200\Extensions'.
TpTrace Information: 0 : 12660, 1, 2024/02/19, 13:31:59.446, 4170161399252, vstest.console.dll, AssemblyResolver.OnResolve: Microsoft.VisualStudio.TestPlatform.Extensions.Html.TestLogger: Loading assembly 'C:\Program Files\dotnet\sdk\8.0.200\Extensions\Microsoft.VisualStudio.TestPlatform.Extensions.Html.TestLogger.dll'.
TpTrace Information: 0 : 12660, 1, 2024/02/19, 13:31:59.447, 4170161411746, vstest.console.dll, AssemblyResolver.OnResolve: Resolved assembly: Microsoft.VisualStudio.TestPlatform.Extensions.Html.TestLogger, from path: C:\Program Files\dotnet\sdk\8.0.200\Extensions\Microsoft.VisualStudio.TestPlatform.Extensions.Html.TestLogger.dll
TpTrace Verbose: 0 : 12660, 1, 2024/02/19, 13:31:59.448, 4170161413361, vstest.console.dll, MetadataReaderExtensionsHelper: Discovering extensions inside assembly 'Microsoft.VisualStudio.TestPlatform.Extensions.Html.TestLogger, Version=15.0.0.0, Culture=neutral, PublicKeyToken=b03f5f7f11d50a3a' file path 'C:\Program Files\dotnet\sdk\8.0.200\Extensions\Microsoft.VisualStudio.TestPlatform.Extensions.Html.TestLogger.dll'
TpTrace Information: 0 : 12660, 1, 2024/02/19, 13:31:59.449, 4170161432861, vstest.console.dll, AssemblyResolver.OnResolve: Microsoft.VisualStudio.TestPlatform.Extensions.Trx.TestLogger: Resolving assembly.
TpTrace Information: 0 : 12660, 1, 2024/02/19, 13:31:59.450, 4170161434112, vstest.console.dll, AssemblyResolver.OnResolve: Microsoft.VisualStudio.TestPlatform.Extensions.Trx.TestLogger: Searching in: 'C:\Program Files\dotnet\sdk\8.0.200\Extensions'.
TpTrace Information: 0 : 12660, 1, 2024/02/19, 13:31:59.451, 4170161444649, vstest.console.dll, AssemblyResolver.OnResolve: Microsoft.VisualStudio.TestPlatform.Extensions.Trx.TestLogger: Loading assembly 'C:\Program Files\dotnet\sdk\8.0.200\Extensions\Microsoft.VisualStudio.TestPlatform.Extensions.Trx.TestLogger.dll'.
TpTrace Information: 0 : 12660, 1, 2024/02/19, 13:31:59.452, 4170161456927, vstest.console.dll, AssemblyResolver.OnResolve: Resolved assembly: Microsoft.VisualStudio.TestPlatform.Extensions.Trx.TestLogger, from path: C:\Program Files\dotnet\sdk\8.0.200\Extensions\Microsoft.VisualStudio.TestPlatform.Extensions.Trx.TestLogger.dll
TpTrace Verbose: 0 : 12660, 1, 2024/02/19, 13:31:59.452, 4170161458448, vstest.console.dll, MetadataReaderExtensionsHelper: Discovering extensions inside assembly 'Microsoft.VisualStudio.TestPlatform.Extensions.Trx.TestLogger, Version=15.0.0.0, Culture=neutral, PublicKeyToken=b03f5f7f11d50a3a' file path 'C:\Program Files\dotnet\sdk\8.0.200\Extensions\Microsoft.VisualStudio.TestPlatform.Extensions.Trx.TestLogger.dll'
TpTrace Verbose: 0 : 12660, 1, 2024/02/19, 13:31:59.455, 4170161483472, vstest.console.dll, TestPluginCache: Discovered the extensions using extension path ''.
TpTrace Verbose: 0 : 12660, 1, 2024/02/19, 13:31:59.455, 4170161484816, vstest.console.dll, TestPluginCache: Discoverers are ''.
TpTrace Verbose: 0 : 12660, 1, 2024/02/19, 13:31:59.455, 4170161485825, vstest.console.dll, TestPluginCache: Executors are ''.
TpTrace Verbose: 0 : 12660, 1, 2024/02/19, 13:31:59.455, 4170161486497, vstest.console.dll, TestPluginCache: Executors2 are ''.
TpTrace Verbose: 0 : 12660, 1, 2024/02/19, 13:31:59.455, 4170161487129, vstest.console.dll, TestPluginCache: Setting providers are ''.
TpTrace Verbose: 0 : 12660, 1, 2024/02/19, 13:31:59.455, 4170161487742, vstest.console.dll, TestPluginCache: Loggers are ''.
TpTrace Verbose: 0 : 12660, 1, 2024/02/19, 13:31:59.455, 4170161491529, vstest.console.dll, TestPluginCache: TestHosts are 'HostProvider://DefaultTestHost,HostProvider://DotnetTestHost'.
TpTrace Verbose: 0 : 12660, 1, 2024/02/19, 13:31:59.455, 4170161492499, vstest.console.dll, TestPluginCache: DataCollectors are ''.
TpTrace Information: 0 : 12660, 1, 2024/02/19, 13:31:59.481, 4170161748041, vstest.console.dll, RunTestsArgumentProcessor:Execute: Test run is starting.
TpTrace Verbose: 0 : 12660, 1, 2024/02/19, 13:31:59.481, 4170161749408, vstest.console.dll, RunTestsArgumentProcessor:Execute: Queuing Test run.
TpTrace Information: 0 : 12660, 1, 2024/02/19, 13:31:59.482, 4170161755472, vstest.console.dll, TestRequestManager.RunTests: run tests started.
TpTrace Information: 0 : 12660, 1, 2024/02/19, 13:31:59.484, 4170161775855, vstest.console.dll, AssemblyMetadataProvider.GetFrameworkName: Determined framework:'.NETCoreApp,Version=v6.0' for source: 'C:\Users\Lenovo\source\repos\Back-End Technologies Basics - 01.2024\14. Code Coverage\LibraryManagementTest\bin\Debug\net6.0\fine-code-coverage\build-output\LibraryManagementTest.dll'
TpTrace Information: 0 : 12660, 1, 2024/02/19, 13:31:59.484, 4170161778872, vstest.console.dll, Determined framework for all sources: .NETCoreApp,Version=v6.0
TpTrace Verbose: 0 : 12660, 1, 2024/02/19, 13:31:59.485, 4170161785812, vstest.console.dll, TestRequestManager.UpdateRunSettingsIfRequired: Default architecture: X64 IsDefaultTargetArchitecture: True, Current process architecture: X64 OperatingSystem: Windows.
TpTrace Information: 0 : 12660, 1, 2024/02/19, 13:31:59.488, 4170161818042, vstest.console.dll, AssemblyMetadataProvider.GetArchitecture: Determined architecture:AnyCPU info for assembly: C:\Users\Lenovo\source\repos\Back-End Technologies Basics - 01.2024\14. Code Coverage\LibraryManagementTest\bin\Debug\net6.0\fine-code-coverage\build-output\LibraryManagementTest.dll
TpTrace Information: 0 : 12660, 1, 2024/02/19, 13:31:59.488, 4170161819367, vstest.console.dll, Determined platform for source 'C:\Users\Lenovo\source\repos\Back-End Technologies Basics - 01.2024\14. Code Coverage\LibraryManagementTest\bin\Debug\net6.0\fine-code-coverage\build-output\LibraryManagementTest.dll' was AnyCPU and it will use the default plaform X64.
TpTrace Information: 0 : 12660, 1, 2024/02/19, 13:31:59.488, 4170161820264, vstest.console.dll, None of the sources provided any runnable platform, using the default platform: X64
TpTrace Information: 0 : 12660, 1, 2024/02/19, 13:31:59.488, 4170161821971, vstest.console.dll, Platform was updated to 'X64'.
TpTrace Information: 0 : 12660, 1, 2024/02/19, 13:31:59.495, 4170161885482, vstest.console.dll, InferRunSettingsHelper.IsTestSettingsEnabled: Unable to navigate to RunSettings/MSTest. Current node: RunSettings
TpTrace Information: 0 : 12660, 1, 2024/02/19, 13:31:59.496, 4170161896838, vstest.console.dll, AssemblyResolver.OnResolve: Microsoft.VisualStudio.TestPlatform.Fakes: Resolving assembly.
TpTrace Information: 0 : 12660, 1, 2024/02/19, 13:31:59.496, 4170161898333, vstest.console.dll, AssemblyResolver.OnResolve: Microsoft.VisualStudio.TestPlatform.Fakes: Searching in: 'C:\Program Files\dotnet\sdk\8.0.200\Extensions'.
TpTrace Information: 0 : 12660, 1, 2024/02/19, 13:31:59.496, 4170161901055, vstest.console.dll, AssemblyResolver.OnResolve: Microsoft.VisualStudio.TestPlatform.Fakes: Assembly path does not exist: 'C:\Program Files\dotnet\sdk\8.0.200\Extensions\Microsoft.VisualStudio.TestPlatform.Fakes.dll', returning.
TpTrace Information: 0 : 12660, 1, 2024/02/19, 13:31:59.497, 4170161903654, vstest.console.dll, AssemblyResolver.OnResolve: Microsoft.VisualStudio.TestPlatform.Fakes: Assembly path does not exist: 'C:\Program Files\dotnet\sdk\8.0.200\Extensions\Microsoft.VisualStudio.TestPlatform.Fakes.exe', returning.
TpTrace Information: 0 : 12660, 1, 2024/02/19, 13:31:59.497, 4170161904603, vstest.console.dll, AssemblyResolver.OnResolve: Microsoft.VisualStudio.TestPlatform.Fakes: Searching in: 'C:\Program Files\dotnet\sdk\8.0.200'.
TpTrace Information: 0 : 12660, 1, 2024/02/19, 13:31:59.497, 4170161907198, vstest.console.dll, AssemblyResolver.OnResolve: Microsoft.VisualStudio.TestPlatform.Fakes: Assembly path does not exist: 'C:\Program Files\dotnet\sdk\8.0.200\Microsoft.VisualStudio.TestPlatform.Fakes.dll', returning.
TpTrace Information: 0 : 12660, 1, 2024/02/19, 13:31:59.497, 4170161909771, vstest.console.dll, AssemblyResolver.OnResolve: Microsoft.VisualStudio.TestPlatform.Fakes: Assembly path does not exist: 'C:\Program Files\dotnet\sdk\8.0.200\Microsoft.VisualStudio.TestPlatform.Fakes.exe', returning.
TpTrace Information: 0 : 12660, 1, 2024/02/19, 13:31:59.497, 4170161910796, vstest.console.dll, AssemblyResolver.OnResolve: Microsoft.VisualStudio.TestPlatform.Fakes: Failed to load assembly.
TpTrace Information: 0 : 12660, 1, 2024/02/19, 13:31:59.498, 4170161915812, vstest.console.dll, Failed to load assembly Microsoft.VisualStudio.TestPlatform.Fakes, Version=17.0.0.0, Culture=neutral. Reason:System.IO.FileNotFoundException: Could not load file or assembly 'Microsoft.VisualStudio.TestPlatform.Fakes, Version=17.0.0.0, Culture=neutral, PublicKeyToken=null'. The system cannot find the file specified.
File name: 'Microsoft.VisualStudio.TestPlatform.Fakes, Version=17.0.0.0, Culture=neutral, PublicKeyToken=null'
   at System.Reflection.RuntimeAssembly.InternalLoad(AssemblyName assemblyName, StackCrawlMark& stackMark, AssemblyLoadContext assemblyLoadContext, RuntimeAssembly requestingAssembly, Boolean throwOnFileNotFound)
   at System.Reflection.Assembly.Load(AssemblyName assemblyRef)
   at Microsoft.VisualStudio.TestPlatform.Common.Utilities.FakesUtilities.LoadTestPlatformAssembly() in /_/src/Microsoft.TestPlatform.Common/Utilities/FakesUtilities.cs:line 272
TpTrace Verbose: 0 : 12660, 1, 2024/02/19, 13:31:59.504, 4170161974571, vstest.console.dll, TestPluginCache.DiscoverTestExtensions: finding test extensions in assemblies ends with: TestLogger.dll TPluginInfo: Microsoft.VisualStudio.TestPlatform.Common.ExtensionFramework.Utilities.TestLoggerPluginInformation TExtension: Microsoft.VisualStudio.TestPlatform.ObjectModel.Client.ITestLogger
TpTrace Verbose: 0 : 12660, 1, 2024/02/19, 13:31:59.504, 4170161976447, vstest.console.dll, TestPluginCache.GetExtensionPaths: Filtered extension paths: 
TpTrace Verbose: 0 : 12660, 1, 2024/02/19, 13:31:59.504, 4170161977372, vstest.console.dll, TestPluginCache.GetExtensionPaths: Added default extension paths: C:\Program Files\dotnet\sdk\8.0.200\Extensions\Microsoft.Diagnostics.NETCore.Client.dll
C:\Program Files\dotnet\sdk\8.0.200\Extensions\Microsoft.TestPlatform.Extensions.BlameDataCollector.dll
C:\Program Files\dotnet\sdk\8.0.200\Extensions\Microsoft.TestPlatform.Extensions.EventLogCollector.dll
C:\Program Files\dotnet\sdk\8.0.200\Extensions\Microsoft.TestPlatform.TestHostRuntimeProvider.dll
C:\Program Files\dotnet\sdk\8.0.200\Extensions\Microsoft.VisualStudio.TestPlatform.Extensions.Html.TestLogger.dll
C:\Program Files\dotnet\sdk\8.0.200\Extensions\Microsoft.VisualStudio.TestPlatform.Extensions.Trx.TestLogger.dll
TpTrace Verbose: 0 : 12660, 1, 2024/02/19, 13:31:59.504, 4170161978138, vstest.console.dll, TestPluginCache.GetExtensionPaths: Added unfilterableExtensionPaths: 
TpTrace Information: 0 : 12660, 1, 2024/02/19, 13:31:59.504, 4170161981592, vstest.console.dll, AssemblyResolver.AddSearchDirectories: Adding more searchDirectories C:\Program Files\dotnet\sdk\8.0.200\Extensions,C:\Program Files\dotnet\sdk\8.0.200
TpTrace Verbose: 0 : 12660, 1, 2024/02/19, 13:31:59.504, 4170161982750, vstest.console.dll, TestPluginCache.DiscoverTestExtensions: Discovering the extensions using extension path.
TpTrace Verbose: 0 : 12660, 1, 2024/02/19, 13:31:59.505, 4170161983637, vstest.console.dll, TestPluginCache.GetExtensionPaths: Filtered extension paths: 
TpTrace Verbose: 0 : 12660, 1, 2024/02/19, 13:31:59.505, 4170161984509, vstest.console.dll, TestPluginCache.GetExtensionPaths: Added default extension paths: C:\Program Files\dotnet\sdk\8.0.200\Extensions\Microsoft.Diagnostics.NETCore.Client.dll
C:\Program Files\dotnet\sdk\8.0.200\Extensions\Microsoft.TestPlatform.Extensions.BlameDataCollector.dll
C:\Program Files\dotnet\sdk\8.0.200\Extensions\Microsoft.TestPlatform.Extensions.EventLogCollector.dll
C:\Program Files\dotnet\sdk\8.0.200\Extensions\Microsoft.TestPlatform.TestHostRuntimeProvider.dll
C:\Program Files\dotnet\sdk\8.0.200\Extensions\Microsoft.VisualStudio.TestPlatform.Extensions.Html.TestLogger.dll
C:\Program Files\dotnet\sdk\8.0.200\Extensions\Microsoft.VisualStudio.TestPlatform.Extensions.Trx.TestLogger.dll
TpTrace Verbose: 0 : 12660, 1, 2024/02/19, 13:31:59.505, 4170161985281, vstest.console.dll, TestPluginCache.GetExtensionPaths: Added unfilterableExtensionPaths: 
TpTrace Verbose: 0 : 12660, 1, 2024/02/19, 13:31:59.505, 4170161986207, vstest.console.dll, TestPluginCache.DiscoverTestExtensions: Discovering the extensions using allExtensionPaths: C:\Program Files\dotnet\sdk\8.0.200\Extensions\Microsoft.Diagnostics.NETCore.Client.dll
C:\Program Files\dotnet\sdk\8.0.200\Extensions\Microsoft.TestPlatform.Extensions.BlameDataCollector.dll
C:\Program Files\dotnet\sdk\8.0.200\Extensions\Microsoft.TestPlatform.Extensions.EventLogCollector.dll
C:\Program Files\dotnet\sdk\8.0.200\Extensions\Microsoft.TestPlatform.TestHostRuntimeProvider.dll
C:\Program Files\dotnet\sdk\8.0.200\Extensions\Microsoft.VisualStudio.TestPlatform.Extensions.Html.TestLogger.dll
C:\Program Files\dotnet\sdk\8.0.200\Extensions\Microsoft.VisualStudio.TestPlatform.Extensions.Trx.TestLogger.dll
TpTrace Information: 0 : 12660, 1, 2024/02/19, 13:31:59.505, 4170161987376, vstest.console.dll, AssemblyResolver.AddSearchDirectories: Adding more searchDirectories C:\Program Files\dotnet\sdk\8.0.200\Extensions,C:\Program Files\dotnet\sdk\8.0.200
TpTrace Information: 0 : 12660, 1, 2024/02/19, 13:31:59.505, 4170161988404, vstest.console.dll, AssemblyResolver.AddSearchDirectories: Adding more searchDirectories C:\Program Files\dotnet\sdk\8.0.200\Extensions,C:\Program Files\dotnet\sdk\8.0.200
TpTrace Information: 0 : 12660, 1, 2024/02/19, 13:31:59.505, 4170161989246, vstest.console.dll, AssemblyResolver.AddSearchDirectories: Adding more searchDirectories C:\Program Files\dotnet\sdk\8.0.200\Extensions,C:\Program Files\dotnet\sdk\8.0.200
TpTrace Information: 0 : 12660, 1, 2024/02/19, 13:31:59.505, 4170161990284, vstest.console.dll, AssemblyResolver.AddSearchDirectories: Adding more searchDirectories C:\Program Files\dotnet\sdk\8.0.200\Extensions,C:\Program Files\dotnet\sdk\8.0.200
TpTrace Information: 0 : 12660, 1, 2024/02/19, 13:31:59.505, 4170161991131, vstest.console.dll, AssemblyResolver.AddSearchDirectories: Adding more searchDirectories C:\Program Files\dotnet\sdk\8.0.200\Extensions,C:\Program Files\dotnet\sdk\8.0.200
TpTrace Information: 0 : 12660, 1, 2024/02/19, 13:31:59.505, 4170161992024, vstest.console.dll, AssemblyResolver.AddSearchDirectories: Adding more searchDirectories C:\Program Files\dotnet\sdk\8.0.200\Extensions,C:\Program Files\dotnet\sdk\8.0.200
TpTrace Verbose: 0 : 12660, 1, 2024/02/19, 13:31:59.506, 4170161994350, vstest.console.dll, MetadataReaderExtensionsHelper: Discovering extensions inside assembly 'Microsoft.Diagnostics.NETCore.Client, Version=0.2.9.2401, Culture=neutral, PublicKeyToken=31bf3856ad364e35' file path 'C:\Program Files\dotnet\sdk\8.0.200\Extensions\Microsoft.Diagnostics.NETCore.Client.dll'
TpTrace Information: 0 : 12660, 1, 2024/02/19, 13:31:59.508, 4170162013250, vstest.console.dll, AssemblyResolver.OnResolve: Microsoft.Bcl.AsyncInterfaces: Resolving assembly.
TpTrace Information: 0 : 12660, 1, 2024/02/19, 13:31:59.508, 4170162014394, vstest.console.dll, AssemblyResolver.OnResolve: Microsoft.Bcl.AsyncInterfaces: Resolved from cache.
TpTrace Verbose: 0 : 12660, 1, 2024/02/19, 13:31:59.508, 4170162015146, vstest.console.dll, CurrentDomainAssemblyResolve: Resolving assembly 'Microsoft.Bcl.AsyncInterfaces'.
TpTrace Information: 0 : 12660, 1, 2024/02/19, 13:31:59.508, 4170162016190, vstest.console.dll, AssemblyResolver.OnResolve: Microsoft.Bcl.AsyncInterfaces: Resolving assembly.
TpTrace Information: 0 : 12660, 1, 2024/02/19, 13:31:59.508, 4170162017094, vstest.console.dll, AssemblyResolver.OnResolve: Microsoft.Bcl.AsyncInterfaces: Resolved from cache.
TpTrace Verbose: 0 : 12660, 1, 2024/02/19, 13:31:59.508, 4170162017821, vstest.console.dll, CurrentDomainAssemblyResolve: Resolving assembly 'Microsoft.Bcl.AsyncInterfaces'.
TpTrace Verbose: 0 : 12660, 1, 2024/02/19, 13:31:59.508, 4170162018486, vstest.console.dll, CurrentDomainAssemblyResolve: Failed to resolve assembly 'Microsoft.Bcl.AsyncInterfaces'.
TpTrace Verbose: 0 : 12660, 1, 2024/02/19, 13:31:59.508, 4170162021334, vstest.console.dll, CurrentDomainAssemblyResolve: Failed to resolve assembly 'Microsoft.Bcl.AsyncInterfaces'.
TpTrace Warning: 0 : 12660, 1, 2024/02/19, 13:31:59.509, 4170162028000, vstest.console.dll, TestPluginDiscoverer: Failed to get types from assembly 'Microsoft.Diagnostics.NETCore.Client, Version=0.2.9.2401, Culture=neutral, PublicKeyToken=31bf3856ad364e35'. Error: System.Reflection.ReflectionTypeLoadException: Unable to load one or more of the requested types.
Could not load file or assembly 'Microsoft.Bcl.AsyncInterfaces, Version=6.0.0.0, Culture=neutral, PublicKeyToken=cc7b13ffcd2ddd51'. The system cannot find the file specified.
   at System.Reflection.RuntimeModule.GetTypes(RuntimeModule module)
   at System.Reflection.RuntimeModule.GetTypes()
   at Microsoft.VisualStudio.TestPlatform.Common.ExtensionFramework.TestPluginDiscoverer.GetTestExtensionsFromAssembly[TPluginInfo,TExtension](Assembly assembly, Dictionary`2 pluginInfos, String filePath) in /_/src/Microsoft.TestPlatform.Common/ExtensionFramework/TestPluginDiscoverer.cs:line 158
System.IO.FileNotFoundException: Could not load file or assembly 'Microsoft.Bcl.AsyncInterfaces, Version=6.0.0.0, Culture=neutral, PublicKeyToken=cc7b13ffcd2ddd51'. The system cannot find the file specified.
File name: 'Microsoft.Bcl.AsyncInterfaces, Version=6.0.0.0, Culture=neutral, PublicKeyToken=cc7b13ffcd2ddd51'
 ---> System.IO.FileNotFoundException: Could not load file or assembly 'Microsoft.Bcl.AsyncInterfaces, Culture=neutral, PublicKeyToken=null'. The system cannot find the file specified.
File name: 'Microsoft.Bcl.AsyncInterfaces, Culture=neutral, PublicKeyToken=null'
   at System.Reflection.RuntimeAssembly.InternalLoad(AssemblyName assemblyName, StackCrawlMark& stackMark, AssemblyLoadContext assemblyLoadContext, RuntimeAssembly requestingAssembly, Boolean throwOnFileNotFound)
   at System.Reflection.Assembly.Load(AssemblyName assemblyRef)
   at Microsoft.VisualStudio.TestPlatform.Common.ExtensionFramework.TestPluginCache.CurrentDomainAssemblyResolve(Object sender, AssemblyResolveEventArgs args) in /_/src/Microsoft.TestPlatform.Common/ExtensionFramework/TestPluginCache.cs:line 513
   at System.Runtime.Loader.AssemblyLoadContext.GetFirstResolvedAssemblyFromResolvingEvent(AssemblyName assemblyName)
   at System.Runtime.Loader.AssemblyLoadContext.ResolveUsingEvent(AssemblyName assemblyName)
   at System.Runtime.Loader.AssemblyLoadContext.ResolveUsingResolvingEvent(IntPtr gchManagedAssemblyLoadContext, AssemblyName assemblyName)
TpTrace Warning: 0 : 12660, 1, 2024/02/19, 13:31:59.509, 4170162031560, vstest.console.dll, LoaderExceptions: System.IO.FileNotFoundException: Could not load file or assembly 'Microsoft.Bcl.AsyncInterfaces, Version=6.0.0.0, Culture=neutral, PublicKeyToken=cc7b13ffcd2ddd51'. The system cannot find the file specified.
File name: 'Microsoft.Bcl.AsyncInterfaces, Version=6.0.0.0, Culture=neutral, PublicKeyToken=cc7b13ffcd2ddd51'
 ---> System.IO.FileNotFoundException: Could not load file or assembly 'Microsoft.Bcl.AsyncInterfaces, Culture=neutral, PublicKeyToken=null'. The system cannot find the file specified.
File name: 'Microsoft.Bcl.AsyncInterfaces, Culture=neutral, PublicKeyToken=null'
   at System.Reflection.RuntimeAssembly.InternalLoad(AssemblyName assemblyName, StackCrawlMark& stackMark, AssemblyLoadContext assemblyLoadContext, RuntimeAssembly requestingAssembly, Boolean throwOnFileNotFound)
   at System.Reflection.Assembly.Load(AssemblyName assemblyRef)
   at Microsoft.VisualStudio.TestPlatform.Common.ExtensionFramework.TestPluginCache.CurrentDomainAssemblyResolve(Object sender, AssemblyResolveEventArgs args) in /_/src/Microsoft.TestPlatform.Common/ExtensionFramework/TestPluginCache.cs:line 513
   at System.Runtime.Loader.AssemblyLoadContext.GetFirstResolvedAssemblyFromResolvingEvent(AssemblyName assemblyName)
   at System.Runtime.Loader.AssemblyLoadContext.ResolveUsingEvent(AssemblyName assemblyName)
   at System.Runtime.Loader.AssemblyLoadContext.ResolveUsingResolvingEvent(IntPtr gchManagedAssemblyLoadContext, AssemblyName assemblyName)
TpTrace Verbose: 0 : 12660, 1, 2024/02/19, 13:31:59.510, 4170162033373, vstest.console.dll, MetadataReaderExtensionsHelper: Discovering extensions inside assembly 'Microsoft.TestPlatform.Extensions.BlameDataCollector, Version=15.0.0.0, Culture=neutral, PublicKeyToken=b03f5f7f11d50a3a' file path 'C:\Program Files\dotnet\sdk\8.0.200\Extensions\Microsoft.TestPlatform.Extensions.BlameDataCollector.dll'
TpTrace Information: 0 : 12660, 1, 2024/02/19, 13:31:59.511, 4170162045671, vstest.console.dll, GetTestExtensionFromType: Register extension with identifier data 'logger://Microsoft/TestPlatform/Extensions/Blame/v1' and type 'Microsoft.TestPlatform.Extensions.BlameDataCollector.BlameLogger, Microsoft.TestPlatform.Extensions.BlameDataCollector, Version=15.0.0.0, Culture=neutral, PublicKeyToken=b03f5f7f11d50a3a' inside file 'C:\Program Files\dotnet\sdk\8.0.200\Extensions\Microsoft.TestPlatform.Extensions.BlameDataCollector.dll'
TpTrace Verbose: 0 : 12660, 1, 2024/02/19, 13:31:59.511, 4170162047186, vstest.console.dll, MetadataReaderExtensionsHelper: Discovering extensions inside assembly 'Microsoft.TestPlatform.Extensions.EventLogCollector, Version=15.0.0.0, Culture=neutral, PublicKeyToken=b03f5f7f11d50a3a' file path 'C:\Program Files\dotnet\sdk\8.0.200\Extensions\Microsoft.TestPlatform.Extensions.EventLogCollector.dll'
TpTrace Verbose: 0 : 12660, 1, 2024/02/19, 13:31:59.512, 4170162057917, vstest.console.dll, MetadataReaderExtensionsHelper: Discovering extensions inside assembly 'Microsoft.TestPlatform.TestHostRuntimeProvider, Version=15.0.0.0, Culture=neutral, PublicKeyToken=b03f5f7f11d50a3a' file path 'C:\Program Files\dotnet\sdk\8.0.200\Extensions\Microsoft.TestPlatform.TestHostRuntimeProvider.dll'
TpTrace Verbose: 0 : 12660, 1, 2024/02/19, 13:31:59.513, 4170162068451, vstest.console.dll, MetadataReaderExtensionsHelper: Discovering extensions inside assembly 'Microsoft.VisualStudio.TestPlatform.Extensions.Html.TestLogger, Version=15.0.0.0, Culture=neutral, PublicKeyToken=b03f5f7f11d50a3a' file path 'C:\Program Files\dotnet\sdk\8.0.200\Extensions\Microsoft.VisualStudio.TestPlatform.Extensions.Html.TestLogger.dll'
TpTrace Information: 0 : 12660, 1, 2024/02/19, 13:31:59.514, 4170162082689, vstest.console.dll, GetTestExtensionFromType: Register extension with identifier data 'logger://Microsoft/TestPlatform/HtmlLogger/v1' and type 'Microsoft.VisualStudio.TestPlatform.Extensions.HtmlLogger.HtmlLogger, Microsoft.VisualStudio.TestPlatform.Extensions.Html.TestLogger, Version=15.0.0.0, Culture=neutral, PublicKeyToken=b03f5f7f11d50a3a' inside file 'C:\Program Files\dotnet\sdk\8.0.200\Extensions\Microsoft.VisualStudio.TestPlatform.Extensions.Html.TestLogger.dll'
TpTrace Verbose: 0 : 12660, 1, 2024/02/19, 13:31:59.515, 4170162084300, vstest.console.dll, MetadataReaderExtensionsHelper: Discovering extensions inside assembly 'Microsoft.VisualStudio.TestPlatform.Extensions.Trx.TestLogger, Version=15.0.0.0, Culture=neutral, PublicKeyToken=b03f5f7f11d50a3a' file path 'C:\Program Files\dotnet\sdk\8.0.200\Extensions\Microsoft.VisualStudio.TestPlatform.Extensions.Trx.TestLogger.dll'
TpTrace Information: 0 : 12660, 1, 2024/02/19, 13:31:59.516, 4170162096172, vstest.console.dll, GetTestExtensionFromType: Register extension with identifier data 'logger://Microsoft/TestPlatform/TrxLogger/v1' and type 'Microsoft.VisualStudio.TestPlatform.Extensions.TrxLogger.TrxLogger, Microsoft.VisualStudio.TestPlatform.Extensions.Trx.TestLogger, Version=15.0.0.0, Culture=neutral, PublicKeyToken=b03f5f7f11d50a3a' inside file 'C:\Program Files\dotnet\sdk\8.0.200\Extensions\Microsoft.VisualStudio.TestPlatform.Extensions.Trx.TestLogger.dll'
TpTrace Verbose: 0 : 12660, 1, 2024/02/19, 13:31:59.516, 4170162097710, vstest.console.dll, TestPluginCache: Discovered the extensions using extension path ''.
TpTrace Verbose: 0 : 12660, 1, 2024/02/19, 13:31:59.516, 4170162098552, vstest.console.dll, TestPluginCache: Discoverers are ''.
TpTrace Verbose: 0 : 12660, 1, 2024/02/19, 13:31:59.516, 4170162099224, vstest.console.dll, TestPluginCache: Executors are ''.
TpTrace Verbose: 0 : 12660, 1, 2024/02/19, 13:31:59.516, 4170162100049, vstest.console.dll, TestPluginCache: Executors2 are ''.
TpTrace Verbose: 0 : 12660, 1, 2024/02/19, 13:31:59.516, 4170162100808, vstest.console.dll, TestPluginCache: Setting providers are ''.
TpTrace Verbose: 0 : 12660, 1, 2024/02/19, 13:31:59.516, 4170162102459, vstest.console.dll, TestPluginCache: Loggers are 'logger://Microsoft/TestPlatform/Extensions/Blame/v1,logger://Microsoft/TestPlatform/HtmlLogger/v1,logger://Microsoft/TestPlatform/TrxLogger/v1'.
TpTrace Verbose: 0 : 12660, 1, 2024/02/19, 13:31:59.517, 4170162103658, vstest.console.dll, TestPluginCache: TestHosts are 'HostProvider://DefaultTestHost,HostProvider://DotnetTestHost'.
TpTrace Verbose: 0 : 12660, 1, 2024/02/19, 13:31:59.517, 4170162104442, vstest.console.dll, TestPluginCache: DataCollectors are ''.
TpTrace Information: 0 : 12660, 1, 2024/02/19, 13:31:59.518, 4170162119443, vstest.console.dll, TestPluginManager.CreateTestExtension: Attempting to load test extension: Microsoft.TestPlatform.Extensions.BlameDataCollector.BlameLogger
TpTrace Verbose: 0 : 12660, 1, 2024/02/19, 13:31:59.532, 4170162259735, vstest.console.dll, TestEngine: Initializing Parallel Execution as MaxCpuCount is set to: 1
TpTrace Information: 0 : 12660, 1, 2024/02/19, 13:31:59.535, 4170162287458, vstest.console.dll, TestPluginManager.CreateTestExtension: Attempting to load test extension: Microsoft.VisualStudio.TestPlatform.CrossPlatEngine.Hosting.DefaultTestHostManager
TpTrace Information: 0 : 12660, 1, 2024/02/19, 13:31:59.536, 4170162301535, vstest.console.dll, TestPluginManager.CreateTestExtension: Attempting to load test extension: Microsoft.VisualStudio.TestPlatform.CrossPlatEngine.Hosting.DotnetTestHostManager
TpTrace Information: 0 : 12660, 1, 2024/02/19, 13:31:59.537, 4170162312517, vstest.console.dll, InferRunSettingsHelper.IsTestSettingsEnabled: Unable to navigate to RunSettings/MSTest. Current node: RunSettings
TpTrace Verbose: 0 : 12660, 1, 2024/02/19, 13:31:59.539, 4170162324012, vstest.console.dll, ParallelOperationManager.ClearSlots: Clearing all slots. Slots should accept more work: True
TpTrace Verbose: 0 : 12660, 1, 2024/02/19, 13:31:59.540, 4170162336941, vstest.console.dll, ParallelOperationManager.SetOccupiedSlotCount: Setting slot counts AvailableSlotCount = 3, OccupiedSlotCount = 0.
TpTrace Verbose: 0 : 12660, 1, 2024/02/19, 13:31:59.541, 4170162343961, vstest.console.dll, Occupied slots:

TpTrace Verbose: 0 : 12660, 1, 2024/02/19, 13:31:59.548, 4170162413894, vstest.console.dll, TestEngine.GetExecutionManager: Chosen execution manager 'Microsoft.VisualStudio.TestPlatform.CrossPlatEngine.Client.Parallel.ParallelProxyExecutionManager, Microsoft.TestPlatform.CrossPlatEngine, Version=15.0.0.0, Culture=neutral, PublicKeyToken=b03f5f7f11d50a3a' ParallelLevel '1'.
TpTrace Verbose: 0 : 12660, 1, 2024/02/19, 13:31:59.548, 4170162416136, vstest.console.dll, TestRunRequest.ExecuteAsync: Creating test run request.
TpTrace Verbose: 0 : 12660, 1, 2024/02/19, 13:31:59.548, 4170162420601, vstest.console.dll, TestRunRequest.ExecuteAsync: Starting.
TpTrace Information: 0 : 12660, 1, 2024/02/19, 13:31:59.551, 4170162444315, vstest.console.dll, TestRunRequest.ExecuteAsync: Starting run with settings:TestRunCriteria:
   KeepAlive=False,FrequencyOfRunStatsChangeEvent=10,RunStatsChangeEventTimeout=00:00:01.5000000,TestCaseFilter=,TestExecutorLauncher=
   Settingsxml=<RunSettings>
  <RunConfiguration>
    <ResultsDirectory>C:\Users\Lenovo\source\repos\Back-End Technologies Basics - 01.2024\14. Code Coverage\LibraryManagementTest\bin\Debug\net6.0\fine-code-coverage\coverage-tool-output</ResultsDirectory>
    <TargetPlatform>X64</TargetPlatform>
    <TargetFrameworkVersion>.NETCoreApp,Version=v6.0</TargetFrameworkVersion>
    <DesignMode>False</DesignMode>
    <CollectSourceInformation>False</CollectSourceInformation>
  </RunConfiguration>
  <LoggerRunSettings>
    <Loggers>
      <Logger friendlyName="blame" enabled="True" />
      <Logger friendlyName="Console" uri="logger://microsoft/TestPlatform/ConsoleLogger/v1" assemblyQualifiedName="Microsoft.VisualStudio.TestPlatform.CommandLine.Internal.ConsoleLogger, vstest.console, Version=15.0.0.0, Culture=neutral, PublicKeyToken=b03f5f7f11d50a3a" codeBase="C:\Program Files\dotnet\sdk\8.0.200\vstest.console.dll" enabled="True" />
    </Loggers>
  </LoggerRunSettings>
  <DataCollectionRunSettings>
    <DataCollectors>
      <DataCollector friendlyName="blame" enabled="True">
        <Configuration>
          <ResultsDirectory>C:\Users\Lenovo\source\repos\Back-End Technologies Basics - 01.2024\14. Code Coverage\LibraryManagementTest\bin\Debug\net6.0\fine-code-coverage\coverage-tool-output</ResultsDirectory>
        </Configuration>
      </DataCollector>
    </DataCollectors>
  </DataCollectionRunSettings>
</RunSettings>

TpTrace Verbose: 0 : 12660, 1, 2024/02/19, 13:31:59.551, 4170162445771, vstest.console.dll, TestRunRequest.ExecuteAsync: Wait for the first run request is over.
TpTrace Verbose: 0 : 12660, 1, 2024/02/19, 13:31:59.551, 4170162451823, vstest.console.dll, MulticastDelegateUtilities.SafeInvoke: TestRun.TestRunStart: Invoking callbacks was skipped because there are no subscribers.
TpTrace Verbose: 0 : 12660, 4, 2024/02/19, 13:31:59.552, 4170162454836, vstest.console.dll, MulticastDelegateUtilities.SafeInvoke: InternalTestLoggerEvents.SendTestRunStart: Invoking callback 1/1 for Microsoft.VisualStudio.TestPlatform.CommandLine.Internal.ConsoleLogger., took 0 ms.
TpTrace Verbose: 0 : 12660, 1, 2024/02/19, 13:31:59.553, 4170162471810, vstest.console.dll, ParallelProxyExecutionManager: Start execution. Total sources: 1
TpTrace Verbose: 0 : 12660, 1, 2024/02/19, 13:31:59.554, 4170162480528, vstest.console.dll, ParallelOperationManager.StartWork: Starting adding 1 workloads.
TpTrace Verbose: 0 : 12660, 1, 2024/02/19, 13:31:59.554, 4170162482188, vstest.console.dll, ParallelOperationManager.ClearSlots: Clearing all slots. Slots should accept more work: True
TpTrace Verbose: 0 : 12660, 1, 2024/02/19, 13:31:59.555, 4170162483741, vstest.console.dll, ParallelOperationManager.SetOccupiedSlotCount: Setting slot counts AvailableSlotCount = 3, OccupiedSlotCount = 0.
TpTrace Verbose: 0 : 12660, 1, 2024/02/19, 13:31:59.555, 4170162484698, vstest.console.dll, Occupied slots:

TpTrace Verbose: 0 : 12660, 1, 2024/02/19, 13:31:59.557, 4170162511942, vstest.console.dll, TestRequestSender is acting as server.
TpTrace Verbose: 0 : 12660, 1, 2024/02/19, 13:31:59.559, 4170162532856, vstest.console.dll, ParallelOperationManager.RunWorkInParallel: Adding 1 workload to slot, remaining workloads 0.
TpTrace Verbose: 0 : 12660, 1, 2024/02/19, 13:31:59.560, 4170162534160, vstest.console.dll, ParallelOperationManager.SetOccupiedSlotCount: Setting slot counts AvailableSlotCount = 2, OccupiedSlotCount = 1.
TpTrace Verbose: 0 : 12660, 1, 2024/02/19, 13:31:59.560, 4170162536505, vstest.console.dll, Occupied slots:
0: C:\Users\Lenovo\source\repos\Back-End Technologies Basics - 01.2024\14. Code Coverage\LibraryManagementTest\bin\Debug\net6.0\fine-code-coverage\build-output\LibraryManagementTest.dll
TpTrace Verbose: 0 : 12660, 1, 2024/02/19, 13:31:59.562, 4170162558163, vstest.console.dll, ParallelOperationManager.RunWorkInParallel: Started host in slot number 0 for work (source): C:\Users\Lenovo\source\repos\Back-End Technologies Basics - 01.2024\14. Code Coverage\LibraryManagementTest\bin\Debug\net6.0\fine-code-coverage\build-output\LibraryManagementTest.dll.
TpTrace Verbose: 0 : 12660, 1, 2024/02/19, 13:31:59.563, 4170162572979, vstest.console.dll, ParallelOperationManager.RunWorkInParallel: We started 1 work items, which is the max parallel level. Won't start more work.
TpTrace Verbose: 0 : 12660, 1, 2024/02/19, 13:31:59.564, 4170162574275, vstest.console.dll, ParallelOperationManager.RunWorkInParallel: We started 1 work items in here, returning True.
TpTrace Information: 0 : 12660, 1, 2024/02/19, 13:31:59.564, 4170162575313, vstest.console.dll, TestRunRequest.ExecuteAsync: Started.
TpTrace Verbose: 0 : 12660, 5, 2024/02/19, 13:31:59.564, 4170162580137, vstest.console.dll, ParallelProxyExecutionManager.StartTestRunOnConcurrentManager: Initializing uninitialized client. Started clients: 0
TpTrace Verbose: 0 : 12660, 5, 2024/02/19, 13:31:59.565, 4170162583250, vstest.console.dll, DataCollectionRequestSender.InitializeCommunication : Initialize communication. 
TpTrace Verbose: 0 : 12660, 1, 2024/02/19, 13:31:59.566, 4170162593821, vstest.console.dll, TestRunRequest.WaitForCompletion: Waiting with timeout -1.
TpTrace Information: 0 : 12660, 5, 2024/02/19, 13:31:59.581, 4170162744625, vstest.console.dll, Listening on Endpoint : 127.0.0.1:56556
TpTrace Verbose: 0 : 12660, 5, 2024/02/19, 13:31:59.592, 4170162857374, vstest.console.dll, DotnetDataCollectionLauncher: Adding  --runtimeconfig "C:\Program Files\dotnet\sdk\8.0.200\datacollector.runtimeconfig.json" in args
TpTrace Verbose: 0 : 12660, 5, 2024/02/19, 13:31:59.592, 4170162860423, vstest.console.dll, DotnetDataCollectionLauncher: Adding  --depsfile "C:\Program Files\dotnet\sdk\8.0.200\datacollector.deps.json" in args
TpTrace Verbose: 0 : 12660, 5, 2024/02/19, 13:31:59.593, 4170162864828, vstest.console.dll, DotnetDataCollectionLauncher: Full path of dotnet.exe is C:\Program Files\dotnet\dotnet.exe
TpTrace Information: 0 : 12660, 5, 2024/02/19, 13:31:59.605, 4170162989577, vstest.console.dll, ProxyDataCollectionManager.Initialize: Launched datacollector processId: 19756 port: 56556
TpTrace Information: 0 : 12660, 5, 2024/02/19, 13:31:59.605, 4170162991815, vstest.console.dll, ProxyDataCollectionManager.Initialize: waiting for connection with timeout: 90 seconds
TpTrace Verbose: 0 : 12660, 5, 2024/02/19, 13:31:59.605, 4170162992961, vstest.console.dll, DataCollectionRequestSender.WaitForRequestHandlerConnection : Waiting for connection with timeout: 90000
TpTrace Information: 0 : 12660, 7, 2024/02/19, 13:31:59.901, 4170165946973, vstest.console.dll, Using the buffer size of 16384 bytes
TpTrace Verbose: 0 : 12660, 5, 2024/02/19, 13:31:59.901, 4170165947250, vstest.console.dll, SocketCommunicationManager.WaitForClientConnection took: 295 ms, with 90000 ms timeout, and finished with True.
TpTrace Information: 0 : 12660, 7, 2024/02/19, 13:31:59.901, 4170165949013, vstest.console.dll, Accepted Client request and set the flag
TpTrace Verbose: 0 : 12660, 5, 2024/02/19, 13:31:59.901, 4170165951271, vstest.console.dll, ProxyDataCollectionManager.InvokeDataCollectionServiceAction: Starting.
TpTrace Information: 0 : 12660, 5, 2024/02/19, 13:31:59.902, 4170165953522, vstest.console.dll, ProxyDataCollectionManager.BeforeTestRunStart: Get environment variable and port for datacollector processId: 19756 port: 56556
TpTrace Verbose: 0 : 12660, 5, 2024/02/19, 13:31:59.902, 4170165956024, vstest.console.dll, DataCollectionRequestSender.SendBeforeTestRunStartAndGetResult: Send BeforeTestRunStart message with settingsXml <RunSettings><RunConfiguration><ResultsDirectory>C:\Users\Lenovo\source\repos\Back-End Technologies Basics - 01.2024\14. Code Coverage\LibraryManagementTest\bin\Debug\net6.0\fine-code-coverage\coverage-tool-output</ResultsDirectory><TargetPlatform>X64</TargetPlatform><TargetFrameworkVersion>.NETCoreApp,Version=v6.0</TargetFrameworkVersion><DesignMode>False</DesignMode><CollectSourceInformation>False</CollectSourceInformation><TestAdaptersPaths>C:\Program Files\dotnet\sdk\8.0.200\Extensions</TestAdaptersPaths></RunConfiguration><LoggerRunSettings><Loggers><Logger friendlyName="blame" enabled="True" /><Logger friendlyName="Console" uri="logger://microsoft/TestPlatform/ConsoleLogger/v1" assemblyQualifiedName="Microsoft.VisualStudio.TestPlatform.CommandLine.Internal.ConsoleLogger, vstest.console, Version=15.0.0.0, Culture=neutral, PublicKeyToken=b03f5f7f11d50a3a" codeBase="C:\Program Files\dotnet\sdk\8.0.200\vstest.console.dll" enabled="True" /></Loggers></LoggerRunSettings><DataCollectionRunSettings><DataCollectors><DataCollector friendlyName="blame" enabled="True"><Configuration><ResultsDirectory>C:\Users\Lenovo\source\repos\Back-End Technologies Basics - 01.2024\14. Code Coverage\LibraryManagementTest\bin\Debug\net6.0\fine-code-coverage\coverage-tool-output</ResultsDirectory></Configuration></DataCollector></DataCollectors></DataCollectionRunSettings></RunSettings> and sources System.Collections.Generic.List`1[System.String]: 
TpTrace Verbose: 0 : 12660, 5, 2024/02/19, 13:32:00.016, 4170167102791, vstest.console.dll, DataCollectionRequestSender.SendBeforeTestRunStartAndGetResult: Received message: (DataCollection.SendMessage) -> {"MessageType":"DataCollection.SendMessage","Payload":{"FriendlyName":null,"Uri":null,"TestCaseId":"00000000-0000-0000-0000-000000000000","Message":"Logging DataCollector Diagnostics in file: C:\\Users\\Lenovo\\source\\repos\\Back-End Technologies Basics - 01.2024\\14. Code Coverage\\LibraryManagementTest\\bin\\Debug\\net6.0\\fine-code-coverage\\coverage-tool-output\\diagnostics.datacollector.24-02-19_13-31-59_59192_5.log","Level":0}}
TpTrace Verbose: 0 : 12660, 5, 2024/02/19, 13:32:00.252, 4170169461419, vstest.console.dll, DataCollectionRequestSender.SendBeforeTestRunStartAndGetResult: Received message: (DataCollection.BeforeTestRunStartResult) -> {"MessageType":"DataCollection.BeforeTestRunStartResult","Payload":{"EnvironmentVariables":{},"DataCollectionEventsPort":56560}}
TpTrace Information: 0 : 12660, 5, 2024/02/19, 13:32:00.261, 4170169550400, vstest.console.dll, ProxyDataCollectionManager.BeforeTestRunStart: SendBeforeTestRunStartAndGetResult successful, env variable from datacollector:   and testhost port: 56560
TpTrace Information: 0 : 12660, 5, 2024/02/19, 13:32:00.261, 4170169552007, vstest.console.dll, ProxyDataCollectionManager.InvokeDataCollectionServiceAction: Completed.
TpTrace Verbose: 0 : 12660, 5, 2024/02/19, 13:32:00.262, 4170169553256, vstest.console.dll, ParallelProxyExecutionManager.StartTestRunOnConcurrentManager: Initializing test run. Started clients: 0
TpTrace Verbose: 0 : 12660, 5, 2024/02/19, 13:32:00.262, 4170169555389, vstest.console.dll, ProxyExecutionManager: Test host is always Lazy initialize.
TpTrace Verbose: 0 : 12660, 5, 2024/02/19, 13:32:00.262, 4170169559526, vstest.console.dll, TestRequestSender.InitializeCommunication: initialize communication. 
TpTrace Information: 0 : 12660, 5, 2024/02/19, 13:32:00.263, 4170169568767, vstest.console.dll, SocketServer.Start: Listening on endpoint : 127.0.0.1:56561
TpTrace Verbose: 0 : 12660, 5, 2024/02/19, 13:32:00.264, 4170169582194, vstest.console.dll, DotnetTestHostmanager.GetTestHostProcessStartInfo: Platform environment 'X64' target architecture 'X64' framework '.NETCoreApp,Version=v6.0' OS 'Windows'
TpTrace Verbose: 0 : 12660, 5, 2024/02/19, 13:32:00.265, 4170169587991, vstest.console.dll, DotnetTestHostmanager: Adding  --runtimeconfig "C:\Users\Lenovo\source\repos\Back-End Technologies Basics - 01.2024\14. Code Coverage\LibraryManagementTest\bin\Debug\net6.0\fine-code-coverage\build-output\LibraryManagementTest.runtimeconfig.json" in args
TpTrace Verbose: 0 : 12660, 5, 2024/02/19, 13:32:00.265, 4170169591613, vstest.console.dll, DotnetTestHostmanager: Adding  --depsfile "C:\Users\Lenovo\source\repos\Back-End Technologies Basics - 01.2024\14. Code Coverage\LibraryManagementTest\bin\Debug\net6.0\fine-code-coverage\build-output\LibraryManagementTest.deps.json" in args
TpTrace Verbose: 0 : 12660, 5, 2024/02/19, 13:32:00.266, 4170169595341, vstest.console.dll, DotnetTestHostmanager.IsWinOnArm: Current PROCESSOR_ARCHITECTURE from environment variable 'AMD64'
TpTrace Verbose: 0 : 12660, 5, 2024/02/19, 13:32:00.266, 4170169596833, vstest.console.dll, DotnetTestHostmanager.IsWinOnArm: Is Windows on ARM 'False'
TpTrace Verbose: 0 : 12660, 5, 2024/02/19, 13:32:00.266, 4170169600268, vstest.console.dll, DotnetTestHostManager: testhost.exe found at path: C:\Users\Lenovo\source\repos\Back-End Technologies Basics - 01.2024\14. Code Coverage\LibraryManagementTest\bin\Debug\net6.0\fine-code-coverage\build-output\testhost.exe
TpTrace Verbose: 0 : 12660, 5, 2024/02/19, 13:32:00.266, 4170169601601, vstest.console.dll, DotnetTestHostmanager: Full path of host exe is C:\Users\Lenovo\source\repos\Back-End Technologies Basics - 01.2024\14. Code Coverage\LibraryManagementTest\bin\Debug\net6.0\fine-code-coverage\build-output\testhost.exe
TpTrace Verbose: 0 : 12660, 5, 2024/02/19, 13:32:00.267, 4170169604523, vstest.console.dll, DotnetTestHostmanager.LaunchTestHostAsync: Found 'VSTEST_WINAPPHOST_DOTNET_ROOT' in env variables, value 'C:\Program Files\dotnet', forwarding to 'DOTNET_ROOT'
TpTrace Verbose: 0 : 12660, 5, 2024/02/19, 13:32:00.267, 4170169607434, vstest.console.dll, DotnetTestHostManager: Starting process 'C:\Users\Lenovo\source\repos\Back-End Technologies Basics - 01.2024\14. Code Coverage\LibraryManagementTest\bin\Debug\net6.0\fine-code-coverage\build-output\testhost.exe' with command line ' --runtimeconfig "C:\Users\Lenovo\source\repos\Back-End Technologies Basics - 01.2024\14. Code Coverage\LibraryManagementTest\bin\Debug\net6.0\fine-code-coverage\build-output\LibraryManagementTest.runtimeconfig.json" --depsfile "C:\Users\Lenovo\source\repos\Back-End Technologies Basics - 01.2024\14. Code Coverage\LibraryManagementTest\bin\Debug\net6.0\fine-code-coverage\build-output\LibraryManagementTest.deps.json" --port 56561 --endpoint 127.0.0.1:056561 --role client --parentprocessid 12660 --diag "C:\Users\Lenovo\source\repos\Back-End Technologies Basics - 01.2024\14. Code Coverage\LibraryManagementTest\bin\Debug\net6.0\fine-code-coverage\coverage-tool-output\diagnostics.host.24-02-19_13-32-00_26423_5.log" --tracelevel 4 --datacollectionport 56560 --telemetryoptedin false'
TpTrace Verbose: 0 : 12660, 5, 2024/02/19, 13:32:00.279, 4170169730484, vstest.console.dll, MulticastDelegateUtilities.SafeInvoke: HostProviderEvents.OnHostLaunched: Invoking callback 1/2 for Microsoft.VisualStudio.TestPlatform.CrossPlatEngine.Client.ProxyExecutionManagerWithDataCollection., took 1 ms.
TpTrace Verbose: 0 : 12660, 5, 2024/02/19, 13:32:00.280, 4170169735714, vstest.console.dll, Test Runtime launched
TpTrace Verbose: 0 : 12660, 5, 2024/02/19, 13:32:00.280, 4170169737202, vstest.console.dll, MulticastDelegateUtilities.SafeInvoke: HostProviderEvents.OnHostLaunched: Invoking callback 2/2 for Microsoft.VisualStudio.TestPlatform.CrossPlatEngine.Client.ProxyOperationManager., took 0 ms.
TpTrace Verbose: 0 : 12660, 5, 2024/02/19, 13:32:00.280, 4170169739656, vstest.console.dll, TestRequestSender.WaitForRequestHandlerConnection: waiting for connection with timeout: 90000.
TpTrace Verbose: 0 : 12660, 11, 2024/02/19, 13:32:00.621, 4170173145822, vstest.console.dll, MulticastDelegateUtilities.SafeInvoke: SocketServer: ClientConnected: Invoking callback 1/1 for Microsoft.VisualStudio.TestPlatform.CommunicationUtilities.TestRequestSender., took 0 ms.
TpTrace Verbose: 0 : 12660, 5, 2024/02/19, 13:32:00.621, 4170173145766, vstest.console.dll, TestRequestSender.WaitForRequestHandlerConnection: waiting took 340 ms, with timeout 90000 ms, and result 0, which is success.
TpTrace Verbose: 0 : 12660, 11, 2024/02/19, 13:32:00.621, 4170173148153, vstest.console.dll, SocketServer.OnClientConnected: Client connected for endPoint: 127.0.0.1:56561, starting MessageLoopAsync:
TpTrace Verbose: 0 : 12660, 11, 2024/02/19, 13:32:00.622, 4170173159386, vstest.console.dll, TcpClientExtensions.MessageLoopAsync: Polling on remoteEndPoint: 127.0.0.1:56562 localEndPoint: 127.0.0.1:56561 after 0 ms
TpTrace Verbose: 0 : 12660, 5, 2024/02/19, 13:32:00.623, 4170173169238, vstest.console.dll, TestRequestSender.CheckVersionWithTestHost: Sending check version message: {"MessageType":"ProtocolVersion","Payload":7}
TpTrace Verbose: 0 : 12660, 11, 2024/02/19, 13:32:00.921, 4170176144301, vstest.console.dll, TcpClientExtensions.MessageLoopAsync: NotifyDataAvailable remoteEndPoint: 127.0.0.1:56562 localEndPoint: 127.0.0.1:56561
TpTrace Verbose: 0 : 12660, 11, 2024/02/19, 13:32:00.921, 4170176147809, vstest.console.dll, TestRequestSender.CheckVersionWithTestHost: onMessageReceived received message: (ProtocolVersion) -> {"MessageType":"ProtocolVersion","Payload":7}
TpTrace Verbose: 0 : 12660, 11, 2024/02/19, 13:32:00.922, 4170176158531, vstest.console.dll, MulticastDelegateUtilities.SafeInvoke: LengthPrefixCommunicationChannel: MessageReceived: Invoking callback 1/1 for Microsoft.VisualStudio.TestPlatform.CommunicationUtilities.TestRequestSender+<>c__DisplayClass29_0., took 1 ms.
TpTrace Verbose: 0 : 12660, 11, 2024/02/19, 13:32:00.922, 4170176160405, vstest.console.dll, TcpClientExtensions.MessageLoopAsync: Polling on remoteEndPoint: 127.0.0.1:56562 localEndPoint: 127.0.0.1:56561 after 299 ms
TpTrace Verbose: 0 : 12660, 5, 2024/02/19, 13:32:00.922, 4170176160448, vstest.console.dll, TestPluginCache.GetExtensionPaths: Filtered extension paths: 
TpTrace Verbose: 0 : 12660, 5, 2024/02/19, 13:32:00.922, 4170176163111, vstest.console.dll, TestPluginCache.GetExtensionPaths: Added default extension paths: C:\Program Files\dotnet\sdk\8.0.200\Extensions\Microsoft.Diagnostics.NETCore.Client.dll
C:\Program Files\dotnet\sdk\8.0.200\Extensions\Microsoft.TestPlatform.Extensions.BlameDataCollector.dll
C:\Program Files\dotnet\sdk\8.0.200\Extensions\Microsoft.TestPlatform.Extensions.EventLogCollector.dll
C:\Program Files\dotnet\sdk\8.0.200\Extensions\Microsoft.TestPlatform.TestHostRuntimeProvider.dll
C:\Program Files\dotnet\sdk\8.0.200\Extensions\Microsoft.VisualStudio.TestPlatform.Extensions.Html.TestLogger.dll
C:\Program Files\dotnet\sdk\8.0.200\Extensions\Microsoft.VisualStudio.TestPlatform.Extensions.Trx.TestLogger.dll
TpTrace Verbose: 0 : 12660, 5, 2024/02/19, 13:32:00.923, 4170176164116, vstest.console.dll, TestPluginCache.GetExtensionPaths: Added unfilterableExtensionPaths: 
TpTrace Verbose: 0 : 12660, 5, 2024/02/19, 13:32:00.929, 4170176224637, vstest.console.dll, TestRequestSender.InitializeExecution: Sending initialize execution with message: {"Version":7,"MessageType":"TestExecution.Initialize","Payload":["C:\\Users\\Lenovo\\source\\repos\\Back-End Technologies Basics - 01.2024\\14. Code Coverage\\LibraryManagementTest\\bin\\Debug\\net6.0\\fine-code-coverage\\build-output\\NUnit3.TestAdapter.dll"]}
TpTrace Verbose: 0 : 12660, 5, 2024/02/19, 13:32:00.929, 4170176227187, vstest.console.dll, ParallelProxyExecutionManager.StartTestRunOnConcurrentManager: Execution starting. Started clients: 1
TpTrace Verbose: 0 : 12660, 5, 2024/02/19, 13:32:00.929, 4170176232777, vstest.console.dll, TestRunRequest:SendTestRunMessage: Starting.
TpTrace Verbose: 0 : 12660, 5, 2024/02/19, 13:32:00.930, 4170176235503, vstest.console.dll, MulticastDelegateUtilities.SafeInvoke: TestRun.LogMessages: Invoking callback 1/1 for Microsoft.VisualStudio.TestPlatform.CommandLine.TestRunResultAggregator., took 0 ms.
TpTrace Information: 0 : 12660, 5, 2024/02/19, 13:32:00.930, 4170176236539, vstest.console.dll, TestRunRequest:SendTestRunMessage: Completed.
TpTrace Verbose: 0 : 12660, 4, 2024/02/19, 13:32:00.930, 4170176238940, vstest.console.dll, MulticastDelegateUtilities.SafeInvoke: InternalTestLoggerEvents.SendTestRunMessage: Invoking callback 1/1 for Microsoft.VisualStudio.TestPlatform.CommandLine.Internal.ConsoleLogger., took 0 ms.
TpTrace Warning: 0 : 12660, 5, 2024/02/19, 13:32:00.931, 4170176243641, vstest.console.dll, InferRunSettingsHelper.MakeRunsettingsCompatible: Removing the following settings: TargetPlatform from RunSettings file. To use those settings please move to latest version of Microsoft.NET.Test.Sdk
TpTrace Verbose: 0 : 12660, 11, 2024/02/19, 13:32:00.932, 4170176260941, vstest.console.dll, TcpClientExtensions.MessageLoopAsync: NotifyDataAvailable remoteEndPoint: 127.0.0.1:56562 localEndPoint: 127.0.0.1:56561
TpTrace Verbose: 0 : 12660, 11, 2024/02/19, 13:32:00.933, 4170176267332, vstest.console.dll, TestRequestSender.OnExecutionMessageReceived: Received message: {"Version":7,"MessageType":"TestSession.Message","Payload":{"MessageLevel":0,"Message":"Logging TestHost Diagnostics in file: C:\\Users\\Lenovo\\source\\repos\\Back-End Technologies Basics - 01.2024\\14. Code Coverage\\LibraryManagementTest\\bin\\Debug\\net6.0\\fine-code-coverage\\coverage-tool-output\\diagnostics.host.24-02-19_13-32-00_26423_5.log"}}
TpTrace Verbose: 0 : 12660, 11, 2024/02/19, 13:32:00.938, 4170176317514, vstest.console.dll, TestRunRequest:SendTestRunMessage: Starting.
TpTrace Verbose: 0 : 12660, 11, 2024/02/19, 13:32:00.938, 4170176319641, vstest.console.dll, MulticastDelegateUtilities.SafeInvoke: TestRun.LogMessages: Invoking callback 1/1 for Microsoft.VisualStudio.TestPlatform.CommandLine.TestRunResultAggregator., took 0 ms.
TpTrace Verbose: 0 : 12660, 4, 2024/02/19, 13:32:00.938, 4170176319868, vstest.console.dll, MulticastDelegateUtilities.SafeInvoke: InternalTestLoggerEvents.SendTestRunMessage: Invoking callback 1/1 for Microsoft.VisualStudio.TestPlatform.CommandLine.Internal.ConsoleLogger., took 0 ms.
TpTrace Information: 0 : 12660, 11, 2024/02/19, 13:32:00.938, 4170176320928, vstest.console.dll, TestRunRequest:SendTestRunMessage: Completed.
TpTrace Verbose: 0 : 12660, 11, 2024/02/19, 13:32:00.939, 4170176323467, vstest.console.dll, MulticastDelegateUtilities.SafeInvoke: LengthPrefixCommunicationChannel: MessageReceived: Invoking callback 1/1 for Microsoft.VisualStudio.TestPlatform.CommunicationUtilities.TestRequestSender+<>c__DisplayClass34_0., took 6 ms.
TpTrace Verbose: 0 : 12660, 11, 2024/02/19, 13:32:00.939, 4170176324411, vstest.console.dll, TcpClientExtensions.MessageLoopAsync: Polling on remoteEndPoint: 127.0.0.1:56562 localEndPoint: 127.0.0.1:56561 after 16 ms
TpTrace Verbose: 0 : 12660, 5, 2024/02/19, 13:32:00.943, 4170176371035, vstest.console.dll, TestRequestSender.StartTestRun: Sending test run with message: {"Version":7,"MessageType":"TestExecution.StartWithSources","Payload":{"AdapterSourceMap":{"_none_":["C:\\Users\\Lenovo\\source\\repos\\Back-End Technologies Basics - 01.2024\\14. Code Coverage\\LibraryManagementTest\\bin\\Debug\\net6.0\\fine-code-coverage\\build-output\\LibraryManagementTest.dll"]},"RunSettings":"<RunSettings>\r\n  <RunConfiguration>\r\n    <ResultsDirectory>C:\\Users\\Lenovo\\source\\repos\\Back-End Technologies Basics - 01.2024\\14. Code Coverage\\LibraryManagementTest\\bin\\Debug\\net6.0\\fine-code-coverage\\coverage-tool-output</ResultsDirectory>\r\n    <TargetFrameworkVersion>.NETCoreApp,Version=v6.0</TargetFrameworkVersion>\r\n    <DesignMode>False</DesignMode>\r\n    <CollectSourceInformation>False</CollectSourceInformation>\r\n  </RunConfiguration>\r\n  <LoggerRunSettings>\r\n    <Loggers>\r\n      <Logger friendlyName=\"blame\" enabled=\"True\" />\r\n      <Logger friendlyName=\"Console\" uri=\"logger://microsoft/TestPlatform/ConsoleLogger/v1\" assemblyQualifiedName=\"Microsoft.VisualStudio.TestPlatform.CommandLine.Internal.ConsoleLogger, vstest.console, Version=15.0.0.0, Culture=neutral, PublicKeyToken=b03f5f7f11d50a3a\" codeBase=\"C:\\Program Files\\dotnet\\sdk\\8.0.200\\vstest.console.dll\" enabled=\"True\" />\r\n    </Loggers>\r\n  </LoggerRunSettings>\r\n  <DataCollectionRunSettings>\r\n    <DataCollectors>\r\n      <DataCollector friendlyName=\"blame\" enabled=\"True\">\r\n        <Configuration>\r\n          <ResultsDirectory>C:\\Users\\Lenovo\\source\\repos\\Back-End Technologies Basics - 01.2024\\14. Code Coverage\\LibraryManagementTest\\bin\\Debug\\net6.0\\fine-code-coverage\\coverage-tool-output</ResultsDirectory>\r\n        </Configuration>\r\n      </DataCollector>\r\n    </DataCollectors>\r\n  </DataCollectionRunSettings>\r\n</RunSettings>","TestExecutionContext":{"FrequencyOfRunStatsChangeEvent":10,"RunStatsChangeEventTimeout":"00:00:01.5000000","InIsolation":false,"KeepAlive":false,"AreTestCaseLevelEventsRequired":false,"IsDebug":false,"TestCaseFilter":null,"FilterOptions":null},"Package":null}}
TpTrace Verbose: 0 : 12660, 5, 2024/02/19, 13:32:00.944, 4170176373245, vstest.console.dll, ParallelProxyExecutionManager.StartTestRunOnConcurrentManager: Execution started. Started clients: 1
TpTrace Verbose: 0 : 12660, 11, 2024/02/19, 13:32:01.332, 4170180253773, vstest.console.dll, TcpClientExtensions.MessageLoopAsync: NotifyDataAvailable remoteEndPoint: 127.0.0.1:56562 localEndPoint: 127.0.0.1:56561
TpTrace Verbose: 0 : 12660, 11, 2024/02/19, 13:32:01.332, 4170180256663, vstest.console.dll, TestRequestSender.OnExecutionMessageReceived: Received message: {"Version":7,"MessageType":"TestSession.Message","Payload":{"MessageLevel":0,"Message":"NUnit Adapter 4.4.0.0: Test execution started"}}
TpTrace Verbose: 0 : 12660, 11, 2024/02/19, 13:32:01.332, 4170180260077, vstest.console.dll, TestRunRequest:SendTestRunMessage: Starting.
TpTrace Verbose: 0 : 12660, 11, 2024/02/19, 13:32:01.332, 4170180261594, vstest.console.dll, MulticastDelegateUtilities.SafeInvoke: TestRun.LogMessages: Invoking callback 1/1 for Microsoft.VisualStudio.TestPlatform.CommandLine.TestRunResultAggregator., took 0 ms.
TpTrace Verbose: 0 : 12660, 4, 2024/02/19, 13:32:01.332, 4170180262051, vstest.console.dll, MulticastDelegateUtilities.SafeInvoke: InternalTestLoggerEvents.SendTestRunMessage: Invoking callback 1/1 for Microsoft.VisualStudio.TestPlatform.CommandLine.Internal.ConsoleLogger., took 0 ms.
TpTrace Information: 0 : 12660, 11, 2024/02/19, 13:32:01.332, 4170180263014, vstest.console.dll, TestRunRequest:SendTestRunMessage: Completed.
TpTrace Verbose: 0 : 12660, 11, 2024/02/19, 13:32:01.333, 4170180265466, vstest.console.dll, MulticastDelegateUtilities.SafeInvoke: LengthPrefixCommunicationChannel: MessageReceived: Invoking callback 1/1 for Microsoft.VisualStudio.TestPlatform.CommunicationUtilities.TestRequestSender+<>c__DisplayClass34_0., took 0 ms.
TpTrace Verbose: 0 : 12660, 11, 2024/02/19, 13:32:01.333, 4170180266352, vstest.console.dll, TcpClientExtensions.MessageLoopAsync: Polling on remoteEndPoint: 127.0.0.1:56562 localEndPoint: 127.0.0.1:56561 after 394 ms
TpTrace Verbose: 0 : 12660, 11, 2024/02/19, 13:32:01.397, 4170180911184, vstest.console.dll, TcpClientExtensions.MessageLoopAsync: NotifyDataAvailable remoteEndPoint: 127.0.0.1:56562 localEndPoint: 127.0.0.1:56561
TpTrace Verbose: 0 : 12660, 11, 2024/02/19, 13:32:01.398, 4170180914094, vstest.console.dll, TestRequestSender.OnExecutionMessageReceived: Received message: {"Version":7,"MessageType":"TestSession.Message","Payload":{"MessageLevel":0,"Message":"Running all tests in C:\\Users\\Lenovo\\source\\repos\\Back-End Technologies Basics - 01.2024\\14. Code Coverage\\LibraryManagementTest\\bin\\Debug\\net6.0\\fine-code-coverage\\build-output\\LibraryManagementTest.dll"}}
TpTrace Verbose: 0 : 12660, 11, 2024/02/19, 13:32:01.398, 4170180916518, vstest.console.dll, TestRunRequest:SendTestRunMessage: Starting.
TpTrace Verbose: 0 : 12660, 11, 2024/02/19, 13:32:01.398, 4170180917986, vstest.console.dll, MulticastDelegateUtilities.SafeInvoke: TestRun.LogMessages: Invoking callback 1/1 for Microsoft.VisualStudio.TestPlatform.CommandLine.TestRunResultAggregator., took 0 ms.
TpTrace Verbose: 0 : 12660, 4, 2024/02/19, 13:32:01.398, 4170180918504, vstest.console.dll, MulticastDelegateUtilities.SafeInvoke: InternalTestLoggerEvents.SendTestRunMessage: Invoking callback 1/1 for Microsoft.VisualStudio.TestPlatform.CommandLine.Internal.ConsoleLogger., took 0 ms.
TpTrace Information: 0 : 12660, 11, 2024/02/19, 13:32:01.398, 4170180918999, vstest.console.dll, TestRunRequest:SendTestRunMessage: Completed.
TpTrace Verbose: 0 : 12660, 11, 2024/02/19, 13:32:01.398, 4170180921523, vstest.console.dll, MulticastDelegateUtilities.SafeInvoke: LengthPrefixCommunicationChannel: MessageReceived: Invoking callback 1/1 for Microsoft.VisualStudio.TestPlatform.CommunicationUtilities.TestRequestSender+<>c__DisplayClass34_0., took 0 ms.
TpTrace Verbose: 0 : 12660, 11, 2024/02/19, 13:32:01.398, 4170180922550, vstest.console.dll, TcpClientExtensions.MessageLoopAsync: Polling on remoteEndPoint: 127.0.0.1:56562 localEndPoint: 127.0.0.1:56561 after 65 ms
TpTrace Verbose: 0 : 12660, 11, 2024/02/19, 13:32:01.724, 4170184180230, vstest.console.dll, TcpClientExtensions.MessageLoopAsync: NotifyDataAvailable remoteEndPoint: 127.0.0.1:56562 localEndPoint: 127.0.0.1:56561
TpTrace Verbose: 0 : 12660, 11, 2024/02/19, 13:32:01.724, 4170184182944, vstest.console.dll, TestRequestSender.OnExecutionMessageReceived: Received message: {"Version":7,"MessageType":"TestSession.Message","Payload":{"MessageLevel":0,"Message":"   NUnit3TestExecutor discovered 7 of 7 NUnit test cases using Current Discovery mode, Non-Explicit run"}}
TpTrace Verbose: 0 : 12660, 11, 2024/02/19, 13:32:01.725, 4170184185149, vstest.console.dll, TestRunRequest:SendTestRunMessage: Starting.
TpTrace Verbose: 0 : 12660, 11, 2024/02/19, 13:32:01.725, 4170184186557, vstest.console.dll, MulticastDelegateUtilities.SafeInvoke: TestRun.LogMessages: Invoking callback 1/1 for Microsoft.VisualStudio.TestPlatform.CommandLine.TestRunResultAggregator., took 0 ms.
TpTrace Verbose: 0 : 12660, 4, 2024/02/19, 13:32:01.725, 4170184187154, vstest.console.dll, MulticastDelegateUtilities.SafeInvoke: InternalTestLoggerEvents.SendTestRunMessage: Invoking callback 1/1 for Microsoft.VisualStudio.TestPlatform.CommandLine.Internal.ConsoleLogger., took 0 ms.
TpTrace Information: 0 : 12660, 11, 2024/02/19, 13:32:01.725, 4170184187392, vstest.console.dll, TestRunRequest:SendTestRunMessage: Completed.
TpTrace Verbose: 0 : 12660, 11, 2024/02/19, 13:32:01.725, 4170184189806, vstest.console.dll, MulticastDelegateUtilities.SafeInvoke: LengthPrefixCommunicationChannel: MessageReceived: Invoking callback 1/1 for Microsoft.VisualStudio.TestPlatform.CommunicationUtilities.TestRequestSender+<>c__DisplayClass34_0., took 0 ms.
TpTrace Verbose: 0 : 12660, 11, 2024/02/19, 13:32:01.725, 4170184190779, vstest.console.dll, TcpClientExtensions.MessageLoopAsync: Polling on remoteEndPoint: 127.0.0.1:56562 localEndPoint: 127.0.0.1:56561 after 326 ms
TpTrace Verbose: 0 : 12660, 11, 2024/02/19, 13:32:01.959, 4170186527357, vstest.console.dll, TcpClientExtensions.MessageLoopAsync: NotifyDataAvailable remoteEndPoint: 127.0.0.1:56562 localEndPoint: 127.0.0.1:56561
TpTrace Verbose: 0 : 12660, 11, 2024/02/19, 13:32:01.959, 4170186529959, vstest.console.dll, TestRequestSender.OnExecutionMessageReceived: Received message: {"Version":7,"MessageType":"TestSession.Message","Payload":{"MessageLevel":0,"Message":"NUnit Adapter 4.4.0.0: Test execution complete"}}
TpTrace Verbose: 0 : 12660, 11, 2024/02/19, 13:32:01.959, 4170186532766, vstest.console.dll, TestRunRequest:SendTestRunMessage: Starting.
TpTrace Verbose: 0 : 12660, 11, 2024/02/19, 13:32:01.960, 4170186534392, vstest.console.dll, MulticastDelegateUtilities.SafeInvoke: TestRun.LogMessages: Invoking callback 1/1 for Microsoft.VisualStudio.TestPlatform.CommandLine.TestRunResultAggregator., took 0 ms.
TpTrace Verbose: 0 : 12660, 4, 2024/02/19, 13:32:01.960, 4170186535079, vstest.console.dll, MulticastDelegateUtilities.SafeInvoke: InternalTestLoggerEvents.SendTestRunMessage: Invoking callback 1/1 for Microsoft.VisualStudio.TestPlatform.CommandLine.Internal.ConsoleLogger., took 0 ms.
TpTrace Information: 0 : 12660, 11, 2024/02/19, 13:32:01.960, 4170186535493, vstest.console.dll, TestRunRequest:SendTestRunMessage: Completed.
TpTrace Verbose: 0 : 12660, 11, 2024/02/19, 13:32:01.960, 4170186538094, vstest.console.dll, MulticastDelegateUtilities.SafeInvoke: LengthPrefixCommunicationChannel: MessageReceived: Invoking callback 1/1 for Microsoft.VisualStudio.TestPlatform.CommunicationUtilities.TestRequestSender+<>c__DisplayClass34_0., took 0 ms.
TpTrace Verbose: 0 : 12660, 11, 2024/02/19, 13:32:01.960, 4170186539111, vstest.console.dll, TcpClientExtensions.MessageLoopAsync: Polling on remoteEndPoint: 127.0.0.1:56562 localEndPoint: 127.0.0.1:56561 after 234 ms
TpTrace Verbose: 0 : 12660, 11, 2024/02/19, 13:32:02.051, 4170187447517, vstest.console.dll, TcpClientExtensions.MessageLoopAsync: NotifyDataAvailable remoteEndPoint: 127.0.0.1:56562 localEndPoint: 127.0.0.1:56561
TpTrace Verbose: 0 : 12660, 11, 2024/02/19, 13:32:02.051, 4170187452542, vstest.console.dll, TestRequestSender.OnExecutionMessageReceived: Received message: {"Version":7,"MessageType":"TestExecution.Completed","Payload":{"TestRunCompleteArgs":{"TestRunStatistics":{"ExecutedTests":7,"Stats":{"Passed":7}},"IsCanceled":false,"IsAborted":false,"Error":null,"AttachmentSets":[],"InvokedDataCollectors":[],"ElapsedTimeInRunningTests":"00:00:00.6924525","Metrics":{},"DiscoveredExtensions":{"TestDiscoverers":["NUnit.VisualStudio.TestAdapter.NUnit3TestDiscoverer, NUnit3.TestAdapter, Version=4.4.0.0, Culture=neutral, PublicKeyToken=4cb40d35494691ac"],"TestExecutors":["executor://NUnit3TestExecutor"],"TestExecutors2":[],"TestSettingsProviders":[]}},"LastRunTests":{"NewTestResults":[{"TestCase":{"Id":"30f5dd6e-c876-cfbf-a0c4-66b497e24e47","FullyQualifiedName":"LibraryManagementTest.LibraryTests.AddBook_ShouldAddANewBookToTheLibrary","DisplayName":"AddBook_ShouldAddANewBookToTheLibrary","ExecutorUri":"executor://NUnit3TestExecutor","Source":"C:\\Users\\Lenovo\\source\\repos\\Back-End Technologies Basics - 01.2024\\14. Code Coverage\\LibraryManagementTest\\bin\\Debug\\net6.0\\fine-code-coverage\\build-output\\LibraryManagementTest.dll","CodeFilePath":null,"LineNumber":0,"Properties":[{"Key":{"Id":"NUnit.Seed","Label":"Seed","Category":"","Description":"","Attributes":0,"ValueType":"System.String"},"Value":"1783651494"}]},"Attachments":[],"Outcome":1,"ErrorMessage":null,"ErrorStackTrace":null,"DisplayName":"AddBook_ShouldAddANewBookToTheLibrary","Messages":[],"ComputerName":"DESKTOP-23QTAUK","Duration":"00:00:00.0413310","StartTime":"2024-02-19T11:32:01.7860316+00:00","EndTime":"2024-02-19T11:32:01.8271585+00:00","Properties":[{"Key":{"Id":"NUnit.Seed","Label":"Seed","Category":"","Description":"","Attributes":0,"ValueType":"System.String"},"Value":"1783651494"}]},{"TestCase":{"Id":"02240ee2-afb6-430b-bb13-42645f9e7516","FullyQualifiedName":"LibraryManagementTest.LibraryTests.CheckOutBook_ShouldReturnFalse_IfBookDoesNotExist","DisplayName":"CheckOutBook_ShouldReturnFalse_IfBookDoesNotExist","ExecutorUri":"executor://NUnit3TestExecutor","Source":"C:\\Users\\Lenovo\\source\\repos\\Back-End Technologies Basics - 01.2024\\14. Code Coverage\\LibraryManagementTest\\bin\\Debug\\net6.0\\fine-code-coverage\\build-output\\LibraryManagementTest.dll","CodeFilePath":null,"LineNumber":0,"Properties":[{"Key":{"Id":"NUnit.Seed","Label":"Seed","Category":"","Description":"","Attributes":0,"ValueType":"System.String"},"Value":"214457367"}]},"Attachments":[],"Outcome":1,"ErrorMessage":null,"ErrorStackTrace":null,"DisplayName":"CheckOutBook_ShouldReturnFalse_IfBookDoesNotExist","Messages":[],"ComputerName":"DESKTOP-23QTAUK","Duration":"00:00:00.0016110","StartTime":"2024-02-19T11:32:01.8309041+00:00","EndTime":"2024-02-19T11:32:01.8325148+00:00","Properties":[{"Key":{"Id":"NUnit.Seed","Label":"Seed","Category":"","Description":"","Attributes":0,"ValueType":"System.String"},"Value":"214457367"}]},{"TestCase":{"Id":"9375f8c9-bf34-9883-de5a-ddecd647931b","FullyQualifiedName":"LibraryManagementTest.LibraryTests.CheckOutBook_ShouldReturnFalse_IfBookIsAlreadyCheckedOut","DisplayName":"CheckOutBook_ShouldReturnFalse_IfBookIsAlreadyCheckedOut","ExecutorUri":"executor://NUnit3TestExecutor","Source":"C:\\Users\\Lenovo\\source\\repos\\Back-End Technologies Basics - 01.2024\\14. Code Coverage\\LibraryManagementTest\\bin\\Debug\\net6.0\\fine-code-coverage\\build-output\\LibraryManagementTest.dll","CodeFilePath":null,"LineNumber":0,"Properties":[{"Key":{"Id":"NUnit.Seed","Label":"Seed","Category":"","Description":"","Attributes":0,"ValueType":"System.String"},"Value":"1762126065"}]},"Attachments":[],"Outcome":1,"ErrorMessage":null,"ErrorStackTrace":null,"DisplayName":"CheckOutBook_ShouldReturnFalse_IfBookIsAlreadyCheckedOut","Messages":[],"ComputerName":"DESKTOP-23QTAUK","Duration":"00:00:00.0002750","StartTime":"2024-02-19T11:32:01.8325556+00:00","EndTime":"2024-02-19T11:32:01.8328308+00:00","Properties":[{"Key":{"Id":"NUnit.Seed","Label":"Seed","Category":"","Description":"","Attributes":0,"ValueType":"System.String"},"Value":"1762126065"}]},{"TestCase":{"Id":"2d7225fc-7a89-45a9-da69-76d1b043daee","FullyQualifiedName":"LibraryManagementTest.LibraryTests.CheckOutBook_ShouldReturnTrue_IfWeCanCheckoutTheBook","DisplayName":"CheckOutBook_ShouldReturnTrue_IfWeCanCheckoutTheBook","ExecutorUri":"executor://NUnit3TestExecutor","Source":"C:\\Users\\Lenovo\\source\\repos\\Back-End Technologies Basics - 01.2024\\14. Code Coverage\\LibraryManagementTest\\bin\\Debug\\net6.0\\fine-code-coverage\\build-output\\LibraryManagementTest.dll","CodeFilePath":null,"LineNumber":0,"Properties":[{"Key":{"Id":"NUnit.Seed","Label":"Seed","Category":"","Description":"","Attributes":0,"ValueType":"System.String"},"Value":"52382957"}]},"Attachments":[],"Outcome":1,"ErrorMessage":null,"ErrorStackTrace":null,"DisplayName":"CheckOutBook_ShouldReturnTrue_IfWeCanCheckoutTheBook","Messages":[],"ComputerName":"DESKTOP-23QTAUK","Duration":"00:00:00.0009510","StartTime":"2024-02-19T11:32:01.8328534+00:00","EndTime":"2024-02-19T11:32:01.8338046+00:00","Properties":[{"Key":{"Id":"NUnit.Seed","Label":"Seed","Category":"","Description":"","Attributes":0,"ValueType":"System.String"},"Value":"52382957"}]},{"TestCase":{"Id":"81cbdc5d-fe55-304e-f890-b9e9a6db36eb","FullyQualifiedName":"LibraryManagementTest.LibraryTests.ReturnBook_ShouldReturnFalse_IfBookDoesNotExist","DisplayName":"ReturnBook_ShouldReturnFalse_IfBookDoesNotExist","ExecutorUri":"executor://NUnit3TestExecutor","Source":"C:\\Users\\Lenovo\\source\\repos\\Back-End Technologies Basics - 01.2024\\14. Code Coverage\\LibraryManagementTest\\bin\\Debug\\net6.0\\fine-code-coverage\\build-output\\LibraryManagementTest.dll","CodeFilePath":null,"LineNumber":0,"Properties":[{"Key":{"Id":"NUnit.Seed","Label":"Seed","Category":"","Description":"","Attributes":0,"ValueType":"System.String"},"Value":"499271277"}]},"Attachments":[],"Outcome":1,"ErrorMessage":null,"ErrorStackTrace":null,"DisplayName":"ReturnBook_ShouldReturnFalse_IfBookDoesNotExist","Messages":[],"ComputerName":"DESKTOP-23QTAUK","Duration":"00:00:00.0007840","StartTime":"2024-02-19T11:32:01.8338288+00:00","EndTime":"2024-02-19T11:32:01.8346124+00:00","Properties":[{"Key":{"Id":"NUnit.Seed","Label":"Seed","Category":"","Description":"","Attributes":0,"ValueType":"System.String"},"Value":"499271277"}]},{"TestCase":{"Id":"aa634f53-aaef-ef7c-86bf-ce465753718b","FullyQualifiedName":"LibraryManagementTest.LibraryTests.ReturnBook_ShouldReturnFalse_IfBookIsNotCheckedOut","DisplayName":"ReturnBook_ShouldReturnFalse_IfBookIsNotCheckedOut","ExecutorUri":"executor://NUnit3TestExecutor","Source":"C:\\Users\\Lenovo\\source\\repos\\Back-End Technologies Basics - 01.2024\\14. Code Coverage\\LibraryManagementTest\\bin\\Debug\\net6.0\\fine-code-coverage\\build-output\\LibraryManagementTest.dll","CodeFilePath":null,"LineNumber":0,"Properties":[{"Key":{"Id":"NUnit.Seed","Label":"Seed","Category":"","Description":"","Attributes":0,"ValueType":"System.String"},"Value":"849360200"}]},"Attachments":[],"Outcome":1,"ErrorMessage":null,"ErrorStackTrace":null,"DisplayName":"ReturnBook_ShouldReturnFalse_IfBookIsNotCheckedOut","Messages":[],"ComputerName":"DESKTOP-23QTAUK","Duration":"00:00:00.0002660","StartTime":"2024-02-19T11:32:01.8346372+00:00","EndTime":"2024-02-19T11:32:01.8349035+00:00","Properties":[{"Key":{"Id":"NUnit.Seed","Label":"Seed","Category":"","Description":"","Attributes":0,"ValueType":"System.String"},"Value":"849360200"}]},{"TestCase":{"Id":"b8758619-1c9b-1fb4-61bd-838783775275","FullyQualifiedName":"LibraryManagementTest.LibraryTests.ReturnBook_ShouldReturnTrue_IfBookCanBeCheckedOut","DisplayName":"ReturnBook_ShouldReturnTrue_IfBookCanBeCheckedOut","ExecutorUri":"executor://NUnit3TestExecutor","Source":"C:\\Users\\Lenovo\\source\\repos\\Back-End Technologies Basics - 01.2024\\14. Code Coverage\\LibraryManagementTest\\bin\\Debug\\net6.0\\fine-code-coverage\\build-output\\LibraryManagementTest.dll","CodeFilePath":null,"LineNumber":0,"Properties":[{"Key":{"Id":"NUnit.Seed","Label":"Seed","Category":"","Description":"","Attributes":0,"ValueType":"System.String"},"Value":"816713668"}]},"Attachments":[],"Outcome":1,"ErrorMessage":null,"ErrorStackTrace":null,"DisplayName":"ReturnBook_ShouldReturnTrue_IfBookCanBeCheckedOut","Messages":[],"ComputerName":"DESKTOP-23QTAUK","Duration":"00:00:00.0003110","StartTime":"2024-02-19T11:32:01.8349254+00:00","EndTime":"2024-02-19T11:32:01.8352359+00:00","Properties":[{"Key":{"Id":"NUnit.Seed","Label":"Seed","Category":"","Description":"","Attributes":0,"ValueType":"System.String"},"Value":"816713668"}]}],"TestRunStatistics":{"ExecutedTests":7,"Stats":{"Passed":7}},"ActiveTests":[]},"RunAttachments":[],"ExecutorUris":["executor://nunit3testexecutor/"]}}
TpTrace Verbose: 0 : 12660, 11, 2024/02/19, 13:32:02.052, 4170187456468, vstest.console.dll, TestRequestSender.EndSession: Sending end session.
TpTrace Verbose: 0 : 12660, 11, 2024/02/19, 13:32:02.052, 4170187459349, vstest.console.dll, ProxyOperationManager.Close: waiting for test host to exit for 100 ms
TpTrace Verbose: 0 : 12660, 7, 2024/02/19, 13:32:02.089, 4170187825256, vstest.console.dll, TestHostManagerCallbacks.ctor: Experimental forwarding output is disabled.
TpTrace Warning: 0 : 12660, 7, 2024/02/19, 13:32:02.089, 4170187827060, vstest.console.dll, TestHostManagerCallbacks.ErrorReceivedCallback Test host standard error line: 
TpTrace Verbose: 0 : 12660, 7, 2024/02/19, 13:32:02.102, 4170187953475, vstest.console.dll, TestHostProvider.ExitCallBack: Host exited starting callback.
TpTrace Information: 0 : 12660, 7, 2024/02/19, 13:32:02.102, 4170187955834, vstest.console.dll, TestHostManagerCallbacks.ExitCallBack: Testhost processId: 12076 exited with exitcode: 0 error: ''
TpTrace Verbose: 0 : 12660, 7, 2024/02/19, 13:32:02.102, 4170187956808, vstest.console.dll, DotnetTestHostManager.OnHostExited: invoking OnHostExited callback
TpTrace Verbose: 0 : 12660, 7, 2024/02/19, 13:32:02.102, 4170187957904, vstest.console.dll, CrossPlatEngine.TestHostManagerHostExited: calling on client process exit callback.
TpTrace Information: 0 : 12660, 7, 2024/02/19, 13:32:02.102, 4170187959056, vstest.console.dll, TestRequestSender.OnClientProcessExit: Test host process exited. Standard error: 
TpTrace Information: 0 : 12660, 11, 2024/02/19, 13:32:02.102, 4170187959876, vstest.console.dll, SocketServer.Stop: Stop server endPoint: 127.0.0.1:56561
TpTrace Information: 0 : 12660, 7, 2024/02/19, 13:32:02.102, 4170187960039, vstest.console.dll, SocketServer.Stop: Stop server endPoint: 127.0.0.1:56561
TpTrace Information: 0 : 12660, 11, 2024/02/19, 13:32:02.102, 4170187961344, vstest.console.dll, SocketServer.Stop: Cancellation requested. Stopping message loop.
TpTrace Information: 0 : 12660, 7, 2024/02/19, 13:32:02.102, 4170187962411, vstest.console.dll, SocketServer.Stop: Cancellation requested. Stopping message loop.
TpTrace Verbose: 0 : 12660, 7, 2024/02/19, 13:32:02.103, 4170187965067, vstest.console.dll, MulticastDelegateUtilities.SafeInvoke: HostProviderEvents.OnHostExited: Invoking callback 1/1 for Microsoft.VisualStudio.TestPlatform.CrossPlatEngine.Client.ProxyOperationManager., took 0 ms.
TpTrace Information: 0 : 12660, 11, 2024/02/19, 13:32:02.103, 4170187965211, vstest.console.dll, Closing the connection
TpTrace Verbose: 0 : 12660, 11, 2024/02/19, 13:32:02.103, 4170187969769, vstest.console.dll, ProxyDataCollectionManager.InvokeDataCollectionServiceAction: Starting.
TpTrace Information: 0 : 12660, 11, 2024/02/19, 13:32:02.103, 4170187970921, vstest.console.dll, ProxyDataCollectionManager.AfterTestRunEnd: Get attachment set and invoked data collectors processId: 19756 port: 56556
TpTrace Verbose: 0 : 12660, 11, 2024/02/19, 13:32:02.103, 4170187972468, vstest.console.dll, DataCollectionRequestSender.SendAfterTestRunStartAndGetResult: Send AfterTestRunEnd message with isCancelled: False
TpTrace Verbose: 0 : 12660, 11, 2024/02/19, 13:32:02.115, 4170188091669, vstest.console.dll, DataCollectionRequestSender.SendAfterTestRunStartAndGetResult: Received message: (DataCollection.AfterTestRunEndResult) -> {"MessageType":"DataCollection.AfterTestRunEndResult","Payload":{"AttachmentSets":[],"InvokedDataCollectors":[{"Uri":"datacollector://Microsoft/TestPlatform/Extensions/Blame/v1","FriendlyName":"Blame","AssemblyQualifiedName":"Microsoft.TestPlatform.Extensions.BlameDataCollector.BlameCollector, Microsoft.TestPlatform.Extensions.BlameDataCollector, Version=15.0.0.0, Culture=neutral, PublicKeyToken=b03f5f7f11d50a3a","FilePath":"C:\\Program Files\\dotnet\\sdk\\8.0.200\\Extensions\\Microsoft.TestPlatform.Extensions.BlameDataCollector.dll","HasAttachmentProcessor":false}],"Metrics":{}}}
TpTrace Warning: 0 : 12660, 10, 2024/02/19, 13:32:02.124, 4170188175714, vstest.console.dll, DataCollectionLauncher.ErrorReceivedCallback datacollector standard error line: 
TpTrace Information: 0 : 12660, 11, 2024/02/19, 13:32:02.126, 4170188194134, vstest.console.dll, ProxyDataCollectionManager.InvokeDataCollectionServiceAction: Completed.
TpTrace Information: 0 : 12660, 10, 2024/02/19, 13:32:02.135, 4170188291363, vstest.console.dll, DataCollectionLauncher.ExitCallBack: Data collector exited with exitcode: 0 error: ''
TpTrace Verbose: 0 : 12660, 11, 2024/02/19, 13:32:02.242, 4170189353940, vstest.console.dll, TestRunRequest:SendTestRunStatsChange: Starting.
TpTrace Verbose: 0 : 12660, 11, 2024/02/19, 13:32:02.242, 4170189358481, vstest.console.dll, MulticastDelegateUtilities.SafeInvoke: TestRun.RunStatsChanged: Invoking callbacks was skipped because there are no subscribers.
TpTrace Information: 0 : 12660, 11, 2024/02/19, 13:32:02.242, 4170189359727, vstest.console.dll, TestRunRequest:SendTestRunStatsChange: Completed.
TpTrace Verbose: 0 : 12660, 11, 2024/02/19, 13:32:02.243, 4170189366776, vstest.console.dll, ParallelProxyExecutionManager: HandlePartialRunComplete: Total workloads = 1, Total started clients = 1 Total completed clients = 1, Run complete = True, Run canceled: False.
TpTrace Verbose: 0 : 12660, 11, 2024/02/19, 13:32:02.243, 4170189368213, vstest.console.dll, ParallelProxyExecutionManager: HandlePartialRunComplete: All runs completed stopping all managers.
TpTrace Verbose: 0 : 12660, 11, 2024/02/19, 13:32:02.243, 4170189369259, vstest.console.dll, ParallelOperationManager.StopAllManagers: Stopping all managers.
TpTrace Verbose: 0 : 12660, 11, 2024/02/19, 13:32:02.243, 4170189370343, vstest.console.dll, ParallelOperationManager.ClearSlots: Clearing all slots. Slots should accept more work: False
TpTrace Verbose: 0 : 12660, 11, 2024/02/19, 13:32:02.243, 4170189371625, vstest.console.dll, ParallelOperationManager.SetOccupiedSlotCount: Setting slot counts AvailableSlotCount = 3, OccupiedSlotCount = 0.
TpTrace Verbose: 0 : 12660, 11, 2024/02/19, 13:32:02.243, 4170189373052, vstest.console.dll, Occupied slots:

TpTrace Verbose: 0 : 12660, 4, 2024/02/19, 13:32:02.245, 4170189384132, vstest.console.dll, MulticastDelegateUtilities.SafeInvoke: InternalTestLoggerEvents.SendTestResult: Invoking callback 1/1 for Microsoft.VisualStudio.TestPlatform.CommandLine.Internal.ConsoleLogger., took 2 ms.
TpTrace Verbose: 0 : 12660, 4, 2024/02/19, 13:32:02.245, 4170189389068, vstest.console.dll, MulticastDelegateUtilities.SafeInvoke: InternalTestLoggerEvents.SendTestResult: Invoking callback 1/1 for Microsoft.VisualStudio.TestPlatform.CommandLine.Internal.ConsoleLogger., took 0 ms.
TpTrace Verbose: 0 : 12660, 4, 2024/02/19, 13:32:02.245, 4170189390624, vstest.console.dll, MulticastDelegateUtilities.SafeInvoke: InternalTestLoggerEvents.SendTestResult: Invoking callback 1/1 for Microsoft.VisualStudio.TestPlatform.CommandLine.Internal.ConsoleLogger., took 0 ms.
TpTrace Verbose: 0 : 12660, 4, 2024/02/19, 13:32:02.245, 4170189391949, vstest.console.dll, MulticastDelegateUtilities.SafeInvoke: InternalTestLoggerEvents.SendTestResult: Invoking callback 1/1 for Microsoft.VisualStudio.TestPlatform.CommandLine.Internal.ConsoleLogger., took 0 ms.
TpTrace Verbose: 0 : 12660, 4, 2024/02/19, 13:32:02.245, 4170189393041, vstest.console.dll, MulticastDelegateUtilities.SafeInvoke: InternalTestLoggerEvents.SendTestResult: Invoking callback 1/1 for Microsoft.VisualStudio.TestPlatform.CommandLine.Internal.ConsoleLogger., took 0 ms.
TpTrace Verbose: 0 : 12660, 4, 2024/02/19, 13:32:02.246, 4170189394102, vstest.console.dll, MulticastDelegateUtilities.SafeInvoke: InternalTestLoggerEvents.SendTestResult: Invoking callback 1/1 for Microsoft.VisualStudio.TestPlatform.CommandLine.Internal.ConsoleLogger., took 0 ms.
TpTrace Verbose: 0 : 12660, 4, 2024/02/19, 13:32:02.246, 4170189395328, vstest.console.dll, MulticastDelegateUtilities.SafeInvoke: InternalTestLoggerEvents.SendTestResult: Invoking callback 1/1 for Microsoft.VisualStudio.TestPlatform.CommandLine.Internal.ConsoleLogger., took 0 ms.
TpTrace Verbose: 0 : 12660, 4, 2024/02/19, 13:32:02.262, 4170189555874, vstest.console.dll, MulticastDelegateUtilities.SafeInvoke: InternalTestLoggerEvents.SendTestRunComplete: Invoking callback 1/2 for Microsoft.TestPlatform.Extensions.BlameDataCollector.BlameLogger., took 0 ms.
TpTrace Verbose: 0 : 12660, 4, 2024/02/19, 13:32:02.272, 4170189657707, vstest.console.dll, MulticastDelegateUtilities.SafeInvoke: InternalTestLoggerEvents.SendTestRunComplete: Invoking callback 2/2 for Microsoft.VisualStudio.TestPlatform.CommandLine.Internal.ConsoleLogger., took 10 ms.
TpTrace Verbose: 0 : 12660, 11, 2024/02/19, 13:32:02.272, 4170189662690, vstest.console.dll, TestRunRequest:TestRunComplete: Starting. IsAborted:False IsCanceled:False.
TpTrace Verbose: 0 : 12660, 11, 2024/02/19, 13:32:02.273, 4170189666396, vstest.console.dll, ParallelOperationManager.DoActionOnAllManagers: Calling an action on all managers.
TpTrace Verbose: 0 : 12660, 11, 2024/02/19, 13:32:02.275, 4170189686581, vstest.console.dll, TestLoggerManager.HandleTestRunComplete: Ignoring as the object is disposed.
TpTrace Verbose: 0 : 12660, 11, 2024/02/19, 13:32:02.275, 4170189690751, vstest.console.dll, MulticastDelegateUtilities.SafeInvoke: TestRun.TestRunComplete: Invoking callback 1/2 for Microsoft.VisualStudio.TestPlatform.CommandLine.TestRunResultAggregator., took 0 ms.
TpTrace Verbose: 0 : 12660, 11, 2024/02/19, 13:32:02.276, 4170189693493, vstest.console.dll, MulticastDelegateUtilities.SafeInvoke: TestRun.TestRunComplete: Invoking callback 2/2 for Microsoft.VisualStudio.TestPlatform.CommandLine.Processors.RunTestsArgumentExecutor+TestRunRequestEventsRegistrar., took 0 ms.
TpTrace Information: 0 : 12660, 11, 2024/02/19, 13:32:02.276, 4170189695777, vstest.console.dll, TestRunRequest:TestRunComplete: Completed.
TpTrace Verbose: 0 : 12660, 1, 2024/02/19, 13:32:02.276, 4170189696529, vstest.console.dll, TestRunRequest.Dispose: Starting.
TpTrace Verbose: 0 : 12660, 11, 2024/02/19, 13:32:02.276, 4170189696978, vstest.console.dll, TestRequestSender.SetOperationComplete: Setting operation complete.
TpTrace Information: 0 : 12660, 1, 2024/02/19, 13:32:02.276, 4170189698525, vstest.console.dll, TestRunRequest.Dispose: Completed.
TpTrace Information: 0 : 12660, 11, 2024/02/19, 13:32:02.276, 4170189699734, vstest.console.dll, SocketServer.Stop: Stop server endPoint: 127.0.0.1:56561
TpTrace Information: 0 : 12660, 1, 2024/02/19, 13:32:02.276, 4170189701646, vstest.console.dll, TestRequestManager.RunTests: run tests completed.
TpTrace Information: 0 : 12660, 11, 2024/02/19, 13:32:02.276, 4170189702679, vstest.console.dll, SocketServer.Stop: Cancellation requested. Stopping message loop.
TpTrace Information: 0 : 12660, 1, 2024/02/19, 13:32:02.277, 4170189705063, vstest.console.dll, RunTestsArgumentProcessor:Execute: Test run is completed.
TpTrace Verbose: 0 : 12660, 11, 2024/02/19, 13:32:02.277, 4170189705401, vstest.console.dll, MulticastDelegateUtilities.SafeInvoke: LengthPrefixCommunicationChannel: MessageReceived: Invoking callback 1/1 for Microsoft.VisualStudio.TestPlatform.CommunicationUtilities.TestRequestSender+<>c__DisplayClass34_0., took 225 ms.
TpTrace Information: 0 : 12660, 11, 2024/02/19, 13:32:02.277, 4170189707899, vstest.console.dll, SocketServer.PrivateStop: Stopping server endPoint: 127.0.0.1:56561 error: 
TpTrace Verbose: 0 : 12660, 1, 2024/02/19, 13:32:02.277, 4170189709538, vstest.console.dll, Executor.Execute: Exiting with exit code of 0
TpTrace Verbose: 0 : 12660, 11, 2024/02/19, 13:32:02.278, 4170189716609, vstest.console.dll, LengthPrefixCommunicationChannel.Dispose: Dispose reader and writer.
TpTrace Information: 0 : 12660, 11, 2024/02/19, 13:32:02.278, 4170189718387, vstest.console.dll, SocketServer.Stop: Raise disconnected event endPoint: 127.0.0.1:56561 error: 
